Error to find creator of 9, set CPU default
begin an iteration 0
call step in MicroSGD, mMicroStep = 1, mStep = 0
don't need to use the micro-batch tech, call father's step directly
SGD.cpp:onGetNextParameter: finish compute grad graph
SGD.cpp:onGetNextParameter: finish prepare compute & start read-map
current Op is 0th:128:Raster
	computeIthOp, 577, cost time: 8.873000 ms
current Op is 1th:128:Raster
	computeIthOp, 577, cost time: 24.715002 ms
current Op is 2th:128:Raster
	computeIthOp, 577, cost time: 109.798004 ms
current Op is 3th:128:Raster
	computeIthOp, 577, cost time: 0.117000 ms
current Op is 4th:39:MatMul
	computeIthOp, 577, cost time: 245.214005 ms
current Op is 5th:128:Raster
	computeIthOp, 577, cost time: 42.976002 ms
current Op is 6th:47:Pooling
	computeIthOp, 577, cost time: 288.098022 ms
current Op is 7th:128:Raster
	computeIthOp, 577, cost time: 7.432000 ms
current Op is 8th:128:Raster
	computeIthOp, 577, cost time: 0.139000 ms
current Op is 9th:39:MatMul
	computeIthOp, 577, cost time: 8.862000 ms
current Op is 10th:128:Raster
	computeIthOp, 577, cost time: 1.286000 ms
current Op is 11th:128:Raster
	computeIthOp, 577, cost time: 1.033000 ms
current Op is 12th:128:Raster
	computeIthOp, 577, cost time: 0.125000 ms
current Op is 13th:39:MatMul
	computeIthOp, 577, cost time: 13.204000 ms
current Op is 14th:128:Raster
	computeIthOp, 577, cost time: 4.787000 ms
current Op is 15th:128:Raster
	computeIthOp, 577, cost time: 0.127000 ms
current Op is 16th:39:MatMul
	computeIthOp, 577, cost time: 32.195000 ms
current Op is 17th:128:Raster
	computeIthOp, 577, cost time: 9.884001 ms
current Op is 18th:128:Raster
	computeIthOp, 577, cost time: 6.424000 ms
current Op is 19th:128:Raster
	computeIthOp, 577, cost time: 0.129000 ms
current Op is 20th:39:MatMul
	computeIthOp, 577, cost time: 15.005001 ms
current Op is 21th:128:Raster
	computeIthOp, 577, cost time: 1.249000 ms
current Op is 22th:128:Raster
	computeIthOp, 577, cost time: 0.913000 ms
current Op is 23th:128:Raster
	computeIthOp, 577, cost time: 0.121000 ms
current Op is 24th:39:MatMul
	computeIthOp, 577, cost time: 12.218000 ms
current Op is 25th:128:Raster
	computeIthOp, 577, cost time: 5.050000 ms
current Op is 26th:128:Raster
	computeIthOp, 577, cost time: 0.121000 ms
current Op is 27th:39:MatMul
	computeIthOp, 577, cost time: 42.769001 ms
current Op is 28th:128:Raster
	computeIthOp, 577, cost time: 9.650001 ms
current Op is 29th:128:Raster
	computeIthOp, 577, cost time: 6.493001 ms
current Op is 30th:128:Raster
	computeIthOp, 577, cost time: 0.163000 ms
current Op is 31th:39:MatMul
	computeIthOp, 577, cost time: 19.660002 ms
current Op is 32th:128:Raster
	computeIthOp, 577, cost time: 3.126000 ms
current Op is 33th:128:Raster
	computeIthOp, 577, cost time: 1.861000 ms
current Op is 34th:128:Raster
	computeIthOp, 577, cost time: 0.129000 ms
current Op is 35th:39:MatMul
	computeIthOp, 577, cost time: 26.549002 ms
current Op is 36th:128:Raster
	computeIthOp, 577, cost time: 29.553001 ms
current Op is 37th:128:Raster
	computeIthOp, 577, cost time: 0.187000 ms
current Op is 38th:39:MatMul
	computeIthOp, 577, cost time: 131.617004 ms
current Op is 39th:128:Raster
	computeIthOp, 577, cost time: 28.044001 ms
current Op is 40th:47:Pooling
	computeIthOp, 577, cost time: 195.797012 ms
current Op is 41th:128:Raster
	computeIthOp, 577, cost time: 8.031000 ms
current Op is 42th:128:Raster
	computeIthOp, 577, cost time: 0.139000 ms
current Op is 43th:39:MatMul
	computeIthOp, 577, cost time: 7.996000 ms
current Op is 44th:128:Raster
	computeIthOp, 577, cost time: 1.177000 ms
current Op is 45th:128:Raster
	computeIthOp, 577, cost time: 0.524000 ms
current Op is 46th:128:Raster
	computeIthOp, 577, cost time: 0.112000 ms
current Op is 47th:39:MatMul
	computeIthOp, 577, cost time: 6.924000 ms
current Op is 48th:128:Raster
	computeIthOp, 577, cost time: 2.895000 ms
current Op is 49th:128:Raster
	computeIthOp, 577, cost time: 0.137000 ms
current Op is 50th:39:MatMul
	computeIthOp, 577, cost time: 27.054001 ms
current Op is 51th:128:Raster
	computeIthOp, 577, cost time: 5.063000 ms
current Op is 52th:128:Raster
	computeIthOp, 577, cost time: 3.825000 ms
current Op is 53th:128:Raster
	computeIthOp, 577, cost time: 0.125000 ms
current Op is 54th:39:MatMul
	computeIthOp, 577, cost time: 10.049001 ms
current Op is 55th:128:Raster
	computeIthOp, 577, cost time: 1.405000 ms
current Op is 56th:128:Raster
	computeIthOp, 577, cost time: 0.738000 ms
current Op is 57th:128:Raster
	computeIthOp, 577, cost time: 0.149000 ms
current Op is 58th:39:MatMul
	computeIthOp, 577, cost time: 10.950001 ms
current Op is 59th:128:Raster
	computeIthOp, 577, cost time: 4.298000 ms
current Op is 60th:128:Raster
	computeIthOp, 577, cost time: 0.158000 ms
current Op is 61th:39:MatMul
	computeIthOp, 577, cost time: 57.527004 ms
current Op is 62th:128:Raster
	computeIthOp, 577, cost time: 6.735000 ms
current Op is 63th:128:Raster
	computeIthOp, 577, cost time: 8.062000 ms
current Op is 64th:128:Raster
	computeIthOp, 577, cost time: 0.173000 ms
current Op is 65th:39:MatMul
	computeIthOp, 577, cost time: 13.592001 ms
current Op is 66th:128:Raster
	computeIthOp, 577, cost time: 1.659000 ms
current Op is 67th:128:Raster
	computeIthOp, 577, cost time: 0.917000 ms
current Op is 68th:128:Raster
	computeIthOp, 577, cost time: 0.124000 ms
current Op is 69th:39:MatMul
	computeIthOp, 577, cost time: 11.048000 ms
current Op is 70th:128:Raster
	computeIthOp, 577, cost time: 10.586000 ms
current Op is 71th:128:Raster
	computeIthOp, 577, cost time: 0.202000 ms
current Op is 72th:39:MatMul
	computeIthOp, 577, cost time: 65.963005 ms
current Op is 73th:128:Raster
	computeIthOp, 577, cost time: 6.842000 ms
current Op is 74th:128:Raster
	computeIthOp, 577, cost time: 5.564000 ms
current Op is 75th:128:Raster
	computeIthOp, 577, cost time: 0.138000 ms
current Op is 76th:39:MatMul
	computeIthOp, 577, cost time: 16.022001 ms
current Op is 77th:128:Raster
	computeIthOp, 577, cost time: 1.622000 ms
current Op is 78th:128:Raster
	computeIthOp, 577, cost time: 0.992000 ms
current Op is 79th:128:Raster
	computeIthOp, 577, cost time: 0.129000 ms
current Op is 80th:39:MatMul
	computeIthOp, 577, cost time: 17.696001 ms
current Op is 81th:128:Raster
	computeIthOp, 577, cost time: 15.051001 ms
current Op is 82th:128:Raster
	computeIthOp, 577, cost time: 0.253000 ms
current Op is 83th:39:MatMul
	computeIthOp, 577, cost time: 99.242004 ms
current Op is 84th:128:Raster
	computeIthOp, 577, cost time: 15.403001 ms
current Op is 85th:47:Pooling
	computeIthOp, 577, cost time: 100.491005 ms
current Op is 86th:128:Raster
	computeIthOp, 577, cost time: 6.697001 ms
current Op is 87th:128:Raster
	computeIthOp, 577, cost time: 0.149000 ms
current Op is 88th:39:MatMul
	computeIthOp, 577, cost time: 6.875000 ms
current Op is 89th:128:Raster
	computeIthOp, 577, cost time: 0.468000 ms
current Op is 90th:128:Raster
	computeIthOp, 577, cost time: 0.313000 ms
current Op is 91th:128:Raster
	computeIthOp, 577, cost time: 0.106000 ms
current Op is 92th:39:MatMul
	computeIthOp, 577, cost time: 4.473000 ms
current Op is 93th:128:Raster
	computeIthOp, 577, cost time: 2.404000 ms
current Op is 94th:128:Raster
	computeIthOp, 577, cost time: 0.186000 ms
current Op is 95th:39:MatMul
	computeIthOp, 577, cost time: 21.648001 ms
current Op is 96th:128:Raster
	computeIthOp, 577, cost time: 2.703000 ms
current Op is 97th:128:Raster
	computeIthOp, 577, cost time: 2.727000 ms
current Op is 98th:128:Raster
	computeIthOp, 577, cost time: 0.163000 ms
current Op is 99th:39:MatMul
	computeIthOp, 577, cost time: 0.834000 ms
current Op is 100th:128:Raster
	computeIthOp, 577, cost time: 0.166000 ms
current Op is 101th:47:Pooling
	computeIthOp, 577, cost time: 0.165000 ms
current Op is 102th:101:UnaryOp
	computeIthOp, 577, cost time: 0.078000 ms
current Op is 103th:7:BinaryOp
	computeIthOp, 577, cost time: 0.076000 ms
current Op is 104th:128:Raster
	computeIthOp, 577, cost time: 0.077000 ms
current Op is 105th:128:Raster
	computeIthOp, 577, cost time: 0.090000 ms
current Op is 106th:7:BinaryOp
	computeIthOp, 577, cost time: 0.086000 ms
current Op is 107th:128:Raster
	computeIthOp, 577, cost time: 0.079000 ms
current Op is 108th:128:Raster
	computeIthOp, 577, cost time: 0.087000 ms
current Op is 109th:128:Raster
	computeIthOp, 577, cost time: 0.136000 ms
current Op is 110th:7:BinaryOp
	computeIthOp, 577, cost time: 0.083000 ms
current Op is 111th:128:Raster
	computeIthOp, 577, cost time: 0.092000 ms
current Op is 112th:7:BinaryOp
	computeIthOp, 577, cost time: 0.071000 ms
current Op is 113th:128:Raster
	computeIthOp, 577, cost time: 0.084000 ms
current Op is 114th:9:Cast
	computeIthOp, 577, cost time: 0.091000 ms
current Op is 115th:119:OneHot
	computeIthOp, 577, cost time: 0.082000 ms
current Op is 116th:128:Raster
	computeIthOp, 577, cost time: 0.119000 ms
current Op is 117th:7:BinaryOp
	computeIthOp, 577, cost time: 0.100000 ms
current Op is 118th:128:Raster
	computeIthOp, 577, cost time: 0.093000 ms
current Op is 119th:7:BinaryOp
	computeIthOp, 577, cost time: 0.093000 ms
current Op is 120th:128:Raster
	computeIthOp, 577, cost time: 0.497000 ms
current Op is 121th:68:Reduction
	computeIthOp, 577, cost time: 0.669000 ms
current Op is 122th:128:Raster
	computeIthOp, 577, cost time: 0.117000 ms
current Op is 123th:68:Reduction
	computeIthOp, 577, cost time: 0.130000 ms
current Op is 124th:128:Raster
	computeIthOp, 577, cost time: 0.090000 ms
current Op is 125th:68:Reduction
	computeIthOp, 577, cost time: 0.086000 ms
current Op is 126th:128:Raster
	computeIthOp, 577, cost time: 0.090000 ms
current Op is 127th:39:MatMul
	computeIthOp, 577, cost time: 1.902000 ms
current Op is 128th:128:Raster
	computeIthOp, 577, cost time: 0.117000 ms
current Op is 129th:128:Raster
	computeIthOp, 577, cost time: 0.104000 ms
current Op is 130th:39:MatMul
	computeIthOp, 577, cost time: 1.514000 ms
current Op is 131th:128:Raster
	computeIthOp, 577, cost time: 2.114000 ms
current Op is 132th:68:Reduction
	computeIthOp, 577, cost time: 0.714000 ms
current Op is 133th:128:Raster
	computeIthOp, 577, cost time: 0.503000 ms
current Op is 134th:68:Reduction
	computeIthOp, 577, cost time: 0.406000 ms
current Op is 135th:128:Raster
	computeIthOp, 577, cost time: 0.117000 ms
current Op is 136th:68:Reduction
	computeIthOp, 577, cost time: 0.222000 ms
current Op is 137th:128:Raster
	computeIthOp, 577, cost time: 0.740000 ms
current Op is 138th:39:MatMul
	computeIthOp, 577, cost time: 24.300001 ms
current Op is 139th:128:Raster
	computeIthOp, 577, cost time: 0.951000 ms
current Op is 140th:68:Reduction
	computeIthOp, 577, cost time: 0.385000 ms
current Op is 141th:128:Raster
	computeIthOp, 577, cost time: 0.124000 ms
current Op is 142th:68:Reduction
	computeIthOp, 577, cost time: 0.209000 ms
current Op is 143th:128:Raster
	computeIthOp, 577, cost time: 0.785000 ms
current Op is 144th:39:MatMul
	computeIthOp, 577, cost time: 3.681000 ms
current Op is 145th:128:Raster
	computeIthOp, 577, cost time: 0.184000 ms
current Op is 146th:128:Raster
	computeIthOp, 577, cost time: 0.847000 ms
current Op is 147th:39:MatMul
	computeIthOp, 577, cost time: 22.541000 ms
current Op is 148th:128:Raster
	computeIthOp, 577, cost time: 1.872000 ms
current Op is 149th:68:Reduction
	computeIthOp, 577, cost time: 0.567000 ms
current Op is 150th:128:Raster
	computeIthOp, 577, cost time: 0.161000 ms
current Op is 151th:128:Raster
	computeIthOp, 577, cost time: 0.811000 ms
current Op is 152th:39:MatMul
	computeIthOp, 577, cost time: 4.431000 ms
current Op is 153th:128:Raster
	computeIthOp, 577, cost time: 0.291000 ms
current Op is 154th:68:Reduction
	computeIthOp, 577, cost time: 0.127000 ms
current Op is 155th:128:Raster
	computeIthOp, 577, cost time: 0.313000 ms
current Op is 156th:128:Raster
	computeIthOp, 577, cost time: 0.338000 ms
current Op is 157th:7:BinaryOp
	computeIthOp, 577, cost time: 0.162000 ms
current Op is 158th:128:Raster
	computeIthOp, 577, cost time: 0.405000 ms
current Op is 159th:68:Reduction
	computeIthOp, 577, cost time: 0.151000 ms
current Op is 160th:128:Raster
	computeIthOp, 577, cost time: 0.106000 ms
current Op is 161th:68:Reduction
	computeIthOp, 577, cost time: 0.116000 ms
current Op is 162th:128:Raster
	computeIthOp, 577, cost time: 0.302000 ms
current Op is 163th:39:MatMul
	computeIthOp, 577, cost time: 11.111000 ms
current Op is 164th:128:Raster
	computeIthOp, 577, cost time: 0.235000 ms
current Op is 165th:128:Raster
	computeIthOp, 577, cost time: 0.407000 ms
current Op is 166th:39:MatMul
	computeIthOp, 577, cost time: 9.045000 ms
current Op is 167th:128:Raster
	computeIthOp, 577, cost time: 1.594000 ms
current Op is 168th:68:Reduction
	computeIthOp, 577, cost time: 0.841000 ms
current Op is 169th:128:Raster
	computeIthOp, 577, cost time: 9.729000 ms
current Op is 170th:7:BinaryOp
	computeIthOp, 577, cost time: 9.560000 ms
current Op is 171th:9:Cast
	computeIthOp, 577, cost time: 8.271001 ms
current Op is 172th:128:Raster
	computeIthOp, 577, cost time: 1.609000 ms
current Op is 173th:7:BinaryOp
	computeIthOp, 577, cost time: 1.009000 ms
current Op is 174th:128:Raster
	computeIthOp, 577, cost time: 9.501000 ms
current Op is 175th:7:BinaryOp
	computeIthOp, 577, cost time: 10.125001 ms
current Op is 176th:9:Cast
	computeIthOp, 577, cost time: 8.144000 ms
current Op is 177th:7:BinaryOp
	computeIthOp, 577, cost time: 1.420000 ms
current Op is 178th:128:Raster
	computeIthOp, 577, cost time: 9.467000 ms
current Op is 179th:7:BinaryOp
	computeIthOp, 577, cost time: 9.370001 ms
current Op is 180th:9:Cast
	computeIthOp, 577, cost time: 8.476001 ms
current Op is 181th:7:BinaryOp
	computeIthOp, 577, cost time: 1.058000 ms
current Op is 182th:128:Raster
	computeIthOp, 577, cost time: 9.494000 ms
current Op is 183th:7:BinaryOp
	computeIthOp, 577, cost time: 9.423000 ms
current Op is 184th:9:Cast
	computeIthOp, 577, cost time: 8.136001 ms
current Op is 185th:7:BinaryOp
	computeIthOp, 577, cost time: 1.024000 ms
current Op is 186th:128:Raster
	computeIthOp, 577, cost time: 9.477000 ms
current Op is 187th:7:BinaryOp
	computeIthOp, 577, cost time: 9.433001 ms
current Op is 188th:9:Cast
	computeIthOp, 577, cost time: 8.164001 ms
current Op is 189th:7:BinaryOp
	computeIthOp, 577, cost time: 1.621000 ms
current Op is 190th:128:Raster
	computeIthOp, 577, cost time: 9.508000 ms
current Op is 191th:7:BinaryOp
	computeIthOp, 577, cost time: 9.442000 ms
current Op is 192th:9:Cast
	computeIthOp, 577, cost time: 8.657001 ms
current Op is 193th:7:BinaryOp
	computeIthOp, 577, cost time: 1.444000 ms
current Op is 194th:128:Raster
	computeIthOp, 577, cost time: 9.220000 ms
current Op is 195th:7:BinaryOp
	computeIthOp, 577, cost time: 9.547001 ms
current Op is 196th:9:Cast
	computeIthOp, 577, cost time: 8.547000 ms
current Op is 197th:7:BinaryOp
	computeIthOp, 577, cost time: 1.049000 ms
current Op is 198th:128:Raster
	computeIthOp, 577, cost time: 9.416000 ms
current Op is 199th:7:BinaryOp
	computeIthOp, 577, cost time: 9.570001 ms
current Op is 200th:9:Cast
	computeIthOp, 577, cost time: 7.441000 ms
current Op is 201th:7:BinaryOp
	computeIthOp, 577, cost time: 1.034000 ms
current Op is 202th:128:Raster
	computeIthOp, 577, cost time: 9.053000 ms
current Op is 203th:7:BinaryOp
	computeIthOp, 577, cost time: 9.608001 ms
current Op is 204th:9:Cast
	computeIthOp, 577, cost time: 8.541000 ms
current Op is 205th:7:BinaryOp
	computeIthOp, 577, cost time: 1.046000 ms
current Op is 206th:128:Raster
	computeIthOp, 577, cost time: 10.538000 ms
current Op is 207th:128:Raster
	computeIthOp, 577, cost time: 10.619000 ms
current Op is 208th:128:Raster
	computeIthOp, 577, cost time: 19.996000 ms
current Op is 209th:128:Raster
	computeIthOp, 577, cost time: 19.758001 ms
current Op is 210th:128:Raster
	computeIthOp, 577, cost time: 18.360001 ms
current Op is 211th:128:Raster
	computeIthOp, 577, cost time: 18.473001 ms
current Op is 212th:128:Raster
	computeIthOp, 577, cost time: 18.344002 ms
current Op is 213th:128:Raster
	computeIthOp, 577, cost time: 20.192001 ms
current Op is 214th:128:Raster
	computeIthOp, 577, cost time: 18.224001 ms
current Op is 215th:22:Eltwise
	computeIthOp, 577, cost time: 31.525002 ms
current Op is 216th:128:Raster
	computeIthOp, 577, cost time: 5.574000 ms
current Op is 217th:68:Reduction
	computeIthOp, 577, cost time: 1.684000 ms
current Op is 218th:128:Raster
	computeIthOp, 577, cost time: 0.173000 ms
current Op is 219th:68:Reduction
	computeIthOp, 577, cost time: 0.511000 ms
current Op is 220th:128:Raster
	computeIthOp, 577, cost time: 6.557000 ms
current Op is 221th:39:MatMul
	computeIthOp, 577, cost time: 97.761002 ms
current Op is 222th:128:Raster
	computeIthOp, 577, cost time: 4.979000 ms
current Op is 223th:68:Reduction
	computeIthOp, 577, cost time: 1.468000 ms
current Op is 224th:128:Raster
	computeIthOp, 577, cost time: 0.169000 ms
current Op is 225th:68:Reduction
	computeIthOp, 577, cost time: 0.502000 ms
current Op is 226th:128:Raster
	computeIthOp, 577, cost time: 6.087000 ms
current Op is 227th:39:MatMul
	computeIthOp, 577, cost time: 12.958000 ms
current Op is 228th:128:Raster
	computeIthOp, 577, cost time: 0.230000 ms
current Op is 229th:128:Raster
	computeIthOp, 577, cost time: 6.235000 ms
current Op is 230th:39:MatMul
	computeIthOp, 577, cost time: 94.457001 ms
current Op is 231th:128:Raster
	computeIthOp, 577, cost time: 6.963000 ms
current Op is 232th:68:Reduction
	computeIthOp, 577, cost time: 2.116000 ms
current Op is 233th:128:Raster
	computeIthOp, 577, cost time: 0.168000 ms
current Op is 234th:128:Raster
	computeIthOp, 577, cost time: 6.274000 ms
current Op is 235th:39:MatMul
	computeIthOp, 577, cost time: 18.199001 ms
current Op is 236th:128:Raster
	computeIthOp, 577, cost time: 0.666000 ms
current Op is 237th:68:Reduction
	computeIthOp, 577, cost time: 0.458000 ms
current Op is 238th:128:Raster
	computeIthOp, 577, cost time: 0.949000 ms
current Op is 239th:128:Raster
	computeIthOp, 577, cost time: 0.835000 ms
current Op is 240th:7:BinaryOp
	computeIthOp, 577, cost time: 0.588000 ms
current Op is 241th:128:Raster
	computeIthOp, 577, cost time: 0.851000 ms
current Op is 242th:68:Reduction
	computeIthOp, 577, cost time: 0.411000 ms
current Op is 243th:128:Raster
	computeIthOp, 577, cost time: 0.126000 ms
current Op is 244th:68:Reduction
	computeIthOp, 577, cost time: 0.209000 ms
current Op is 245th:128:Raster
	computeIthOp, 577, cost time: 1.183000 ms
current Op is 246th:39:MatMul
	computeIthOp, 577, cost time: 34.705002 ms
current Op is 247th:128:Raster
	computeIthOp, 577, cost time: 0.235000 ms
current Op is 248th:128:Raster
	computeIthOp, 577, cost time: 1.180000 ms
current Op is 249th:39:MatMul
	computeIthOp, 577, cost time: 26.350000 ms
current Op is 250th:128:Raster
	computeIthOp, 577, cost time: 3.612000 ms
current Op is 251th:68:Reduction
	computeIthOp, 577, cost time: 1.786000 ms
current Op is 252th:128:Raster
	computeIthOp, 577, cost time: 1.217000 ms
current Op is 253th:68:Reduction
	computeIthOp, 577, cost time: 1.006000 ms
current Op is 254th:128:Raster
	computeIthOp, 577, cost time: 0.179000 ms
current Op is 255th:68:Reduction
	computeIthOp, 577, cost time: 0.409000 ms
current Op is 256th:128:Raster
	computeIthOp, 577, cost time: 2.162000 ms
current Op is 257th:39:MatMul
	computeIthOp, 577, cost time: 67.306000 ms
current Op is 258th:128:Raster
	computeIthOp, 577, cost time: 1.569000 ms
current Op is 259th:68:Reduction
	computeIthOp, 577, cost time: 1.053000 ms
current Op is 260th:128:Raster
	computeIthOp, 577, cost time: 0.217000 ms
current Op is 261th:68:Reduction
	computeIthOp, 577, cost time: 0.416000 ms
current Op is 262th:128:Raster
	computeIthOp, 577, cost time: 2.040000 ms
current Op is 263th:39:MatMul
	computeIthOp, 577, cost time: 7.677001 ms
current Op is 264th:128:Raster
	computeIthOp, 577, cost time: 0.200000 ms
current Op is 265th:128:Raster
	computeIthOp, 577, cost time: 1.973000 ms
current Op is 266th:39:MatMul
	computeIthOp, 577, cost time: 59.413002 ms
current Op is 267th:128:Raster
	computeIthOp, 577, cost time: 5.028000 ms
current Op is 268th:68:Reduction
	computeIthOp, 577, cost time: 1.633000 ms
current Op is 269th:128:Raster
	computeIthOp, 577, cost time: 0.158000 ms
current Op is 270th:128:Raster
	computeIthOp, 577, cost time: 2.054000 ms
current Op is 271th:39:MatMul
	computeIthOp, 577, cost time: 11.805000 ms
current Op is 272th:128:Raster
	computeIthOp, 577, cost time: 0.595000 ms
current Op is 273th:68:Reduction
	computeIthOp, 577, cost time: 0.286000 ms
current Op is 274th:128:Raster
	computeIthOp, 577, cost time: 0.739000 ms
current Op is 275th:128:Raster
	computeIthOp, 577, cost time: 0.628000 ms
current Op is 276th:7:BinaryOp
	computeIthOp, 577, cost time: 0.440000 ms
current Op is 277th:128:Raster
	computeIthOp, 577, cost time: 0.638000 ms
current Op is 278th:68:Reduction
	computeIthOp, 577, cost time: 0.329000 ms
current Op is 279th:128:Raster
	computeIthOp, 577, cost time: 0.116000 ms
current Op is 280th:68:Reduction
	computeIthOp, 577, cost time: 0.177000 ms
current Op is 281th:128:Raster
	computeIthOp, 577, cost time: 0.904000 ms
current Op is 282th:39:MatMul
	computeIthOp, 577, cost time: 28.788002 ms
current Op is 283th:128:Raster
	computeIthOp, 577, cost time: 0.215000 ms
current Op is 284th:128:Raster
	computeIthOp, 577, cost time: 0.921000 ms
current Op is 285th:39:MatMul
	computeIthOp, 577, cost time: 23.957001 ms
current Op is 286th:128:Raster
	computeIthOp, 577, cost time: 3.647000 ms
current Op is 287th:68:Reduction
	computeIthOp, 577, cost time: 1.957000 ms
current Op is 288th:128:Raster
	computeIthOp, 577, cost time: 1.092000 ms
current Op is 289th:68:Reduction
	computeIthOp, 577, cost time: 1.060000 ms
current Op is 290th:128:Raster
	computeIthOp, 577, cost time: 0.192000 ms
current Op is 291th:68:Reduction
	computeIthOp, 577, cost time: 0.420000 ms
current Op is 292th:128:Raster
	computeIthOp, 577, cost time: 2.003000 ms
current Op is 293th:39:MatMul
	computeIthOp, 577, cost time: 67.740005 ms
current Op is 294th:128:Raster
	computeIthOp, 577, cost time: 1.177000 ms
current Op is 295th:68:Reduction
	computeIthOp, 577, cost time: 1.157000 ms
current Op is 296th:128:Raster
	computeIthOp, 577, cost time: 0.162000 ms
current Op is 297th:68:Reduction
	computeIthOp, 577, cost time: 0.422000 ms
current Op is 298th:128:Raster
	computeIthOp, 577, cost time: 2.039000 ms
current Op is 299th:39:MatMul
	computeIthOp, 577, cost time: 8.065001 ms
current Op is 300th:128:Raster
	computeIthOp, 577, cost time: 0.202000 ms
current Op is 301th:128:Raster
	computeIthOp, 577, cost time: 2.090000 ms
current Op is 302th:39:MatMul
	computeIthOp, 577, cost time: 62.230003 ms
current Op is 303th:128:Raster
	computeIthOp, 577, cost time: 5.384000 ms
current Op is 304th:68:Reduction
	computeIthOp, 577, cost time: 1.625000 ms
current Op is 305th:128:Raster
	computeIthOp, 577, cost time: 0.154000 ms
current Op is 306th:128:Raster
	computeIthOp, 577, cost time: 2.165000 ms
current Op is 307th:39:MatMul
	computeIthOp, 577, cost time: 12.098001 ms
current Op is 308th:128:Raster
	computeIthOp, 577, cost time: 0.966000 ms
current Op is 309th:68:Reduction
	computeIthOp, 577, cost time: 0.329000 ms
current Op is 310th:128:Raster
	computeIthOp, 577, cost time: 0.728000 ms
current Op is 311th:128:Raster
	computeIthOp, 577, cost time: 0.635000 ms
current Op is 312th:7:BinaryOp
	computeIthOp, 577, cost time: 0.386000 ms
current Op is 313th:128:Raster
	computeIthOp, 577, cost time: 0.596000 ms
current Op is 314th:68:Reduction
	computeIthOp, 577, cost time: 0.316000 ms
current Op is 315th:128:Raster
	computeIthOp, 577, cost time: 0.129000 ms
current Op is 316th:68:Reduction
	computeIthOp, 577, cost time: 0.170000 ms
current Op is 317th:128:Raster
	computeIthOp, 577, cost time: 0.909000 ms
current Op is 318th:39:MatMul
	computeIthOp, 577, cost time: 19.672001 ms
current Op is 319th:128:Raster
	computeIthOp, 577, cost time: 0.602000 ms
current Op is 320th:128:Raster
	computeIthOp, 577, cost time: 0.903000 ms
current Op is 321th:39:MatMul
	computeIthOp, 577, cost time: 17.053001 ms
current Op is 322th:128:Raster
	computeIthOp, 577, cost time: 2.416000 ms
current Op is 323th:68:Reduction
	computeIthOp, 577, cost time: 1.314000 ms
current Op is 324th:128:Raster
	computeIthOp, 577, cost time: 0.774000 ms
current Op is 325th:68:Reduction
	computeIthOp, 577, cost time: 0.703000 ms
current Op is 326th:128:Raster
	computeIthOp, 577, cost time: 0.161000 ms
current Op is 327th:68:Reduction
	computeIthOp, 577, cost time: 0.326000 ms
current Op is 328th:128:Raster
	computeIthOp, 577, cost time: 1.319000 ms
current Op is 329th:39:MatMul
	computeIthOp, 577, cost time: 32.713001 ms
current Op is 330th:128:Raster
	computeIthOp, 577, cost time: 0.898000 ms
current Op is 331th:68:Reduction
	computeIthOp, 577, cost time: 0.766000 ms
current Op is 332th:128:Raster
	computeIthOp, 577, cost time: 0.163000 ms
current Op is 333th:68:Reduction
	computeIthOp, 577, cost time: 0.335000 ms
current Op is 334th:128:Raster
	computeIthOp, 577, cost time: 1.457000 ms
current Op is 335th:39:MatMul
	computeIthOp, 577, cost time: 5.581000 ms
current Op is 336th:128:Raster
	computeIthOp, 577, cost time: 0.138000 ms
current Op is 337th:128:Raster
	computeIthOp, 577, cost time: 1.312000 ms
current Op is 338th:39:MatMul
	computeIthOp, 577, cost time: 30.146002 ms
current Op is 339th:128:Raster
	computeIthOp, 577, cost time: 3.698000 ms
current Op is 340th:68:Reduction
	computeIthOp, 577, cost time: 0.994000 ms
current Op is 341th:128:Raster
	computeIthOp, 577, cost time: 0.138000 ms
current Op is 342th:128:Raster
	computeIthOp, 577, cost time: 1.329000 ms
current Op is 343th:39:MatMul
	computeIthOp, 577, cost time: 7.688000 ms
current Op is 344th:128:Raster
	computeIthOp, 577, cost time: 0.809000 ms
current Op is 345th:68:Reduction
	computeIthOp, 577, cost time: 0.197000 ms
current Op is 346th:128:Raster
	computeIthOp, 577, cost time: 0.485000 ms
current Op is 347th:128:Raster
	computeIthOp, 577, cost time: 0.470000 ms
current Op is 348th:7:BinaryOp
	computeIthOp, 577, cost time: 0.311000 ms
current Op is 349th:128:Raster
	computeIthOp, 577, cost time: 0.627000 ms
current Op is 350th:68:Reduction
	computeIthOp, 577, cost time: 0.229000 ms
current Op is 351th:128:Raster
	computeIthOp, 577, cost time: 0.111000 ms
current Op is 352th:68:Reduction
	computeIthOp, 577, cost time: 0.152000 ms
current Op is 353th:128:Raster
	computeIthOp, 577, cost time: 0.577000 ms
current Op is 354th:39:MatMul
	computeIthOp, 577, cost time: 17.517000 ms
current Op is 355th:128:Raster
	computeIthOp, 577, cost time: 0.191000 ms
current Op is 356th:128:Raster
	computeIthOp, 577, cost time: 0.637000 ms
current Op is 357th:39:MatMul
	computeIthOp, 577, cost time: 14.041000 ms
current Op is 358th:128:Raster
	computeIthOp, 577, cost time: 2.271000 ms
current Op is 359th:68:Reduction
	computeIthOp, 577, cost time: 1.231000 ms
current Op is 360th:128:Raster
	computeIthOp, 577, cost time: 23.617001 ms
current Op is 361th:7:BinaryOp
	computeIthOp, 577, cost time: 19.166000 ms
current Op is 362th:9:Cast
	computeIthOp, 577, cost time: 16.425001 ms
current Op is 363th:128:Raster
	computeIthOp, 577, cost time: 4.141000 ms
current Op is 364th:7:BinaryOp
	computeIthOp, 577, cost time: 2.009000 ms
current Op is 365th:128:Raster
	computeIthOp, 577, cost time: 23.726002 ms
current Op is 366th:7:BinaryOp
	computeIthOp, 577, cost time: 19.214001 ms
current Op is 367th:9:Cast
	computeIthOp, 577, cost time: 16.510000 ms
current Op is 368th:7:BinaryOp
	computeIthOp, 577, cost time: 2.055000 ms
current Op is 369th:128:Raster
	computeIthOp, 577, cost time: 23.776001 ms
current Op is 370th:7:BinaryOp
	computeIthOp, 577, cost time: 19.368000 ms
current Op is 371th:9:Cast
	computeIthOp, 577, cost time: 16.027000 ms
current Op is 372th:7:BinaryOp
	computeIthOp, 577, cost time: 5.479000 ms
current Op is 373th:128:Raster
	computeIthOp, 577, cost time: 22.264002 ms
current Op is 374th:7:BinaryOp
	computeIthOp, 577, cost time: 19.694000 ms
current Op is 375th:9:Cast
	computeIthOp, 577, cost time: 15.447001 ms
current Op is 376th:7:BinaryOp
	computeIthOp, 577, cost time: 1.984000 ms
current Op is 377th:128:Raster
	computeIthOp, 577, cost time: 22.419001 ms
current Op is 378th:7:BinaryOp
	computeIthOp, 577, cost time: 19.101002 ms
current Op is 379th:9:Cast
	computeIthOp, 577, cost time: 16.369001 ms
current Op is 380th:7:BinaryOp
	computeIthOp, 577, cost time: 5.537000 ms
current Op is 381th:128:Raster
	computeIthOp, 577, cost time: 24.554001 ms
current Op is 382th:7:BinaryOp
	computeIthOp, 577, cost time: 19.079000 ms
current Op is 383th:9:Cast
	computeIthOp, 577, cost time: 15.936001 ms
current Op is 384th:7:BinaryOp
	computeIthOp, 577, cost time: 2.005000 ms
current Op is 385th:128:Raster
	computeIthOp, 577, cost time: 23.024000 ms
current Op is 386th:7:BinaryOp
	computeIthOp, 577, cost time: 19.374001 ms
current Op is 387th:9:Cast
	computeIthOp, 577, cost time: 16.209002 ms
current Op is 388th:7:BinaryOp
	computeIthOp, 577, cost time: 2.005000 ms
current Op is 389th:128:Raster
	computeIthOp, 577, cost time: 22.929001 ms
current Op is 390th:7:BinaryOp
	computeIthOp, 577, cost time: 18.970001 ms
current Op is 391th:9:Cast
	computeIthOp, 577, cost time: 16.233002 ms
current Op is 392th:7:BinaryOp
	computeIthOp, 577, cost time: 5.387000 ms
current Op is 393th:128:Raster
	computeIthOp, 577, cost time: 24.507002 ms
current Op is 394th:7:BinaryOp
	computeIthOp, 577, cost time: 19.589001 ms
current Op is 395th:9:Cast
	computeIthOp, 577, cost time: 16.116001 ms
current Op is 396th:7:BinaryOp
	computeIthOp, 577, cost time: 2.322000 ms
current Op is 397th:128:Raster
	computeIthOp, 577, cost time: 20.436001 ms
current Op is 398th:128:Raster
	computeIthOp, 577, cost time: 20.979000 ms
current Op is 399th:128:Raster
	computeIthOp, 577, cost time: 37.378002 ms
current Op is 400th:128:Raster
	computeIthOp, 577, cost time: 36.105003 ms
current Op is 401th:128:Raster
	computeIthOp, 577, cost time: 37.260002 ms
current Op is 402th:128:Raster
	computeIthOp, 577, cost time: 36.555000 ms
current Op is 403th:128:Raster
	computeIthOp, 577, cost time: 35.578003 ms
current Op is 404th:128:Raster
	computeIthOp, 577, cost time: 36.770000 ms
current Op is 405th:128:Raster
	computeIthOp, 577, cost time: 36.188004 ms
current Op is 406th:22:Eltwise
	computeIthOp, 577, cost time: 64.230003 ms
current Op is 407th:128:Raster
	computeIthOp, 577, cost time: 9.523001 ms
current Op is 408th:68:Reduction
	computeIthOp, 577, cost time: 3.632000 ms
current Op is 409th:128:Raster
	computeIthOp, 577, cost time: 0.253000 ms
current Op is 410th:68:Reduction
	computeIthOp, 577, cost time: 0.944000 ms
current Op is 411th:128:Raster
	computeIthOp, 577, cost time: 10.302000 ms
current Op is 412th:39:MatMul
	computeIthOp, 577, cost time: 163.485001 ms
current Op is 413th:128:Raster
	computeIthOp, 577, cost time: 9.470000 ms
current Op is 414th:68:Reduction
	computeIthOp, 577, cost time: 3.304000 ms
current Op is 415th:128:Raster
	computeIthOp, 577, cost time: 0.248000 ms
current Op is 416th:68:Reduction
	computeIthOp, 577, cost time: 0.958000 ms
current Op is 417th:128:Raster
	computeIthOp, 577, cost time: 10.475000 ms
current Op is 418th:39:MatMul
	computeIthOp, 577, cost time: 25.508001 ms
current Op is 419th:128:Raster
	computeIthOp, 577, cost time: 0.159000 ms
current Op is 420th:128:Raster
	computeIthOp, 577, cost time: 10.467001 ms
current Op is 421th:39:MatMul
	computeIthOp, 577, cost time: 122.332008 ms
current Op is 422th:128:Raster
	computeIthOp, 577, cost time: 9.940001 ms
current Op is 423th:68:Reduction
	computeIthOp, 577, cost time: 4.667000 ms
current Op is 424th:128:Raster
	computeIthOp, 577, cost time: 0.132000 ms
current Op is 425th:128:Raster
	computeIthOp, 577, cost time: 10.389001 ms
current Op is 426th:39:MatMul
	computeIthOp, 577, cost time: 33.524002 ms
current Op is 427th:128:Raster
	computeIthOp, 577, cost time: 0.923000 ms
current Op is 428th:68:Reduction
	computeIthOp, 577, cost time: 0.882000 ms
current Op is 429th:128:Raster
	computeIthOp, 577, cost time: 1.455000 ms
current Op is 430th:128:Raster
	computeIthOp, 577, cost time: 1.576000 ms
current Op is 431th:7:BinaryOp
	computeIthOp, 577, cost time: 1.093000 ms
current Op is 432th:128:Raster
	computeIthOp, 577, cost time: 1.861000 ms
current Op is 433th:68:Reduction
	computeIthOp, 577, cost time: 0.759000 ms
current Op is 434th:128:Raster
	computeIthOp, 577, cost time: 0.144000 ms
current Op is 435th:68:Reduction
	computeIthOp, 577, cost time: 0.315000 ms
current Op is 436th:128:Raster
	computeIthOp, 577, cost time: 1.975000 ms
current Op is 437th:39:MatMul
	computeIthOp, 577, cost time: 48.485001 ms
current Op is 438th:128:Raster
	computeIthOp, 577, cost time: 0.593000 ms
current Op is 439th:128:Raster
	computeIthOp, 577, cost time: 1.874000 ms
current Op is 440th:39:MatMul
	computeIthOp, 577, cost time: 30.203001 ms
current Op is 441th:128:Raster
	computeIthOp, 577, cost time: 3.254000 ms
current Op is 442th:68:Reduction
	computeIthOp, 577, cost time: 2.408000 ms
current Op is 443th:128:Raster
	computeIthOp, 577, cost time: 1.407000 ms
current Op is 444th:68:Reduction
	computeIthOp, 577, cost time: 1.429000 ms
current Op is 445th:128:Raster
	computeIthOp, 577, cost time: 0.165000 ms
current Op is 446th:68:Reduction
	computeIthOp, 577, cost time: 0.548000 ms
current Op is 447th:128:Raster
	computeIthOp, 577, cost time: 1.838000 ms
current Op is 448th:39:MatMul
	computeIthOp, 577, cost time: 60.490002 ms
current Op is 449th:128:Raster
	computeIthOp, 577, cost time: 2.030000 ms
current Op is 450th:68:Reduction
	computeIthOp, 577, cost time: 1.306000 ms
current Op is 451th:128:Raster
	computeIthOp, 577, cost time: 0.182000 ms
current Op is 452th:68:Reduction
	computeIthOp, 577, cost time: 0.518000 ms
current Op is 453th:128:Raster
	computeIthOp, 577, cost time: 1.922000 ms
current Op is 454th:39:MatMul
	computeIthOp, 577, cost time: 8.071000 ms
current Op is 455th:128:Raster
	computeIthOp, 577, cost time: 0.172000 ms
current Op is 456th:128:Raster
	computeIthOp, 577, cost time: 1.904000 ms
current Op is 457th:39:MatMul
	computeIthOp, 577, cost time: 48.247002 ms
current Op is 458th:128:Raster
	computeIthOp, 577, cost time: 4.454000 ms
current Op is 459th:68:Reduction
	computeIthOp, 577, cost time: 2.164000 ms
current Op is 460th:128:Raster
	computeIthOp, 577, cost time: 0.128000 ms
current Op is 461th:128:Raster
	computeIthOp, 577, cost time: 1.947000 ms
current Op is 462th:39:MatMul
	computeIthOp, 577, cost time: 15.442000 ms
current Op is 463th:128:Raster
	computeIthOp, 577, cost time: 0.561000 ms
current Op is 464th:68:Reduction
	computeIthOp, 577, cost time: 0.371000 ms
current Op is 465th:128:Raster
	computeIthOp, 577, cost time: 0.838000 ms
current Op is 466th:128:Raster
	computeIthOp, 577, cost time: 0.749000 ms
current Op is 467th:7:BinaryOp
	computeIthOp, 577, cost time: 0.544000 ms
current Op is 468th:128:Raster
	computeIthOp, 577, cost time: 0.798000 ms
current Op is 469th:68:Reduction
	computeIthOp, 577, cost time: 0.511000 ms
current Op is 470th:128:Raster
	computeIthOp, 577, cost time: 0.135000 ms
current Op is 471th:68:Reduction
	computeIthOp, 577, cost time: 0.205000 ms
current Op is 472th:128:Raster
	computeIthOp, 577, cost time: 0.934000 ms
current Op is 473th:39:MatMul
	computeIthOp, 577, cost time: 42.518002 ms
current Op is 474th:128:Raster
	computeIthOp, 577, cost time: 0.626000 ms
current Op is 475th:128:Raster
	computeIthOp, 577, cost time: 1.022000 ms
current Op is 476th:39:MatMul
	computeIthOp, 577, cost time: 26.632002 ms
current Op is 477th:128:Raster
	computeIthOp, 577, cost time: 3.527000 ms
current Op is 478th:68:Reduction
	computeIthOp, 577, cost time: 2.327000 ms
current Op is 479th:128:Raster
	computeIthOp, 577, cost time: 1.484000 ms
current Op is 480th:68:Reduction
	computeIthOp, 577, cost time: 1.367000 ms
current Op is 481th:128:Raster
	computeIthOp, 577, cost time: 0.165000 ms
current Op is 482th:68:Reduction
	computeIthOp, 577, cost time: 0.511000 ms
current Op is 483th:128:Raster
	computeIthOp, 577, cost time: 1.964000 ms
current Op is 484th:39:MatMul
	computeIthOp, 577, cost time: 63.019005 ms
current Op is 485th:128:Raster
	computeIthOp, 577, cost time: 1.456000 ms
current Op is 486th:68:Reduction
	computeIthOp, 577, cost time: 1.376000 ms
current Op is 487th:128:Raster
	computeIthOp, 577, cost time: 0.168000 ms
current Op is 488th:68:Reduction
	computeIthOp, 577, cost time: 0.515000 ms
current Op is 489th:128:Raster
	computeIthOp, 577, cost time: 1.950000 ms
current Op is 490th:39:MatMul
	computeIthOp, 577, cost time: 7.974000 ms
current Op is 491th:128:Raster
	computeIthOp, 577, cost time: 0.580000 ms
current Op is 492th:128:Raster
	computeIthOp, 577, cost time: 1.984000 ms
current Op is 493th:39:MatMul
	computeIthOp, 577, cost time: 48.604004 ms
current Op is 494th:128:Raster
	computeIthOp, 577, cost time: 4.520000 ms
current Op is 495th:68:Reduction
	computeIthOp, 577, cost time: 2.081000 ms
current Op is 496th:128:Raster
	computeIthOp, 577, cost time: 0.126000 ms
current Op is 497th:128:Raster
	computeIthOp, 577, cost time: 2.046000 ms
current Op is 498th:39:MatMul
	computeIthOp, 577, cost time: 15.505001 ms
current Op is 499th:128:Raster
	computeIthOp, 577, cost time: 0.988000 ms
current Op is 500th:68:Reduction
	computeIthOp, 577, cost time: 0.376000 ms
current Op is 501th:128:Raster
	computeIthOp, 577, cost time: 0.779000 ms
current Op is 502th:128:Raster
	computeIthOp, 577, cost time: 0.849000 ms
current Op is 503th:7:BinaryOp
	computeIthOp, 577, cost time: 0.598000 ms
current Op is 504th:128:Raster
	computeIthOp, 577, cost time: 0.896000 ms
current Op is 505th:68:Reduction
	computeIthOp, 577, cost time: 0.389000 ms
current Op is 506th:128:Raster
	computeIthOp, 577, cost time: 0.134000 ms
current Op is 507th:68:Reduction
	computeIthOp, 577, cost time: 0.206000 ms
current Op is 508th:128:Raster
	computeIthOp, 577, cost time: 0.937000 ms
current Op is 509th:39:MatMul
	computeIthOp, 577, cost time: 29.794001 ms
current Op is 510th:128:Raster
	computeIthOp, 577, cost time: 0.168000 ms
current Op is 511th:128:Raster
	computeIthOp, 577, cost time: 0.983000 ms
current Op is 512th:39:MatMul
	computeIthOp, 577, cost time: 20.030001 ms
current Op is 513th:128:Raster
	computeIthOp, 577, cost time: 2.395000 ms
current Op is 514th:68:Reduction
	computeIthOp, 577, cost time: 2.068000 ms
current Op is 515th:128:Raster
	computeIthOp, 577, cost time: 27.034000 ms
current Op is 516th:7:BinaryOp
	computeIthOp, 577, cost time: 28.622002 ms
current Op is 517th:9:Cast
	computeIthOp, 577, cost time: 24.601002 ms
current Op is 518th:128:Raster
	computeIthOp, 577, cost time: 4.120000 ms
current Op is 519th:7:BinaryOp
	computeIthOp, 577, cost time: 2.922000 ms
current Op is 520th:128:Raster
	computeIthOp, 577, cost time: 27.337002 ms
current Op is 521th:7:BinaryOp
	computeIthOp, 577, cost time: 28.647001 ms
current Op is 522th:9:Cast
	computeIthOp, 577, cost time: 23.719002 ms
current Op is 523th:7:BinaryOp
	computeIthOp, 577, cost time: 3.874000 ms
current Op is 524th:128:Raster
	computeIthOp, 577, cost time: 27.310001 ms
current Op is 525th:7:BinaryOp
	computeIthOp, 577, cost time: 28.447001 ms
current Op is 526th:9:Cast
	computeIthOp, 577, cost time: 24.361002 ms
current Op is 527th:7:BinaryOp
	computeIthOp, 577, cost time: 6.596000 ms
current Op is 528th:128:Raster
	computeIthOp, 577, cost time: 28.221001 ms
current Op is 529th:7:BinaryOp
	computeIthOp, 577, cost time: 29.248001 ms
current Op is 530th:9:Cast
	computeIthOp, 577, cost time: 24.467001 ms
current Op is 531th:7:BinaryOp
	computeIthOp, 577, cost time: 6.597000 ms
current Op is 532th:128:Raster
	computeIthOp, 577, cost time: 27.878002 ms
current Op is 533th:7:BinaryOp
	computeIthOp, 577, cost time: 28.949001 ms
current Op is 534th:9:Cast
	computeIthOp, 577, cost time: 24.049002 ms
current Op is 535th:7:BinaryOp
	computeIthOp, 577, cost time: 7.509000 ms
current Op is 536th:128:Raster
	computeIthOp, 577, cost time: 28.605001 ms
current Op is 537th:7:BinaryOp
	computeIthOp, 577, cost time: 28.862001 ms
current Op is 538th:9:Cast
	computeIthOp, 577, cost time: 24.512001 ms
current Op is 539th:7:BinaryOp
	computeIthOp, 577, cost time: 6.389000 ms
current Op is 540th:128:Raster
	computeIthOp, 577, cost time: 27.371002 ms
current Op is 541th:7:BinaryOp
	computeIthOp, 577, cost time: 28.493002 ms
current Op is 542th:9:Cast
	computeIthOp, 577, cost time: 24.415001 ms
current Op is 543th:7:BinaryOp
	computeIthOp, 577, cost time: 7.421000 ms
current Op is 544th:128:Raster
	computeIthOp, 577, cost time: 27.546001 ms
current Op is 545th:7:BinaryOp
	computeIthOp, 577, cost time: 28.921001 ms
current Op is 546th:9:Cast
	computeIthOp, 577, cost time: 24.219002 ms
current Op is 547th:7:BinaryOp
	computeIthOp, 577, cost time: 7.689000 ms
current Op is 548th:128:Raster
	computeIthOp, 577, cost time: 27.076002 ms
current Op is 549th:7:BinaryOp
	computeIthOp, 577, cost time: 28.700001 ms
current Op is 550th:9:Cast
	computeIthOp, 577, cost time: 23.450001 ms
current Op is 551th:7:BinaryOp
	computeIthOp, 577, cost time: 8.376000 ms
current Op is 552th:128:Raster
	computeIthOp, 577, cost time: 30.963001 ms
current Op is 553th:128:Raster
	computeIthOp, 577, cost time: 30.602001 ms
current Op is 554th:128:Raster
	computeIthOp, 577, cost time: 30.557001 ms
current Op is 555th:128:Raster
	computeIthOp, 577, cost time: 57.091003 ms
current Op is 556th:128:Raster
	computeIthOp, 577, cost time: 55.969002 ms
current Op is 557th:128:Raster
	computeIthOp, 577, cost time: 56.524002 ms
current Op is 558th:128:Raster
	computeIthOp, 577, cost time: 56.545002 ms
current Op is 559th:128:Raster
	computeIthOp, 577, cost time: 57.199001 ms
current Op is 560th:128:Raster
	computeIthOp, 577, cost time: 55.835003 ms
current Op is 561th:22:Eltwise
	computeIthOp, 577, cost time: 101.922005 ms
current Op is 562th:128:Raster
	computeIthOp, 577, cost time: 16.735001 ms
current Op is 563th:68:Reduction
	computeIthOp, 577, cost time: 12.394001 ms
current Op is 564th:128:Raster
	computeIthOp, 577, cost time: 0.587000 ms
current Op is 565th:68:Reduction
	computeIthOp, 577, cost time: 2.610000 ms
current Op is 566th:128:Raster
	computeIthOp, 577, cost time: 18.810001 ms
current Op is 567th:39:MatMul
	computeIthOp, 577, cost time: 434.811035 ms
current Op is 568th:128:Raster
	computeIthOp, 577, cost time: 0.130000 ms
current Op is 569th:128:Raster
	computeIthOp, 577, cost time: 0.106000 ms
current Op is 570th:128:Raster
	computeIthOp, 577, cost time: 0.096000 ms
current Op is 571th:128:Raster
	computeIthOp, 577, cost time: 0.425000 ms
current Op is 572th:128:Raster
	computeIthOp, 577, cost time: 0.103000 ms
current Op is 573th:128:Raster
	computeIthOp, 577, cost time: 0.128000 ms
current Op is 574th:128:Raster
	computeIthOp, 577, cost time: 0.117000 ms
current Op is 575th:128:Raster
	computeIthOp, 577, cost time: 0.125000 ms
current Op is 576th:128:Raster
	computeIthOp, 577, cost time: 0.095000 ms
current Op is 577th:128:Raster
	computeIthOp, 577, cost time: 0.448000 ms
current Op is 578th:128:Raster
	computeIthOp, 577, cost time: 0.094000 ms
current Op is 579th:128:Raster
	computeIthOp, 577, cost time: 0.104000 ms
current Op is 580th:128:Raster
	computeIthOp, 577, cost time: 0.084000 ms
current Op is 581th:128:Raster
	computeIthOp, 577, cost time: 0.122000 ms
current Op is 582th:128:Raster
	computeIthOp, 577, cost time: 0.090000 ms
current Op is 583th:128:Raster
	computeIthOp, 577, cost time: 0.213000 ms
current Op is 584th:128:Raster
	computeIthOp, 577, cost time: 0.088000 ms
current Op is 585th:128:Raster
	computeIthOp, 577, cost time: 0.100000 ms
current Op is 586th:128:Raster
	computeIthOp, 577, cost time: 0.086000 ms
current Op is 587th:128:Raster
	computeIthOp, 577, cost time: 0.109000 ms
current Op is 588th:128:Raster
	computeIthOp, 577, cost time: 0.086000 ms
current Op is 589th:128:Raster
	computeIthOp, 577, cost time: 0.187000 ms
current Op is 590th:128:Raster
	computeIthOp, 577, cost time: 0.087000 ms
current Op is 591th:128:Raster
	computeIthOp, 577, cost time: 0.096000 ms
current Op is 592th:128:Raster
	computeIthOp, 577, cost time: 0.100000 ms
current Op is 593th:128:Raster
	computeIthOp, 577, cost time: 0.105000 ms
current Op is 594th:128:Raster
	computeIthOp, 577, cost time: 0.088000 ms
current Op is 595th:128:Raster
	computeIthOp, 577, cost time: 0.130000 ms
current Op is 596th:128:Raster
	computeIthOp, 577, cost time: 0.085000 ms
current Op is 597th:128:Raster
	computeIthOp, 577, cost time: 0.099000 ms
current Op is 598th:128:Raster
	computeIthOp, 577, cost time: 0.086000 ms
current Op is 599th:128:Raster
	computeIthOp, 577, cost time: 0.095000 ms
current Op is 600th:128:Raster
	computeIthOp, 577, cost time: 0.085000 ms
current Op is 601th:128:Raster
	computeIthOp, 577, cost time: 0.126000 ms
current Op is 602th:128:Raster
	computeIthOp, 577, cost time: 0.086000 ms
current Op is 603th:128:Raster
	computeIthOp, 577, cost time: 0.092000 ms
current Op is 604th:128:Raster
	computeIthOp, 577, cost time: 0.084000 ms
current Op is 605th:128:Raster
	computeIthOp, 577, cost time: 0.104000 ms
current Op is 606th:128:Raster
	computeIthOp, 577, cost time: 0.085000 ms
current Op is 607th:128:Raster
	computeIthOp, 577, cost time: 0.096000 ms
current Op is 608th:128:Raster
	computeIthOp, 577, cost time: 0.088000 ms
current Op is 609th:128:Raster
	computeIthOp, 577, cost time: 0.087000 ms
current Op is 610th:128:Raster
	computeIthOp, 577, cost time: 0.084000 ms
current Op is 611th:128:Raster
	computeIthOp, 577, cost time: 0.091000 ms
current Op is 612th:128:Raster
	computeIthOp, 577, cost time: 0.086000 ms
current Op is 613th:128:Raster
	computeIthOp, 577, cost time: 0.109000 ms
current Op is 614th:128:Raster
	computeIthOp, 577, cost time: 0.101000 ms
current Op is 615th:128:Raster
	computeIthOp, 577, cost time: 0.086000 ms
current Op is 616th:128:Raster
	computeIthOp, 577, cost time: 0.084000 ms
current Op is 617th:128:Raster
	computeIthOp, 577, cost time: 0.091000 ms
current Op is 618th:128:Raster
	computeIthOp, 577, cost time: 0.089000 ms
current Op is 619th:128:Raster
	computeIthOp, 577, cost time: 0.113000 ms
SGD.cpp:onGetNextParameter: finish read-map & start replace
SGD.cpp:onGetNextParameter: finish replace & start compute update value
current Op is 0th:7:BinaryOp
	computeIthOp, 577, cost time: 0.271000 ms
current Op is 1th:7:BinaryOp
	computeIthOp, 577, cost time: 0.075000 ms
current Op is 0th:7:BinaryOp
	computeIthOp, 577, cost time: 0.303000 ms
current Op is 1th:7:BinaryOp
	computeIthOp, 577, cost time: 0.069000 ms
current Op is 2th:7:BinaryOp
	computeIthOp, 577, cost time: 0.074000 ms
current Op is 0th:7:BinaryOp
	computeIthOp, 577, cost time: 0.279000 ms
current Op is 1th:7:BinaryOp
	computeIthOp, 577, cost time: 0.065000 ms
current Op is 0th:7:BinaryOp
	computeIthOp, 577, cost time: 0.325000 ms
current Op is 1th:7:BinaryOp
	computeIthOp, 577, cost time: 0.062000 ms
current Op is 2th:7:BinaryOp
	computeIthOp, 577, cost time: 0.066000 ms
current Op is 0th:7:BinaryOp
	computeIthOp, 577, cost time: 0.078000 ms
current Op is 1th:7:BinaryOp
	computeIthOp, 577, cost time: 0.131000 ms
current Op is 0th:7:BinaryOp
	computeIthOp, 577, cost time: 0.088000 ms
current Op is 1th:7:BinaryOp
	computeIthOp, 577, cost time: 0.064000 ms
current Op is 2th:7:BinaryOp
	computeIthOp, 577, cost time: 0.068000 ms
current Op is 0th:7:BinaryOp
	computeIthOp, 577, cost time: 0.399000 ms
current Op is 1th:7:BinaryOp
	computeIthOp, 577, cost time: 0.066000 ms
current Op is 0th:7:BinaryOp
	computeIthOp, 577, cost time: 0.279000 ms
current Op is 1th:7:BinaryOp
	computeIthOp, 577, cost time: 0.062000 ms
current Op is 2th:7:BinaryOp
	computeIthOp, 577, cost time: 0.065000 ms
current Op is 0th:7:BinaryOp
	computeIthOp, 577, cost time: 0.292000 ms
current Op is 1th:7:BinaryOp
	computeIthOp, 577, cost time: 0.159000 ms
current Op is 0th:7:BinaryOp
	computeIthOp, 577, cost time: 0.144000 ms
current Op is 1th:7:BinaryOp
	computeIthOp, 577, cost time: 0.123000 ms
current Op is 2th:7:BinaryOp
	computeIthOp, 577, cost time: 0.150000 ms
current Op is 0th:7:BinaryOp
	computeIthOp, 577, cost time: 0.287000 ms
current Op is 1th:7:BinaryOp
	computeIthOp, 577, cost time: 0.064000 ms
current Op is 0th:7:BinaryOp
	computeIthOp, 577, cost time: 0.275000 ms
current Op is 1th:7:BinaryOp
	computeIthOp, 577, cost time: 0.063000 ms
current Op is 2th:7:BinaryOp
	computeIthOp, 577, cost time: 0.129000 ms
current Op is 0th:7:BinaryOp
	computeIthOp, 577, cost time: 0.094000 ms
current Op is 1th:7:BinaryOp
	computeIthOp, 577, cost time: 0.076000 ms
current Op is 0th:7:BinaryOp
	computeIthOp, 577, cost time: 0.109000 ms
current Op is 1th:7:BinaryOp
	computeIthOp, 577, cost time: 0.067000 ms
current Op is 2th:7:BinaryOp
	computeIthOp, 577, cost time: 0.103000 ms
current Op is 0th:7:BinaryOp
	computeIthOp, 577, cost time: 0.067000 ms
current Op is 1th:7:BinaryOp
	computeIthOp, 577, cost time: 0.064000 ms
current Op is 0th:7:BinaryOp
	computeIthOp, 577, cost time: 0.062000 ms
current Op is 1th:7:BinaryOp
	computeIthOp, 577, cost time: 0.062000 ms
current Op is 2th:7:BinaryOp
	computeIthOp, 577, cost time: 0.065000 ms
current Op is 0th:7:BinaryOp
	computeIthOp, 577, cost time: 0.070000 ms
current Op is 1th:7:BinaryOp
	computeIthOp, 577, cost time: 0.071000 ms
current Op is 0th:7:BinaryOp
	computeIthOp, 577, cost time: 0.067000 ms
current Op is 1th:7:BinaryOp
	computeIthOp, 577, cost time: 0.085000 ms
current Op is 2th:7:BinaryOp
	computeIthOp, 577, cost time: 0.076000 ms
current Op is 0th:7:BinaryOp
	computeIthOp, 577, cost time: 0.065000 ms
current Op is 1th:7:BinaryOp
	computeIthOp, 577, cost time: 0.064000 ms
current Op is 0th:7:BinaryOp
	computeIthOp, 577, cost time: 0.081000 ms
current Op is 1th:7:BinaryOp
	computeIthOp, 577, cost time: 0.212000 ms
current Op is 2th:7:BinaryOp
	computeIthOp, 577, cost time: 0.108000 ms
current Op is 0th:7:BinaryOp
	computeIthOp, 577, cost time: 0.405000 ms
current Op is 1th:7:BinaryOp
	computeIthOp, 577, cost time: 0.142000 ms
current Op is 0th:7:BinaryOp
	computeIthOp, 577, cost time: 0.357000 ms
current Op is 1th:7:BinaryOp
	computeIthOp, 577, cost time: 0.113000 ms
current Op is 2th:7:BinaryOp
	computeIthOp, 577, cost time: 0.148000 ms
current Op is 0th:7:BinaryOp
	computeIthOp, 577, cost time: 0.360000 ms
current Op is 1th:7:BinaryOp
	computeIthOp, 577, cost time: 0.074000 ms
current Op is 0th:7:BinaryOp
	computeIthOp, 577, cost time: 0.066000 ms
current Op is 1th:7:BinaryOp
	computeIthOp, 577, cost time: 0.062000 ms
current Op is 2th:7:BinaryOp
	computeIthOp, 577, cost time: 0.064000 ms
current Op is 0th:7:BinaryOp
	computeIthOp, 577, cost time: 0.079000 ms
current Op is 1th:7:BinaryOp
	computeIthOp, 577, cost time: 0.083000 ms
current Op is 0th:7:BinaryOp
	computeIthOp, 577, cost time: 0.074000 ms
current Op is 1th:7:BinaryOp
	computeIthOp, 577, cost time: 0.071000 ms
current Op is 2th:7:BinaryOp
	computeIthOp, 577, cost time: 0.079000 ms
current Op is 0th:7:BinaryOp
	computeIthOp, 577, cost time: 0.359000 ms
current Op is 1th:7:BinaryOp
	computeIthOp, 577, cost time: 0.064000 ms
current Op is 0th:7:BinaryOp
	computeIthOp, 577, cost time: 0.356000 ms
current Op is 1th:7:BinaryOp
	computeIthOp, 577, cost time: 0.061000 ms
current Op is 2th:7:BinaryOp
	computeIthOp, 577, cost time: 0.065000 ms
current Op is 0th:7:BinaryOp
	computeIthOp, 577, cost time: 0.358000 ms
current Op is 1th:7:BinaryOp
	computeIthOp, 577, cost time: 0.083000 ms
current Op is 0th:7:BinaryOp
	computeIthOp, 577, cost time: 0.069000 ms
current Op is 1th:7:BinaryOp
	computeIthOp, 577, cost time: 0.233000 ms
current Op is 2th:7:BinaryOp
	computeIthOp, 577, cost time: 0.149000 ms
current Op is 0th:7:BinaryOp
	computeIthOp, 577, cost time: 0.226000 ms
current Op is 1th:7:BinaryOp
	computeIthOp, 577, cost time: 0.107000 ms
current Op is 0th:7:BinaryOp
	computeIthOp, 577, cost time: 0.266000 ms
current Op is 1th:7:BinaryOp
	computeIthOp, 577, cost time: 0.079000 ms
current Op is 2th:7:BinaryOp
	computeIthOp, 577, cost time: 0.083000 ms
current Op is 0th:7:BinaryOp
	computeIthOp, 577, cost time: 0.322000 ms
current Op is 1th:7:BinaryOp
	computeIthOp, 577, cost time: 0.173000 ms
current Op is 0th:7:BinaryOp
	computeIthOp, 577, cost time: 0.313000 ms
current Op is 1th:7:BinaryOp
	computeIthOp, 577, cost time: 0.138000 ms
current Op is 2th:7:BinaryOp
	computeIthOp, 577, cost time: 0.169000 ms
current Op is 0th:7:BinaryOp
	computeIthOp, 577, cost time: 0.296000 ms
current Op is 1th:7:BinaryOp
	computeIthOp, 577, cost time: 0.084000 ms
current Op is 0th:7:BinaryOp
	computeIthOp, 577, cost time: 0.079000 ms
current Op is 1th:7:BinaryOp
	computeIthOp, 577, cost time: 0.077000 ms
current Op is 2th:7:BinaryOp
	computeIthOp, 577, cost time: 0.081000 ms
current Op is 0th:7:BinaryOp
	computeIthOp, 577, cost time: 0.080000 ms
current Op is 1th:128:Raster
	computeIthOp, 577, cost time: 0.130000 ms
current Op is 2th:7:BinaryOp
	computeIthOp, 577, cost time: 0.089000 ms
current Op is 0th:7:BinaryOp
	computeIthOp, 577, cost time: 0.081000 ms
current Op is 1th:7:BinaryOp
	computeIthOp, 577, cost time: 0.081000 ms
current Op is 2th:128:Raster
	computeIthOp, 577, cost time: 0.138000 ms
current Op is 3th:7:BinaryOp
	computeIthOp, 577, cost time: 0.192000 ms
current Op is 0th:7:BinaryOp
	computeIthOp, 577, cost time: 0.208000 ms
current Op is 1th:7:BinaryOp
	computeIthOp, 577, cost time: 0.085000 ms
current Op is 0th:7:BinaryOp
	computeIthOp, 577, cost time: 0.241000 ms
current Op is 1th:7:BinaryOp
	computeIthOp, 577, cost time: 0.078000 ms
current Op is 2th:7:BinaryOp
	computeIthOp, 577, cost time: 0.082000 ms
current Op is 0th:7:BinaryOp
	computeIthOp, 577, cost time: 0.288000 ms
current Op is 1th:7:BinaryOp
	computeIthOp, 577, cost time: 0.085000 ms
current Op is 0th:7:BinaryOp
	computeIthOp, 577, cost time: 0.082000 ms
current Op is 1th:7:BinaryOp
	computeIthOp, 577, cost time: 0.082000 ms
current Op is 2th:7:BinaryOp
	computeIthOp, 577, cost time: 0.087000 ms
current Op is 0th:7:BinaryOp
	computeIthOp, 577, cost time: 0.083000 ms
current Op is 1th:7:BinaryOp
	computeIthOp, 577, cost time: 0.082000 ms
current Op is 0th:7:BinaryOp
	computeIthOp, 577, cost time: 0.079000 ms
current Op is 1th:7:BinaryOp
	computeIthOp, 577, cost time: 0.079000 ms
current Op is 2th:7:BinaryOp
	computeIthOp, 577, cost time: 0.083000 ms
current Op is 0th:7:BinaryOp
	computeIthOp, 577, cost time: 0.257000 ms
current Op is 1th:7:BinaryOp
	computeIthOp, 577, cost time: 0.107000 ms
current Op is 0th:7:BinaryOp
	computeIthOp, 577, cost time: 0.259000 ms
current Op is 1th:7:BinaryOp
	computeIthOp, 577, cost time: 0.079000 ms
current Op is 2th:7:BinaryOp
	computeIthOp, 577, cost time: 0.083000 ms
current Op is 0th:7:BinaryOp
	computeIthOp, 577, cost time: 0.086000 ms
current Op is 1th:7:BinaryOp
	computeIthOp, 577, cost time: 0.085000 ms
current Op is 0th:7:BinaryOp
	computeIthOp, 577, cost time: 0.079000 ms
current Op is 1th:7:BinaryOp
	computeIthOp, 577, cost time: 0.572000 ms
current Op is 2th:7:BinaryOp
	computeIthOp, 577, cost time: 0.074000 ms
current Op is 0th:7:BinaryOp
	computeIthOp, 577, cost time: 0.068000 ms
current Op is 1th:7:BinaryOp
	computeIthOp, 577, cost time: 0.281000 ms
current Op is 0th:7:BinaryOp
	computeIthOp, 577, cost time: 0.895000 ms
current Op is 1th:7:BinaryOp
	computeIthOp, 577, cost time: 0.113000 ms
current Op is 2th:7:BinaryOp
	computeIthOp, 577, cost time: 0.116000 ms
current Op is 0th:7:BinaryOp
	computeIthOp, 577, cost time: 0.238000 ms
current Op is 1th:7:BinaryOp
	computeIthOp, 577, cost time: 0.082000 ms
current Op is 0th:7:BinaryOp
	computeIthOp, 577, cost time: 0.250000 ms
current Op is 1th:7:BinaryOp
	computeIthOp, 577, cost time: 0.079000 ms
current Op is 2th:7:BinaryOp
	computeIthOp, 577, cost time: 0.084000 ms
current Op is 0th:7:BinaryOp
	computeIthOp, 577, cost time: 0.084000 ms
current Op is 1th:7:BinaryOp
	computeIthOp, 577, cost time: 0.086000 ms
current Op is 0th:7:BinaryOp
	computeIthOp, 577, cost time: 0.085000 ms
current Op is 1th:7:BinaryOp
	computeIthOp, 577, cost time: 0.084000 ms
current Op is 2th:7:BinaryOp
	computeIthOp, 577, cost time: 0.090000 ms
current Op is 0th:7:BinaryOp
	computeIthOp, 577, cost time: 0.081000 ms
current Op is 1th:7:BinaryOp
	computeIthOp, 577, cost time: 0.082000 ms
current Op is 0th:7:BinaryOp
	computeIthOp, 577, cost time: 0.081000 ms
current Op is 1th:7:BinaryOp
	computeIthOp, 577, cost time: 0.206000 ms
current Op is 2th:7:BinaryOp
	computeIthOp, 577, cost time: 0.130000 ms
current Op is 0th:7:BinaryOp
	computeIthOp, 577, cost time: 0.217000 ms
current Op is 1th:7:BinaryOp
	computeIthOp, 577, cost time: 0.085000 ms
current Op is 0th:7:BinaryOp
	computeIthOp, 577, cost time: 0.366000 ms
current Op is 1th:7:BinaryOp
	computeIthOp, 577, cost time: 0.069000 ms
current Op is 2th:7:BinaryOp
	computeIthOp, 577, cost time: 0.072000 ms
current Op is 0th:7:BinaryOp
	computeIthOp, 577, cost time: 0.068000 ms
current Op is 1th:7:BinaryOp
	computeIthOp, 577, cost time: 0.065000 ms
current Op is 0th:7:BinaryOp
	computeIthOp, 577, cost time: 0.068000 ms
current Op is 1th:7:BinaryOp
	computeIthOp, 577, cost time: 0.062000 ms
current Op is 2th:7:BinaryOp
	computeIthOp, 577, cost time: 0.066000 ms
current Op is 0th:7:BinaryOp
	computeIthOp, 577, cost time: 0.381000 ms
current Op is 1th:7:BinaryOp
	computeIthOp, 577, cost time: 0.066000 ms
current Op is 0th:7:BinaryOp
	computeIthOp, 577, cost time: 0.070000 ms
current Op is 1th:7:BinaryOp
	computeIthOp, 577, cost time: 0.253000 ms
current Op is 2th:7:BinaryOp
	computeIthOp, 577, cost time: 0.172000 ms
current Op is 0th:7:BinaryOp
	computeIthOp, 577, cost time: 0.772000 ms
current Op is 1th:7:BinaryOp
	computeIthOp, 577, cost time: 0.115000 ms
current Op is 0th:7:BinaryOp
	computeIthOp, 577, cost time: 0.598000 ms
current Op is 1th:7:BinaryOp
	computeIthOp, 577, cost time: 0.125000 ms
current Op is 2th:7:BinaryOp
	computeIthOp, 577, cost time: 0.230000 ms
current Op is 0th:7:BinaryOp
	computeIthOp, 577, cost time: 0.133000 ms
current Op is 1th:7:BinaryOp
	computeIthOp, 577, cost time: 0.096000 ms
current Op is 0th:7:BinaryOp
	computeIthOp, 577, cost time: 0.093000 ms
current Op is 1th:7:BinaryOp
	computeIthOp, 577, cost time: 0.088000 ms
current Op is 2th:7:BinaryOp
	computeIthOp, 577, cost time: 0.094000 ms
current Op is 0th:7:BinaryOp
	computeIthOp, 577, cost time: 0.271000 ms
current Op is 1th:7:BinaryOp
	computeIthOp, 577, cost time: 0.087000 ms
current Op is 0th:7:BinaryOp
	computeIthOp, 577, cost time: 0.099000 ms
current Op is 1th:7:BinaryOp
	computeIthOp, 577, cost time: 0.084000 ms
current Op is 2th:7:BinaryOp
	computeIthOp, 577, cost time: 0.088000 ms
current Op is 0th:7:BinaryOp
	computeIthOp, 577, cost time: 0.283000 ms
current Op is 1th:7:BinaryOp
	computeIthOp, 577, cost time: 0.124000 ms
current Op is 0th:7:BinaryOp
	computeIthOp, 577, cost time: 0.276000 ms
current Op is 1th:7:BinaryOp
	computeIthOp, 577, cost time: 0.085000 ms
current Op is 2th:7:BinaryOp
	computeIthOp, 577, cost time: 0.090000 ms
current Op is 0th:7:BinaryOp
	computeIthOp, 577, cost time: 0.085000 ms
current Op is 1th:7:BinaryOp
	computeIthOp, 577, cost time: 0.085000 ms
current Op is 0th:7:BinaryOp
	computeIthOp, 577, cost time: 0.086000 ms
current Op is 1th:7:BinaryOp
	computeIthOp, 577, cost time: 0.082000 ms
current Op is 2th:7:BinaryOp
	computeIthOp, 577, cost time: 0.112000 ms
current Op is 0th:7:BinaryOp
	computeIthOp, 577, cost time: 0.089000 ms
current Op is 1th:7:BinaryOp
	computeIthOp, 577, cost time: 0.089000 ms
current Op is 0th:7:BinaryOp
	computeIthOp, 577, cost time: 0.095000 ms
current Op is 1th:7:BinaryOp
	computeIthOp, 577, cost time: 0.086000 ms
current Op is 2th:7:BinaryOp
	computeIthOp, 577, cost time: 0.092000 ms
current Op is 0th:7:BinaryOp
	computeIthOp, 577, cost time: 0.088000 ms
current Op is 1th:7:BinaryOp
	computeIthOp, 577, cost time: 0.087000 ms
current Op is 0th:7:BinaryOp
	computeIthOp, 577, cost time: 0.094000 ms
current Op is 1th:7:BinaryOp
	computeIthOp, 577, cost time: 0.083000 ms
current Op is 2th:7:BinaryOp
	computeIthOp, 577, cost time: 0.088000 ms
current Op is 0th:7:BinaryOp
	computeIthOp, 577, cost time: 0.350000 ms
current Op is 1th:7:BinaryOp
	computeIthOp, 577, cost time: 0.107000 ms
current Op is 0th:7:BinaryOp
	computeIthOp, 577, cost time: 0.094000 ms
current Op is 1th:7:BinaryOp
	computeIthOp, 577, cost time: 0.113000 ms
current Op is 2th:7:BinaryOp
	computeIthOp, 577, cost time: 0.102000 ms
current Op is 0th:7:BinaryOp
	computeIthOp, 577, cost time: 0.332000 ms
current Op is 1th:7:BinaryOp
	computeIthOp, 577, cost time: 0.081000 ms
current Op is 0th:7:BinaryOp
	computeIthOp, 577, cost time: 0.295000 ms
current Op is 1th:7:BinaryOp
	computeIthOp, 577, cost time: 0.079000 ms
current Op is 2th:7:BinaryOp
	computeIthOp, 577, cost time: 0.083000 ms
current Op is 0th:7:BinaryOp
	computeIthOp, 577, cost time: 0.084000 ms
current Op is 1th:7:BinaryOp
	computeIthOp, 577, cost time: 0.086000 ms
current Op is 0th:7:BinaryOp
	computeIthOp, 577, cost time: 0.086000 ms
current Op is 1th:7:BinaryOp
	computeIthOp, 577, cost time: 0.082000 ms
current Op is 2th:7:BinaryOp
	computeIthOp, 577, cost time: 0.096000 ms
current Op is 0th:7:BinaryOp
	computeIthOp, 577, cost time: 0.081000 ms
current Op is 1th:7:BinaryOp
	computeIthOp, 577, cost time: 0.082000 ms
current Op is 0th:7:BinaryOp
	computeIthOp, 577, cost time: 0.080000 ms
current Op is 1th:7:BinaryOp
	computeIthOp, 577, cost time: 0.084000 ms
current Op is 2th:7:BinaryOp
	computeIthOp, 577, cost time: 0.085000 ms
current Op is 0th:7:BinaryOp
	computeIthOp, 577, cost time: 0.086000 ms
current Op is 1th:7:BinaryOp
	computeIthOp, 577, cost time: 0.086000 ms
current Op is 0th:7:BinaryOp
	computeIthOp, 577, cost time: 0.081000 ms
current Op is 1th:7:BinaryOp
	computeIthOp, 577, cost time: 0.081000 ms
current Op is 2th:7:BinaryOp
	computeIthOp, 577, cost time: 0.086000 ms
current Op is 0th:7:BinaryOp
	computeIthOp, 577, cost time: 0.081000 ms
current Op is 1th:7:BinaryOp
	computeIthOp, 577, cost time: 0.082000 ms
current Op is 0th:7:BinaryOp
	computeIthOp, 577, cost time: 0.078000 ms
current Op is 1th:7:BinaryOp
	computeIthOp, 577, cost time: 0.079000 ms
current Op is 2th:7:BinaryOp
	computeIthOp, 577, cost time: 0.136000 ms
current Op is 0th:7:BinaryOp
	computeIthOp, 577, cost time: 0.092000 ms
current Op is 1th:7:BinaryOp
	computeIthOp, 577, cost time: 0.136000 ms
current Op is 0th:7:BinaryOp
	computeIthOp, 577, cost time: 0.088000 ms
current Op is 1th:7:BinaryOp
	computeIthOp, 577, cost time: 0.090000 ms
current Op is 2th:7:BinaryOp
	computeIthOp, 577, cost time: 0.098000 ms
current Op is 0th:7:BinaryOp
	computeIthOp, 577, cost time: 0.338000 ms
current Op is 1th:7:BinaryOp
	computeIthOp, 577, cost time: 0.080000 ms
current Op is 0th:7:BinaryOp
	computeIthOp, 577, cost time: 0.108000 ms
current Op is 1th:7:BinaryOp
	computeIthOp, 577, cost time: 0.077000 ms
current Op is 2th:7:BinaryOp
	computeIthOp, 577, cost time: 0.083000 ms
current Op is 0th:7:BinaryOp
	computeIthOp, 577, cost time: 0.083000 ms
current Op is 1th:7:BinaryOp
	computeIthOp, 577, cost time: 0.088000 ms
current Op is 0th:7:BinaryOp
	computeIthOp, 577, cost time: 0.082000 ms
current Op is 1th:7:BinaryOp
	computeIthOp, 577, cost time: 0.083000 ms
current Op is 2th:7:BinaryOp
	computeIthOp, 577, cost time: 0.088000 ms
current Op is 0th:7:BinaryOp
	computeIthOp, 577, cost time: 0.091000 ms
current Op is 1th:7:BinaryOp
	computeIthOp, 577, cost time: 0.084000 ms
current Op is 0th:7:BinaryOp
	computeIthOp, 577, cost time: 0.079000 ms
current Op is 1th:7:BinaryOp
	computeIthOp, 577, cost time: 0.078000 ms
current Op is 2th:7:BinaryOp
	computeIthOp, 577, cost time: 0.081000 ms
current Op is 0th:7:BinaryOp
	computeIthOp, 577, cost time: 0.080000 ms
current Op is 1th:7:BinaryOp
	computeIthOp, 577, cost time: 0.085000 ms
current Op is 0th:7:BinaryOp
	computeIthOp, 577, cost time: 0.081000 ms
current Op is 1th:7:BinaryOp
	computeIthOp, 577, cost time: 0.081000 ms
current Op is 2th:7:BinaryOp
	computeIthOp, 577, cost time: 0.087000 ms
current Op is 0th:7:BinaryOp
	computeIthOp, 577, cost time: 0.079000 ms
current Op is 1th:7:BinaryOp
	computeIthOp, 577, cost time: 0.081000 ms
current Op is 0th:7:BinaryOp
	computeIthOp, 577, cost time: 0.078000 ms
current Op is 1th:7:BinaryOp
	computeIthOp, 577, cost time: 0.078000 ms
current Op is 2th:7:BinaryOp
	computeIthOp, 577, cost time: 0.111000 ms
current Op is 0th:7:BinaryOp
	computeIthOp, 577, cost time: 0.111000 ms
current Op is 1th:7:BinaryOp
	computeIthOp, 577, cost time: 0.611000 ms
current Op is 0th:7:BinaryOp
	computeIthOp, 577, cost time: 0.087000 ms
current Op is 1th:7:BinaryOp
	computeIthOp, 577, cost time: 0.088000 ms
current Op is 2th:7:BinaryOp
	computeIthOp, 577, cost time: 0.102000 ms
current Op is 0th:7:BinaryOp
	computeIthOp, 577, cost time: 0.342000 ms
current Op is 1th:7:BinaryOp
	computeIthOp, 577, cost time: 0.064000 ms
current Op is 0th:7:BinaryOp
	computeIthOp, 577, cost time: 0.064000 ms
current Op is 1th:7:BinaryOp
	computeIthOp, 577, cost time: 0.061000 ms
current Op is 2th:7:BinaryOp
	computeIthOp, 577, cost time: 0.065000 ms
SGD.cpp: finish func onGetNextParameter
current Op is 0th:7:BinaryOp
	computeIthOp, 577, cost time: 0.388000 ms
current Op is 0th:7:BinaryOp
	computeIthOp, 577, cost time: 0.369000 ms
current Op is 0th:7:BinaryOp
	computeIthOp, 577, cost time: 0.069000 ms
current Op is 0th:7:BinaryOp
	computeIthOp, 577, cost time: 0.064000 ms
current Op is 0th:7:BinaryOp
	computeIthOp, 577, cost time: 0.419000 ms
current Op is 0th:7:BinaryOp
	computeIthOp, 577, cost time: 0.065000 ms
current Op is 0th:7:BinaryOp
	computeIthOp, 577, cost time: 0.448000 ms
current Op is 0th:7:BinaryOp
	computeIthOp, 577, cost time: 0.377000 ms
current Op is 0th:7:BinaryOp
	computeIthOp, 577, cost time: 0.071000 ms
current Op is 0th:7:BinaryOp
	computeIthOp, 577, cost time: 0.063000 ms
current Op is 0th:7:BinaryOp
	computeIthOp, 577, cost time: 0.442000 ms
current Op is 0th:7:BinaryOp
	computeIthOp, 577, cost time: 0.116000 ms
current Op is 0th:7:BinaryOp
	computeIthOp, 577, cost time: 0.149000 ms
current Op is 0th:7:BinaryOp
	computeIthOp, 577, cost time: 0.202000 ms
current Op is 0th:7:BinaryOp
	computeIthOp, 577, cost time: 0.077000 ms
current Op is 0th:7:BinaryOp
	computeIthOp, 577, cost time: 0.066000 ms
current Op is 0th:7:BinaryOp
	computeIthOp, 577, cost time: 0.224000 ms
current Op is 0th:7:BinaryOp
	computeIthOp, 577, cost time: 0.134000 ms
current Op is 0th:128:Raster
	computeIthOp, 577, cost time: 0.087000 ms
current Op is 1th:7:BinaryOp
	computeIthOp, 577, cost time: 0.078000 ms
current Op is 0th:7:BinaryOp
	computeIthOp, 577, cost time: 0.063000 ms
current Op is 0th:7:BinaryOp
	computeIthOp, 577, cost time: 0.067000 ms
current Op is 0th:7:BinaryOp
	computeIthOp, 577, cost time: 0.062000 ms
current Op is 0th:7:BinaryOp
	computeIthOp, 577, cost time: 0.065000 ms
current Op is 0th:7:BinaryOp
	computeIthOp, 577, cost time: 0.063000 ms
current Op is 0th:7:BinaryOp
	computeIthOp, 577, cost time: 0.064000 ms
current Op is 0th:7:BinaryOp
	computeIthOp, 577, cost time: 0.066000 ms
current Op is 0th:7:BinaryOp
	computeIthOp, 577, cost time: 0.070000 ms
current Op is 0th:7:BinaryOp
	computeIthOp, 577, cost time: 0.062000 ms
current Op is 0th:7:BinaryOp
	computeIthOp, 577, cost time: 0.065000 ms
current Op is 0th:7:BinaryOp
	computeIthOp, 577, cost time: 0.098000 ms
current Op is 0th:7:BinaryOp
	computeIthOp, 577, cost time: 0.067000 ms
current Op is 0th:7:BinaryOp
	computeIthOp, 577, cost time: 0.062000 ms
current Op is 0th:7:BinaryOp
	computeIthOp, 577, cost time: 0.070000 ms
current Op is 0th:7:BinaryOp
	computeIthOp, 577, cost time: 0.065000 ms
current Op is 0th:7:BinaryOp
	computeIthOp, 577, cost time: 0.292000 ms
current Op is 0th:7:BinaryOp
	computeIthOp, 577, cost time: 0.065000 ms
current Op is 0th:7:BinaryOp
	computeIthOp, 577, cost time: 0.067000 ms
current Op is 0th:7:BinaryOp
	computeIthOp, 577, cost time: 0.110000 ms
current Op is 0th:7:BinaryOp
	computeIthOp, 577, cost time: 0.102000 ms
current Op is 0th:7:BinaryOp
	computeIthOp, 577, cost time: 0.066000 ms
current Op is 0th:7:BinaryOp
	computeIthOp, 577, cost time: 0.073000 ms
current Op is 0th:7:BinaryOp
	computeIthOp, 577, cost time: 0.063000 ms
current Op is 0th:7:BinaryOp
	computeIthOp, 577, cost time: 0.157000 ms
current Op is 0th:7:BinaryOp
	computeIthOp, 577, cost time: 0.065000 ms
current Op is 0th:7:BinaryOp
	computeIthOp, 577, cost time: 0.101000 ms
current Op is 0th:7:BinaryOp
	computeIthOp, 577, cost time: 0.066000 ms
current Op is 0th:7:BinaryOp
	computeIthOp, 577, cost time: 0.079000 ms
current Op is 0th:7:BinaryOp
	computeIthOp, 577, cost time: 0.064000 ms
current Op is 0th:7:BinaryOp
	computeIthOp, 577, cost time: 0.071000 ms
current Op is 0th:7:BinaryOp
	computeIthOp, 577, cost time: 0.065000 ms
current Op is 0th:7:BinaryOp
	computeIthOp, 577, cost time: 0.156000 ms
current Op is 0th:7:BinaryOp
	computeIthOp, 577, cost time: 0.069000 ms
train, 137, cost time: 7643.941406 ms
train, 125, cost time: 8074.216309 ms
