Error to find creator of 9, set CPU default
begin an iteration 0
call step in MicroSGD, mMicroStep = 1, mStep = 0
don't need to use the micro-batch tech, call father's step directly
SGD.cpp:onGetNextParameter: finish compute grad graph
SGD.cpp:onGetNextParameter: finish prepare compute & start read-map
current Op is 0th:128:Raster
	computeIthOp, 577, cost time: 8.617001 ms
current Op is 1th:128:Raster
	computeIthOp, 577, cost time: 22.962002 ms
current Op is 2th:128:Raster
	computeIthOp, 577, cost time: 102.463005 ms
current Op is 3th:128:Raster
	computeIthOp, 577, cost time: 0.120000 ms
current Op is 4th:39:MatMul
	computeIthOp, 577, cost time: 224.097015 ms
current Op is 5th:128:Raster
	computeIthOp, 577, cost time: 36.601002 ms
current Op is 6th:47:Pooling
	computeIthOp, 577, cost time: 268.888000 ms
current Op is 7th:128:Raster
	computeIthOp, 577, cost time: 11.093000 ms
current Op is 8th:128:Raster
	computeIthOp, 577, cost time: 0.596000 ms
current Op is 9th:39:MatMul
	computeIthOp, 577, cost time: 7.983000 ms
current Op is 10th:128:Raster
	computeIthOp, 577, cost time: 1.665000 ms
current Op is 11th:128:Raster
	computeIthOp, 577, cost time: 0.783000 ms
current Op is 12th:128:Raster
	computeIthOp, 577, cost time: 0.119000 ms
current Op is 13th:39:MatMul
	computeIthOp, 577, cost time: 11.390000 ms
current Op is 14th:128:Raster
	computeIthOp, 577, cost time: 4.711000 ms
current Op is 15th:128:Raster
	computeIthOp, 577, cost time: 0.126000 ms
current Op is 16th:39:MatMul
	computeIthOp, 577, cost time: 30.467001 ms
current Op is 17th:128:Raster
	computeIthOp, 577, cost time: 9.146001 ms
current Op is 18th:128:Raster
	computeIthOp, 577, cost time: 6.450000 ms
current Op is 19th:128:Raster
	computeIthOp, 577, cost time: 0.128000 ms
current Op is 20th:39:MatMul
	computeIthOp, 577, cost time: 12.903001 ms
current Op is 21th:128:Raster
	computeIthOp, 577, cost time: 1.195000 ms
current Op is 22th:128:Raster
	computeIthOp, 577, cost time: 0.826000 ms
current Op is 23th:128:Raster
	computeIthOp, 577, cost time: 0.122000 ms
current Op is 24th:39:MatMul
	computeIthOp, 577, cost time: 11.707001 ms
current Op is 25th:128:Raster
	computeIthOp, 577, cost time: 4.814000 ms
current Op is 26th:128:Raster
	computeIthOp, 577, cost time: 0.124000 ms
current Op is 27th:39:MatMul
	computeIthOp, 577, cost time: 40.167004 ms
current Op is 28th:128:Raster
	computeIthOp, 577, cost time: 9.102000 ms
current Op is 29th:128:Raster
	computeIthOp, 577, cost time: 6.105000 ms
current Op is 30th:128:Raster
	computeIthOp, 577, cost time: 0.120000 ms
current Op is 31th:39:MatMul
	computeIthOp, 577, cost time: 18.313002 ms
current Op is 32th:128:Raster
	computeIthOp, 577, cost time: 3.062000 ms
current Op is 33th:128:Raster
	computeIthOp, 577, cost time: 1.619000 ms
current Op is 34th:128:Raster
	computeIthOp, 577, cost time: 0.126000 ms
current Op is 35th:39:MatMul
	computeIthOp, 577, cost time: 25.901001 ms
current Op is 36th:128:Raster
	computeIthOp, 577, cost time: 27.005001 ms
current Op is 37th:128:Raster
	computeIthOp, 577, cost time: 0.147000 ms
current Op is 38th:39:MatMul
	computeIthOp, 577, cost time: 122.396004 ms
current Op is 39th:128:Raster
	computeIthOp, 577, cost time: 26.660002 ms
current Op is 40th:47:Pooling
	computeIthOp, 577, cost time: 184.295013 ms
current Op is 41th:128:Raster
	computeIthOp, 577, cost time: 10.037001 ms
current Op is 42th:128:Raster
	computeIthOp, 577, cost time: 0.169000 ms
current Op is 43th:39:MatMul
	computeIthOp, 577, cost time: 7.395000 ms
current Op is 44th:128:Raster
	computeIthOp, 577, cost time: 1.171000 ms
current Op is 45th:128:Raster
	computeIthOp, 577, cost time: 0.501000 ms
current Op is 46th:128:Raster
	computeIthOp, 577, cost time: 0.160000 ms
current Op is 47th:39:MatMul
	computeIthOp, 577, cost time: 6.412000 ms
current Op is 48th:128:Raster
	computeIthOp, 577, cost time: 2.876000 ms
current Op is 49th:128:Raster
	computeIthOp, 577, cost time: 0.137000 ms
current Op is 50th:39:MatMul
	computeIthOp, 577, cost time: 25.006001 ms
current Op is 51th:128:Raster
	computeIthOp, 577, cost time: 4.815000 ms
current Op is 52th:128:Raster
	computeIthOp, 577, cost time: 3.696000 ms
current Op is 53th:128:Raster
	computeIthOp, 577, cost time: 0.122000 ms
current Op is 54th:39:MatMul
	computeIthOp, 577, cost time: 9.293000 ms
current Op is 55th:128:Raster
	computeIthOp, 577, cost time: 0.919000 ms
current Op is 56th:128:Raster
	computeIthOp, 577, cost time: 0.785000 ms
current Op is 57th:128:Raster
	computeIthOp, 577, cost time: 0.122000 ms
current Op is 58th:39:MatMul
	computeIthOp, 577, cost time: 10.668000 ms
current Op is 59th:128:Raster
	computeIthOp, 577, cost time: 4.061000 ms
current Op is 60th:128:Raster
	computeIthOp, 577, cost time: 0.186000 ms
current Op is 61th:39:MatMul
	computeIthOp, 577, cost time: 52.972004 ms
current Op is 62th:128:Raster
	computeIthOp, 577, cost time: 6.397000 ms
current Op is 63th:128:Raster
	computeIthOp, 577, cost time: 7.512001 ms
current Op is 64th:128:Raster
	computeIthOp, 577, cost time: 0.137000 ms
current Op is 65th:39:MatMul
	computeIthOp, 577, cost time: 12.169001 ms
current Op is 66th:128:Raster
	computeIthOp, 577, cost time: 1.055000 ms
current Op is 67th:128:Raster
	computeIthOp, 577, cost time: 0.910000 ms
current Op is 68th:128:Raster
	computeIthOp, 577, cost time: 0.125000 ms
current Op is 69th:39:MatMul
	computeIthOp, 577, cost time: 10.769000 ms
current Op is 70th:128:Raster
	computeIthOp, 577, cost time: 9.938001 ms
current Op is 71th:128:Raster
	computeIthOp, 577, cost time: 0.213000 ms
current Op is 72th:39:MatMul
	computeIthOp, 577, cost time: 60.647003 ms
current Op is 73th:128:Raster
	computeIthOp, 577, cost time: 6.296000 ms
current Op is 74th:128:Raster
	computeIthOp, 577, cost time: 5.771000 ms
current Op is 75th:128:Raster
	computeIthOp, 577, cost time: 0.177000 ms
current Op is 76th:39:MatMul
	computeIthOp, 577, cost time: 14.579000 ms
current Op is 77th:128:Raster
	computeIthOp, 577, cost time: 1.587000 ms
current Op is 78th:128:Raster
	computeIthOp, 577, cost time: 0.956000 ms
current Op is 79th:128:Raster
	computeIthOp, 577, cost time: 0.133000 ms
current Op is 80th:39:MatMul
	computeIthOp, 577, cost time: 16.286001 ms
current Op is 81th:128:Raster
	computeIthOp, 577, cost time: 14.114000 ms
current Op is 82th:128:Raster
	computeIthOp, 577, cost time: 0.250000 ms
current Op is 83th:39:MatMul
	computeIthOp, 577, cost time: 92.535004 ms
current Op is 84th:128:Raster
	computeIthOp, 577, cost time: 14.330001 ms
current Op is 85th:47:Pooling
	computeIthOp, 577, cost time: 93.274002 ms
current Op is 86th:128:Raster
	computeIthOp, 577, cost time: 2.423000 ms
current Op is 87th:128:Raster
	computeIthOp, 577, cost time: 0.143000 ms
current Op is 88th:39:MatMul
	computeIthOp, 577, cost time: 6.704000 ms
current Op is 89th:128:Raster
	computeIthOp, 577, cost time: 0.504000 ms
current Op is 90th:128:Raster
	computeIthOp, 577, cost time: 0.351000 ms
current Op is 91th:128:Raster
	computeIthOp, 577, cost time: 0.107000 ms
current Op is 92th:39:MatMul
	computeIthOp, 577, cost time: 4.295000 ms
current Op is 93th:128:Raster
	computeIthOp, 577, cost time: 1.802000 ms
current Op is 94th:128:Raster
	computeIthOp, 577, cost time: 0.194000 ms
current Op is 95th:39:MatMul
	computeIthOp, 577, cost time: 20.007002 ms
current Op is 96th:128:Raster
	computeIthOp, 577, cost time: 2.905000 ms
current Op is 97th:128:Raster
	computeIthOp, 577, cost time: 2.735000 ms
current Op is 98th:128:Raster
	computeIthOp, 577, cost time: 0.122000 ms
current Op is 99th:39:MatMul
	computeIthOp, 577, cost time: 0.897000 ms
current Op is 100th:128:Raster
	computeIthOp, 577, cost time: 0.163000 ms
current Op is 101th:47:Pooling
	computeIthOp, 577, cost time: 0.180000 ms
current Op is 102th:101:UnaryOp
	computeIthOp, 577, cost time: 0.078000 ms
current Op is 103th:7:BinaryOp
	computeIthOp, 577, cost time: 0.076000 ms
current Op is 104th:128:Raster
	computeIthOp, 577, cost time: 0.076000 ms
current Op is 105th:128:Raster
	computeIthOp, 577, cost time: 0.090000 ms
current Op is 106th:7:BinaryOp
	computeIthOp, 577, cost time: 0.085000 ms
current Op is 107th:128:Raster
	computeIthOp, 577, cost time: 0.078000 ms
current Op is 108th:128:Raster
	computeIthOp, 577, cost time: 0.088000 ms
current Op is 109th:128:Raster
	computeIthOp, 577, cost time: 0.135000 ms
current Op is 110th:7:BinaryOp
	computeIthOp, 577, cost time: 0.083000 ms
current Op is 111th:128:Raster
	computeIthOp, 577, cost time: 0.091000 ms
current Op is 112th:7:BinaryOp
	computeIthOp, 577, cost time: 0.071000 ms
current Op is 113th:128:Raster
	computeIthOp, 577, cost time: 0.083000 ms
current Op is 114th:9:Cast
	computeIthOp, 577, cost time: 0.071000 ms
current Op is 115th:119:OneHot
	computeIthOp, 577, cost time: 0.079000 ms
current Op is 116th:128:Raster
	computeIthOp, 577, cost time: 0.090000 ms
current Op is 117th:7:BinaryOp
	computeIthOp, 577, cost time: 0.093000 ms
current Op is 118th:128:Raster
	computeIthOp, 577, cost time: 0.088000 ms
current Op is 119th:7:BinaryOp
	computeIthOp, 577, cost time: 0.090000 ms
current Op is 120th:128:Raster
	computeIthOp, 577, cost time: 0.447000 ms
current Op is 121th:68:Reduction
	computeIthOp, 577, cost time: 17.297001 ms
current Op is 122th:128:Raster
	computeIthOp, 577, cost time: 0.164000 ms
current Op is 123th:68:Reduction
	computeIthOp, 577, cost time: 0.132000 ms
current Op is 124th:128:Raster
	computeIthOp, 577, cost time: 0.111000 ms
current Op is 125th:68:Reduction
	computeIthOp, 577, cost time: 0.086000 ms
current Op is 126th:128:Raster
	computeIthOp, 577, cost time: 0.094000 ms
current Op is 127th:39:MatMul
	computeIthOp, 577, cost time: 1.821000 ms
current Op is 128th:128:Raster
	computeIthOp, 577, cost time: 0.120000 ms
current Op is 129th:128:Raster
	computeIthOp, 577, cost time: 0.104000 ms
current Op is 130th:39:MatMul
	computeIthOp, 577, cost time: 1.508000 ms
current Op is 131th:128:Raster
	computeIthOp, 577, cost time: 2.024000 ms
current Op is 132th:68:Reduction
	computeIthOp, 577, cost time: 0.756000 ms
current Op is 133th:128:Raster
	computeIthOp, 577, cost time: 0.443000 ms
current Op is 134th:68:Reduction
	computeIthOp, 577, cost time: 0.384000 ms
current Op is 135th:128:Raster
	computeIthOp, 577, cost time: 0.116000 ms
current Op is 136th:68:Reduction
	computeIthOp, 577, cost time: 0.213000 ms
current Op is 137th:128:Raster
	computeIthOp, 577, cost time: 0.490000 ms
current Op is 138th:39:MatMul
	computeIthOp, 577, cost time: 20.289001 ms
current Op is 139th:128:Raster
	computeIthOp, 577, cost time: 0.492000 ms
current Op is 140th:68:Reduction
	computeIthOp, 577, cost time: 0.421000 ms
current Op is 141th:128:Raster
	computeIthOp, 577, cost time: 0.132000 ms
current Op is 142th:68:Reduction
	computeIthOp, 577, cost time: 0.229000 ms
current Op is 143th:128:Raster
	computeIthOp, 577, cost time: 0.481000 ms
current Op is 144th:39:MatMul
	computeIthOp, 577, cost time: 3.328000 ms
current Op is 145th:128:Raster
	computeIthOp, 577, cost time: 0.208000 ms
current Op is 146th:128:Raster
	computeIthOp, 577, cost time: 0.593000 ms
current Op is 147th:39:MatMul
	computeIthOp, 577, cost time: 20.830002 ms
current Op is 148th:128:Raster
	computeIthOp, 577, cost time: 1.977000 ms
current Op is 149th:68:Reduction
	computeIthOp, 577, cost time: 0.524000 ms
current Op is 150th:128:Raster
	computeIthOp, 577, cost time: 0.160000 ms
current Op is 151th:128:Raster
	computeIthOp, 577, cost time: 0.561000 ms
current Op is 152th:39:MatMul
	computeIthOp, 577, cost time: 5.529000 ms
current Op is 153th:128:Raster
	computeIthOp, 577, cost time: 0.308000 ms
current Op is 154th:68:Reduction
	computeIthOp, 577, cost time: 0.143000 ms
current Op is 155th:128:Raster
	computeIthOp, 577, cost time: 0.393000 ms
current Op is 156th:128:Raster
	computeIthOp, 577, cost time: 0.283000 ms
current Op is 157th:7:BinaryOp
	computeIthOp, 577, cost time: 0.270000 ms
current Op is 158th:128:Raster
	computeIthOp, 577, cost time: 0.261000 ms
current Op is 159th:68:Reduction
	computeIthOp, 577, cost time: 0.146000 ms
current Op is 160th:128:Raster
	computeIthOp, 577, cost time: 0.102000 ms
current Op is 161th:68:Reduction
	computeIthOp, 577, cost time: 0.116000 ms
current Op is 162th:128:Raster
	computeIthOp, 577, cost time: 0.245000 ms
current Op is 163th:39:MatMul
	computeIthOp, 577, cost time: 9.361000 ms
current Op is 164th:128:Raster
	computeIthOp, 577, cost time: 0.236000 ms
current Op is 165th:128:Raster
	computeIthOp, 577, cost time: 0.318000 ms
current Op is 166th:39:MatMul
	computeIthOp, 577, cost time: 8.222000 ms
current Op is 167th:128:Raster
	computeIthOp, 577, cost time: 1.443000 ms
current Op is 168th:68:Reduction
	computeIthOp, 577, cost time: 0.629000 ms
current Op is 169th:128:Raster
	computeIthOp, 577, cost time: 8.853001 ms
current Op is 170th:7:BinaryOp
	computeIthOp, 577, cost time: 8.845000 ms
current Op is 171th:9:Cast
	computeIthOp, 577, cost time: 7.633000 ms
current Op is 172th:128:Raster
	computeIthOp, 577, cost time: 1.642000 ms
current Op is 173th:7:BinaryOp
	computeIthOp, 577, cost time: 0.965000 ms
current Op is 174th:128:Raster
	computeIthOp, 577, cost time: 9.008000 ms
current Op is 175th:7:BinaryOp
	computeIthOp, 577, cost time: 8.802000 ms
current Op is 176th:9:Cast
	computeIthOp, 577, cost time: 8.082001 ms
current Op is 177th:7:BinaryOp
	computeIthOp, 577, cost time: 0.987000 ms
current Op is 178th:128:Raster
	computeIthOp, 577, cost time: 8.574000 ms
current Op is 179th:7:BinaryOp
	computeIthOp, 577, cost time: 8.860001 ms
current Op is 180th:9:Cast
	computeIthOp, 577, cost time: 7.665000 ms
current Op is 181th:7:BinaryOp
	computeIthOp, 577, cost time: 0.968000 ms
current Op is 182th:128:Raster
	computeIthOp, 577, cost time: 8.964001 ms
current Op is 183th:7:BinaryOp
	computeIthOp, 577, cost time: 8.831000 ms
current Op is 184th:9:Cast
	computeIthOp, 577, cost time: 7.960001 ms
current Op is 185th:7:BinaryOp
	computeIthOp, 577, cost time: 0.959000 ms
current Op is 186th:128:Raster
	computeIthOp, 577, cost time: 8.848001 ms
current Op is 187th:7:BinaryOp
	computeIthOp, 577, cost time: 9.030001 ms
current Op is 188th:9:Cast
	computeIthOp, 577, cost time: 7.354001 ms
current Op is 189th:7:BinaryOp
	computeIthOp, 577, cost time: 1.059000 ms
current Op is 190th:128:Raster
	computeIthOp, 577, cost time: 8.893001 ms
current Op is 191th:7:BinaryOp
	computeIthOp, 577, cost time: 8.859000 ms
current Op is 192th:9:Cast
	computeIthOp, 577, cost time: 7.804000 ms
current Op is 193th:7:BinaryOp
	computeIthOp, 577, cost time: 1.086000 ms
current Op is 194th:128:Raster
	computeIthOp, 577, cost time: 8.745001 ms
current Op is 195th:7:BinaryOp
	computeIthOp, 577, cost time: 8.891001 ms
current Op is 196th:9:Cast
	computeIthOp, 577, cost time: 7.655000 ms
current Op is 197th:7:BinaryOp
	computeIthOp, 577, cost time: 1.349000 ms
current Op is 198th:128:Raster
	computeIthOp, 577, cost time: 8.612000 ms
current Op is 199th:7:BinaryOp
	computeIthOp, 577, cost time: 8.946000 ms
current Op is 200th:9:Cast
	computeIthOp, 577, cost time: 7.553000 ms
current Op is 201th:7:BinaryOp
	computeIthOp, 577, cost time: 1.319000 ms
current Op is 202th:128:Raster
	computeIthOp, 577, cost time: 8.219001 ms
current Op is 203th:7:BinaryOp
	computeIthOp, 577, cost time: 9.275001 ms
current Op is 204th:9:Cast
	computeIthOp, 577, cost time: 7.654000 ms
current Op is 205th:7:BinaryOp
	computeIthOp, 577, cost time: 1.312000 ms
current Op is 206th:128:Raster
	computeIthOp, 577, cost time: 9.879001 ms
current Op is 207th:128:Raster
	computeIthOp, 577, cost time: 10.200001 ms
current Op is 208th:128:Raster
	computeIthOp, 577, cost time: 17.766001 ms
current Op is 209th:128:Raster
	computeIthOp, 577, cost time: 16.812000 ms
current Op is 210th:128:Raster
	computeIthOp, 577, cost time: 17.804001 ms
current Op is 211th:128:Raster
	computeIthOp, 577, cost time: 18.517000 ms
current Op is 212th:128:Raster
	computeIthOp, 577, cost time: 17.319000 ms
current Op is 213th:128:Raster
	computeIthOp, 577, cost time: 18.898001 ms
current Op is 214th:128:Raster
	computeIthOp, 577, cost time: 18.843000 ms
current Op is 215th:22:Eltwise
	computeIthOp, 577, cost time: 28.918001 ms
current Op is 216th:128:Raster
	computeIthOp, 577, cost time: 5.068000 ms
current Op is 217th:68:Reduction
	computeIthOp, 577, cost time: 1.417000 ms
current Op is 218th:128:Raster
	computeIthOp, 577, cost time: 0.180000 ms
current Op is 219th:68:Reduction
	computeIthOp, 577, cost time: 0.510000 ms
current Op is 220th:128:Raster
	computeIthOp, 577, cost time: 5.165000 ms
current Op is 221th:39:MatMul
	computeIthOp, 577, cost time: 89.863007 ms
current Op is 222th:128:Raster
	computeIthOp, 577, cost time: 4.787000 ms
current Op is 223th:68:Reduction
	computeIthOp, 577, cost time: 1.420000 ms
current Op is 224th:128:Raster
	computeIthOp, 577, cost time: 0.182000 ms
current Op is 225th:68:Reduction
	computeIthOp, 577, cost time: 0.510000 ms
current Op is 226th:128:Raster
	computeIthOp, 577, cost time: 5.003000 ms
current Op is 227th:39:MatMul
	computeIthOp, 577, cost time: 13.550000 ms
current Op is 228th:128:Raster
	computeIthOp, 577, cost time: 0.179000 ms
current Op is 229th:128:Raster
	computeIthOp, 577, cost time: 4.968000 ms
current Op is 230th:39:MatMul
	computeIthOp, 577, cost time: 85.029007 ms
current Op is 231th:128:Raster
	computeIthOp, 577, cost time: 6.698000 ms
current Op is 232th:68:Reduction
	computeIthOp, 577, cost time: 2.356000 ms
current Op is 233th:128:Raster
	computeIthOp, 577, cost time: 0.200000 ms
current Op is 234th:128:Raster
	computeIthOp, 577, cost time: 5.037000 ms
current Op is 235th:39:MatMul
	computeIthOp, 577, cost time: 15.365001 ms
current Op is 236th:128:Raster
	computeIthOp, 577, cost time: 0.611000 ms
current Op is 237th:68:Reduction
	computeIthOp, 577, cost time: 0.350000 ms
current Op is 238th:128:Raster
	computeIthOp, 577, cost time: 0.796000 ms
current Op is 239th:128:Raster
	computeIthOp, 577, cost time: 0.757000 ms
current Op is 240th:7:BinaryOp
	computeIthOp, 577, cost time: 0.538000 ms
current Op is 241th:128:Raster
	computeIthOp, 577, cost time: 0.823000 ms
current Op is 242th:68:Reduction
	computeIthOp, 577, cost time: 0.386000 ms
current Op is 243th:128:Raster
	computeIthOp, 577, cost time: 0.124000 ms
current Op is 244th:68:Reduction
	computeIthOp, 577, cost time: 0.218000 ms
current Op is 245th:128:Raster
	computeIthOp, 577, cost time: 0.859000 ms
current Op is 246th:39:MatMul
	computeIthOp, 577, cost time: 32.231003 ms
current Op is 247th:128:Raster
	computeIthOp, 577, cost time: 0.194000 ms
current Op is 248th:128:Raster
	computeIthOp, 577, cost time: 0.867000 ms
current Op is 249th:39:MatMul
	computeIthOp, 577, cost time: 24.339001 ms
current Op is 250th:128:Raster
	computeIthOp, 577, cost time: 3.407000 ms
current Op is 251th:68:Reduction
	computeIthOp, 577, cost time: 1.763000 ms
current Op is 252th:128:Raster
	computeIthOp, 577, cost time: 1.013000 ms
current Op is 253th:68:Reduction
	computeIthOp, 577, cost time: 1.095000 ms
current Op is 254th:128:Raster
	computeIthOp, 577, cost time: 0.164000 ms
current Op is 255th:68:Reduction
	computeIthOp, 577, cost time: 0.410000 ms
current Op is 256th:128:Raster
	computeIthOp, 577, cost time: 1.219000 ms
current Op is 257th:39:MatMul
	computeIthOp, 577, cost time: 62.811005 ms
current Op is 258th:128:Raster
	computeIthOp, 577, cost time: 1.555000 ms
current Op is 259th:68:Reduction
	computeIthOp, 577, cost time: 0.914000 ms
current Op is 260th:128:Raster
	computeIthOp, 577, cost time: 0.196000 ms
current Op is 261th:68:Reduction
	computeIthOp, 577, cost time: 0.417000 ms
current Op is 262th:128:Raster
	computeIthOp, 577, cost time: 1.170000 ms
current Op is 263th:39:MatMul
	computeIthOp, 577, cost time: 9.634001 ms
current Op is 264th:128:Raster
	computeIthOp, 577, cost time: 0.183000 ms
current Op is 265th:128:Raster
	computeIthOp, 577, cost time: 1.338000 ms
current Op is 266th:39:MatMul
	computeIthOp, 577, cost time: 53.892002 ms
current Op is 267th:128:Raster
	computeIthOp, 577, cost time: 5.001000 ms
current Op is 268th:68:Reduction
	computeIthOp, 577, cost time: 1.650000 ms
current Op is 269th:128:Raster
	computeIthOp, 577, cost time: 0.154000 ms
current Op is 270th:128:Raster
	computeIthOp, 577, cost time: 1.163000 ms
current Op is 271th:39:MatMul
	computeIthOp, 577, cost time: 10.169001 ms
current Op is 272th:128:Raster
	computeIthOp, 577, cost time: 0.947000 ms
current Op is 273th:68:Reduction
	computeIthOp, 577, cost time: 0.262000 ms
current Op is 274th:128:Raster
	computeIthOp, 577, cost time: 0.690000 ms
current Op is 275th:128:Raster
	computeIthOp, 577, cost time: 0.685000 ms
current Op is 276th:7:BinaryOp
	computeIthOp, 577, cost time: 0.410000 ms
current Op is 277th:128:Raster
	computeIthOp, 577, cost time: 0.657000 ms
current Op is 278th:68:Reduction
	computeIthOp, 577, cost time: 0.319000 ms
current Op is 279th:128:Raster
	computeIthOp, 577, cost time: 0.113000 ms
current Op is 280th:68:Reduction
	computeIthOp, 577, cost time: 0.193000 ms
current Op is 281th:128:Raster
	computeIthOp, 577, cost time: 0.651000 ms
current Op is 282th:39:MatMul
	computeIthOp, 577, cost time: 27.306002 ms
current Op is 283th:128:Raster
	computeIthOp, 577, cost time: 0.218000 ms
current Op is 284th:128:Raster
	computeIthOp, 577, cost time: 0.757000 ms
current Op is 285th:39:MatMul
	computeIthOp, 577, cost time: 22.014002 ms
current Op is 286th:128:Raster
	computeIthOp, 577, cost time: 3.422000 ms
current Op is 287th:68:Reduction
	computeIthOp, 577, cost time: 1.755000 ms
current Op is 288th:128:Raster
	computeIthOp, 577, cost time: 1.005000 ms
current Op is 289th:68:Reduction
	computeIthOp, 577, cost time: 1.100000 ms
current Op is 290th:128:Raster
	computeIthOp, 577, cost time: 0.158000 ms
current Op is 291th:68:Reduction
	computeIthOp, 577, cost time: 0.424000 ms
current Op is 292th:128:Raster
	computeIthOp, 577, cost time: 1.337000 ms
current Op is 293th:39:MatMul
	computeIthOp, 577, cost time: 62.585003 ms
current Op is 294th:128:Raster
	computeIthOp, 577, cost time: 1.090000 ms
current Op is 295th:68:Reduction
	computeIthOp, 577, cost time: 1.009000 ms
current Op is 296th:128:Raster
	computeIthOp, 577, cost time: 0.171000 ms
current Op is 297th:68:Reduction
	computeIthOp, 577, cost time: 0.416000 ms
current Op is 298th:128:Raster
	computeIthOp, 577, cost time: 1.302000 ms
current Op is 299th:39:MatMul
	computeIthOp, 577, cost time: 8.590000 ms
current Op is 300th:128:Raster
	computeIthOp, 577, cost time: 0.257000 ms
current Op is 301th:128:Raster
	computeIthOp, 577, cost time: 1.191000 ms
current Op is 302th:39:MatMul
	computeIthOp, 577, cost time: 54.050003 ms
current Op is 303th:128:Raster
	computeIthOp, 577, cost time: 4.959000 ms
current Op is 304th:68:Reduction
	computeIthOp, 577, cost time: 1.629000 ms
current Op is 305th:128:Raster
	computeIthOp, 577, cost time: 0.203000 ms
current Op is 306th:128:Raster
	computeIthOp, 577, cost time: 1.141000 ms
current Op is 307th:39:MatMul
	computeIthOp, 577, cost time: 10.213000 ms
current Op is 308th:128:Raster
	computeIthOp, 577, cost time: 0.533000 ms
current Op is 309th:68:Reduction
	computeIthOp, 577, cost time: 0.270000 ms
current Op is 310th:128:Raster
	computeIthOp, 577, cost time: 0.727000 ms
current Op is 311th:128:Raster
	computeIthOp, 577, cost time: 0.661000 ms
current Op is 312th:7:BinaryOp
	computeIthOp, 577, cost time: 0.408000 ms
current Op is 313th:128:Raster
	computeIthOp, 577, cost time: 0.612000 ms
current Op is 314th:68:Reduction
	computeIthOp, 577, cost time: 0.309000 ms
current Op is 315th:128:Raster
	computeIthOp, 577, cost time: 0.127000 ms
current Op is 316th:68:Reduction
	computeIthOp, 577, cost time: 0.171000 ms
current Op is 317th:128:Raster
	computeIthOp, 577, cost time: 0.721000 ms
current Op is 318th:39:MatMul
	computeIthOp, 577, cost time: 19.575001 ms
current Op is 319th:128:Raster
	computeIthOp, 577, cost time: 0.200000 ms
current Op is 320th:128:Raster
	computeIthOp, 577, cost time: 0.699000 ms
current Op is 321th:39:MatMul
	computeIthOp, 577, cost time: 15.178000 ms
current Op is 322th:128:Raster
	computeIthOp, 577, cost time: 2.244000 ms
current Op is 323th:68:Reduction
	computeIthOp, 577, cost time: 1.329000 ms
current Op is 324th:128:Raster
	computeIthOp, 577, cost time: 0.734000 ms
current Op is 325th:68:Reduction
	computeIthOp, 577, cost time: 0.710000 ms
current Op is 326th:128:Raster
	computeIthOp, 577, cost time: 0.143000 ms
current Op is 327th:68:Reduction
	computeIthOp, 577, cost time: 0.330000 ms
current Op is 328th:128:Raster
	computeIthOp, 577, cost time: 0.803000 ms
current Op is 329th:39:MatMul
	computeIthOp, 577, cost time: 30.809002 ms
current Op is 330th:128:Raster
	computeIthOp, 577, cost time: 0.781000 ms
current Op is 331th:68:Reduction
	computeIthOp, 577, cost time: 0.695000 ms
current Op is 332th:128:Raster
	computeIthOp, 577, cost time: 0.140000 ms
current Op is 333th:68:Reduction
	computeIthOp, 577, cost time: 0.324000 ms
current Op is 334th:128:Raster
	computeIthOp, 577, cost time: 0.807000 ms
current Op is 335th:39:MatMul
	computeIthOp, 577, cost time: 5.190000 ms
current Op is 336th:128:Raster
	computeIthOp, 577, cost time: 0.185000 ms
current Op is 337th:128:Raster
	computeIthOp, 577, cost time: 0.808000 ms
current Op is 338th:39:MatMul
	computeIthOp, 577, cost time: 25.820002 ms
current Op is 339th:128:Raster
	computeIthOp, 577, cost time: 3.307000 ms
current Op is 340th:68:Reduction
	computeIthOp, 577, cost time: 0.951000 ms
current Op is 341th:128:Raster
	computeIthOp, 577, cost time: 0.139000 ms
current Op is 342th:128:Raster
	computeIthOp, 577, cost time: 0.859000 ms
current Op is 343th:39:MatMul
	computeIthOp, 577, cost time: 6.626000 ms
current Op is 344th:128:Raster
	computeIthOp, 577, cost time: 0.399000 ms
current Op is 345th:68:Reduction
	computeIthOp, 577, cost time: 0.208000 ms
current Op is 346th:128:Raster
	computeIthOp, 577, cost time: 0.440000 ms
current Op is 347th:128:Raster
	computeIthOp, 577, cost time: 0.428000 ms
current Op is 348th:7:BinaryOp
	computeIthOp, 577, cost time: 0.250000 ms
current Op is 349th:128:Raster
	computeIthOp, 577, cost time: 0.423000 ms
current Op is 350th:68:Reduction
	computeIthOp, 577, cost time: 0.217000 ms
current Op is 351th:128:Raster
	computeIthOp, 577, cost time: 0.112000 ms
current Op is 352th:68:Reduction
	computeIthOp, 577, cost time: 0.156000 ms
current Op is 353th:128:Raster
	computeIthOp, 577, cost time: 0.421000 ms
current Op is 354th:39:MatMul
	computeIthOp, 577, cost time: 16.698000 ms
current Op is 355th:128:Raster
	computeIthOp, 577, cost time: 0.195000 ms
current Op is 356th:128:Raster
	computeIthOp, 577, cost time: 0.478000 ms
current Op is 357th:39:MatMul
	computeIthOp, 577, cost time: 12.923000 ms
current Op is 358th:128:Raster
	computeIthOp, 577, cost time: 2.309000 ms
current Op is 359th:68:Reduction
	computeIthOp, 577, cost time: 1.164000 ms
current Op is 360th:128:Raster
	computeIthOp, 577, cost time: 22.176001 ms
current Op is 361th:7:BinaryOp
	computeIthOp, 577, cost time: 18.538000 ms
current Op is 362th:9:Cast
	computeIthOp, 577, cost time: 14.970000 ms
current Op is 363th:128:Raster
	computeIthOp, 577, cost time: 12.008000 ms
current Op is 364th:7:BinaryOp
	computeIthOp, 577, cost time: 2.011000 ms
current Op is 365th:128:Raster
	computeIthOp, 577, cost time: 22.647001 ms
current Op is 366th:7:BinaryOp
	computeIthOp, 577, cost time: 17.793001 ms
current Op is 367th:9:Cast
	computeIthOp, 577, cost time: 15.685000 ms
current Op is 368th:7:BinaryOp
	computeIthOp, 577, cost time: 5.633000 ms
current Op is 369th:128:Raster
	computeIthOp, 577, cost time: 23.586000 ms
current Op is 370th:7:BinaryOp
	computeIthOp, 577, cost time: 17.904001 ms
current Op is 371th:9:Cast
	computeIthOp, 577, cost time: 14.718000 ms
current Op is 372th:7:BinaryOp
	computeIthOp, 577, cost time: 1.807000 ms
current Op is 373th:128:Raster
	computeIthOp, 577, cost time: 20.666000 ms
current Op is 374th:7:BinaryOp
	computeIthOp, 577, cost time: 18.278002 ms
current Op is 375th:9:Cast
	computeIthOp, 577, cost time: 14.684001 ms
current Op is 376th:7:BinaryOp
	computeIthOp, 577, cost time: 2.101000 ms
current Op is 377th:128:Raster
	computeIthOp, 577, cost time: 20.883001 ms
current Op is 378th:7:BinaryOp
	computeIthOp, 577, cost time: 17.796001 ms
current Op is 379th:9:Cast
	computeIthOp, 577, cost time: 14.952001 ms
current Op is 380th:7:BinaryOp
	computeIthOp, 577, cost time: 2.201000 ms
current Op is 381th:128:Raster
	computeIthOp, 577, cost time: 20.635000 ms
current Op is 382th:7:BinaryOp
	computeIthOp, 577, cost time: 17.870001 ms
current Op is 383th:9:Cast
	computeIthOp, 577, cost time: 15.540001 ms
current Op is 384th:7:BinaryOp
	computeIthOp, 577, cost time: 1.881000 ms
current Op is 385th:128:Raster
	computeIthOp, 577, cost time: 21.728001 ms
current Op is 386th:7:BinaryOp
	computeIthOp, 577, cost time: 18.033001 ms
current Op is 387th:9:Cast
	computeIthOp, 577, cost time: 14.922001 ms
current Op is 388th:7:BinaryOp
	computeIthOp, 577, cost time: 5.306000 ms
current Op is 389th:128:Raster
	computeIthOp, 577, cost time: 22.495001 ms
current Op is 390th:7:BinaryOp
	computeIthOp, 577, cost time: 17.670000 ms
current Op is 391th:9:Cast
	computeIthOp, 577, cost time: 14.939001 ms
current Op is 392th:7:BinaryOp
	computeIthOp, 577, cost time: 1.769000 ms
current Op is 393th:128:Raster
	computeIthOp, 577, cost time: 21.339001 ms
current Op is 394th:7:BinaryOp
	computeIthOp, 577, cost time: 18.272001 ms
current Op is 395th:9:Cast
	computeIthOp, 577, cost time: 14.844001 ms
current Op is 396th:7:BinaryOp
	computeIthOp, 577, cost time: 5.476000 ms
current Op is 397th:128:Raster
	computeIthOp, 577, cost time: 19.733002 ms
current Op is 398th:128:Raster
	computeIthOp, 577, cost time: 19.275002 ms
current Op is 399th:128:Raster
	computeIthOp, 577, cost time: 36.124001 ms
current Op is 400th:128:Raster
	computeIthOp, 577, cost time: 33.991001 ms
current Op is 401th:128:Raster
	computeIthOp, 577, cost time: 34.075001 ms
current Op is 402th:128:Raster
	computeIthOp, 577, cost time: 33.605003 ms
current Op is 403th:128:Raster
	computeIthOp, 577, cost time: 34.462002 ms
current Op is 404th:128:Raster
	computeIthOp, 577, cost time: 33.275002 ms
current Op is 405th:128:Raster
	computeIthOp, 577, cost time: 34.733002 ms
current Op is 406th:22:Eltwise
	computeIthOp, 577, cost time: 59.998001 ms
current Op is 407th:128:Raster
	computeIthOp, 577, cost time: 8.978001 ms
current Op is 408th:68:Reduction
	computeIthOp, 577, cost time: 3.177000 ms
current Op is 409th:128:Raster
	computeIthOp, 577, cost time: 0.247000 ms
current Op is 410th:68:Reduction
	computeIthOp, 577, cost time: 0.937000 ms
current Op is 411th:128:Raster
	computeIthOp, 577, cost time: 8.955001 ms
current Op is 412th:39:MatMul
	computeIthOp, 577, cost time: 143.566010 ms
current Op is 413th:128:Raster
	computeIthOp, 577, cost time: 8.997001 ms
current Op is 414th:68:Reduction
	computeIthOp, 577, cost time: 3.141000 ms
current Op is 415th:128:Raster
	computeIthOp, 577, cost time: 0.253000 ms
current Op is 416th:68:Reduction
	computeIthOp, 577, cost time: 0.925000 ms
current Op is 417th:128:Raster
	computeIthOp, 577, cost time: 8.966001 ms
current Op is 418th:39:MatMul
	computeIthOp, 577, cost time: 22.162001 ms
current Op is 419th:128:Raster
	computeIthOp, 577, cost time: 0.624000 ms
current Op is 420th:128:Raster
	computeIthOp, 577, cost time: 9.052000 ms
current Op is 421th:39:MatMul
	computeIthOp, 577, cost time: 108.939003 ms
current Op is 422th:128:Raster
	computeIthOp, 577, cost time: 9.123000 ms
current Op is 423th:68:Reduction
	computeIthOp, 577, cost time: 4.456000 ms
current Op is 424th:128:Raster
	computeIthOp, 577, cost time: 0.140000 ms
current Op is 425th:128:Raster
	computeIthOp, 577, cost time: 9.107000 ms
current Op is 426th:39:MatMul
	computeIthOp, 577, cost time: 26.174002 ms
current Op is 427th:128:Raster
	computeIthOp, 577, cost time: 0.871000 ms
current Op is 428th:68:Reduction
	computeIthOp, 577, cost time: 0.723000 ms
current Op is 429th:128:Raster
	computeIthOp, 577, cost time: 1.481000 ms
current Op is 430th:128:Raster
	computeIthOp, 577, cost time: 1.367000 ms
current Op is 431th:7:BinaryOp
	computeIthOp, 577, cost time: 1.152000 ms
current Op is 432th:128:Raster
	computeIthOp, 577, cost time: 1.613000 ms
current Op is 433th:68:Reduction
	computeIthOp, 577, cost time: 0.681000 ms
current Op is 434th:128:Raster
	computeIthOp, 577, cost time: 0.144000 ms
current Op is 435th:68:Reduction
	computeIthOp, 577, cost time: 0.311000 ms
current Op is 436th:128:Raster
	computeIthOp, 577, cost time: 1.766000 ms
current Op is 437th:39:MatMul
	computeIthOp, 577, cost time: 39.842003 ms
current Op is 438th:128:Raster
	computeIthOp, 577, cost time: 0.574000 ms
current Op is 439th:128:Raster
	computeIthOp, 577, cost time: 1.717000 ms
current Op is 440th:39:MatMul
	computeIthOp, 577, cost time: 26.549002 ms
current Op is 441th:128:Raster
	computeIthOp, 577, cost time: 3.263000 ms
current Op is 442th:68:Reduction
	computeIthOp, 577, cost time: 2.184000 ms
current Op is 443th:128:Raster
	computeIthOp, 577, cost time: 1.413000 ms
current Op is 444th:68:Reduction
	computeIthOp, 577, cost time: 1.356000 ms
current Op is 445th:128:Raster
	computeIthOp, 577, cost time: 0.190000 ms
current Op is 446th:68:Reduction
	computeIthOp, 577, cost time: 0.510000 ms
current Op is 447th:128:Raster
	computeIthOp, 577, cost time: 1.313000 ms
current Op is 448th:39:MatMul
	computeIthOp, 577, cost time: 50.845001 ms
current Op is 449th:128:Raster
	computeIthOp, 577, cost time: 1.395000 ms
current Op is 450th:68:Reduction
	computeIthOp, 577, cost time: 1.270000 ms
current Op is 451th:128:Raster
	computeIthOp, 577, cost time: 0.197000 ms
current Op is 452th:68:Reduction
	computeIthOp, 577, cost time: 0.505000 ms
current Op is 453th:128:Raster
	computeIthOp, 577, cost time: 1.421000 ms
current Op is 454th:39:MatMul
	computeIthOp, 577, cost time: 7.437000 ms
current Op is 455th:128:Raster
	computeIthOp, 577, cost time: 0.180000 ms
current Op is 456th:128:Raster
	computeIthOp, 577, cost time: 1.374000 ms
current Op is 457th:39:MatMul
	computeIthOp, 577, cost time: 40.227001 ms
current Op is 458th:128:Raster
	computeIthOp, 577, cost time: 4.477000 ms
current Op is 459th:68:Reduction
	computeIthOp, 577, cost time: 2.122000 ms
current Op is 460th:128:Raster
	computeIthOp, 577, cost time: 0.128000 ms
current Op is 461th:128:Raster
	computeIthOp, 577, cost time: 1.383000 ms
current Op is 462th:39:MatMul
	computeIthOp, 577, cost time: 12.396001 ms
current Op is 463th:128:Raster
	computeIthOp, 577, cost time: 0.994000 ms
current Op is 464th:68:Reduction
	computeIthOp, 577, cost time: 0.351000 ms
current Op is 465th:128:Raster
	computeIthOp, 577, cost time: 0.723000 ms
current Op is 466th:128:Raster
	computeIthOp, 577, cost time: 0.831000 ms
current Op is 467th:7:BinaryOp
	computeIthOp, 577, cost time: 0.518000 ms
current Op is 468th:128:Raster
	computeIthOp, 577, cost time: 0.796000 ms
current Op is 469th:68:Reduction
	computeIthOp, 577, cost time: 0.385000 ms
current Op is 470th:128:Raster
	computeIthOp, 577, cost time: 0.122000 ms
current Op is 471th:68:Reduction
	computeIthOp, 577, cost time: 0.214000 ms
current Op is 472th:128:Raster
	computeIthOp, 577, cost time: 0.902000 ms
current Op is 473th:39:MatMul
	computeIthOp, 577, cost time: 34.845001 ms
current Op is 474th:128:Raster
	computeIthOp, 577, cost time: 0.135000 ms
current Op is 475th:128:Raster
	computeIthOp, 577, cost time: 0.927000 ms
current Op is 476th:39:MatMul
	computeIthOp, 577, cost time: 24.157001 ms
current Op is 477th:128:Raster
	computeIthOp, 577, cost time: 3.027000 ms
current Op is 478th:68:Reduction
	computeIthOp, 577, cost time: 2.333000 ms
current Op is 479th:128:Raster
	computeIthOp, 577, cost time: 1.438000 ms
current Op is 480th:68:Reduction
	computeIthOp, 577, cost time: 1.346000 ms
current Op is 481th:128:Raster
	computeIthOp, 577, cost time: 0.183000 ms
current Op is 482th:68:Reduction
	computeIthOp, 577, cost time: 0.505000 ms
current Op is 483th:128:Raster
	computeIthOp, 577, cost time: 1.392000 ms
current Op is 484th:39:MatMul
	computeIthOp, 577, cost time: 50.991001 ms
current Op is 485th:128:Raster
	computeIthOp, 577, cost time: 1.898000 ms
current Op is 486th:68:Reduction
	computeIthOp, 577, cost time: 1.442000 ms
current Op is 487th:128:Raster
	computeIthOp, 577, cost time: 0.199000 ms
current Op is 488th:68:Reduction
	computeIthOp, 577, cost time: 0.512000 ms
current Op is 489th:128:Raster
	computeIthOp, 577, cost time: 1.444000 ms
current Op is 490th:39:MatMul
	computeIthOp, 577, cost time: 8.156000 ms
current Op is 491th:128:Raster
	computeIthOp, 577, cost time: 0.169000 ms
current Op is 492th:128:Raster
	computeIthOp, 577, cost time: 1.500000 ms
current Op is 493th:39:MatMul
	computeIthOp, 577, cost time: 41.543003 ms
current Op is 494th:128:Raster
	computeIthOp, 577, cost time: 4.196000 ms
current Op is 495th:68:Reduction
	computeIthOp, 577, cost time: 2.133000 ms
current Op is 496th:128:Raster
	computeIthOp, 577, cost time: 0.127000 ms
current Op is 497th:128:Raster
	computeIthOp, 577, cost time: 1.373000 ms
current Op is 498th:39:MatMul
	computeIthOp, 577, cost time: 12.268001 ms
current Op is 499th:128:Raster
	computeIthOp, 577, cost time: 0.921000 ms
current Op is 500th:68:Reduction
	computeIthOp, 577, cost time: 0.344000 ms
current Op is 501th:128:Raster
	computeIthOp, 577, cost time: 0.816000 ms
current Op is 502th:128:Raster
	computeIthOp, 577, cost time: 0.749000 ms
current Op is 503th:7:BinaryOp
	computeIthOp, 577, cost time: 0.510000 ms
current Op is 504th:128:Raster
	computeIthOp, 577, cost time: 0.791000 ms
current Op is 505th:68:Reduction
	computeIthOp, 577, cost time: 0.385000 ms
current Op is 506th:128:Raster
	computeIthOp, 577, cost time: 0.125000 ms
current Op is 507th:68:Reduction
	computeIthOp, 577, cost time: 0.242000 ms
current Op is 508th:128:Raster
	computeIthOp, 577, cost time: 0.791000 ms
current Op is 509th:39:MatMul
	computeIthOp, 577, cost time: 25.224001 ms
current Op is 510th:128:Raster
	computeIthOp, 577, cost time: 0.554000 ms
current Op is 511th:128:Raster
	computeIthOp, 577, cost time: 0.796000 ms
current Op is 512th:39:MatMul
	computeIthOp, 577, cost time: 17.545000 ms
current Op is 513th:128:Raster
	computeIthOp, 577, cost time: 2.374000 ms
current Op is 514th:68:Reduction
	computeIthOp, 577, cost time: 1.684000 ms
current Op is 515th:128:Raster
	computeIthOp, 577, cost time: 25.209002 ms
current Op is 516th:7:BinaryOp
	computeIthOp, 577, cost time: 26.808001 ms
current Op is 517th:9:Cast
	computeIthOp, 577, cost time: 22.148001 ms
current Op is 518th:128:Raster
	computeIthOp, 577, cost time: 5.448000 ms
current Op is 519th:7:BinaryOp
	computeIthOp, 577, cost time: 2.654000 ms
current Op is 520th:128:Raster
	computeIthOp, 577, cost time: 25.339001 ms
current Op is 521th:7:BinaryOp
	computeIthOp, 577, cost time: 26.304001 ms
current Op is 522th:9:Cast
	computeIthOp, 577, cost time: 22.656000 ms
current Op is 523th:7:BinaryOp
	computeIthOp, 577, cost time: 7.851000 ms
current Op is 524th:128:Raster
	computeIthOp, 577, cost time: 26.639002 ms
current Op is 525th:7:BinaryOp
	computeIthOp, 577, cost time: 26.548000 ms
current Op is 526th:9:Cast
	computeIthOp, 577, cost time: 22.360001 ms
current Op is 527th:7:BinaryOp
	computeIthOp, 577, cost time: 4.888000 ms
current Op is 528th:128:Raster
	computeIthOp, 577, cost time: 26.097002 ms
current Op is 529th:7:BinaryOp
	computeIthOp, 577, cost time: 26.177002 ms
current Op is 530th:9:Cast
	computeIthOp, 577, cost time: 22.288000 ms
current Op is 531th:7:BinaryOp
	computeIthOp, 577, cost time: 4.643000 ms
current Op is 532th:128:Raster
	computeIthOp, 577, cost time: 26.315001 ms
current Op is 533th:7:BinaryOp
	computeIthOp, 577, cost time: 27.132002 ms
current Op is 534th:9:Cast
	computeIthOp, 577, cost time: 22.696001 ms
current Op is 535th:7:BinaryOp
	computeIthOp, 577, cost time: 7.889000 ms
current Op is 536th:128:Raster
	computeIthOp, 577, cost time: 27.059002 ms
current Op is 537th:7:BinaryOp
	computeIthOp, 577, cost time: 26.379002 ms
current Op is 538th:9:Cast
	computeIthOp, 577, cost time: 22.509001 ms
current Op is 539th:7:BinaryOp
	computeIthOp, 577, cost time: 2.949000 ms
current Op is 540th:128:Raster
	computeIthOp, 577, cost time: 25.841002 ms
current Op is 541th:7:BinaryOp
	computeIthOp, 577, cost time: 26.330002 ms
current Op is 542th:9:Cast
	computeIthOp, 577, cost time: 22.362001 ms
current Op is 543th:7:BinaryOp
	computeIthOp, 577, cost time: 3.002000 ms
current Op is 544th:128:Raster
	computeIthOp, 577, cost time: 25.915001 ms
current Op is 545th:7:BinaryOp
	computeIthOp, 577, cost time: 26.370001 ms
current Op is 546th:9:Cast
	computeIthOp, 577, cost time: 22.873001 ms
current Op is 547th:7:BinaryOp
	computeIthOp, 577, cost time: 6.440001 ms
current Op is 548th:128:Raster
	computeIthOp, 577, cost time: 25.312000 ms
current Op is 549th:7:BinaryOp
	computeIthOp, 577, cost time: 25.889002 ms
current Op is 550th:9:Cast
	computeIthOp, 577, cost time: 22.861002 ms
current Op is 551th:7:BinaryOp
	computeIthOp, 577, cost time: 5.241000 ms
current Op is 552th:128:Raster
	computeIthOp, 577, cost time: 27.810001 ms
current Op is 553th:128:Raster
	computeIthOp, 577, cost time: 28.570002 ms
current Op is 554th:128:Raster
	computeIthOp, 577, cost time: 28.111002 ms
current Op is 555th:128:Raster
	computeIthOp, 577, cost time: 54.834003 ms
current Op is 556th:128:Raster
	computeIthOp, 577, cost time: 51.772003 ms
current Op is 557th:128:Raster
	computeIthOp, 577, cost time: 52.362003 ms
current Op is 558th:128:Raster
	computeIthOp, 577, cost time: 52.301003 ms
current Op is 559th:128:Raster
	computeIthOp, 577, cost time: 50.704002 ms
current Op is 560th:128:Raster
	computeIthOp, 577, cost time: 51.427002 ms
current Op is 561th:22:Eltwise
	computeIthOp, 577, cost time: 94.362007 ms
current Op is 562th:128:Raster
	computeIthOp, 577, cost time: 16.199001 ms
current Op is 563th:68:Reduction
	computeIthOp, 577, cost time: 12.193001 ms
current Op is 564th:128:Raster
	computeIthOp, 577, cost time: 0.587000 ms
current Op is 565th:68:Reduction
	computeIthOp, 577, cost time: 2.629000 ms
current Op is 566th:128:Raster
	computeIthOp, 577, cost time: 15.777000 ms
current Op is 567th:39:MatMul
	computeIthOp, 577, cost time: 318.577026 ms
current Op is 568th:128:Raster
	computeIthOp, 577, cost time: 0.132000 ms
current Op is 569th:128:Raster
	computeIthOp, 577, cost time: 0.106000 ms
current Op is 570th:128:Raster
	computeIthOp, 577, cost time: 0.092000 ms
current Op is 571th:128:Raster
	computeIthOp, 577, cost time: 0.366000 ms
current Op is 572th:128:Raster
	computeIthOp, 577, cost time: 0.090000 ms
current Op is 573th:128:Raster
	computeIthOp, 577, cost time: 0.117000 ms
current Op is 574th:128:Raster
	computeIthOp, 577, cost time: 0.091000 ms
current Op is 575th:128:Raster
	computeIthOp, 577, cost time: 0.124000 ms
current Op is 576th:128:Raster
	computeIthOp, 577, cost time: 0.091000 ms
current Op is 577th:128:Raster
	computeIthOp, 577, cost time: 0.430000 ms
current Op is 578th:128:Raster
	computeIthOp, 577, cost time: 0.094000 ms
current Op is 579th:128:Raster
	computeIthOp, 577, cost time: 0.105000 ms
current Op is 580th:128:Raster
	computeIthOp, 577, cost time: 0.087000 ms
current Op is 581th:128:Raster
	computeIthOp, 577, cost time: 0.131000 ms
current Op is 582th:128:Raster
	computeIthOp, 577, cost time: 0.089000 ms
current Op is 583th:128:Raster
	computeIthOp, 577, cost time: 0.202000 ms
current Op is 584th:128:Raster
	computeIthOp, 577, cost time: 0.110000 ms
current Op is 585th:128:Raster
	computeIthOp, 577, cost time: 0.109000 ms
current Op is 586th:128:Raster
	computeIthOp, 577, cost time: 0.087000 ms
current Op is 587th:128:Raster
	computeIthOp, 577, cost time: 0.102000 ms
current Op is 588th:128:Raster
	computeIthOp, 577, cost time: 0.087000 ms
current Op is 589th:128:Raster
	computeIthOp, 577, cost time: 0.184000 ms
current Op is 590th:128:Raster
	computeIthOp, 577, cost time: 0.087000 ms
current Op is 591th:128:Raster
	computeIthOp, 577, cost time: 0.097000 ms
current Op is 592th:128:Raster
	computeIthOp, 577, cost time: 0.085000 ms
current Op is 593th:128:Raster
	computeIthOp, 577, cost time: 0.101000 ms
current Op is 594th:128:Raster
	computeIthOp, 577, cost time: 0.092000 ms
current Op is 595th:128:Raster
	computeIthOp, 577, cost time: 0.132000 ms
current Op is 596th:128:Raster
	computeIthOp, 577, cost time: 0.088000 ms
current Op is 597th:128:Raster
	computeIthOp, 577, cost time: 0.112000 ms
current Op is 598th:128:Raster
	computeIthOp, 577, cost time: 0.087000 ms
current Op is 599th:128:Raster
	computeIthOp, 577, cost time: 0.108000 ms
current Op is 600th:128:Raster
	computeIthOp, 577, cost time: 0.086000 ms
current Op is 601th:128:Raster
	computeIthOp, 577, cost time: 0.131000 ms
current Op is 602th:128:Raster
	computeIthOp, 577, cost time: 0.085000 ms
current Op is 603th:128:Raster
	computeIthOp, 577, cost time: 0.092000 ms
current Op is 604th:128:Raster
	computeIthOp, 577, cost time: 0.083000 ms
current Op is 605th:128:Raster
	computeIthOp, 577, cost time: 0.090000 ms
current Op is 606th:128:Raster
	computeIthOp, 577, cost time: 0.085000 ms
current Op is 607th:128:Raster
	computeIthOp, 577, cost time: 0.096000 ms
current Op is 608th:128:Raster
	computeIthOp, 577, cost time: 0.119000 ms
current Op is 609th:128:Raster
	computeIthOp, 577, cost time: 0.089000 ms
current Op is 610th:128:Raster
	computeIthOp, 577, cost time: 0.083000 ms
current Op is 611th:128:Raster
	computeIthOp, 577, cost time: 0.091000 ms
current Op is 612th:128:Raster
	computeIthOp, 577, cost time: 0.098000 ms
current Op is 613th:128:Raster
	computeIthOp, 577, cost time: 0.096000 ms
current Op is 614th:128:Raster
	computeIthOp, 577, cost time: 0.084000 ms
current Op is 615th:128:Raster
	computeIthOp, 577, cost time: 0.088000 ms
current Op is 616th:128:Raster
	computeIthOp, 577, cost time: 0.102000 ms
current Op is 617th:128:Raster
	computeIthOp, 577, cost time: 0.129000 ms
current Op is 618th:128:Raster
	computeIthOp, 577, cost time: 0.088000 ms
current Op is 619th:128:Raster
	computeIthOp, 577, cost time: 0.119000 ms
SGD.cpp:onGetNextParameter: finish read-map & start replace
SGD.cpp:onGetNextParameter: finish replace & start compute update value
current Op is 0th:7:BinaryOp
	computeIthOp, 577, cost time: 0.282000 ms
current Op is 1th:7:BinaryOp
	computeIthOp, 577, cost time: 0.074000 ms
current Op is 0th:7:BinaryOp
	computeIthOp, 577, cost time: 0.286000 ms
current Op is 1th:7:BinaryOp
	computeIthOp, 577, cost time: 0.066000 ms
current Op is 2th:7:BinaryOp
	computeIthOp, 577, cost time: 0.071000 ms
current Op is 0th:7:BinaryOp
	computeIthOp, 577, cost time: 0.296000 ms
current Op is 1th:7:BinaryOp
	computeIthOp, 577, cost time: 0.063000 ms
current Op is 0th:7:BinaryOp
	computeIthOp, 577, cost time: 0.293000 ms
current Op is 1th:7:BinaryOp
	computeIthOp, 577, cost time: 0.062000 ms
current Op is 2th:7:BinaryOp
	computeIthOp, 577, cost time: 0.065000 ms
current Op is 0th:7:BinaryOp
	computeIthOp, 577, cost time: 0.066000 ms
current Op is 1th:7:BinaryOp
	computeIthOp, 577, cost time: 0.068000 ms
current Op is 0th:7:BinaryOp
	computeIthOp, 577, cost time: 0.065000 ms
current Op is 1th:7:BinaryOp
	computeIthOp, 577, cost time: 0.064000 ms
current Op is 2th:7:BinaryOp
	computeIthOp, 577, cost time: 0.068000 ms
current Op is 0th:7:BinaryOp
	computeIthOp, 577, cost time: 0.064000 ms
current Op is 1th:7:BinaryOp
	computeIthOp, 577, cost time: 0.177000 ms
current Op is 0th:7:BinaryOp
	computeIthOp, 577, cost time: 0.257000 ms
current Op is 1th:7:BinaryOp
	computeIthOp, 577, cost time: 0.061000 ms
current Op is 2th:7:BinaryOp
	computeIthOp, 577, cost time: 0.063000 ms
current Op is 0th:7:BinaryOp
	computeIthOp, 577, cost time: 0.113000 ms
current Op is 1th:7:BinaryOp
	computeIthOp, 577, cost time: 0.100000 ms
current Op is 0th:7:BinaryOp
	computeIthOp, 577, cost time: 0.084000 ms
current Op is 1th:7:BinaryOp
	computeIthOp, 577, cost time: 0.518000 ms
current Op is 2th:7:BinaryOp
	computeIthOp, 577, cost time: 0.113000 ms
current Op is 0th:7:BinaryOp
	computeIthOp, 577, cost time: 0.279000 ms
current Op is 1th:7:BinaryOp
	computeIthOp, 577, cost time: 0.064000 ms
current Op is 0th:7:BinaryOp
	computeIthOp, 577, cost time: 0.369000 ms
current Op is 1th:7:BinaryOp
	computeIthOp, 577, cost time: 0.067000 ms
current Op is 2th:7:BinaryOp
	computeIthOp, 577, cost time: 0.065000 ms
current Op is 0th:7:BinaryOp
	computeIthOp, 577, cost time: 0.285000 ms
current Op is 1th:7:BinaryOp
	computeIthOp, 577, cost time: 0.074000 ms
current Op is 0th:7:BinaryOp
	computeIthOp, 577, cost time: 0.069000 ms
current Op is 1th:7:BinaryOp
	computeIthOp, 577, cost time: 0.069000 ms
current Op is 2th:7:BinaryOp
	computeIthOp, 577, cost time: 0.074000 ms
current Op is 0th:7:BinaryOp
	computeIthOp, 577, cost time: 0.065000 ms
current Op is 1th:7:BinaryOp
	computeIthOp, 577, cost time: 0.063000 ms
current Op is 0th:7:BinaryOp
	computeIthOp, 577, cost time: 0.064000 ms
current Op is 1th:7:BinaryOp
	computeIthOp, 577, cost time: 0.156000 ms
current Op is 2th:7:BinaryOp
	computeIthOp, 577, cost time: 0.056000 ms
current Op is 0th:7:BinaryOp
	computeIthOp, 577, cost time: 0.289000 ms
current Op is 1th:7:BinaryOp
	computeIthOp, 577, cost time: 0.072000 ms
current Op is 0th:7:BinaryOp
	computeIthOp, 577, cost time: 0.325000 ms
current Op is 1th:7:BinaryOp
	computeIthOp, 577, cost time: 0.064000 ms
current Op is 2th:7:BinaryOp
	computeIthOp, 577, cost time: 0.070000 ms
current Op is 0th:7:BinaryOp
	computeIthOp, 577, cost time: 0.332000 ms
current Op is 1th:7:BinaryOp
	computeIthOp, 577, cost time: 0.064000 ms
current Op is 0th:7:BinaryOp
	computeIthOp, 577, cost time: 0.066000 ms
current Op is 1th:7:BinaryOp
	computeIthOp, 577, cost time: 0.062000 ms
current Op is 2th:7:BinaryOp
	computeIthOp, 577, cost time: 0.067000 ms
current Op is 0th:7:BinaryOp
	computeIthOp, 577, cost time: 0.106000 ms
current Op is 1th:7:BinaryOp
	computeIthOp, 577, cost time: 0.140000 ms
current Op is 0th:7:BinaryOp
	computeIthOp, 577, cost time: 0.103000 ms
current Op is 1th:7:BinaryOp
	computeIthOp, 577, cost time: 0.100000 ms
current Op is 2th:7:BinaryOp
	computeIthOp, 577, cost time: 0.124000 ms
current Op is 0th:7:BinaryOp
	computeIthOp, 577, cost time: 0.356000 ms
current Op is 1th:7:BinaryOp
	computeIthOp, 577, cost time: 0.064000 ms
current Op is 0th:7:BinaryOp
	computeIthOp, 577, cost time: 0.333000 ms
current Op is 1th:7:BinaryOp
	computeIthOp, 577, cost time: 0.070000 ms
current Op is 2th:7:BinaryOp
	computeIthOp, 577, cost time: 0.064000 ms
current Op is 0th:7:BinaryOp
	computeIthOp, 577, cost time: 0.323000 ms
current Op is 1th:7:BinaryOp
	computeIthOp, 577, cost time: 0.081000 ms
current Op is 0th:7:BinaryOp
	computeIthOp, 577, cost time: 0.071000 ms
current Op is 1th:7:BinaryOp
	computeIthOp, 577, cost time: 0.070000 ms
current Op is 2th:7:BinaryOp
	computeIthOp, 577, cost time: 0.077000 ms
current Op is 0th:7:BinaryOp
	computeIthOp, 577, cost time: 0.065000 ms
current Op is 1th:7:BinaryOp
	computeIthOp, 577, cost time: 0.063000 ms
current Op is 0th:7:BinaryOp
	computeIthOp, 577, cost time: 0.063000 ms
current Op is 1th:7:BinaryOp
	computeIthOp, 577, cost time: 0.064000 ms
current Op is 2th:7:BinaryOp
	computeIthOp, 577, cost time: 0.065000 ms
current Op is 0th:7:BinaryOp
	computeIthOp, 577, cost time: 0.304000 ms
current Op is 1th:7:BinaryOp
	computeIthOp, 577, cost time: 0.095000 ms
current Op is 0th:7:BinaryOp
	computeIthOp, 577, cost time: 0.331000 ms
current Op is 1th:7:BinaryOp
	computeIthOp, 577, cost time: 0.067000 ms
current Op is 2th:7:BinaryOp
	computeIthOp, 577, cost time: 0.072000 ms
current Op is 0th:7:BinaryOp
	computeIthOp, 577, cost time: 0.333000 ms
current Op is 1th:7:BinaryOp
	computeIthOp, 577, cost time: 0.063000 ms
current Op is 0th:7:BinaryOp
	computeIthOp, 577, cost time: 0.066000 ms
current Op is 1th:7:BinaryOp
	computeIthOp, 577, cost time: 0.062000 ms
current Op is 2th:7:BinaryOp
	computeIthOp, 577, cost time: 0.064000 ms
current Op is 0th:7:BinaryOp
	computeIthOp, 577, cost time: 0.119000 ms
current Op is 1th:7:BinaryOp
	computeIthOp, 577, cost time: 0.159000 ms
current Op is 0th:7:BinaryOp
	computeIthOp, 577, cost time: 0.119000 ms
current Op is 1th:7:BinaryOp
	computeIthOp, 577, cost time: 0.124000 ms
current Op is 2th:7:BinaryOp
	computeIthOp, 577, cost time: 0.150000 ms
current Op is 0th:7:BinaryOp
	computeIthOp, 577, cost time: 0.340000 ms
current Op is 1th:7:BinaryOp
	computeIthOp, 577, cost time: 0.065000 ms
current Op is 0th:7:BinaryOp
	computeIthOp, 577, cost time: 0.330000 ms
current Op is 1th:7:BinaryOp
	computeIthOp, 577, cost time: 0.061000 ms
current Op is 2th:7:BinaryOp
	computeIthOp, 577, cost time: 0.064000 ms
current Op is 0th:7:BinaryOp
	computeIthOp, 577, cost time: 0.331000 ms
current Op is 1th:128:Raster
	computeIthOp, 577, cost time: 0.089000 ms
current Op is 2th:7:BinaryOp
	computeIthOp, 577, cost time: 0.072000 ms
current Op is 0th:7:BinaryOp
	computeIthOp, 577, cost time: 0.071000 ms
current Op is 1th:7:BinaryOp
	computeIthOp, 577, cost time: 0.063000 ms
current Op is 2th:128:Raster
	computeIthOp, 577, cost time: 0.079000 ms
current Op is 3th:7:BinaryOp
	computeIthOp, 577, cost time: 0.070000 ms
current Op is 0th:7:BinaryOp
	computeIthOp, 577, cost time: 0.064000 ms
current Op is 1th:7:BinaryOp
	computeIthOp, 577, cost time: 0.062000 ms
current Op is 0th:7:BinaryOp
	computeIthOp, 577, cost time: 0.065000 ms
current Op is 1th:7:BinaryOp
	computeIthOp, 577, cost time: 0.061000 ms
current Op is 2th:7:BinaryOp
	computeIthOp, 577, cost time: 0.064000 ms
current Op is 0th:7:BinaryOp
	computeIthOp, 577, cost time: 0.351000 ms
current Op is 1th:7:BinaryOp
	computeIthOp, 577, cost time: 0.067000 ms
current Op is 0th:7:BinaryOp
	computeIthOp, 577, cost time: 0.334000 ms
current Op is 1th:7:BinaryOp
	computeIthOp, 577, cost time: 0.064000 ms
current Op is 2th:7:BinaryOp
	computeIthOp, 577, cost time: 0.066000 ms
current Op is 0th:7:BinaryOp
	computeIthOp, 577, cost time: 0.359000 ms
current Op is 1th:7:BinaryOp
	computeIthOp, 577, cost time: 0.065000 ms
current Op is 0th:7:BinaryOp
	computeIthOp, 577, cost time: 0.065000 ms
current Op is 1th:7:BinaryOp
	computeIthOp, 577, cost time: 0.062000 ms
current Op is 2th:7:BinaryOp
	computeIthOp, 577, cost time: 0.127000 ms
current Op is 0th:7:BinaryOp
	computeIthOp, 577, cost time: 0.065000 ms
current Op is 1th:7:BinaryOp
	computeIthOp, 577, cost time: 0.064000 ms
current Op is 0th:7:BinaryOp
	computeIthOp, 577, cost time: 0.065000 ms
current Op is 1th:7:BinaryOp
	computeIthOp, 577, cost time: 0.063000 ms
current Op is 2th:7:BinaryOp
	computeIthOp, 577, cost time: 0.066000 ms
current Op is 0th:7:BinaryOp
	computeIthOp, 577, cost time: 0.358000 ms
current Op is 1th:7:BinaryOp
	computeIthOp, 577, cost time: 0.063000 ms
current Op is 0th:7:BinaryOp
	computeIthOp, 577, cost time: 0.402000 ms
current Op is 1th:7:BinaryOp
	computeIthOp, 577, cost time: 0.062000 ms
current Op is 2th:7:BinaryOp
	computeIthOp, 577, cost time: 0.064000 ms
current Op is 0th:7:BinaryOp
	computeIthOp, 577, cost time: 0.384000 ms
current Op is 1th:7:BinaryOp
	computeIthOp, 577, cost time: 0.065000 ms
current Op is 0th:7:BinaryOp
	computeIthOp, 577, cost time: 0.064000 ms
current Op is 1th:7:BinaryOp
	computeIthOp, 577, cost time: 0.060000 ms
current Op is 2th:7:BinaryOp
	computeIthOp, 577, cost time: 0.063000 ms
current Op is 0th:7:BinaryOp
	computeIthOp, 577, cost time: 0.064000 ms
current Op is 1th:7:BinaryOp
	computeIthOp, 577, cost time: 0.063000 ms
current Op is 0th:7:BinaryOp
	computeIthOp, 577, cost time: 0.064000 ms
current Op is 1th:7:BinaryOp
	computeIthOp, 577, cost time: 0.104000 ms
current Op is 2th:7:BinaryOp
	computeIthOp, 577, cost time: 0.065000 ms
current Op is 0th:7:BinaryOp
	computeIthOp, 577, cost time: 0.400000 ms
current Op is 1th:7:BinaryOp
	computeIthOp, 577, cost time: 0.068000 ms
current Op is 0th:7:BinaryOp
	computeIthOp, 577, cost time: 0.386000 ms
current Op is 1th:7:BinaryOp
	computeIthOp, 577, cost time: 0.066000 ms
current Op is 2th:7:BinaryOp
	computeIthOp, 577, cost time: 0.070000 ms
current Op is 0th:7:BinaryOp
	computeIthOp, 577, cost time: 0.423000 ms
current Op is 1th:7:BinaryOp
	computeIthOp, 577, cost time: 0.063000 ms
current Op is 0th:7:BinaryOp
	computeIthOp, 577, cost time: 0.065000 ms
current Op is 1th:7:BinaryOp
	computeIthOp, 577, cost time: 0.062000 ms
current Op is 2th:7:BinaryOp
	computeIthOp, 577, cost time: 0.064000 ms
current Op is 0th:7:BinaryOp
	computeIthOp, 577, cost time: 0.065000 ms
current Op is 1th:7:BinaryOp
	computeIthOp, 577, cost time: 0.132000 ms
current Op is 0th:7:BinaryOp
	computeIthOp, 577, cost time: 0.063000 ms
current Op is 1th:7:BinaryOp
	computeIthOp, 577, cost time: 0.064000 ms
current Op is 2th:7:BinaryOp
	computeIthOp, 577, cost time: 0.065000 ms
current Op is 0th:7:BinaryOp
	computeIthOp, 577, cost time: 0.369000 ms
current Op is 1th:7:BinaryOp
	computeIthOp, 577, cost time: 0.064000 ms
current Op is 0th:7:BinaryOp
	computeIthOp, 577, cost time: 0.379000 ms
current Op is 1th:7:BinaryOp
	computeIthOp, 577, cost time: 0.060000 ms
current Op is 2th:7:BinaryOp
	computeIthOp, 577, cost time: 0.065000 ms
current Op is 0th:7:BinaryOp
	computeIthOp, 577, cost time: 0.389000 ms
current Op is 1th:7:BinaryOp
	computeIthOp, 577, cost time: 0.064000 ms
current Op is 0th:7:BinaryOp
	computeIthOp, 577, cost time: 0.064000 ms
current Op is 1th:7:BinaryOp
	computeIthOp, 577, cost time: 0.063000 ms
current Op is 2th:7:BinaryOp
	computeIthOp, 577, cost time: 0.066000 ms
current Op is 0th:7:BinaryOp
	computeIthOp, 577, cost time: 0.064000 ms
current Op is 1th:7:BinaryOp
	computeIthOp, 577, cost time: 0.062000 ms
current Op is 0th:7:BinaryOp
	computeIthOp, 577, cost time: 0.063000 ms
current Op is 1th:7:BinaryOp
	computeIthOp, 577, cost time: 0.061000 ms
current Op is 2th:7:BinaryOp
	computeIthOp, 577, cost time: 0.064000 ms
current Op is 0th:7:BinaryOp
	computeIthOp, 577, cost time: 0.353000 ms
current Op is 1th:7:BinaryOp
	computeIthOp, 577, cost time: 0.070000 ms
current Op is 0th:7:BinaryOp
	computeIthOp, 577, cost time: 0.690000 ms
current Op is 1th:7:BinaryOp
	computeIthOp, 577, cost time: 0.124000 ms
current Op is 2th:7:BinaryOp
	computeIthOp, 577, cost time: 0.126000 ms
current Op is 0th:7:BinaryOp
	computeIthOp, 577, cost time: 0.971000 ms
current Op is 1th:7:BinaryOp
	computeIthOp, 577, cost time: 0.072000 ms
current Op is 0th:7:BinaryOp
	computeIthOp, 577, cost time: 0.133000 ms
current Op is 1th:7:BinaryOp
	computeIthOp, 577, cost time: 0.061000 ms
current Op is 2th:7:BinaryOp
	computeIthOp, 577, cost time: 0.064000 ms
current Op is 0th:7:BinaryOp
	computeIthOp, 577, cost time: 0.067000 ms
current Op is 1th:7:BinaryOp
	computeIthOp, 577, cost time: 0.067000 ms
current Op is 0th:7:BinaryOp
	computeIthOp, 577, cost time: 0.066000 ms
current Op is 1th:7:BinaryOp
	computeIthOp, 577, cost time: 0.088000 ms
current Op is 2th:7:BinaryOp
	computeIthOp, 577, cost time: 0.068000 ms
current Op is 0th:7:BinaryOp
	computeIthOp, 577, cost time: 0.348000 ms
current Op is 1th:7:BinaryOp
	computeIthOp, 577, cost time: 0.063000 ms
current Op is 0th:7:BinaryOp
	computeIthOp, 577, cost time: 0.397000 ms
current Op is 1th:7:BinaryOp
	computeIthOp, 577, cost time: 0.061000 ms
current Op is 2th:7:BinaryOp
	computeIthOp, 577, cost time: 0.065000 ms
current Op is 0th:7:BinaryOp
	computeIthOp, 577, cost time: 0.400000 ms
current Op is 1th:7:BinaryOp
	computeIthOp, 577, cost time: 0.066000 ms
current Op is 0th:7:BinaryOp
	computeIthOp, 577, cost time: 0.068000 ms
current Op is 1th:7:BinaryOp
	computeIthOp, 577, cost time: 0.064000 ms
current Op is 2th:7:BinaryOp
	computeIthOp, 577, cost time: 0.065000 ms
current Op is 0th:7:BinaryOp
	computeIthOp, 577, cost time: 0.065000 ms
current Op is 1th:7:BinaryOp
	computeIthOp, 577, cost time: 0.064000 ms
current Op is 0th:7:BinaryOp
	computeIthOp, 577, cost time: 0.065000 ms
current Op is 1th:7:BinaryOp
	computeIthOp, 577, cost time: 0.061000 ms
current Op is 2th:7:BinaryOp
	computeIthOp, 577, cost time: 0.064000 ms
current Op is 0th:7:BinaryOp
	computeIthOp, 577, cost time: 0.396000 ms
current Op is 1th:7:BinaryOp
	computeIthOp, 577, cost time: 0.085000 ms
current Op is 0th:7:BinaryOp
	computeIthOp, 577, cost time: 0.401000 ms
current Op is 1th:7:BinaryOp
	computeIthOp, 577, cost time: 0.110000 ms
current Op is 2th:7:BinaryOp
	computeIthOp, 577, cost time: 0.081000 ms
current Op is 0th:7:BinaryOp
	computeIthOp, 577, cost time: 0.412000 ms
current Op is 1th:7:BinaryOp
	computeIthOp, 577, cost time: 0.066000 ms
current Op is 0th:7:BinaryOp
	computeIthOp, 577, cost time: 0.070000 ms
current Op is 1th:7:BinaryOp
	computeIthOp, 577, cost time: 0.181000 ms
current Op is 2th:7:BinaryOp
	computeIthOp, 577, cost time: 0.101000 ms
current Op is 0th:7:BinaryOp
	computeIthOp, 577, cost time: 0.220000 ms
current Op is 1th:7:BinaryOp
	computeIthOp, 577, cost time: 0.111000 ms
current Op is 0th:7:BinaryOp
	computeIthOp, 577, cost time: 0.231000 ms
current Op is 1th:7:BinaryOp
	computeIthOp, 577, cost time: 0.103000 ms
current Op is 2th:7:BinaryOp
	computeIthOp, 577, cost time: 0.115000 ms
current Op is 0th:7:BinaryOp
	computeIthOp, 577, cost time: 0.822000 ms
current Op is 1th:7:BinaryOp
	computeIthOp, 577, cost time: 0.103000 ms
current Op is 0th:7:BinaryOp
	computeIthOp, 577, cost time: 0.801000 ms
current Op is 1th:7:BinaryOp
	computeIthOp, 577, cost time: 0.099000 ms
current Op is 2th:7:BinaryOp
	computeIthOp, 577, cost time: 0.173000 ms
current Op is 0th:7:BinaryOp
	computeIthOp, 577, cost time: 0.580000 ms
current Op is 1th:7:BinaryOp
	computeIthOp, 577, cost time: 0.089000 ms
current Op is 0th:7:BinaryOp
	computeIthOp, 577, cost time: 0.338000 ms
current Op is 1th:7:BinaryOp
	computeIthOp, 577, cost time: 0.065000 ms
current Op is 2th:7:BinaryOp
	computeIthOp, 577, cost time: 0.070000 ms
current Op is 0th:7:BinaryOp
	computeIthOp, 577, cost time: 0.381000 ms
current Op is 1th:7:BinaryOp
	computeIthOp, 577, cost time: 0.065000 ms
current Op is 0th:7:BinaryOp
	computeIthOp, 577, cost time: 0.389000 ms
current Op is 1th:7:BinaryOp
	computeIthOp, 577, cost time: 0.137000 ms
current Op is 2th:7:BinaryOp
	computeIthOp, 577, cost time: 0.066000 ms
current Op is 0th:7:BinaryOp
	computeIthOp, 577, cost time: 0.084000 ms
current Op is 1th:7:BinaryOp
	computeIthOp, 577, cost time: 0.089000 ms
current Op is 0th:7:BinaryOp
	computeIthOp, 577, cost time: 0.082000 ms
current Op is 1th:7:BinaryOp
	computeIthOp, 577, cost time: 0.078000 ms
current Op is 2th:7:BinaryOp
	computeIthOp, 577, cost time: 0.085000 ms
current Op is 0th:7:BinaryOp
	computeIthOp, 577, cost time: 0.075000 ms
current Op is 1th:7:BinaryOp
	computeIthOp, 577, cost time: 0.277000 ms
current Op is 0th:7:BinaryOp
	computeIthOp, 577, cost time: 0.287000 ms
current Op is 1th:7:BinaryOp
	computeIthOp, 577, cost time: 0.079000 ms
current Op is 2th:7:BinaryOp
	computeIthOp, 577, cost time: 0.089000 ms
current Op is 0th:7:BinaryOp
	computeIthOp, 577, cost time: 0.084000 ms
current Op is 1th:7:BinaryOp
	computeIthOp, 577, cost time: 0.087000 ms
current Op is 0th:7:BinaryOp
	computeIthOp, 577, cost time: 0.084000 ms
current Op is 1th:7:BinaryOp
	computeIthOp, 577, cost time: 0.083000 ms
current Op is 2th:7:BinaryOp
	computeIthOp, 577, cost time: 0.110000 ms
current Op is 0th:7:BinaryOp
	computeIthOp, 577, cost time: 0.275000 ms
current Op is 1th:7:BinaryOp
	computeIthOp, 577, cost time: 0.081000 ms
current Op is 0th:7:BinaryOp
	computeIthOp, 577, cost time: 0.405000 ms
current Op is 1th:7:BinaryOp
	computeIthOp, 577, cost time: 0.062000 ms
current Op is 2th:7:BinaryOp
	computeIthOp, 577, cost time: 0.201000 ms
current Op is 0th:7:BinaryOp
	computeIthOp, 577, cost time: 0.429000 ms
current Op is 1th:7:BinaryOp
	computeIthOp, 577, cost time: 0.073000 ms
current Op is 0th:7:BinaryOp
	computeIthOp, 577, cost time: 0.070000 ms
current Op is 1th:7:BinaryOp
	computeIthOp, 577, cost time: 0.067000 ms
current Op is 2th:7:BinaryOp
	computeIthOp, 577, cost time: 0.070000 ms
current Op is 0th:7:BinaryOp
	computeIthOp, 577, cost time: 0.068000 ms
current Op is 1th:7:BinaryOp
	computeIthOp, 577, cost time: 0.064000 ms
current Op is 0th:7:BinaryOp
	computeIthOp, 577, cost time: 0.064000 ms
current Op is 1th:7:BinaryOp
	computeIthOp, 577, cost time: 0.061000 ms
current Op is 2th:7:BinaryOp
	computeIthOp, 577, cost time: 0.063000 ms
current Op is 0th:7:BinaryOp
	computeIthOp, 577, cost time: 0.679000 ms
current Op is 1th:7:BinaryOp
	computeIthOp, 577, cost time: 0.118000 ms
current Op is 0th:7:BinaryOp
	computeIthOp, 577, cost time: 0.682000 ms
current Op is 1th:7:BinaryOp
	computeIthOp, 577, cost time: 0.093000 ms
current Op is 2th:7:BinaryOp
	computeIthOp, 577, cost time: 0.109000 ms
current Op is 0th:7:BinaryOp
	computeIthOp, 577, cost time: 0.475000 ms
current Op is 1th:7:BinaryOp
	computeIthOp, 577, cost time: 0.064000 ms
current Op is 0th:7:BinaryOp
	computeIthOp, 577, cost time: 0.067000 ms
current Op is 1th:7:BinaryOp
	computeIthOp, 577, cost time: 0.061000 ms
current Op is 2th:7:BinaryOp
	computeIthOp, 577, cost time: 0.064000 ms
SGD.cpp: finish func onGetNextParameter
current Op is 0th:7:BinaryOp
	computeIthOp, 577, cost time: 0.092000 ms
current Op is 0th:7:BinaryOp
	computeIthOp, 577, cost time: 0.168000 ms
current Op is 0th:7:BinaryOp
	computeIthOp, 577, cost time: 0.122000 ms
current Op is 0th:7:BinaryOp
	computeIthOp, 577, cost time: 0.112000 ms
current Op is 0th:7:BinaryOp
	computeIthOp, 577, cost time: 0.255000 ms
current Op is 0th:7:BinaryOp
	computeIthOp, 577, cost time: 0.123000 ms
current Op is 0th:7:BinaryOp
	computeIthOp, 577, cost time: 0.128000 ms
current Op is 0th:7:BinaryOp
	computeIthOp, 577, cost time: 0.106000 ms
current Op is 0th:7:BinaryOp
	computeIthOp, 577, cost time: 0.127000 ms
current Op is 0th:7:BinaryOp
	computeIthOp, 577, cost time: 0.119000 ms
current Op is 0th:7:BinaryOp
	computeIthOp, 577, cost time: 0.356000 ms
current Op is 0th:7:BinaryOp
	computeIthOp, 577, cost time: 0.139000 ms
current Op is 0th:7:BinaryOp
	computeIthOp, 577, cost time: 0.136000 ms
current Op is 0th:7:BinaryOp
	computeIthOp, 577, cost time: 0.099000 ms
current Op is 0th:7:BinaryOp
	computeIthOp, 577, cost time: 0.180000 ms
current Op is 0th:7:BinaryOp
	computeIthOp, 577, cost time: 0.067000 ms
current Op is 0th:7:BinaryOp
	computeIthOp, 577, cost time: 0.222000 ms
current Op is 0th:7:BinaryOp
	computeIthOp, 577, cost time: 0.072000 ms
current Op is 0th:128:Raster
	computeIthOp, 577, cost time: 0.088000 ms
current Op is 1th:7:BinaryOp
	computeIthOp, 577, cost time: 0.077000 ms
current Op is 0th:7:BinaryOp
	computeIthOp, 577, cost time: 0.064000 ms
current Op is 0th:7:BinaryOp
	computeIthOp, 577, cost time: 0.068000 ms
current Op is 0th:7:BinaryOp
	computeIthOp, 577, cost time: 0.091000 ms
current Op is 0th:7:BinaryOp
	computeIthOp, 577, cost time: 0.065000 ms
current Op is 0th:7:BinaryOp
	computeIthOp, 577, cost time: 0.063000 ms
current Op is 0th:7:BinaryOp
	computeIthOp, 577, cost time: 0.064000 ms
current Op is 0th:7:BinaryOp
	computeIthOp, 577, cost time: 0.063000 ms
current Op is 0th:7:BinaryOp
	computeIthOp, 577, cost time: 0.770000 ms
current Op is 0th:7:BinaryOp
	computeIthOp, 577, cost time: 0.090000 ms
current Op is 0th:7:BinaryOp
	computeIthOp, 577, cost time: 0.066000 ms
current Op is 0th:7:BinaryOp
	computeIthOp, 577, cost time: 0.063000 ms
current Op is 0th:7:BinaryOp
	computeIthOp, 577, cost time: 0.065000 ms
current Op is 0th:7:BinaryOp
	computeIthOp, 577, cost time: 0.063000 ms
current Op is 0th:7:BinaryOp
	computeIthOp, 577, cost time: 0.070000 ms
current Op is 0th:7:BinaryOp
	computeIthOp, 577, cost time: 0.064000 ms
current Op is 0th:7:BinaryOp
	computeIthOp, 577, cost time: 0.067000 ms
current Op is 0th:7:BinaryOp
	computeIthOp, 577, cost time: 0.064000 ms
current Op is 0th:7:BinaryOp
	computeIthOp, 577, cost time: 0.068000 ms
current Op is 0th:7:BinaryOp
	computeIthOp, 577, cost time: 0.065000 ms
current Op is 0th:7:BinaryOp
	computeIthOp, 577, cost time: 0.102000 ms
current Op is 0th:7:BinaryOp
	computeIthOp, 577, cost time: 0.159000 ms
current Op is 0th:7:BinaryOp
	computeIthOp, 577, cost time: 0.082000 ms
current Op is 0th:7:BinaryOp
	computeIthOp, 577, cost time: 0.085000 ms
current Op is 0th:7:BinaryOp
	computeIthOp, 577, cost time: 0.075000 ms
current Op is 0th:7:BinaryOp
	computeIthOp, 577, cost time: 0.071000 ms
current Op is 0th:7:BinaryOp
	computeIthOp, 577, cost time: 0.107000 ms
current Op is 0th:7:BinaryOp
	computeIthOp, 577, cost time: 0.072000 ms
current Op is 0th:7:BinaryOp
	computeIthOp, 577, cost time: 0.082000 ms
current Op is 0th:7:BinaryOp
	computeIthOp, 577, cost time: 0.070000 ms
current Op is 0th:7:BinaryOp
	computeIthOp, 577, cost time: 0.078000 ms
current Op is 0th:7:BinaryOp
	computeIthOp, 577, cost time: 0.070000 ms
current Op is 0th:7:BinaryOp
	computeIthOp, 577, cost time: 0.155000 ms
current Op is 0th:7:BinaryOp
	computeIthOp, 577, cost time: 0.071000 ms
train, 137, cost time: 6967.789551 ms
train, 125, cost time: 7337.796387 ms
