Error to find creator of 9, set CPU default
begin an iteration 0
call step in MicroSGD, mMicroStep = 1, mStep = 0
don't need to use the micro-batch tech, call father's step directly
SGD.cpp:onGetNextParameter: finish compute grad graph
SGD.cpp:onGetNextParameter: finish prepare compute & start read-map
current Op is 0th:128:Raster
	computeIthOp, 577, cost time: 2.024000 ms
current Op is 1th:128:Raster
	computeIthOp, 577, cost time: 3.279000 ms
current Op is 2th:128:Raster
	computeIthOp, 577, cost time: 49.976002 ms
current Op is 3th:128:Raster
	computeIthOp, 577, cost time: 0.116000 ms
current Op is 4th:39:MatMul
	computeIthOp, 577, cost time: 44.830002 ms
current Op is 5th:128:Raster
	computeIthOp, 577, cost time: 7.778000 ms
current Op is 6th:47:Pooling
	computeIthOp, 577, cost time: 52.274002 ms
current Op is 7th:128:Raster
	computeIthOp, 577, cost time: 1.087000 ms
current Op is 8th:128:Raster
	computeIthOp, 577, cost time: 0.102000 ms
current Op is 9th:39:MatMul
	computeIthOp, 577, cost time: 1.787000 ms
current Op is 10th:128:Raster
	computeIthOp, 577, cost time: 0.283000 ms
current Op is 11th:128:Raster
	computeIthOp, 577, cost time: 0.178000 ms
current Op is 12th:128:Raster
	computeIthOp, 577, cost time: 0.071000 ms
current Op is 13th:39:MatMul
	computeIthOp, 577, cost time: 2.428000 ms
current Op is 14th:128:Raster
	computeIthOp, 577, cost time: 0.994000 ms
current Op is 15th:128:Raster
	computeIthOp, 577, cost time: 0.105000 ms
current Op is 16th:39:MatMul
	computeIthOp, 577, cost time: 6.239000 ms
current Op is 17th:128:Raster
	computeIthOp, 577, cost time: 2.117000 ms
current Op is 18th:128:Raster
	computeIthOp, 577, cost time: 1.354000 ms
current Op is 19th:128:Raster
	computeIthOp, 577, cost time: 0.103000 ms
current Op is 20th:39:MatMul
	computeIthOp, 577, cost time: 2.789000 ms
current Op is 21th:128:Raster
	computeIthOp, 577, cost time: 0.290000 ms
current Op is 22th:128:Raster
	computeIthOp, 577, cost time: 0.181000 ms
current Op is 23th:128:Raster
	computeIthOp, 577, cost time: 0.072000 ms
current Op is 24th:39:MatMul
	computeIthOp, 577, cost time: 2.421000 ms
current Op is 25th:128:Raster
	computeIthOp, 577, cost time: 0.996000 ms
current Op is 26th:128:Raster
	computeIthOp, 577, cost time: 0.101000 ms
current Op is 27th:39:MatMul
	computeIthOp, 577, cost time: 7.737000 ms
current Op is 28th:128:Raster
	computeIthOp, 577, cost time: 2.412000 ms
current Op is 29th:128:Raster
	computeIthOp, 577, cost time: 1.473000 ms
current Op is 30th:128:Raster
	computeIthOp, 577, cost time: 0.127000 ms
current Op is 31th:39:MatMul
	computeIthOp, 577, cost time: 3.804000 ms
current Op is 32th:128:Raster
	computeIthOp, 577, cost time: 0.548000 ms
current Op is 33th:128:Raster
	computeIthOp, 577, cost time: 0.984000 ms
current Op is 34th:128:Raster
	computeIthOp, 577, cost time: 0.102000 ms
current Op is 35th:39:MatMul
	computeIthOp, 577, cost time: 5.183000 ms
current Op is 36th:128:Raster
	computeIthOp, 577, cost time: 5.683000 ms
current Op is 37th:128:Raster
	computeIthOp, 577, cost time: 0.157000 ms
current Op is 38th:39:MatMul
	computeIthOp, 577, cost time: 24.236002 ms
current Op is 39th:128:Raster
	computeIthOp, 577, cost time: 5.286000 ms
current Op is 40th:47:Pooling
	computeIthOp, 577, cost time: 36.798000 ms
current Op is 41th:128:Raster
	computeIthOp, 577, cost time: 0.882000 ms
current Op is 42th:128:Raster
	computeIthOp, 577, cost time: 0.121000 ms
current Op is 43th:39:MatMul
	computeIthOp, 577, cost time: 1.649000 ms
current Op is 44th:128:Raster
	computeIthOp, 577, cost time: 0.251000 ms
current Op is 45th:128:Raster
	computeIthOp, 577, cost time: 0.169000 ms
current Op is 46th:128:Raster
	computeIthOp, 577, cost time: 0.088000 ms
current Op is 47th:39:MatMul
	computeIthOp, 577, cost time: 1.471000 ms
current Op is 48th:128:Raster
	computeIthOp, 577, cost time: 0.684000 ms
current Op is 49th:128:Raster
	computeIthOp, 577, cost time: 0.121000 ms
current Op is 50th:39:MatMul
	computeIthOp, 577, cost time: 4.952000 ms
current Op is 51th:128:Raster
	computeIthOp, 577, cost time: 1.109000 ms
current Op is 52th:128:Raster
	computeIthOp, 577, cost time: 0.954000 ms
current Op is 53th:128:Raster
	computeIthOp, 577, cost time: 0.136000 ms
current Op is 54th:39:MatMul
	computeIthOp, 577, cost time: 2.015000 ms
current Op is 55th:128:Raster
	computeIthOp, 577, cost time: 0.273000 ms
current Op is 56th:128:Raster
	computeIthOp, 577, cost time: 0.190000 ms
current Op is 57th:128:Raster
	computeIthOp, 577, cost time: 0.090000 ms
current Op is 58th:39:MatMul
	computeIthOp, 577, cost time: 2.298000 ms
current Op is 59th:128:Raster
	computeIthOp, 577, cost time: 1.006000 ms
current Op is 60th:128:Raster
	computeIthOp, 577, cost time: 0.148000 ms
current Op is 61th:39:MatMul
	computeIthOp, 577, cost time: 8.871000 ms
current Op is 62th:128:Raster
	computeIthOp, 577, cost time: 1.964000 ms
current Op is 63th:128:Raster
	computeIthOp, 577, cost time: 1.837000 ms
current Op is 64th:128:Raster
	computeIthOp, 577, cost time: 0.132000 ms
current Op is 65th:39:MatMul
	computeIthOp, 577, cost time: 2.834000 ms
current Op is 66th:128:Raster
	computeIthOp, 577, cost time: 0.338000 ms
current Op is 67th:128:Raster
	computeIthOp, 577, cost time: 0.225000 ms
current Op is 68th:128:Raster
	computeIthOp, 577, cost time: 0.122000 ms
current Op is 69th:39:MatMul
	computeIthOp, 577, cost time: 2.425000 ms
current Op is 70th:128:Raster
	computeIthOp, 577, cost time: 2.331000 ms
current Op is 71th:128:Raster
	computeIthOp, 577, cost time: 0.164000 ms
current Op is 72th:39:MatMul
	computeIthOp, 577, cost time: 10.128000 ms
current Op is 73th:128:Raster
	computeIthOp, 577, cost time: 1.998000 ms
current Op is 74th:128:Raster
	computeIthOp, 577, cost time: 1.361000 ms
current Op is 75th:128:Raster
	computeIthOp, 577, cost time: 0.130000 ms
current Op is 76th:39:MatMul
	computeIthOp, 577, cost time: 3.149000 ms
current Op is 77th:128:Raster
	computeIthOp, 577, cost time: 0.361000 ms
current Op is 78th:128:Raster
	computeIthOp, 577, cost time: 0.211000 ms
current Op is 79th:128:Raster
	computeIthOp, 577, cost time: 0.096000 ms
current Op is 80th:39:MatMul
	computeIthOp, 577, cost time: 3.457000 ms
current Op is 81th:128:Raster
	computeIthOp, 577, cost time: 2.850000 ms
current Op is 82th:128:Raster
	computeIthOp, 577, cost time: 0.184000 ms
current Op is 83th:39:MatMul
	computeIthOp, 577, cost time: 17.853001 ms
current Op is 84th:128:Raster
	computeIthOp, 577, cost time: 3.298000 ms
current Op is 85th:47:Pooling
	computeIthOp, 577, cost time: 18.882000 ms
current Op is 86th:128:Raster
	computeIthOp, 577, cost time: 0.631000 ms
current Op is 87th:128:Raster
	computeIthOp, 577, cost time: 0.121000 ms
current Op is 88th:39:MatMul
	computeIthOp, 577, cost time: 1.229000 ms
current Op is 89th:128:Raster
	computeIthOp, 577, cost time: 0.190000 ms
current Op is 90th:128:Raster
	computeIthOp, 577, cost time: 0.147000 ms
current Op is 91th:128:Raster
	computeIthOp, 577, cost time: 0.089000 ms
current Op is 92th:39:MatMul
	computeIthOp, 577, cost time: 0.989000 ms
current Op is 93th:128:Raster
	computeIthOp, 577, cost time: 0.526000 ms
current Op is 94th:128:Raster
	computeIthOp, 577, cost time: 0.171000 ms
current Op is 95th:39:MatMul
	computeIthOp, 577, cost time: 6.056000 ms
current Op is 96th:128:Raster
	computeIthOp, 577, cost time: 0.674000 ms
current Op is 97th:128:Raster
	computeIthOp, 577, cost time: 0.644000 ms
current Op is 98th:128:Raster
	computeIthOp, 577, cost time: 0.141000 ms
current Op is 99th:39:MatMul
	computeIthOp, 577, cost time: 0.357000 ms
current Op is 100th:128:Raster
	computeIthOp, 577, cost time: 0.129000 ms
current Op is 101th:47:Pooling
	computeIthOp, 577, cost time: 0.103000 ms
current Op is 102th:101:UnaryOp
	computeIthOp, 577, cost time: 0.074000 ms
current Op is 103th:7:BinaryOp
	computeIthOp, 577, cost time: 0.074000 ms
current Op is 104th:128:Raster
	computeIthOp, 577, cost time: 0.075000 ms
current Op is 105th:128:Raster
	computeIthOp, 577, cost time: 0.088000 ms
current Op is 106th:7:BinaryOp
	computeIthOp, 577, cost time: 0.075000 ms
current Op is 107th:128:Raster
	computeIthOp, 577, cost time: 0.076000 ms
current Op is 108th:128:Raster
	computeIthOp, 577, cost time: 0.084000 ms
current Op is 109th:128:Raster
	computeIthOp, 577, cost time: 0.137000 ms
current Op is 110th:7:BinaryOp
	computeIthOp, 577, cost time: 0.083000 ms
current Op is 111th:128:Raster
	computeIthOp, 577, cost time: 0.083000 ms
current Op is 112th:7:BinaryOp
	computeIthOp, 577, cost time: 0.071000 ms
current Op is 113th:128:Raster
	computeIthOp, 577, cost time: 0.130000 ms
current Op is 114th:9:Cast
	computeIthOp, 577, cost time: 0.073000 ms
current Op is 115th:119:OneHot
	computeIthOp, 577, cost time: 0.076000 ms
current Op is 116th:128:Raster
	computeIthOp, 577, cost time: 0.089000 ms
current Op is 117th:7:BinaryOp
	computeIthOp, 577, cost time: 0.089000 ms
current Op is 118th:128:Raster
	computeIthOp, 577, cost time: 0.100000 ms
current Op is 119th:7:BinaryOp
	computeIthOp, 577, cost time: 0.091000 ms
current Op is 120th:128:Raster
	computeIthOp, 577, cost time: 0.231000 ms
current Op is 121th:68:Reduction
	computeIthOp, 577, cost time: 2.548000 ms
current Op is 122th:128:Raster
	computeIthOp, 577, cost time: 0.097000 ms
current Op is 123th:68:Reduction
	computeIthOp, 577, cost time: 0.091000 ms
current Op is 124th:128:Raster
	computeIthOp, 577, cost time: 0.091000 ms
current Op is 125th:68:Reduction
	computeIthOp, 577, cost time: 0.088000 ms
current Op is 126th:128:Raster
	computeIthOp, 577, cost time: 0.083000 ms
current Op is 127th:39:MatMul
	computeIthOp, 577, cost time: 0.635000 ms
current Op is 128th:128:Raster
	computeIthOp, 577, cost time: 0.103000 ms
current Op is 129th:128:Raster
	computeIthOp, 577, cost time: 0.088000 ms
current Op is 130th:39:MatMul
	computeIthOp, 577, cost time: 0.468000 ms
current Op is 131th:128:Raster
	computeIthOp, 577, cost time: 0.497000 ms
current Op is 132th:68:Reduction
	computeIthOp, 577, cost time: 0.170000 ms
current Op is 133th:128:Raster
	computeIthOp, 577, cost time: 0.142000 ms
current Op is 134th:68:Reduction
	computeIthOp, 577, cost time: 0.136000 ms
current Op is 135th:128:Raster
	computeIthOp, 577, cost time: 0.110000 ms
current Op is 136th:68:Reduction
	computeIthOp, 577, cost time: 0.194000 ms
current Op is 137th:128:Raster
	computeIthOp, 577, cost time: 0.192000 ms
current Op is 138th:39:MatMul
	computeIthOp, 577, cost time: 4.435000 ms
current Op is 139th:128:Raster
	computeIthOp, 577, cost time: 0.604000 ms
current Op is 140th:68:Reduction
	computeIthOp, 577, cost time: 0.148000 ms
current Op is 141th:128:Raster
	computeIthOp, 577, cost time: 0.114000 ms
current Op is 142th:68:Reduction
	computeIthOp, 577, cost time: 0.216000 ms
current Op is 143th:128:Raster
	computeIthOp, 577, cost time: 0.204000 ms
current Op is 144th:39:MatMul
	computeIthOp, 577, cost time: 0.798000 ms
current Op is 145th:128:Raster
	computeIthOp, 577, cost time: 0.148000 ms
current Op is 146th:128:Raster
	computeIthOp, 577, cost time: 0.192000 ms
current Op is 147th:39:MatMul
	computeIthOp, 577, cost time: 4.531000 ms
current Op is 148th:128:Raster
	computeIthOp, 577, cost time: 0.492000 ms
current Op is 149th:68:Reduction
	computeIthOp, 577, cost time: 0.188000 ms
current Op is 150th:128:Raster
	computeIthOp, 577, cost time: 0.141000 ms
current Op is 151th:128:Raster
	computeIthOp, 577, cost time: 0.251000 ms
current Op is 152th:39:MatMul
	computeIthOp, 577, cost time: 0.987000 ms
current Op is 153th:128:Raster
	computeIthOp, 577, cost time: 0.117000 ms
current Op is 154th:68:Reduction
	computeIthOp, 577, cost time: 0.097000 ms
current Op is 155th:128:Raster
	computeIthOp, 577, cost time: 0.148000 ms
current Op is 156th:128:Raster
	computeIthOp, 577, cost time: 0.125000 ms
current Op is 157th:7:BinaryOp
	computeIthOp, 577, cost time: 0.103000 ms
current Op is 158th:128:Raster
	computeIthOp, 577, cost time: 0.134000 ms
current Op is 159th:68:Reduction
	computeIthOp, 577, cost time: 0.095000 ms
current Op is 160th:128:Raster
	computeIthOp, 577, cost time: 0.097000 ms
current Op is 161th:68:Reduction
	computeIthOp, 577, cost time: 0.112000 ms
current Op is 162th:128:Raster
	computeIthOp, 577, cost time: 0.139000 ms
current Op is 163th:39:MatMul
	computeIthOp, 577, cost time: 2.066000 ms
current Op is 164th:128:Raster
	computeIthOp, 577, cost time: 0.177000 ms
current Op is 165th:128:Raster
	computeIthOp, 577, cost time: 0.186000 ms
current Op is 166th:39:MatMul
	computeIthOp, 577, cost time: 1.690000 ms
current Op is 167th:128:Raster
	computeIthOp, 577, cost time: 0.306000 ms
current Op is 168th:68:Reduction
	computeIthOp, 577, cost time: 0.197000 ms
current Op is 169th:128:Raster
	computeIthOp, 577, cost time: 1.955000 ms
current Op is 170th:7:BinaryOp
	computeIthOp, 577, cost time: 2.241000 ms
current Op is 171th:9:Cast
	computeIthOp, 577, cost time: 1.337000 ms
current Op is 172th:128:Raster
	computeIthOp, 577, cost time: 0.401000 ms
current Op is 173th:7:BinaryOp
	computeIthOp, 577, cost time: 0.210000 ms
current Op is 174th:128:Raster
	computeIthOp, 577, cost time: 1.913000 ms
current Op is 175th:7:BinaryOp
	computeIthOp, 577, cost time: 1.864000 ms
current Op is 176th:9:Cast
	computeIthOp, 577, cost time: 1.390000 ms
current Op is 177th:7:BinaryOp
	computeIthOp, 577, cost time: 0.296000 ms
current Op is 178th:128:Raster
	computeIthOp, 577, cost time: 1.898000 ms
current Op is 179th:7:BinaryOp
	computeIthOp, 577, cost time: 1.948000 ms
current Op is 180th:9:Cast
	computeIthOp, 577, cost time: 1.524000 ms
current Op is 181th:7:BinaryOp
	computeIthOp, 577, cost time: 0.296000 ms
current Op is 182th:128:Raster
	computeIthOp, 577, cost time: 1.949000 ms
current Op is 183th:7:BinaryOp
	computeIthOp, 577, cost time: 1.957000 ms
current Op is 184th:9:Cast
	computeIthOp, 577, cost time: 1.784000 ms
current Op is 185th:7:BinaryOp
	computeIthOp, 577, cost time: 0.241000 ms
current Op is 186th:128:Raster
	computeIthOp, 577, cost time: 1.872000 ms
current Op is 187th:7:BinaryOp
	computeIthOp, 577, cost time: 1.999000 ms
current Op is 188th:9:Cast
	computeIthOp, 577, cost time: 1.718000 ms
current Op is 189th:7:BinaryOp
	computeIthOp, 577, cost time: 0.328000 ms
current Op is 190th:128:Raster
	computeIthOp, 577, cost time: 1.912000 ms
current Op is 191th:7:BinaryOp
	computeIthOp, 577, cost time: 2.049000 ms
current Op is 192th:9:Cast
	computeIthOp, 577, cost time: 1.950000 ms
current Op is 193th:7:BinaryOp
	computeIthOp, 577, cost time: 0.296000 ms
current Op is 194th:128:Raster
	computeIthOp, 577, cost time: 1.909000 ms
current Op is 195th:7:BinaryOp
	computeIthOp, 577, cost time: 2.089000 ms
current Op is 196th:9:Cast
	computeIthOp, 577, cost time: 1.571000 ms
current Op is 197th:7:BinaryOp
	computeIthOp, 577, cost time: 0.276000 ms
current Op is 198th:128:Raster
	computeIthOp, 577, cost time: 1.888000 ms
current Op is 199th:7:BinaryOp
	computeIthOp, 577, cost time: 2.142000 ms
current Op is 200th:9:Cast
	computeIthOp, 577, cost time: 2.003000 ms
current Op is 201th:7:BinaryOp
	computeIthOp, 577, cost time: 0.674000 ms
current Op is 202th:128:Raster
	computeIthOp, 577, cost time: 1.764000 ms
current Op is 203th:7:BinaryOp
	computeIthOp, 577, cost time: 2.094000 ms
current Op is 204th:9:Cast
	computeIthOp, 577, cost time: 1.920000 ms
current Op is 205th:7:BinaryOp
	computeIthOp, 577, cost time: 0.240000 ms
current Op is 206th:128:Raster
	computeIthOp, 577, cost time: 2.207000 ms
current Op is 207th:128:Raster
	computeIthOp, 577, cost time: 2.117000 ms
current Op is 208th:128:Raster
	computeIthOp, 577, cost time: 3.659000 ms
current Op is 209th:128:Raster
	computeIthOp, 577, cost time: 3.779000 ms
current Op is 210th:128:Raster
	computeIthOp, 577, cost time: 3.770000 ms
current Op is 211th:128:Raster
	computeIthOp, 577, cost time: 4.338000 ms
current Op is 212th:128:Raster
	computeIthOp, 577, cost time: 3.720000 ms
current Op is 213th:128:Raster
	computeIthOp, 577, cost time: 3.705000 ms
current Op is 214th:128:Raster
	computeIthOp, 577, cost time: 3.597000 ms
current Op is 215th:22:Eltwise
	computeIthOp, 577, cost time: 6.732000 ms
current Op is 216th:128:Raster
	computeIthOp, 577, cost time: 1.201000 ms
current Op is 217th:68:Reduction
	computeIthOp, 577, cost time: 0.438000 ms
current Op is 218th:128:Raster
	computeIthOp, 577, cost time: 0.188000 ms
current Op is 219th:68:Reduction
	computeIthOp, 577, cost time: 0.527000 ms
current Op is 220th:128:Raster
	computeIthOp, 577, cost time: 1.289000 ms
current Op is 221th:39:MatMul
	computeIthOp, 577, cost time: 19.485001 ms
current Op is 222th:128:Raster
	computeIthOp, 577, cost time: 1.218000 ms
current Op is 223th:68:Reduction
	computeIthOp, 577, cost time: 0.395000 ms
current Op is 224th:128:Raster
	computeIthOp, 577, cost time: 0.164000 ms
current Op is 225th:68:Reduction
	computeIthOp, 577, cost time: 0.521000 ms
current Op is 226th:128:Raster
	computeIthOp, 577, cost time: 1.313000 ms
current Op is 227th:39:MatMul
	computeIthOp, 577, cost time: 2.653000 ms
current Op is 228th:128:Raster
	computeIthOp, 577, cost time: 0.228000 ms
current Op is 229th:128:Raster
	computeIthOp, 577, cost time: 1.435000 ms
current Op is 230th:39:MatMul
	computeIthOp, 577, cost time: 16.650002 ms
current Op is 231th:128:Raster
	computeIthOp, 577, cost time: 1.630000 ms
current Op is 232th:68:Reduction
	computeIthOp, 577, cost time: 0.533000 ms
current Op is 233th:128:Raster
	computeIthOp, 577, cost time: 0.153000 ms
current Op is 234th:128:Raster
	computeIthOp, 577, cost time: 1.290000 ms
current Op is 235th:39:MatMul
	computeIthOp, 577, cost time: 3.432000 ms
current Op is 236th:128:Raster
	computeIthOp, 577, cost time: 0.250000 ms
current Op is 237th:68:Reduction
	computeIthOp, 577, cost time: 0.119000 ms
current Op is 238th:128:Raster
	computeIthOp, 577, cost time: 0.298000 ms
current Op is 239th:128:Raster
	computeIthOp, 577, cost time: 0.213000 ms
current Op is 240th:7:BinaryOp
	computeIthOp, 577, cost time: 0.155000 ms
current Op is 241th:128:Raster
	computeIthOp, 577, cost time: 0.222000 ms
current Op is 242th:68:Reduction
	computeIthOp, 577, cost time: 0.196000 ms
current Op is 243th:128:Raster
	computeIthOp, 577, cost time: 0.114000 ms
current Op is 244th:68:Reduction
	computeIthOp, 577, cost time: 0.195000 ms
current Op is 245th:128:Raster
	computeIthOp, 577, cost time: 0.255000 ms
current Op is 246th:39:MatMul
	computeIthOp, 577, cost time: 6.242000 ms
current Op is 247th:128:Raster
	computeIthOp, 577, cost time: 0.221000 ms
current Op is 248th:128:Raster
	computeIthOp, 577, cost time: 0.305000 ms
current Op is 249th:39:MatMul
	computeIthOp, 577, cost time: 5.073000 ms
current Op is 250th:128:Raster
	computeIthOp, 577, cost time: 0.928000 ms
current Op is 251th:68:Reduction
	computeIthOp, 577, cost time: 0.420000 ms
current Op is 252th:128:Raster
	computeIthOp, 577, cost time: 0.273000 ms
current Op is 253th:68:Reduction
	computeIthOp, 577, cost time: 0.288000 ms
current Op is 254th:128:Raster
	computeIthOp, 577, cost time: 0.149000 ms
current Op is 255th:68:Reduction
	computeIthOp, 577, cost time: 0.406000 ms
current Op is 256th:128:Raster
	computeIthOp, 577, cost time: 0.388000 ms
current Op is 257th:39:MatMul
	computeIthOp, 577, cost time: 13.717001 ms
current Op is 258th:128:Raster
	computeIthOp, 577, cost time: 0.354000 ms
current Op is 259th:68:Reduction
	computeIthOp, 577, cost time: 0.283000 ms
current Op is 260th:128:Raster
	computeIthOp, 577, cost time: 0.135000 ms
current Op is 261th:68:Reduction
	computeIthOp, 577, cost time: 0.411000 ms
current Op is 262th:128:Raster
	computeIthOp, 577, cost time: 0.366000 ms
current Op is 263th:39:MatMul
	computeIthOp, 577, cost time: 1.725000 ms
current Op is 264th:128:Raster
	computeIthOp, 577, cost time: 0.137000 ms
current Op is 265th:128:Raster
	computeIthOp, 577, cost time: 0.455000 ms
current Op is 266th:39:MatMul
	computeIthOp, 577, cost time: 10.929001 ms
current Op is 267th:128:Raster
	computeIthOp, 577, cost time: 1.189000 ms
current Op is 268th:68:Reduction
	computeIthOp, 577, cost time: 0.425000 ms
current Op is 269th:128:Raster
	computeIthOp, 577, cost time: 0.183000 ms
current Op is 270th:128:Raster
	computeIthOp, 577, cost time: 0.413000 ms
current Op is 271th:39:MatMul
	computeIthOp, 577, cost time: 2.336000 ms
current Op is 272th:128:Raster
	computeIthOp, 577, cost time: 0.241000 ms
current Op is 273th:68:Reduction
	computeIthOp, 577, cost time: 0.118000 ms
current Op is 274th:128:Raster
	computeIthOp, 577, cost time: 0.230000 ms
current Op is 275th:128:Raster
	computeIthOp, 577, cost time: 0.196000 ms
current Op is 276th:7:BinaryOp
	computeIthOp, 577, cost time: 0.134000 ms
current Op is 277th:128:Raster
	computeIthOp, 577, cost time: 0.186000 ms
current Op is 278th:68:Reduction
	computeIthOp, 577, cost time: 0.119000 ms
current Op is 279th:128:Raster
	computeIthOp, 577, cost time: 0.108000 ms
current Op is 280th:68:Reduction
	computeIthOp, 577, cost time: 0.167000 ms
current Op is 281th:128:Raster
	computeIthOp, 577, cost time: 0.205000 ms
current Op is 282th:39:MatMul
	computeIthOp, 577, cost time: 5.007000 ms
current Op is 283th:128:Raster
	computeIthOp, 577, cost time: 0.202000 ms
current Op is 284th:128:Raster
	computeIthOp, 577, cost time: 0.261000 ms
current Op is 285th:39:MatMul
	computeIthOp, 577, cost time: 4.480000 ms
current Op is 286th:128:Raster
	computeIthOp, 577, cost time: 0.838000 ms
current Op is 287th:68:Reduction
	computeIthOp, 577, cost time: 0.439000 ms
current Op is 288th:128:Raster
	computeIthOp, 577, cost time: 0.285000 ms
current Op is 289th:68:Reduction
	computeIthOp, 577, cost time: 0.289000 ms
current Op is 290th:128:Raster
	computeIthOp, 577, cost time: 0.137000 ms
current Op is 291th:68:Reduction
	computeIthOp, 577, cost time: 0.409000 ms
current Op is 292th:128:Raster
	computeIthOp, 577, cost time: 0.462000 ms
current Op is 293th:39:MatMul
	computeIthOp, 577, cost time: 13.702001 ms
current Op is 294th:128:Raster
	computeIthOp, 577, cost time: 0.763000 ms
current Op is 295th:68:Reduction
	computeIthOp, 577, cost time: 0.295000 ms
current Op is 296th:128:Raster
	computeIthOp, 577, cost time: 0.150000 ms
current Op is 297th:68:Reduction
	computeIthOp, 577, cost time: 0.441000 ms
current Op is 298th:128:Raster
	computeIthOp, 577, cost time: 0.376000 ms
current Op is 299th:39:MatMul
	computeIthOp, 577, cost time: 1.721000 ms
current Op is 300th:128:Raster
	computeIthOp, 577, cost time: 0.167000 ms
current Op is 301th:128:Raster
	computeIthOp, 577, cost time: 0.406000 ms
current Op is 302th:39:MatMul
	computeIthOp, 577, cost time: 11.223001 ms
current Op is 303th:128:Raster
	computeIthOp, 577, cost time: 1.638000 ms
current Op is 304th:68:Reduction
	computeIthOp, 577, cost time: 0.416000 ms
current Op is 305th:128:Raster
	computeIthOp, 577, cost time: 0.143000 ms
current Op is 306th:128:Raster
	computeIthOp, 577, cost time: 0.431000 ms
current Op is 307th:39:MatMul
	computeIthOp, 577, cost time: 2.288000 ms
current Op is 308th:128:Raster
	computeIthOp, 577, cost time: 0.606000 ms
current Op is 309th:68:Reduction
	computeIthOp, 577, cost time: 0.114000 ms
current Op is 310th:128:Raster
	computeIthOp, 577, cost time: 0.225000 ms
current Op is 311th:128:Raster
	computeIthOp, 577, cost time: 0.177000 ms
current Op is 312th:7:BinaryOp
	computeIthOp, 577, cost time: 0.134000 ms
current Op is 313th:128:Raster
	computeIthOp, 577, cost time: 0.184000 ms
current Op is 314th:68:Reduction
	computeIthOp, 577, cost time: 0.169000 ms
current Op is 315th:128:Raster
	computeIthOp, 577, cost time: 0.110000 ms
current Op is 316th:68:Reduction
	computeIthOp, 577, cost time: 0.195000 ms
current Op is 317th:128:Raster
	computeIthOp, 577, cost time: 0.204000 ms
current Op is 318th:39:MatMul
	computeIthOp, 577, cost time: 3.553000 ms
current Op is 319th:128:Raster
	computeIthOp, 577, cost time: 0.185000 ms
current Op is 320th:128:Raster
	computeIthOp, 577, cost time: 0.265000 ms
current Op is 321th:39:MatMul
	computeIthOp, 577, cost time: 3.046000 ms
current Op is 322th:128:Raster
	computeIthOp, 577, cost time: 0.538000 ms
current Op is 323th:68:Reduction
	computeIthOp, 577, cost time: 0.303000 ms
current Op is 324th:128:Raster
	computeIthOp, 577, cost time: 0.212000 ms
current Op is 325th:68:Reduction
	computeIthOp, 577, cost time: 0.208000 ms
current Op is 326th:128:Raster
	computeIthOp, 577, cost time: 0.133000 ms
current Op is 327th:68:Reduction
	computeIthOp, 577, cost time: 0.352000 ms
current Op is 328th:128:Raster
	computeIthOp, 577, cost time: 0.257000 ms
current Op is 329th:39:MatMul
	computeIthOp, 577, cost time: 6.085001 ms
current Op is 330th:128:Raster
	computeIthOp, 577, cost time: 0.672000 ms
current Op is 331th:68:Reduction
	computeIthOp, 577, cost time: 0.205000 ms
current Op is 332th:128:Raster
	computeIthOp, 577, cost time: 0.136000 ms
current Op is 333th:68:Reduction
	computeIthOp, 577, cost time: 0.301000 ms
current Op is 334th:128:Raster
	computeIthOp, 577, cost time: 0.242000 ms
current Op is 335th:39:MatMul
	computeIthOp, 577, cost time: 1.028000 ms
current Op is 336th:128:Raster
	computeIthOp, 577, cost time: 0.120000 ms
current Op is 337th:128:Raster
	computeIthOp, 577, cost time: 0.237000 ms
current Op is 338th:39:MatMul
	computeIthOp, 577, cost time: 5.248000 ms
current Op is 339th:128:Raster
	computeIthOp, 577, cost time: 0.794000 ms
current Op is 340th:68:Reduction
	computeIthOp, 577, cost time: 0.279000 ms
current Op is 341th:128:Raster
	computeIthOp, 577, cost time: 0.132000 ms
current Op is 342th:128:Raster
	computeIthOp, 577, cost time: 0.317000 ms
current Op is 343th:39:MatMul
	computeIthOp, 577, cost time: 1.429000 ms
current Op is 344th:128:Raster
	computeIthOp, 577, cost time: 0.146000 ms
current Op is 345th:68:Reduction
	computeIthOp, 577, cost time: 0.103000 ms
current Op is 346th:128:Raster
	computeIthOp, 577, cost time: 0.175000 ms
current Op is 347th:128:Raster
	computeIthOp, 577, cost time: 0.190000 ms
current Op is 348th:7:BinaryOp
	computeIthOp, 577, cost time: 0.114000 ms
current Op is 349th:128:Raster
	computeIthOp, 577, cost time: 0.160000 ms
current Op is 350th:68:Reduction
	computeIthOp, 577, cost time: 0.106000 ms
current Op is 351th:128:Raster
	computeIthOp, 577, cost time: 0.097000 ms
current Op is 352th:68:Reduction
	computeIthOp, 577, cost time: 0.171000 ms
current Op is 353th:128:Raster
	computeIthOp, 577, cost time: 0.168000 ms
current Op is 354th:39:MatMul
	computeIthOp, 577, cost time: 3.217000 ms
current Op is 355th:128:Raster
	computeIthOp, 577, cost time: 0.177000 ms
current Op is 356th:128:Raster
	computeIthOp, 577, cost time: 0.264000 ms
current Op is 357th:39:MatMul
	computeIthOp, 577, cost time: 2.703000 ms
current Op is 358th:128:Raster
	computeIthOp, 577, cost time: 0.538000 ms
current Op is 359th:68:Reduction
	computeIthOp, 577, cost time: 0.317000 ms
current Op is 360th:128:Raster
	computeIthOp, 577, cost time: 4.558000 ms
current Op is 361th:7:BinaryOp
	computeIthOp, 577, cost time: 3.696000 ms
current Op is 362th:9:Cast
	computeIthOp, 577, cost time: 3.064000 ms
current Op is 363th:128:Raster
	computeIthOp, 577, cost time: 1.155000 ms
current Op is 364th:7:BinaryOp
	computeIthOp, 577, cost time: 0.515000 ms
current Op is 365th:128:Raster
	computeIthOp, 577, cost time: 4.556000 ms
current Op is 366th:7:BinaryOp
	computeIthOp, 577, cost time: 3.978000 ms
current Op is 367th:9:Cast
	computeIthOp, 577, cost time: 2.894000 ms
current Op is 368th:7:BinaryOp
	computeIthOp, 577, cost time: 0.934000 ms
current Op is 369th:128:Raster
	computeIthOp, 577, cost time: 4.698000 ms
current Op is 370th:7:BinaryOp
	computeIthOp, 577, cost time: 4.465000 ms
current Op is 371th:9:Cast
	computeIthOp, 577, cost time: 3.139000 ms
current Op is 372th:7:BinaryOp
	computeIthOp, 577, cost time: 0.471000 ms
current Op is 373th:128:Raster
	computeIthOp, 577, cost time: 4.451000 ms
current Op is 374th:7:BinaryOp
	computeIthOp, 577, cost time: 3.685000 ms
current Op is 375th:9:Cast
	computeIthOp, 577, cost time: 3.147000 ms
current Op is 376th:7:BinaryOp
	computeIthOp, 577, cost time: 0.444000 ms
current Op is 377th:128:Raster
	computeIthOp, 577, cost time: 4.346000 ms
current Op is 378th:7:BinaryOp
	computeIthOp, 577, cost time: 3.891000 ms
current Op is 379th:9:Cast
	computeIthOp, 577, cost time: 2.643000 ms
current Op is 380th:7:BinaryOp
	computeIthOp, 577, cost time: 0.377000 ms
current Op is 381th:128:Raster
	computeIthOp, 577, cost time: 4.315000 ms
current Op is 382th:7:BinaryOp
	computeIthOp, 577, cost time: 3.906000 ms
current Op is 383th:9:Cast
	computeIthOp, 577, cost time: 3.138000 ms
current Op is 384th:7:BinaryOp
	computeIthOp, 577, cost time: 0.472000 ms
current Op is 385th:128:Raster
	computeIthOp, 577, cost time: 4.490000 ms
current Op is 386th:7:BinaryOp
	computeIthOp, 577, cost time: 4.467000 ms
current Op is 387th:9:Cast
	computeIthOp, 577, cost time: 2.545000 ms
current Op is 388th:7:BinaryOp
	computeIthOp, 577, cost time: 0.417000 ms
current Op is 389th:128:Raster
	computeIthOp, 577, cost time: 4.439000 ms
current Op is 390th:7:BinaryOp
	computeIthOp, 577, cost time: 3.623000 ms
current Op is 391th:9:Cast
	computeIthOp, 577, cost time: 3.153000 ms
current Op is 392th:7:BinaryOp
	computeIthOp, 577, cost time: 0.469000 ms
current Op is 393th:128:Raster
	computeIthOp, 577, cost time: 4.440000 ms
current Op is 394th:7:BinaryOp
	computeIthOp, 577, cost time: 4.297000 ms
current Op is 395th:9:Cast
	computeIthOp, 577, cost time: 3.333000 ms
current Op is 396th:7:BinaryOp
	computeIthOp, 577, cost time: 0.504000 ms
current Op is 397th:128:Raster
	computeIthOp, 577, cost time: 4.223000 ms
current Op is 398th:128:Raster
	computeIthOp, 577, cost time: 4.132000 ms
current Op is 399th:128:Raster
	computeIthOp, 577, cost time: 6.747000 ms
current Op is 400th:128:Raster
	computeIthOp, 577, cost time: 6.831000 ms
current Op is 401th:128:Raster
	computeIthOp, 577, cost time: 7.432000 ms
current Op is 402th:128:Raster
	computeIthOp, 577, cost time: 7.430000 ms
current Op is 403th:128:Raster
	computeIthOp, 577, cost time: 7.944000 ms
current Op is 404th:128:Raster
	computeIthOp, 577, cost time: 6.928000 ms
current Op is 405th:128:Raster
	computeIthOp, 577, cost time: 6.761000 ms
current Op is 406th:22:Eltwise
	computeIthOp, 577, cost time: 12.261001 ms
current Op is 407th:128:Raster
	computeIthOp, 577, cost time: 2.117000 ms
current Op is 408th:68:Reduction
	computeIthOp, 577, cost time: 0.845000 ms
current Op is 409th:128:Raster
	computeIthOp, 577, cost time: 0.291000 ms
current Op is 410th:68:Reduction
	computeIthOp, 577, cost time: 0.947000 ms
current Op is 411th:128:Raster
	computeIthOp, 577, cost time: 2.220000 ms
current Op is 412th:39:MatMul
	computeIthOp, 577, cost time: 24.099001 ms
current Op is 413th:128:Raster
	computeIthOp, 577, cost time: 2.463000 ms
current Op is 414th:68:Reduction
	computeIthOp, 577, cost time: 0.829000 ms
current Op is 415th:128:Raster
	computeIthOp, 577, cost time: 0.269000 ms
current Op is 416th:68:Reduction
	computeIthOp, 577, cost time: 0.937000 ms
current Op is 417th:128:Raster
	computeIthOp, 577, cost time: 2.237000 ms
current Op is 418th:39:MatMul
	computeIthOp, 577, cost time: 4.069000 ms
current Op is 419th:128:Raster
	computeIthOp, 577, cost time: 0.140000 ms
current Op is 420th:128:Raster
	computeIthOp, 577, cost time: 2.097000 ms
current Op is 421th:39:MatMul
	computeIthOp, 577, cost time: 21.324001 ms
current Op is 422th:128:Raster
	computeIthOp, 577, cost time: 2.142000 ms
current Op is 423th:68:Reduction
	computeIthOp, 577, cost time: 1.062000 ms
current Op is 424th:128:Raster
	computeIthOp, 577, cost time: 0.134000 ms
current Op is 425th:128:Raster
	computeIthOp, 577, cost time: 2.148000 ms
current Op is 426th:39:MatMul
	computeIthOp, 577, cost time: 5.522000 ms
current Op is 427th:128:Raster
	computeIthOp, 577, cost time: 0.301000 ms
current Op is 428th:68:Reduction
	computeIthOp, 577, cost time: 0.175000 ms
current Op is 429th:128:Raster
	computeIthOp, 577, cost time: 0.393000 ms
current Op is 430th:128:Raster
	computeIthOp, 577, cost time: 0.335000 ms
current Op is 431th:7:BinaryOp
	computeIthOp, 577, cost time: 0.351000 ms
current Op is 432th:128:Raster
	computeIthOp, 577, cost time: 0.352000 ms
current Op is 433th:68:Reduction
	computeIthOp, 577, cost time: 0.217000 ms
current Op is 434th:128:Raster
	computeIthOp, 577, cost time: 0.141000 ms
current Op is 435th:68:Reduction
	computeIthOp, 577, cost time: 0.298000 ms
current Op is 436th:128:Raster
	computeIthOp, 577, cost time: 0.362000 ms
current Op is 437th:39:MatMul
	computeIthOp, 577, cost time: 7.687000 ms
current Op is 438th:128:Raster
	computeIthOp, 577, cost time: 0.177000 ms
current Op is 439th:128:Raster
	computeIthOp, 577, cost time: 0.445000 ms
current Op is 440th:39:MatMul
	computeIthOp, 577, cost time: 5.519000 ms
current Op is 441th:128:Raster
	computeIthOp, 577, cost time: 0.751000 ms
current Op is 442th:68:Reduction
	computeIthOp, 577, cost time: 0.574000 ms
current Op is 443th:128:Raster
	computeIthOp, 577, cost time: 0.413000 ms
current Op is 444th:68:Reduction
	computeIthOp, 577, cost time: 0.414000 ms
current Op is 445th:128:Raster
	computeIthOp, 577, cost time: 0.189000 ms
current Op is 446th:68:Reduction
	computeIthOp, 577, cost time: 0.547000 ms
current Op is 447th:128:Raster
	computeIthOp, 577, cost time: 0.395000 ms
current Op is 448th:39:MatMul
	computeIthOp, 577, cost time: 9.030001 ms
current Op is 449th:128:Raster
	computeIthOp, 577, cost time: 0.400000 ms
current Op is 450th:68:Reduction
	computeIthOp, 577, cost time: 0.348000 ms
current Op is 451th:128:Raster
	computeIthOp, 577, cost time: 0.170000 ms
current Op is 452th:68:Reduction
	computeIthOp, 577, cost time: 0.529000 ms
current Op is 453th:128:Raster
	computeIthOp, 577, cost time: 0.402000 ms
current Op is 454th:39:MatMul
	computeIthOp, 577, cost time: 1.587000 ms
current Op is 455th:128:Raster
	computeIthOp, 577, cost time: 0.125000 ms
current Op is 456th:128:Raster
	computeIthOp, 577, cost time: 0.371000 ms
current Op is 457th:39:MatMul
	computeIthOp, 577, cost time: 8.167001 ms
current Op is 458th:128:Raster
	computeIthOp, 577, cost time: 1.063000 ms
current Op is 459th:68:Reduction
	computeIthOp, 577, cost time: 0.496000 ms
current Op is 460th:128:Raster
	computeIthOp, 577, cost time: 0.119000 ms
current Op is 461th:128:Raster
	computeIthOp, 577, cost time: 0.443000 ms
current Op is 462th:39:MatMul
	computeIthOp, 577, cost time: 2.439000 ms
current Op is 463th:128:Raster
	computeIthOp, 577, cost time: 0.181000 ms
current Op is 464th:68:Reduction
	computeIthOp, 577, cost time: 0.131000 ms
current Op is 465th:128:Raster
	computeIthOp, 577, cost time: 0.332000 ms
current Op is 466th:128:Raster
	computeIthOp, 577, cost time: 0.201000 ms
current Op is 467th:7:BinaryOp
	computeIthOp, 577, cost time: 0.142000 ms
current Op is 468th:128:Raster
	computeIthOp, 577, cost time: 0.214000 ms
current Op is 469th:68:Reduction
	computeIthOp, 577, cost time: 0.136000 ms
current Op is 470th:128:Raster
	computeIthOp, 577, cost time: 0.117000 ms
current Op is 471th:68:Reduction
	computeIthOp, 577, cost time: 0.196000 ms
current Op is 472th:128:Raster
	computeIthOp, 577, cost time: 0.220000 ms
current Op is 473th:39:MatMul
	computeIthOp, 577, cost time: 6.750000 ms
current Op is 474th:128:Raster
	computeIthOp, 577, cost time: 0.140000 ms
current Op is 475th:128:Raster
	computeIthOp, 577, cost time: 0.297000 ms
current Op is 476th:39:MatMul
	computeIthOp, 577, cost time: 5.079000 ms
current Op is 477th:128:Raster
	computeIthOp, 577, cost time: 0.760000 ms
current Op is 478th:68:Reduction
	computeIthOp, 577, cost time: 0.560000 ms
current Op is 479th:128:Raster
	computeIthOp, 577, cost time: 0.366000 ms
current Op is 480th:68:Reduction
	computeIthOp, 577, cost time: 0.443000 ms
current Op is 481th:128:Raster
	computeIthOp, 577, cost time: 0.260000 ms
current Op is 482th:68:Reduction
	computeIthOp, 577, cost time: 0.524000 ms
current Op is 483th:128:Raster
	computeIthOp, 577, cost time: 0.454000 ms
current Op is 484th:39:MatMul
	computeIthOp, 577, cost time: 9.617001 ms
current Op is 485th:128:Raster
	computeIthOp, 577, cost time: 0.721000 ms
current Op is 486th:68:Reduction
	computeIthOp, 577, cost time: 0.379000 ms
current Op is 487th:128:Raster
	computeIthOp, 577, cost time: 0.184000 ms
current Op is 488th:68:Reduction
	computeIthOp, 577, cost time: 0.511000 ms
current Op is 489th:128:Raster
	computeIthOp, 577, cost time: 0.495000 ms
current Op is 490th:39:MatMul
	computeIthOp, 577, cost time: 1.559000 ms
current Op is 491th:128:Raster
	computeIthOp, 577, cost time: 0.128000 ms
current Op is 492th:128:Raster
	computeIthOp, 577, cost time: 0.370000 ms
current Op is 493th:39:MatMul
	computeIthOp, 577, cost time: 8.138000 ms
current Op is 494th:128:Raster
	computeIthOp, 577, cost time: 1.521000 ms
current Op is 495th:68:Reduction
	computeIthOp, 577, cost time: 0.494000 ms
current Op is 496th:128:Raster
	computeIthOp, 577, cost time: 0.148000 ms
current Op is 497th:128:Raster
	computeIthOp, 577, cost time: 0.399000 ms
current Op is 498th:39:MatMul
	computeIthOp, 577, cost time: 2.408000 ms
current Op is 499th:128:Raster
	computeIthOp, 577, cost time: 0.170000 ms
current Op is 500th:68:Reduction
	computeIthOp, 577, cost time: 0.126000 ms
current Op is 501th:128:Raster
	computeIthOp, 577, cost time: 0.248000 ms
current Op is 502th:128:Raster
	computeIthOp, 577, cost time: 0.219000 ms
current Op is 503th:7:BinaryOp
	computeIthOp, 577, cost time: 0.142000 ms
current Op is 504th:128:Raster
	computeIthOp, 577, cost time: 0.211000 ms
current Op is 505th:68:Reduction
	computeIthOp, 577, cost time: 0.144000 ms
current Op is 506th:128:Raster
	computeIthOp, 577, cost time: 0.115000 ms
current Op is 507th:68:Reduction
	computeIthOp, 577, cost time: 0.196000 ms
current Op is 508th:128:Raster
	computeIthOp, 577, cost time: 0.264000 ms
current Op is 509th:39:MatMul
	computeIthOp, 577, cost time: 4.820000 ms
current Op is 510th:128:Raster
	computeIthOp, 577, cost time: 0.169000 ms
current Op is 511th:128:Raster
	computeIthOp, 577, cost time: 0.282000 ms
current Op is 512th:39:MatMul
	computeIthOp, 577, cost time: 3.689000 ms
current Op is 513th:128:Raster
	computeIthOp, 577, cost time: 0.570000 ms
current Op is 514th:68:Reduction
	computeIthOp, 577, cost time: 0.461000 ms
current Op is 515th:128:Raster
	computeIthOp, 577, cost time: 5.172000 ms
current Op is 516th:7:BinaryOp
	computeIthOp, 577, cost time: 6.131001 ms
current Op is 517th:9:Cast
	computeIthOp, 577, cost time: 5.035000 ms
current Op is 518th:128:Raster
	computeIthOp, 577, cost time: 0.917000 ms
current Op is 519th:7:BinaryOp
	computeIthOp, 577, cost time: 0.658000 ms
current Op is 520th:128:Raster
	computeIthOp, 577, cost time: 5.155000 ms
current Op is 521th:7:BinaryOp
	computeIthOp, 577, cost time: 5.834000 ms
current Op is 522th:9:Cast
	computeIthOp, 577, cost time: 4.582000 ms
current Op is 523th:7:BinaryOp
	computeIthOp, 577, cost time: 0.631000 ms
current Op is 524th:128:Raster
	computeIthOp, 577, cost time: 5.303000 ms
current Op is 525th:7:BinaryOp
	computeIthOp, 577, cost time: 5.393000 ms
current Op is 526th:9:Cast
	computeIthOp, 577, cost time: 5.059000 ms
current Op is 527th:7:BinaryOp
	computeIthOp, 577, cost time: 1.072000 ms
current Op is 528th:128:Raster
	computeIthOp, 577, cost time: 5.411000 ms
current Op is 529th:7:BinaryOp
	computeIthOp, 577, cost time: 5.752000 ms
current Op is 530th:9:Cast
	computeIthOp, 577, cost time: 4.946000 ms
current Op is 531th:7:BinaryOp
	computeIthOp, 577, cost time: 0.763000 ms
current Op is 532th:128:Raster
	computeIthOp, 577, cost time: 5.326000 ms
current Op is 533th:7:BinaryOp
	computeIthOp, 577, cost time: 5.807000 ms
current Op is 534th:9:Cast
	computeIthOp, 577, cost time: 4.370000 ms
current Op is 535th:7:BinaryOp
	computeIthOp, 577, cost time: 0.688000 ms
current Op is 536th:128:Raster
	computeIthOp, 577, cost time: 5.358000 ms
current Op is 537th:7:BinaryOp
	computeIthOp, 577, cost time: 5.825000 ms
current Op is 538th:9:Cast
	computeIthOp, 577, cost time: 4.635000 ms
current Op is 539th:7:BinaryOp
	computeIthOp, 577, cost time: 1.036000 ms
current Op is 540th:128:Raster
	computeIthOp, 577, cost time: 5.318000 ms
current Op is 541th:7:BinaryOp
	computeIthOp, 577, cost time: 5.578000 ms
current Op is 542th:9:Cast
	computeIthOp, 577, cost time: 4.963000 ms
current Op is 543th:7:BinaryOp
	computeIthOp, 577, cost time: 0.601000 ms
current Op is 544th:128:Raster
	computeIthOp, 577, cost time: 5.244000 ms
current Op is 545th:7:BinaryOp
	computeIthOp, 577, cost time: 5.610000 ms
current Op is 546th:9:Cast
	computeIthOp, 577, cost time: 4.743000 ms
current Op is 547th:7:BinaryOp
	computeIthOp, 577, cost time: 0.646000 ms
current Op is 548th:128:Raster
	computeIthOp, 577, cost time: 5.154000 ms
current Op is 549th:7:BinaryOp
	computeIthOp, 577, cost time: 5.612000 ms
current Op is 550th:9:Cast
	computeIthOp, 577, cost time: 4.505000 ms
current Op is 551th:7:BinaryOp
	computeIthOp, 577, cost time: 1.199000 ms
current Op is 552th:128:Raster
	computeIthOp, 577, cost time: 5.925000 ms
current Op is 553th:128:Raster
	computeIthOp, 577, cost time: 6.292000 ms
current Op is 554th:128:Raster
	computeIthOp, 577, cost time: 5.960001 ms
current Op is 555th:128:Raster
	computeIthOp, 577, cost time: 10.082001 ms
current Op is 556th:128:Raster
	computeIthOp, 577, cost time: 10.422001 ms
current Op is 557th:128:Raster
	computeIthOp, 577, cost time: 11.331000 ms
current Op is 558th:128:Raster
	computeIthOp, 577, cost time: 11.276001 ms
current Op is 559th:128:Raster
	computeIthOp, 577, cost time: 9.903001 ms
current Op is 560th:128:Raster
	computeIthOp, 577, cost time: 10.467001 ms
current Op is 561th:22:Eltwise
	computeIthOp, 577, cost time: 19.411001 ms
current Op is 562th:128:Raster
	computeIthOp, 577, cost time: 3.722000 ms
current Op is 563th:68:Reduction
	computeIthOp, 577, cost time: 2.357000 ms
current Op is 564th:128:Raster
	computeIthOp, 577, cost time: 0.641000 ms
current Op is 565th:68:Reduction
	computeIthOp, 577, cost time: 2.585000 ms
current Op is 566th:128:Raster
	computeIthOp, 577, cost time: 3.926000 ms
current Op is 567th:39:MatMul
	computeIthOp, 577, cost time: 64.020004 ms
current Op is 568th:128:Raster
	computeIthOp, 577, cost time: 0.138000 ms
current Op is 569th:128:Raster
	computeIthOp, 577, cost time: 0.112000 ms
current Op is 570th:128:Raster
	computeIthOp, 577, cost time: 0.095000 ms
current Op is 571th:128:Raster
	computeIthOp, 577, cost time: 0.484000 ms
current Op is 572th:128:Raster
	computeIthOp, 577, cost time: 0.092000 ms
current Op is 573th:128:Raster
	computeIthOp, 577, cost time: 0.115000 ms
current Op is 574th:128:Raster
	computeIthOp, 577, cost time: 0.090000 ms
current Op is 575th:128:Raster
	computeIthOp, 577, cost time: 0.166000 ms
current Op is 576th:128:Raster
	computeIthOp, 577, cost time: 0.089000 ms
current Op is 577th:128:Raster
	computeIthOp, 577, cost time: 0.538000 ms
current Op is 578th:128:Raster
	computeIthOp, 577, cost time: 0.091000 ms
current Op is 579th:128:Raster
	computeIthOp, 577, cost time: 0.112000 ms
current Op is 580th:128:Raster
	computeIthOp, 577, cost time: 0.084000 ms
current Op is 581th:128:Raster
	computeIthOp, 577, cost time: 0.114000 ms
current Op is 582th:128:Raster
	computeIthOp, 577, cost time: 0.090000 ms
current Op is 583th:128:Raster
	computeIthOp, 577, cost time: 0.213000 ms
current Op is 584th:128:Raster
	computeIthOp, 577, cost time: 0.116000 ms
current Op is 585th:128:Raster
	computeIthOp, 577, cost time: 0.126000 ms
current Op is 586th:128:Raster
	computeIthOp, 577, cost time: 0.088000 ms
current Op is 587th:128:Raster
	computeIthOp, 577, cost time: 0.114000 ms
current Op is 588th:128:Raster
	computeIthOp, 577, cost time: 0.087000 ms
current Op is 589th:128:Raster
	computeIthOp, 577, cost time: 0.176000 ms
current Op is 590th:128:Raster
	computeIthOp, 577, cost time: 0.088000 ms
current Op is 591th:128:Raster
	computeIthOp, 577, cost time: 0.117000 ms
current Op is 592th:128:Raster
	computeIthOp, 577, cost time: 0.083000 ms
current Op is 593th:128:Raster
	computeIthOp, 577, cost time: 0.119000 ms
current Op is 594th:128:Raster
	computeIthOp, 577, cost time: 0.089000 ms
current Op is 595th:128:Raster
	computeIthOp, 577, cost time: 0.140000 ms
current Op is 596th:128:Raster
	computeIthOp, 577, cost time: 0.087000 ms
current Op is 597th:128:Raster
	computeIthOp, 577, cost time: 0.097000 ms
current Op is 598th:128:Raster
	computeIthOp, 577, cost time: 0.099000 ms
current Op is 599th:128:Raster
	computeIthOp, 577, cost time: 0.095000 ms
current Op is 600th:128:Raster
	computeIthOp, 577, cost time: 0.086000 ms
current Op is 601th:128:Raster
	computeIthOp, 577, cost time: 0.132000 ms
current Op is 602th:128:Raster
	computeIthOp, 577, cost time: 0.094000 ms
current Op is 603th:128:Raster
	computeIthOp, 577, cost time: 0.091000 ms
current Op is 604th:128:Raster
	computeIthOp, 577, cost time: 0.085000 ms
current Op is 605th:128:Raster
	computeIthOp, 577, cost time: 0.088000 ms
current Op is 606th:128:Raster
	computeIthOp, 577, cost time: 0.084000 ms
current Op is 607th:128:Raster
	computeIthOp, 577, cost time: 0.103000 ms
current Op is 608th:128:Raster
	computeIthOp, 577, cost time: 0.085000 ms
current Op is 609th:128:Raster
	computeIthOp, 577, cost time: 0.090000 ms
current Op is 610th:128:Raster
	computeIthOp, 577, cost time: 0.084000 ms
current Op is 611th:128:Raster
	computeIthOp, 577, cost time: 0.115000 ms
current Op is 612th:128:Raster
	computeIthOp, 577, cost time: 0.090000 ms
current Op is 613th:128:Raster
	computeIthOp, 577, cost time: 0.105000 ms
current Op is 614th:128:Raster
	computeIthOp, 577, cost time: 0.085000 ms
current Op is 615th:128:Raster
	computeIthOp, 577, cost time: 0.087000 ms
current Op is 616th:128:Raster
	computeIthOp, 577, cost time: 0.084000 ms
current Op is 617th:128:Raster
	computeIthOp, 577, cost time: 0.087000 ms
current Op is 618th:128:Raster
	computeIthOp, 577, cost time: 0.107000 ms
current Op is 619th:128:Raster
	computeIthOp, 577, cost time: 0.106000 ms
SGD.cpp:onGetNextParameter: finish read-map & start replace
SGD.cpp:onGetNextParameter: finish replace & start compute update value
current Op is 0th:7:BinaryOp
	computeIthOp, 577, cost time: 0.286000 ms
current Op is 1th:7:BinaryOp
	computeIthOp, 577, cost time: 0.072000 ms
current Op is 0th:7:BinaryOp
	computeIthOp, 577, cost time: 0.314000 ms
current Op is 1th:7:BinaryOp
	computeIthOp, 577, cost time: 0.066000 ms
current Op is 2th:7:BinaryOp
	computeIthOp, 577, cost time: 0.070000 ms
current Op is 0th:7:BinaryOp
	computeIthOp, 577, cost time: 0.292000 ms
current Op is 1th:7:BinaryOp
	computeIthOp, 577, cost time: 0.075000 ms
current Op is 0th:7:BinaryOp
	computeIthOp, 577, cost time: 0.307000 ms
current Op is 1th:7:BinaryOp
	computeIthOp, 577, cost time: 0.061000 ms
current Op is 2th:7:BinaryOp
	computeIthOp, 577, cost time: 0.065000 ms
current Op is 0th:7:BinaryOp
	computeIthOp, 577, cost time: 0.066000 ms
current Op is 1th:7:BinaryOp
	computeIthOp, 577, cost time: 0.067000 ms
current Op is 0th:7:BinaryOp
	computeIthOp, 577, cost time: 0.066000 ms
current Op is 1th:7:BinaryOp
	computeIthOp, 577, cost time: 0.065000 ms
current Op is 2th:7:BinaryOp
	computeIthOp, 577, cost time: 0.068000 ms
current Op is 0th:7:BinaryOp
	computeIthOp, 577, cost time: 0.066000 ms
current Op is 1th:7:BinaryOp
	computeIthOp, 577, cost time: 0.063000 ms
current Op is 0th:7:BinaryOp
	computeIthOp, 577, cost time: 0.065000 ms
current Op is 1th:7:BinaryOp
	computeIthOp, 577, cost time: 0.060000 ms
current Op is 2th:7:BinaryOp
	computeIthOp, 577, cost time: 0.076000 ms
current Op is 0th:7:BinaryOp
	computeIthOp, 577, cost time: 0.087000 ms
current Op is 1th:7:BinaryOp
	computeIthOp, 577, cost time: 0.103000 ms
current Op is 0th:7:BinaryOp
	computeIthOp, 577, cost time: 0.382000 ms
current Op is 1th:7:BinaryOp
	computeIthOp, 577, cost time: 0.085000 ms
current Op is 2th:7:BinaryOp
	computeIthOp, 577, cost time: 0.099000 ms
current Op is 0th:7:BinaryOp
	computeIthOp, 577, cost time: 0.309000 ms
current Op is 1th:7:BinaryOp
	computeIthOp, 577, cost time: 0.064000 ms
current Op is 0th:7:BinaryOp
	computeIthOp, 577, cost time: 0.298000 ms
current Op is 1th:7:BinaryOp
	computeIthOp, 577, cost time: 0.062000 ms
current Op is 2th:7:BinaryOp
	computeIthOp, 577, cost time: 0.064000 ms
current Op is 0th:7:BinaryOp
	computeIthOp, 577, cost time: 0.070000 ms
current Op is 1th:7:BinaryOp
	computeIthOp, 577, cost time: 0.076000 ms
current Op is 0th:7:BinaryOp
	computeIthOp, 577, cost time: 0.068000 ms
current Op is 1th:7:BinaryOp
	computeIthOp, 577, cost time: 0.070000 ms
current Op is 2th:7:BinaryOp
	computeIthOp, 577, cost time: 0.074000 ms
current Op is 0th:7:BinaryOp
	computeIthOp, 577, cost time: 0.064000 ms
current Op is 1th:7:BinaryOp
	computeIthOp, 577, cost time: 0.064000 ms
current Op is 0th:7:BinaryOp
	computeIthOp, 577, cost time: 0.304000 ms
current Op is 1th:7:BinaryOp
	computeIthOp, 577, cost time: 0.060000 ms
current Op is 2th:7:BinaryOp
	computeIthOp, 577, cost time: 0.064000 ms
current Op is 0th:7:BinaryOp
	computeIthOp, 577, cost time: 0.312000 ms
current Op is 1th:7:BinaryOp
	computeIthOp, 577, cost time: 0.070000 ms
current Op is 0th:7:BinaryOp
	computeIthOp, 577, cost time: 0.338000 ms
current Op is 1th:7:BinaryOp
	computeIthOp, 577, cost time: 0.066000 ms
current Op is 2th:7:BinaryOp
	computeIthOp, 577, cost time: 0.071000 ms
current Op is 0th:7:BinaryOp
	computeIthOp, 577, cost time: 0.064000 ms
current Op is 1th:7:BinaryOp
	computeIthOp, 577, cost time: 0.064000 ms
current Op is 0th:7:BinaryOp
	computeIthOp, 577, cost time: 0.063000 ms
current Op is 1th:7:BinaryOp
	computeIthOp, 577, cost time: 0.062000 ms
current Op is 2th:7:BinaryOp
	computeIthOp, 577, cost time: 0.065000 ms
current Op is 0th:7:BinaryOp
	computeIthOp, 577, cost time: 0.109000 ms
current Op is 1th:7:BinaryOp
	computeIthOp, 577, cost time: 0.133000 ms
current Op is 0th:7:BinaryOp
	computeIthOp, 577, cost time: 0.358000 ms
current Op is 1th:7:BinaryOp
	computeIthOp, 577, cost time: 0.104000 ms
current Op is 2th:7:BinaryOp
	computeIthOp, 577, cost time: 0.127000 ms
current Op is 0th:7:BinaryOp
	computeIthOp, 577, cost time: 0.352000 ms
current Op is 1th:7:BinaryOp
	computeIthOp, 577, cost time: 0.063000 ms
current Op is 0th:7:BinaryOp
	computeIthOp, 577, cost time: 0.361000 ms
current Op is 1th:7:BinaryOp
	computeIthOp, 577, cost time: 0.070000 ms
current Op is 2th:7:BinaryOp
	computeIthOp, 577, cost time: 0.066000 ms
current Op is 0th:7:BinaryOp
	computeIthOp, 577, cost time: 0.073000 ms
current Op is 1th:7:BinaryOp
	computeIthOp, 577, cost time: 0.086000 ms
current Op is 0th:7:BinaryOp
	computeIthOp, 577, cost time: 0.071000 ms
current Op is 1th:7:BinaryOp
	computeIthOp, 577, cost time: 0.070000 ms
current Op is 2th:7:BinaryOp
	computeIthOp, 577, cost time: 0.078000 ms
current Op is 0th:7:BinaryOp
	computeIthOp, 577, cost time: 0.066000 ms
current Op is 1th:7:BinaryOp
	computeIthOp, 577, cost time: 0.063000 ms
current Op is 0th:7:BinaryOp
	computeIthOp, 577, cost time: 0.281000 ms
current Op is 1th:7:BinaryOp
	computeIthOp, 577, cost time: 0.066000 ms
current Op is 2th:7:BinaryOp
	computeIthOp, 577, cost time: 0.065000 ms
current Op is 0th:7:BinaryOp
	computeIthOp, 577, cost time: 0.069000 ms
current Op is 1th:7:BinaryOp
	computeIthOp, 577, cost time: 0.070000 ms
current Op is 0th:7:BinaryOp
	computeIthOp, 577, cost time: 0.067000 ms
current Op is 1th:7:BinaryOp
	computeIthOp, 577, cost time: 0.066000 ms
current Op is 2th:7:BinaryOp
	computeIthOp, 577, cost time: 0.068000 ms
current Op is 0th:7:BinaryOp
	computeIthOp, 577, cost time: 0.064000 ms
current Op is 1th:7:BinaryOp
	computeIthOp, 577, cost time: 0.063000 ms
current Op is 0th:7:BinaryOp
	computeIthOp, 577, cost time: 0.065000 ms
current Op is 1th:7:BinaryOp
	computeIthOp, 577, cost time: 0.068000 ms
current Op is 2th:7:BinaryOp
	computeIthOp, 577, cost time: 0.064000 ms
current Op is 0th:7:BinaryOp
	computeIthOp, 577, cost time: 0.107000 ms
current Op is 1th:7:BinaryOp
	computeIthOp, 577, cost time: 0.134000 ms
current Op is 0th:7:BinaryOp
	computeIthOp, 577, cost time: 0.497000 ms
current Op is 1th:7:BinaryOp
	computeIthOp, 577, cost time: 0.107000 ms
current Op is 2th:7:BinaryOp
	computeIthOp, 577, cost time: 0.130000 ms
current Op is 0th:7:BinaryOp
	computeIthOp, 577, cost time: 0.340000 ms
current Op is 1th:7:BinaryOp
	computeIthOp, 577, cost time: 0.064000 ms
current Op is 0th:7:BinaryOp
	computeIthOp, 577, cost time: 0.394000 ms
current Op is 1th:7:BinaryOp
	computeIthOp, 577, cost time: 0.063000 ms
current Op is 2th:7:BinaryOp
	computeIthOp, 577, cost time: 0.070000 ms
current Op is 0th:7:BinaryOp
	computeIthOp, 577, cost time: 0.066000 ms
current Op is 1th:128:Raster
	computeIthOp, 577, cost time: 0.087000 ms
current Op is 2th:7:BinaryOp
	computeIthOp, 577, cost time: 0.071000 ms
current Op is 0th:7:BinaryOp
	computeIthOp, 577, cost time: 0.068000 ms
current Op is 1th:7:BinaryOp
	computeIthOp, 577, cost time: 0.064000 ms
current Op is 2th:128:Raster
	computeIthOp, 577, cost time: 0.094000 ms
current Op is 3th:7:BinaryOp
	computeIthOp, 577, cost time: 0.070000 ms
current Op is 0th:7:BinaryOp
	computeIthOp, 577, cost time: 0.065000 ms
current Op is 1th:7:BinaryOp
	computeIthOp, 577, cost time: 0.063000 ms
current Op is 0th:7:BinaryOp
	computeIthOp, 577, cost time: 0.063000 ms
current Op is 1th:7:BinaryOp
	computeIthOp, 577, cost time: 0.060000 ms
current Op is 2th:7:BinaryOp
	computeIthOp, 577, cost time: 0.063000 ms
current Op is 0th:7:BinaryOp
	computeIthOp, 577, cost time: 0.066000 ms
current Op is 1th:7:BinaryOp
	computeIthOp, 577, cost time: 0.066000 ms
current Op is 0th:7:BinaryOp
	computeIthOp, 577, cost time: 0.065000 ms
current Op is 1th:7:BinaryOp
	computeIthOp, 577, cost time: 0.078000 ms
current Op is 2th:7:BinaryOp
	computeIthOp, 577, cost time: 0.068000 ms
current Op is 0th:7:BinaryOp
	computeIthOp, 577, cost time: 0.064000 ms
current Op is 1th:7:BinaryOp
	computeIthOp, 577, cost time: 0.063000 ms
current Op is 0th:7:BinaryOp
	computeIthOp, 577, cost time: 0.063000 ms
current Op is 1th:7:BinaryOp
	computeIthOp, 577, cost time: 0.061000 ms
current Op is 2th:7:BinaryOp
	computeIthOp, 577, cost time: 0.063000 ms
current Op is 0th:7:BinaryOp
	computeIthOp, 577, cost time: 0.065000 ms
current Op is 1th:7:BinaryOp
	computeIthOp, 577, cost time: 0.066000 ms
current Op is 0th:7:BinaryOp
	computeIthOp, 577, cost time: 0.064000 ms
current Op is 1th:7:BinaryOp
	computeIthOp, 577, cost time: 0.073000 ms
current Op is 2th:7:BinaryOp
	computeIthOp, 577, cost time: 0.067000 ms
current Op is 0th:7:BinaryOp
	computeIthOp, 577, cost time: 0.064000 ms
current Op is 1th:7:BinaryOp
	computeIthOp, 577, cost time: 0.064000 ms
current Op is 0th:7:BinaryOp
	computeIthOp, 577, cost time: 0.063000 ms
current Op is 1th:7:BinaryOp
	computeIthOp, 577, cost time: 0.061000 ms
current Op is 2th:7:BinaryOp
	computeIthOp, 577, cost time: 0.064000 ms
current Op is 0th:7:BinaryOp
	computeIthOp, 577, cost time: 0.066000 ms
current Op is 1th:7:BinaryOp
	computeIthOp, 577, cost time: 0.064000 ms
current Op is 0th:7:BinaryOp
	computeIthOp, 577, cost time: 0.071000 ms
current Op is 1th:7:BinaryOp
	computeIthOp, 577, cost time: 0.071000 ms
current Op is 2th:7:BinaryOp
	computeIthOp, 577, cost time: 0.067000 ms
current Op is 0th:7:BinaryOp
	computeIthOp, 577, cost time: 0.064000 ms
current Op is 1th:7:BinaryOp
	computeIthOp, 577, cost time: 0.063000 ms
current Op is 0th:7:BinaryOp
	computeIthOp, 577, cost time: 0.063000 ms
current Op is 1th:7:BinaryOp
	computeIthOp, 577, cost time: 0.060000 ms
current Op is 2th:7:BinaryOp
	computeIthOp, 577, cost time: 0.063000 ms
current Op is 0th:7:BinaryOp
	computeIthOp, 577, cost time: 0.434000 ms
current Op is 1th:7:BinaryOp
	computeIthOp, 577, cost time: 0.210000 ms
current Op is 0th:7:BinaryOp
	computeIthOp, 577, cost time: 0.345000 ms
current Op is 1th:7:BinaryOp
	computeIthOp, 577, cost time: 0.103000 ms
current Op is 2th:7:BinaryOp
	computeIthOp, 577, cost time: 0.135000 ms
current Op is 0th:7:BinaryOp
	computeIthOp, 577, cost time: 0.428000 ms
current Op is 1th:7:BinaryOp
	computeIthOp, 577, cost time: 0.105000 ms
current Op is 0th:7:BinaryOp
	computeIthOp, 577, cost time: 0.182000 ms
current Op is 1th:7:BinaryOp
	computeIthOp, 577, cost time: 0.096000 ms
current Op is 2th:7:BinaryOp
	computeIthOp, 577, cost time: 0.104000 ms
current Op is 0th:7:BinaryOp
	computeIthOp, 577, cost time: 0.245000 ms
current Op is 1th:7:BinaryOp
	computeIthOp, 577, cost time: 0.135000 ms
current Op is 0th:7:BinaryOp
	computeIthOp, 577, cost time: 0.105000 ms
current Op is 1th:7:BinaryOp
	computeIthOp, 577, cost time: 0.079000 ms
current Op is 2th:7:BinaryOp
	computeIthOp, 577, cost time: 0.083000 ms
current Op is 0th:7:BinaryOp
	computeIthOp, 577, cost time: 0.274000 ms
current Op is 1th:7:BinaryOp
	computeIthOp, 577, cost time: 0.079000 ms
current Op is 0th:7:BinaryOp
	computeIthOp, 577, cost time: 0.277000 ms
current Op is 1th:7:BinaryOp
	computeIthOp, 577, cost time: 0.443000 ms
current Op is 2th:7:BinaryOp
	computeIthOp, 577, cost time: 0.079000 ms
current Op is 0th:7:BinaryOp
	computeIthOp, 577, cost time: 0.304000 ms
current Op is 1th:7:BinaryOp
	computeIthOp, 577, cost time: 0.065000 ms
current Op is 0th:7:BinaryOp
	computeIthOp, 577, cost time: 0.065000 ms
current Op is 1th:7:BinaryOp
	computeIthOp, 577, cost time: 0.064000 ms
current Op is 2th:7:BinaryOp
	computeIthOp, 577, cost time: 0.066000 ms
current Op is 0th:7:BinaryOp
	computeIthOp, 577, cost time: 0.079000 ms
current Op is 1th:7:BinaryOp
	computeIthOp, 577, cost time: 0.063000 ms
current Op is 0th:7:BinaryOp
	computeIthOp, 577, cost time: 0.064000 ms
current Op is 1th:7:BinaryOp
	computeIthOp, 577, cost time: 0.061000 ms
current Op is 2th:7:BinaryOp
	computeIthOp, 577, cost time: 0.064000 ms
current Op is 0th:7:BinaryOp
	computeIthOp, 577, cost time: 0.376000 ms
current Op is 1th:7:BinaryOp
	computeIthOp, 577, cost time: 0.134000 ms
current Op is 0th:7:BinaryOp
	computeIthOp, 577, cost time: 0.752000 ms
current Op is 1th:7:BinaryOp
	computeIthOp, 577, cost time: 0.110000 ms
current Op is 2th:7:BinaryOp
	computeIthOp, 577, cost time: 0.130000 ms
current Op is 0th:7:BinaryOp
	computeIthOp, 577, cost time: 0.246000 ms
current Op is 1th:7:BinaryOp
	computeIthOp, 577, cost time: 0.084000 ms
current Op is 0th:7:BinaryOp
	computeIthOp, 577, cost time: 0.263000 ms
current Op is 1th:7:BinaryOp
	computeIthOp, 577, cost time: 0.079000 ms
current Op is 2th:7:BinaryOp
	computeIthOp, 577, cost time: 0.081000 ms
current Op is 0th:7:BinaryOp
	computeIthOp, 577, cost time: 0.723000 ms
current Op is 1th:7:BinaryOp
	computeIthOp, 577, cost time: 0.081000 ms
current Op is 0th:7:BinaryOp
	computeIthOp, 577, cost time: 0.066000 ms
current Op is 1th:7:BinaryOp
	computeIthOp, 577, cost time: 0.063000 ms
current Op is 2th:7:BinaryOp
	computeIthOp, 577, cost time: 0.066000 ms
current Op is 0th:7:BinaryOp
	computeIthOp, 577, cost time: 0.141000 ms
current Op is 1th:7:BinaryOp
	computeIthOp, 577, cost time: 0.212000 ms
current Op is 0th:7:BinaryOp
	computeIthOp, 577, cost time: 0.107000 ms
current Op is 1th:7:BinaryOp
	computeIthOp, 577, cost time: 0.139000 ms
current Op is 2th:7:BinaryOp
	computeIthOp, 577, cost time: 0.107000 ms
current Op is 0th:7:BinaryOp
	computeIthOp, 577, cost time: 0.099000 ms
current Op is 1th:7:BinaryOp
	computeIthOp, 577, cost time: 0.108000 ms
current Op is 0th:7:BinaryOp
	computeIthOp, 577, cost time: 0.343000 ms
current Op is 1th:7:BinaryOp
	computeIthOp, 577, cost time: 0.103000 ms
current Op is 2th:7:BinaryOp
	computeIthOp, 577, cost time: 0.121000 ms
current Op is 0th:7:BinaryOp
	computeIthOp, 577, cost time: 0.170000 ms
current Op is 1th:7:BinaryOp
	computeIthOp, 577, cost time: 0.103000 ms
current Op is 0th:7:BinaryOp
	computeIthOp, 577, cost time: 0.105000 ms
current Op is 1th:7:BinaryOp
	computeIthOp, 577, cost time: 0.086000 ms
current Op is 2th:7:BinaryOp
	computeIthOp, 577, cost time: 0.082000 ms
current Op is 0th:7:BinaryOp
	computeIthOp, 577, cost time: 0.091000 ms
current Op is 1th:7:BinaryOp
	computeIthOp, 577, cost time: 0.095000 ms
current Op is 0th:7:BinaryOp
	computeIthOp, 577, cost time: 0.492000 ms
current Op is 1th:7:BinaryOp
	computeIthOp, 577, cost time: 0.086000 ms
current Op is 2th:7:BinaryOp
	computeIthOp, 577, cost time: 0.085000 ms
current Op is 0th:7:BinaryOp
	computeIthOp, 577, cost time: 0.068000 ms
current Op is 1th:7:BinaryOp
	computeIthOp, 577, cost time: 0.063000 ms
current Op is 0th:7:BinaryOp
	computeIthOp, 577, cost time: 0.067000 ms
current Op is 1th:7:BinaryOp
	computeIthOp, 577, cost time: 0.062000 ms
current Op is 2th:7:BinaryOp
	computeIthOp, 577, cost time: 0.065000 ms
current Op is 0th:7:BinaryOp
	computeIthOp, 577, cost time: 0.070000 ms
current Op is 1th:7:BinaryOp
	computeIthOp, 577, cost time: 0.069000 ms
current Op is 0th:7:BinaryOp
	computeIthOp, 577, cost time: 0.068000 ms
current Op is 1th:7:BinaryOp
	computeIthOp, 577, cost time: 0.066000 ms
current Op is 2th:7:BinaryOp
	computeIthOp, 577, cost time: 0.068000 ms
current Op is 0th:7:BinaryOp
	computeIthOp, 577, cost time: 0.066000 ms
current Op is 1th:7:BinaryOp
	computeIthOp, 577, cost time: 0.063000 ms
current Op is 0th:7:BinaryOp
	computeIthOp, 577, cost time: 0.066000 ms
current Op is 1th:7:BinaryOp
	computeIthOp, 577, cost time: 0.062000 ms
current Op is 2th:7:BinaryOp
	computeIthOp, 577, cost time: 0.065000 ms
current Op is 0th:7:BinaryOp
	computeIthOp, 577, cost time: 0.151000 ms
current Op is 1th:7:BinaryOp
	computeIthOp, 577, cost time: 0.067000 ms
current Op is 0th:7:BinaryOp
	computeIthOp, 577, cost time: 0.068000 ms
current Op is 1th:7:BinaryOp
	computeIthOp, 577, cost time: 0.063000 ms
current Op is 2th:7:BinaryOp
	computeIthOp, 577, cost time: 0.066000 ms
current Op is 0th:7:BinaryOp
	computeIthOp, 577, cost time: 0.067000 ms
current Op is 1th:7:BinaryOp
	computeIthOp, 577, cost time: 0.064000 ms
current Op is 0th:7:BinaryOp
	computeIthOp, 577, cost time: 0.850000 ms
current Op is 1th:7:BinaryOp
	computeIthOp, 577, cost time: 0.108000 ms
current Op is 2th:7:BinaryOp
	computeIthOp, 577, cost time: 0.114000 ms
current Op is 0th:7:BinaryOp
	computeIthOp, 577, cost time: 0.868000 ms
current Op is 1th:7:BinaryOp
	computeIthOp, 577, cost time: 0.100000 ms
current Op is 0th:7:BinaryOp
	computeIthOp, 577, cost time: 0.085000 ms
current Op is 1th:7:BinaryOp
	computeIthOp, 577, cost time: 0.072000 ms
current Op is 2th:7:BinaryOp
	computeIthOp, 577, cost time: 0.092000 ms
current Op is 0th:7:BinaryOp
	computeIthOp, 577, cost time: 0.070000 ms
current Op is 1th:7:BinaryOp
	computeIthOp, 577, cost time: 0.063000 ms
current Op is 0th:7:BinaryOp
	computeIthOp, 577, cost time: 0.065000 ms
current Op is 1th:7:BinaryOp
	computeIthOp, 577, cost time: 0.061000 ms
current Op is 2th:7:BinaryOp
	computeIthOp, 577, cost time: 0.093000 ms
current Op is 0th:7:BinaryOp
	computeIthOp, 577, cost time: 0.070000 ms
current Op is 1th:7:BinaryOp
	computeIthOp, 577, cost time: 0.072000 ms
current Op is 0th:7:BinaryOp
	computeIthOp, 577, cost time: 0.069000 ms
current Op is 1th:7:BinaryOp
	computeIthOp, 577, cost time: 0.104000 ms
current Op is 2th:7:BinaryOp
	computeIthOp, 577, cost time: 0.068000 ms
current Op is 0th:7:BinaryOp
	computeIthOp, 577, cost time: 0.066000 ms
current Op is 1th:7:BinaryOp
	computeIthOp, 577, cost time: 0.063000 ms
current Op is 0th:7:BinaryOp
	computeIthOp, 577, cost time: 0.166000 ms
current Op is 1th:7:BinaryOp
	computeIthOp, 577, cost time: 0.061000 ms
current Op is 2th:7:BinaryOp
	computeIthOp, 577, cost time: 0.064000 ms
current Op is 0th:7:BinaryOp
	computeIthOp, 577, cost time: 0.070000 ms
current Op is 1th:7:BinaryOp
	computeIthOp, 577, cost time: 0.069000 ms
current Op is 0th:7:BinaryOp
	computeIthOp, 577, cost time: 0.067000 ms
current Op is 1th:7:BinaryOp
	computeIthOp, 577, cost time: 0.065000 ms
current Op is 2th:7:BinaryOp
	computeIthOp, 577, cost time: 0.239000 ms
current Op is 0th:7:BinaryOp
	computeIthOp, 577, cost time: 0.861000 ms
current Op is 1th:7:BinaryOp
	computeIthOp, 577, cost time: 0.150000 ms
current Op is 0th:7:BinaryOp
	computeIthOp, 577, cost time: 0.810000 ms
current Op is 1th:7:BinaryOp
	computeIthOp, 577, cost time: 0.073000 ms
current Op is 2th:7:BinaryOp
	computeIthOp, 577, cost time: 0.067000 ms
current Op is 0th:7:BinaryOp
	computeIthOp, 577, cost time: 0.393000 ms
current Op is 1th:7:BinaryOp
	computeIthOp, 577, cost time: 0.292000 ms
current Op is 0th:7:BinaryOp
	computeIthOp, 577, cost time: 0.290000 ms
current Op is 1th:7:BinaryOp
	computeIthOp, 577, cost time: 0.145000 ms
current Op is 2th:7:BinaryOp
	computeIthOp, 577, cost time: 0.172000 ms
current Op is 0th:7:BinaryOp
	computeIthOp, 577, cost time: 0.537000 ms
current Op is 1th:7:BinaryOp
	computeIthOp, 577, cost time: 0.110000 ms
current Op is 0th:7:BinaryOp
	computeIthOp, 577, cost time: 0.225000 ms
current Op is 1th:7:BinaryOp
	computeIthOp, 577, cost time: 0.081000 ms
current Op is 2th:7:BinaryOp
	computeIthOp, 577, cost time: 0.085000 ms
SGD.cpp: finish func onGetNextParameter
current Op is 0th:7:BinaryOp
	computeIthOp, 577, cost time: 0.301000 ms
current Op is 0th:7:BinaryOp
	computeIthOp, 577, cost time: 0.085000 ms
current Op is 0th:7:BinaryOp
	computeIthOp, 577, cost time: 0.090000 ms
current Op is 0th:7:BinaryOp
	computeIthOp, 577, cost time: 0.336000 ms
current Op is 0th:7:BinaryOp
	computeIthOp, 577, cost time: 0.394000 ms
current Op is 0th:7:BinaryOp
	computeIthOp, 577, cost time: 0.086000 ms
current Op is 0th:7:BinaryOp
	computeIthOp, 577, cost time: 0.100000 ms
current Op is 0th:7:BinaryOp
	computeIthOp, 577, cost time: 0.080000 ms
current Op is 0th:7:BinaryOp
	computeIthOp, 577, cost time: 0.094000 ms
current Op is 0th:7:BinaryOp
	computeIthOp, 577, cost time: 0.078000 ms
current Op is 0th:7:BinaryOp
	computeIthOp, 577, cost time: 0.243000 ms
current Op is 0th:7:BinaryOp
	computeIthOp, 577, cost time: 0.093000 ms
current Op is 0th:7:BinaryOp
	computeIthOp, 577, cost time: 0.111000 ms
current Op is 0th:7:BinaryOp
	computeIthOp, 577, cost time: 0.091000 ms
current Op is 0th:7:BinaryOp
	computeIthOp, 577, cost time: 0.093000 ms
current Op is 0th:7:BinaryOp
	computeIthOp, 577, cost time: 0.081000 ms
current Op is 0th:7:BinaryOp
	computeIthOp, 577, cost time: 0.234000 ms
current Op is 0th:7:BinaryOp
	computeIthOp, 577, cost time: 0.086000 ms
current Op is 0th:128:Raster
	computeIthOp, 577, cost time: 0.105000 ms
current Op is 1th:7:BinaryOp
	computeIthOp, 577, cost time: 0.094000 ms
current Op is 0th:7:BinaryOp
	computeIthOp, 577, cost time: 0.079000 ms
current Op is 0th:7:BinaryOp
	computeIthOp, 577, cost time: 0.082000 ms
current Op is 0th:7:BinaryOp
	computeIthOp, 577, cost time: 0.077000 ms
current Op is 0th:7:BinaryOp
	computeIthOp, 577, cost time: 0.121000 ms
current Op is 0th:7:BinaryOp
	computeIthOp, 577, cost time: 0.078000 ms
current Op is 0th:7:BinaryOp
	computeIthOp, 577, cost time: 0.078000 ms
current Op is 0th:7:BinaryOp
	computeIthOp, 577, cost time: 0.079000 ms
current Op is 0th:7:BinaryOp
	computeIthOp, 577, cost time: 0.253000 ms
current Op is 0th:7:BinaryOp
	computeIthOp, 577, cost time: 0.077000 ms
current Op is 0th:7:BinaryOp
	computeIthOp, 577, cost time: 0.080000 ms
current Op is 0th:7:BinaryOp
	computeIthOp, 577, cost time: 0.076000 ms
current Op is 0th:7:BinaryOp
	computeIthOp, 577, cost time: 0.080000 ms
current Op is 0th:7:BinaryOp
	computeIthOp, 577, cost time: 0.077000 ms
current Op is 0th:7:BinaryOp
	computeIthOp, 577, cost time: 0.083000 ms
current Op is 0th:7:BinaryOp
	computeIthOp, 577, cost time: 0.076000 ms
current Op is 0th:7:BinaryOp
	computeIthOp, 577, cost time: 0.079000 ms
current Op is 0th:7:BinaryOp
	computeIthOp, 577, cost time: 0.132000 ms
current Op is 0th:7:BinaryOp
	computeIthOp, 577, cost time: 0.079000 ms
current Op is 0th:7:BinaryOp
	computeIthOp, 577, cost time: 0.076000 ms
current Op is 0th:7:BinaryOp
	computeIthOp, 577, cost time: 0.105000 ms
current Op is 0th:7:BinaryOp
	computeIthOp, 577, cost time: 0.077000 ms
current Op is 0th:7:BinaryOp
	computeIthOp, 577, cost time: 0.082000 ms
current Op is 0th:7:BinaryOp
	computeIthOp, 577, cost time: 0.077000 ms
current Op is 0th:7:BinaryOp
	computeIthOp, 577, cost time: 0.080000 ms
current Op is 0th:7:BinaryOp
	computeIthOp, 577, cost time: 0.076000 ms
current Op is 0th:7:BinaryOp
	computeIthOp, 577, cost time: 0.105000 ms
current Op is 0th:7:BinaryOp
	computeIthOp, 577, cost time: 0.088000 ms
current Op is 0th:7:BinaryOp
	computeIthOp, 577, cost time: 0.085000 ms
current Op is 0th:7:BinaryOp
	computeIthOp, 577, cost time: 0.077000 ms
current Op is 0th:7:BinaryOp
	computeIthOp, 577, cost time: 0.164000 ms
current Op is 0th:7:BinaryOp
	computeIthOp, 577, cost time: 0.078000 ms
current Op is 0th:7:BinaryOp
	computeIthOp, 577, cost time: 0.147000 ms
current Op is 0th:7:BinaryOp
	computeIthOp, 577, cost time: 0.083000 ms
train, 137, cost time: 1720.557129 ms
train, 125, cost time: 1862.461060 ms
