Error to find creator of 9, set CPU default
begin an iteration 0
call step in MicroSGD, mMicroStep = 1, mStep = 0
don't need to use the micro-batch tech, call father's step directly
SGD.cpp:onGetNextParameter: finish compute grad graph
SGD.cpp:onGetNextParameter: finish prepare compute & start read-map
current Op is 0th:128:Raster
	computeIthOp, 577, cost time: 7.279000 ms
current Op is 1th:128:Raster
	computeIthOp, 577, cost time: 16.622002 ms
current Op is 2th:128:Raster
	computeIthOp, 577, cost time: 86.399002 ms
current Op is 3th:128:Raster
	computeIthOp, 577, cost time: 0.118000 ms
current Op is 4th:39:MatMul
	computeIthOp, 577, cost time: 167.021011 ms
current Op is 5th:128:Raster
	computeIthOp, 577, cost time: 27.116001 ms
current Op is 6th:47:Pooling
	computeIthOp, 577, cost time: 194.781006 ms
current Op is 7th:128:Raster
	computeIthOp, 577, cost time: 5.327000 ms
current Op is 8th:128:Raster
	computeIthOp, 577, cost time: 0.113000 ms
current Op is 9th:39:MatMul
	computeIthOp, 577, cost time: 5.641000 ms
current Op is 10th:128:Raster
	computeIthOp, 577, cost time: 1.587000 ms
current Op is 11th:128:Raster
	computeIthOp, 577, cost time: 0.705000 ms
current Op is 12th:128:Raster
	computeIthOp, 577, cost time: 0.117000 ms
current Op is 13th:39:MatMul
	computeIthOp, 577, cost time: 8.641001 ms
current Op is 14th:128:Raster
	computeIthOp, 577, cost time: 3.466000 ms
current Op is 15th:128:Raster
	computeIthOp, 577, cost time: 0.121000 ms
current Op is 16th:39:MatMul
	computeIthOp, 577, cost time: 22.333000 ms
current Op is 17th:128:Raster
	computeIthOp, 577, cost time: 6.919000 ms
current Op is 18th:128:Raster
	computeIthOp, 577, cost time: 4.617000 ms
current Op is 19th:128:Raster
	computeIthOp, 577, cost time: 0.127000 ms
current Op is 20th:39:MatMul
	computeIthOp, 577, cost time: 9.519000 ms
current Op is 21th:128:Raster
	computeIthOp, 577, cost time: 1.377000 ms
current Op is 22th:128:Raster
	computeIthOp, 577, cost time: 0.573000 ms
current Op is 23th:128:Raster
	computeIthOp, 577, cost time: 0.195000 ms
current Op is 24th:39:MatMul
	computeIthOp, 577, cost time: 8.532001 ms
current Op is 25th:128:Raster
	computeIthOp, 577, cost time: 3.528000 ms
current Op is 26th:128:Raster
	computeIthOp, 577, cost time: 0.129000 ms
current Op is 27th:39:MatMul
	computeIthOp, 577, cost time: 28.497002 ms
current Op is 28th:128:Raster
	computeIthOp, 577, cost time: 7.103000 ms
current Op is 29th:128:Raster
	computeIthOp, 577, cost time: 4.535000 ms
current Op is 30th:128:Raster
	computeIthOp, 577, cost time: 0.120000 ms
current Op is 31th:39:MatMul
	computeIthOp, 577, cost time: 13.357000 ms
current Op is 32th:128:Raster
	computeIthOp, 577, cost time: 2.614000 ms
current Op is 33th:128:Raster
	computeIthOp, 577, cost time: 1.291000 ms
current Op is 34th:128:Raster
	computeIthOp, 577, cost time: 0.126000 ms
current Op is 35th:39:MatMul
	computeIthOp, 577, cost time: 18.059000 ms
current Op is 36th:128:Raster
	computeIthOp, 577, cost time: 18.589001 ms
current Op is 37th:128:Raster
	computeIthOp, 577, cost time: 0.147000 ms
current Op is 38th:39:MatMul
	computeIthOp, 577, cost time: 87.712006 ms
current Op is 39th:128:Raster
	computeIthOp, 577, cost time: 19.317001 ms
current Op is 40th:47:Pooling
	computeIthOp, 577, cost time: 130.411011 ms
current Op is 41th:128:Raster
	computeIthOp, 577, cost time: 2.977000 ms
current Op is 42th:128:Raster
	computeIthOp, 577, cost time: 0.129000 ms
current Op is 43th:39:MatMul
	computeIthOp, 577, cost time: 5.372000 ms
current Op is 44th:128:Raster
	computeIthOp, 577, cost time: 0.581000 ms
current Op is 45th:128:Raster
	computeIthOp, 577, cost time: 0.460000 ms
current Op is 46th:128:Raster
	computeIthOp, 577, cost time: 0.144000 ms
current Op is 47th:39:MatMul
	computeIthOp, 577, cost time: 4.831000 ms
current Op is 48th:128:Raster
	computeIthOp, 577, cost time: 2.181000 ms
current Op is 49th:128:Raster
	computeIthOp, 577, cost time: 0.131000 ms
current Op is 50th:39:MatMul
	computeIthOp, 577, cost time: 17.927000 ms
current Op is 51th:128:Raster
	computeIthOp, 577, cost time: 3.556000 ms
current Op is 52th:128:Raster
	computeIthOp, 577, cost time: 2.683000 ms
current Op is 53th:128:Raster
	computeIthOp, 577, cost time: 0.145000 ms
current Op is 54th:39:MatMul
	computeIthOp, 577, cost time: 6.585001 ms
current Op is 55th:128:Raster
	computeIthOp, 577, cost time: 0.701000 ms
current Op is 56th:128:Raster
	computeIthOp, 577, cost time: 0.614000 ms
current Op is 57th:128:Raster
	computeIthOp, 577, cost time: 0.108000 ms
current Op is 58th:39:MatMul
	computeIthOp, 577, cost time: 7.921000 ms
current Op is 59th:128:Raster
	computeIthOp, 577, cost time: 3.044000 ms
current Op is 60th:128:Raster
	computeIthOp, 577, cost time: 0.161000 ms
current Op is 61th:39:MatMul
	computeIthOp, 577, cost time: 38.034000 ms
current Op is 62th:128:Raster
	computeIthOp, 577, cost time: 4.748000 ms
current Op is 63th:128:Raster
	computeIthOp, 577, cost time: 5.649000 ms
current Op is 64th:128:Raster
	computeIthOp, 577, cost time: 0.130000 ms
current Op is 65th:39:MatMul
	computeIthOp, 577, cost time: 8.910001 ms
current Op is 66th:128:Raster
	computeIthOp, 577, cost time: 0.781000 ms
current Op is 67th:128:Raster
	computeIthOp, 577, cost time: 0.658000 ms
current Op is 68th:128:Raster
	computeIthOp, 577, cost time: 0.163000 ms
current Op is 69th:39:MatMul
	computeIthOp, 577, cost time: 7.967000 ms
current Op is 70th:128:Raster
	computeIthOp, 577, cost time: 7.400001 ms
current Op is 71th:128:Raster
	computeIthOp, 577, cost time: 0.210000 ms
current Op is 72th:39:MatMul
	computeIthOp, 577, cost time: 43.207001 ms
current Op is 73th:128:Raster
	computeIthOp, 577, cost time: 5.043000 ms
current Op is 74th:128:Raster
	computeIthOp, 577, cost time: 4.070000 ms
current Op is 75th:128:Raster
	computeIthOp, 577, cost time: 0.128000 ms
current Op is 76th:39:MatMul
	computeIthOp, 577, cost time: 10.736000 ms
current Op is 77th:128:Raster
	computeIthOp, 577, cost time: 1.191000 ms
current Op is 78th:128:Raster
	computeIthOp, 577, cost time: 0.740000 ms
current Op is 79th:128:Raster
	computeIthOp, 577, cost time: 0.129000 ms
current Op is 80th:39:MatMul
	computeIthOp, 577, cost time: 12.076000 ms
current Op is 81th:128:Raster
	computeIthOp, 577, cost time: 9.943001 ms
current Op is 82th:128:Raster
	computeIthOp, 577, cost time: 0.246000 ms
current Op is 83th:39:MatMul
	computeIthOp, 577, cost time: 66.458000 ms
current Op is 84th:128:Raster
	computeIthOp, 577, cost time: 10.301001 ms
current Op is 85th:47:Pooling
	computeIthOp, 577, cost time: 70.206001 ms
current Op is 86th:128:Raster
	computeIthOp, 577, cost time: 1.795000 ms
current Op is 87th:128:Raster
	computeIthOp, 577, cost time: 0.188000 ms
current Op is 88th:39:MatMul
	computeIthOp, 577, cost time: 4.756000 ms
current Op is 89th:128:Raster
	computeIthOp, 577, cost time: 0.375000 ms
current Op is 90th:128:Raster
	computeIthOp, 577, cost time: 0.222000 ms
current Op is 91th:128:Raster
	computeIthOp, 577, cost time: 0.128000 ms
current Op is 92th:39:MatMul
	computeIthOp, 577, cost time: 2.980000 ms
current Op is 93th:128:Raster
	computeIthOp, 577, cost time: 1.367000 ms
current Op is 94th:128:Raster
	computeIthOp, 577, cost time: 0.181000 ms
current Op is 95th:39:MatMul
	computeIthOp, 577, cost time: 15.450001 ms
current Op is 96th:128:Raster
	computeIthOp, 577, cost time: 2.005000 ms
current Op is 97th:128:Raster
	computeIthOp, 577, cost time: 2.141000 ms
current Op is 98th:128:Raster
	computeIthOp, 577, cost time: 0.504000 ms
current Op is 99th:39:MatMul
	computeIthOp, 577, cost time: 0.789000 ms
current Op is 100th:128:Raster
	computeIthOp, 577, cost time: 0.152000 ms
current Op is 101th:47:Pooling
	computeIthOp, 577, cost time: 0.147000 ms
current Op is 102th:101:UnaryOp
	computeIthOp, 577, cost time: 0.088000 ms
current Op is 103th:7:BinaryOp
	computeIthOp, 577, cost time: 0.075000 ms
current Op is 104th:128:Raster
	computeIthOp, 577, cost time: 0.077000 ms
current Op is 105th:128:Raster
	computeIthOp, 577, cost time: 0.089000 ms
current Op is 106th:7:BinaryOp
	computeIthOp, 577, cost time: 0.087000 ms
current Op is 107th:128:Raster
	computeIthOp, 577, cost time: 0.078000 ms
current Op is 108th:128:Raster
	computeIthOp, 577, cost time: 0.089000 ms
current Op is 109th:128:Raster
	computeIthOp, 577, cost time: 0.174000 ms
current Op is 110th:7:BinaryOp
	computeIthOp, 577, cost time: 0.084000 ms
current Op is 111th:128:Raster
	computeIthOp, 577, cost time: 0.116000 ms
current Op is 112th:7:BinaryOp
	computeIthOp, 577, cost time: 0.072000 ms
current Op is 113th:128:Raster
	computeIthOp, 577, cost time: 0.084000 ms
current Op is 114th:9:Cast
	computeIthOp, 577, cost time: 0.069000 ms
current Op is 115th:119:OneHot
	computeIthOp, 577, cost time: 0.086000 ms
current Op is 116th:128:Raster
	computeIthOp, 577, cost time: 0.091000 ms
current Op is 117th:7:BinaryOp
	computeIthOp, 577, cost time: 0.098000 ms
current Op is 118th:128:Raster
	computeIthOp, 577, cost time: 0.104000 ms
current Op is 119th:7:BinaryOp
	computeIthOp, 577, cost time: 0.090000 ms
current Op is 120th:128:Raster
	computeIthOp, 577, cost time: 0.372000 ms
current Op is 121th:68:Reduction
	computeIthOp, 577, cost time: 11.143001 ms
current Op is 122th:128:Raster
	computeIthOp, 577, cost time: 0.162000 ms
current Op is 123th:68:Reduction
	computeIthOp, 577, cost time: 0.121000 ms
current Op is 124th:128:Raster
	computeIthOp, 577, cost time: 0.089000 ms
current Op is 125th:68:Reduction
	computeIthOp, 577, cost time: 0.088000 ms
current Op is 126th:128:Raster
	computeIthOp, 577, cost time: 0.088000 ms
current Op is 127th:39:MatMul
	computeIthOp, 577, cost time: 1.472000 ms
current Op is 128th:128:Raster
	computeIthOp, 577, cost time: 0.110000 ms
current Op is 129th:128:Raster
	computeIthOp, 577, cost time: 0.102000 ms
current Op is 130th:39:MatMul
	computeIthOp, 577, cost time: 1.078000 ms
current Op is 131th:128:Raster
	computeIthOp, 577, cost time: 1.523000 ms
current Op is 132th:68:Reduction
	computeIthOp, 577, cost time: 0.534000 ms
current Op is 133th:128:Raster
	computeIthOp, 577, cost time: 0.384000 ms
current Op is 134th:68:Reduction
	computeIthOp, 577, cost time: 0.302000 ms
current Op is 135th:128:Raster
	computeIthOp, 577, cost time: 0.120000 ms
current Op is 136th:68:Reduction
	computeIthOp, 577, cost time: 0.210000 ms
current Op is 137th:128:Raster
	computeIthOp, 577, cost time: 0.572000 ms
current Op is 138th:39:MatMul
	computeIthOp, 577, cost time: 14.339001 ms
current Op is 139th:128:Raster
	computeIthOp, 577, cost time: 0.405000 ms
current Op is 140th:68:Reduction
	computeIthOp, 577, cost time: 0.340000 ms
current Op is 141th:128:Raster
	computeIthOp, 577, cost time: 0.115000 ms
current Op is 142th:68:Reduction
	computeIthOp, 577, cost time: 0.211000 ms
current Op is 143th:128:Raster
	computeIthOp, 577, cost time: 0.495000 ms
current Op is 144th:39:MatMul
	computeIthOp, 577, cost time: 2.413000 ms
current Op is 145th:128:Raster
	computeIthOp, 577, cost time: 0.173000 ms
current Op is 146th:128:Raster
	computeIthOp, 577, cost time: 0.634000 ms
current Op is 147th:39:MatMul
	computeIthOp, 577, cost time: 16.648001 ms
current Op is 148th:128:Raster
	computeIthOp, 577, cost time: 1.369000 ms
current Op is 149th:68:Reduction
	computeIthOp, 577, cost time: 0.400000 ms
current Op is 150th:128:Raster
	computeIthOp, 577, cost time: 0.164000 ms
current Op is 151th:128:Raster
	computeIthOp, 577, cost time: 0.519000 ms
current Op is 152th:39:MatMul
	computeIthOp, 577, cost time: 5.287000 ms
current Op is 153th:128:Raster
	computeIthOp, 577, cost time: 0.256000 ms
current Op is 154th:68:Reduction
	computeIthOp, 577, cost time: 0.115000 ms
current Op is 155th:128:Raster
	computeIthOp, 577, cost time: 0.252000 ms
current Op is 156th:128:Raster
	computeIthOp, 577, cost time: 0.192000 ms
current Op is 157th:7:BinaryOp
	computeIthOp, 577, cost time: 0.134000 ms
current Op is 158th:128:Raster
	computeIthOp, 577, cost time: 0.227000 ms
current Op is 159th:68:Reduction
	computeIthOp, 577, cost time: 0.123000 ms
current Op is 160th:128:Raster
	computeIthOp, 577, cost time: 0.096000 ms
current Op is 161th:68:Reduction
	computeIthOp, 577, cost time: 0.122000 ms
current Op is 162th:128:Raster
	computeIthOp, 577, cost time: 0.252000 ms
current Op is 163th:39:MatMul
	computeIthOp, 577, cost time: 6.496000 ms
current Op is 164th:128:Raster
	computeIthOp, 577, cost time: 0.227000 ms
current Op is 165th:128:Raster
	computeIthOp, 577, cost time: 0.310000 ms
current Op is 166th:39:MatMul
	computeIthOp, 577, cost time: 5.978000 ms
current Op is 167th:128:Raster
	computeIthOp, 577, cost time: 1.103000 ms
current Op is 168th:68:Reduction
	computeIthOp, 577, cost time: 0.607000 ms
current Op is 169th:128:Raster
	computeIthOp, 577, cost time: 6.625000 ms
current Op is 170th:7:BinaryOp
	computeIthOp, 577, cost time: 6.907001 ms
current Op is 171th:9:Cast
	computeIthOp, 577, cost time: 5.655000 ms
current Op is 172th:128:Raster
	computeIthOp, 577, cost time: 1.580000 ms
current Op is 173th:7:BinaryOp
	computeIthOp, 577, cost time: 0.692000 ms
current Op is 174th:128:Raster
	computeIthOp, 577, cost time: 6.647000 ms
current Op is 175th:7:BinaryOp
	computeIthOp, 577, cost time: 6.704000 ms
current Op is 176th:9:Cast
	computeIthOp, 577, cost time: 5.587000 ms
current Op is 177th:7:BinaryOp
	computeIthOp, 577, cost time: 1.317000 ms
current Op is 178th:128:Raster
	computeIthOp, 577, cost time: 6.525000 ms
current Op is 179th:7:BinaryOp
	computeIthOp, 577, cost time: 7.164001 ms
current Op is 180th:9:Cast
	computeIthOp, 577, cost time: 5.458000 ms
current Op is 181th:7:BinaryOp
	computeIthOp, 577, cost time: 0.817000 ms
current Op is 182th:128:Raster
	computeIthOp, 577, cost time: 6.509000 ms
current Op is 183th:7:BinaryOp
	computeIthOp, 577, cost time: 6.653000 ms
current Op is 184th:9:Cast
	computeIthOp, 577, cost time: 5.375000 ms
current Op is 185th:7:BinaryOp
	computeIthOp, 577, cost time: 0.763000 ms
current Op is 186th:128:Raster
	computeIthOp, 577, cost time: 6.792000 ms
current Op is 187th:7:BinaryOp
	computeIthOp, 577, cost time: 7.177001 ms
current Op is 188th:9:Cast
	computeIthOp, 577, cost time: 5.487000 ms
current Op is 189th:7:BinaryOp
	computeIthOp, 577, cost time: 0.968000 ms
current Op is 190th:128:Raster
	computeIthOp, 577, cost time: 6.433000 ms
current Op is 191th:7:BinaryOp
	computeIthOp, 577, cost time: 7.460001 ms
current Op is 192th:9:Cast
	computeIthOp, 577, cost time: 5.800000 ms
current Op is 193th:7:BinaryOp
	computeIthOp, 577, cost time: 0.749000 ms
current Op is 194th:128:Raster
	computeIthOp, 577, cost time: 6.476000 ms
current Op is 195th:7:BinaryOp
	computeIthOp, 577, cost time: 6.714000 ms
current Op is 196th:9:Cast
	computeIthOp, 577, cost time: 5.578000 ms
current Op is 197th:7:BinaryOp
	computeIthOp, 577, cost time: 1.310000 ms
current Op is 198th:128:Raster
	computeIthOp, 577, cost time: 6.566000 ms
current Op is 199th:7:BinaryOp
	computeIthOp, 577, cost time: 7.592000 ms
current Op is 200th:9:Cast
	computeIthOp, 577, cost time: 5.929000 ms
current Op is 201th:7:BinaryOp
	computeIthOp, 577, cost time: 0.780000 ms
current Op is 202th:128:Raster
	computeIthOp, 577, cost time: 6.236000 ms
current Op is 203th:7:BinaryOp
	computeIthOp, 577, cost time: 6.961000 ms
current Op is 204th:9:Cast
	computeIthOp, 577, cost time: 5.184000 ms
current Op is 205th:7:BinaryOp
	computeIthOp, 577, cost time: 0.791000 ms
current Op is 206th:128:Raster
	computeIthOp, 577, cost time: 7.524000 ms
current Op is 207th:128:Raster
	computeIthOp, 577, cost time: 7.346000 ms
current Op is 208th:128:Raster
	computeIthOp, 577, cost time: 12.802001 ms
current Op is 209th:128:Raster
	computeIthOp, 577, cost time: 14.411000 ms
current Op is 210th:128:Raster
	computeIthOp, 577, cost time: 12.925000 ms
current Op is 211th:128:Raster
	computeIthOp, 577, cost time: 12.410001 ms
current Op is 212th:128:Raster
	computeIthOp, 577, cost time: 13.337001 ms
current Op is 213th:128:Raster
	computeIthOp, 577, cost time: 14.049001 ms
current Op is 214th:128:Raster
	computeIthOp, 577, cost time: 13.234000 ms
current Op is 215th:22:Eltwise
	computeIthOp, 577, cost time: 22.146002 ms
current Op is 216th:128:Raster
	computeIthOp, 577, cost time: 3.506000 ms
current Op is 217th:68:Reduction
	computeIthOp, 577, cost time: 1.084000 ms
current Op is 218th:128:Raster
	computeIthOp, 577, cost time: 0.192000 ms
current Op is 219th:68:Reduction
	computeIthOp, 577, cost time: 0.517000 ms
current Op is 220th:128:Raster
	computeIthOp, 577, cost time: 4.378000 ms
current Op is 221th:39:MatMul
	computeIthOp, 577, cost time: 64.159004 ms
current Op is 222th:128:Raster
	computeIthOp, 577, cost time: 4.013000 ms
current Op is 223th:68:Reduction
	computeIthOp, 577, cost time: 1.057000 ms
current Op is 224th:128:Raster
	computeIthOp, 577, cost time: 0.170000 ms
current Op is 225th:68:Reduction
	computeIthOp, 577, cost time: 0.520000 ms
current Op is 226th:128:Raster
	computeIthOp, 577, cost time: 4.354000 ms
current Op is 227th:39:MatMul
	computeIthOp, 577, cost time: 9.763000 ms
current Op is 228th:128:Raster
	computeIthOp, 577, cost time: 0.238000 ms
current Op is 229th:128:Raster
	computeIthOp, 577, cost time: 4.636000 ms
current Op is 230th:39:MatMul
	computeIthOp, 577, cost time: 62.725002 ms
current Op is 231th:128:Raster
	computeIthOp, 577, cost time: 4.900000 ms
current Op is 232th:68:Reduction
	computeIthOp, 577, cost time: 1.438000 ms
current Op is 233th:128:Raster
	computeIthOp, 577, cost time: 0.163000 ms
current Op is 234th:128:Raster
	computeIthOp, 577, cost time: 4.384000 ms
current Op is 235th:39:MatMul
	computeIthOp, 577, cost time: 11.748000 ms
current Op is 236th:128:Raster
	computeIthOp, 577, cost time: 0.953000 ms
current Op is 237th:68:Reduction
	computeIthOp, 577, cost time: 0.268000 ms
current Op is 238th:128:Raster
	computeIthOp, 577, cost time: 0.724000 ms
current Op is 239th:128:Raster
	computeIthOp, 577, cost time: 0.639000 ms
current Op is 240th:7:BinaryOp
	computeIthOp, 577, cost time: 0.401000 ms
current Op is 241th:128:Raster
	computeIthOp, 577, cost time: 0.601000 ms
current Op is 242th:68:Reduction
	computeIthOp, 577, cost time: 0.318000 ms
current Op is 243th:128:Raster
	computeIthOp, 577, cost time: 0.127000 ms
current Op is 244th:68:Reduction
	computeIthOp, 577, cost time: 0.195000 ms
current Op is 245th:128:Raster
	computeIthOp, 577, cost time: 0.855000 ms
current Op is 246th:39:MatMul
	computeIthOp, 577, cost time: 22.569000 ms
current Op is 247th:128:Raster
	computeIthOp, 577, cost time: 0.657000 ms
current Op is 248th:128:Raster
	computeIthOp, 577, cost time: 0.863000 ms
current Op is 249th:39:MatMul
	computeIthOp, 577, cost time: 17.816000 ms
current Op is 250th:128:Raster
	computeIthOp, 577, cost time: 2.659000 ms
current Op is 251th:68:Reduction
	computeIthOp, 577, cost time: 1.276000 ms
current Op is 252th:128:Raster
	computeIthOp, 577, cost time: 0.778000 ms
current Op is 253th:68:Reduction
	computeIthOp, 577, cost time: 0.871000 ms
current Op is 254th:128:Raster
	computeIthOp, 577, cost time: 0.165000 ms
current Op is 255th:68:Reduction
	computeIthOp, 577, cost time: 0.419000 ms
current Op is 256th:128:Raster
	computeIthOp, 577, cost time: 1.372000 ms
current Op is 257th:39:MatMul
	computeIthOp, 577, cost time: 45.216003 ms
current Op is 258th:128:Raster
	computeIthOp, 577, cost time: 1.278000 ms
current Op is 259th:68:Reduction
	computeIthOp, 577, cost time: 0.810000 ms
current Op is 260th:128:Raster
	computeIthOp, 577, cost time: 0.161000 ms
current Op is 261th:68:Reduction
	computeIthOp, 577, cost time: 0.424000 ms
current Op is 262th:128:Raster
	computeIthOp, 577, cost time: 1.360000 ms
current Op is 263th:39:MatMul
	computeIthOp, 577, cost time: 5.926000 ms
current Op is 264th:128:Raster
	computeIthOp, 577, cost time: 0.197000 ms
current Op is 265th:128:Raster
	computeIthOp, 577, cost time: 1.364000 ms
current Op is 266th:39:MatMul
	computeIthOp, 577, cost time: 39.157001 ms
current Op is 267th:128:Raster
	computeIthOp, 577, cost time: 3.535000 ms
current Op is 268th:68:Reduction
	computeIthOp, 577, cost time: 1.152000 ms
current Op is 269th:128:Raster
	computeIthOp, 577, cost time: 0.159000 ms
current Op is 270th:128:Raster
	computeIthOp, 577, cost time: 1.454000 ms
current Op is 271th:39:MatMul
	computeIthOp, 577, cost time: 7.641000 ms
current Op is 272th:128:Raster
	computeIthOp, 577, cost time: 0.444000 ms
current Op is 273th:68:Reduction
	computeIthOp, 577, cost time: 0.206000 ms
current Op is 274th:128:Raster
	computeIthOp, 577, cost time: 0.494000 ms
current Op is 275th:128:Raster
	computeIthOp, 577, cost time: 0.511000 ms
current Op is 276th:7:BinaryOp
	computeIthOp, 577, cost time: 0.376000 ms
current Op is 277th:128:Raster
	computeIthOp, 577, cost time: 0.442000 ms
current Op is 278th:68:Reduction
	computeIthOp, 577, cost time: 0.242000 ms
current Op is 279th:128:Raster
	computeIthOp, 577, cost time: 0.122000 ms
current Op is 280th:68:Reduction
	computeIthOp, 577, cost time: 0.172000 ms
current Op is 281th:128:Raster
	computeIthOp, 577, cost time: 0.576000 ms
current Op is 282th:39:MatMul
	computeIthOp, 577, cost time: 19.157001 ms
current Op is 283th:128:Raster
	computeIthOp, 577, cost time: 0.647000 ms
current Op is 284th:128:Raster
	computeIthOp, 577, cost time: 0.655000 ms
current Op is 285th:39:MatMul
	computeIthOp, 577, cost time: 16.256001 ms
current Op is 286th:128:Raster
	computeIthOp, 577, cost time: 2.914000 ms
current Op is 287th:68:Reduction
	computeIthOp, 577, cost time: 1.235000 ms
current Op is 288th:128:Raster
	computeIthOp, 577, cost time: 0.767000 ms
current Op is 289th:68:Reduction
	computeIthOp, 577, cost time: 0.834000 ms
current Op is 290th:128:Raster
	computeIthOp, 577, cost time: 0.160000 ms
current Op is 291th:68:Reduction
	computeIthOp, 577, cost time: 0.451000 ms
current Op is 292th:128:Raster
	computeIthOp, 577, cost time: 1.405000 ms
current Op is 293th:39:MatMul
	computeIthOp, 577, cost time: 45.236004 ms
current Op is 294th:128:Raster
	computeIthOp, 577, cost time: 0.806000 ms
current Op is 295th:68:Reduction
	computeIthOp, 577, cost time: 0.833000 ms
current Op is 296th:128:Raster
	computeIthOp, 577, cost time: 0.157000 ms
current Op is 297th:68:Reduction
	computeIthOp, 577, cost time: 0.417000 ms
current Op is 298th:128:Raster
	computeIthOp, 577, cost time: 1.443000 ms
current Op is 299th:39:MatMul
	computeIthOp, 577, cost time: 6.314000 ms
current Op is 300th:128:Raster
	computeIthOp, 577, cost time: 0.194000 ms
current Op is 301th:128:Raster
	computeIthOp, 577, cost time: 1.432000 ms
current Op is 302th:39:MatMul
	computeIthOp, 577, cost time: 39.297001 ms
current Op is 303th:128:Raster
	computeIthOp, 577, cost time: 3.599000 ms
current Op is 304th:68:Reduction
	computeIthOp, 577, cost time: 1.142000 ms
current Op is 305th:128:Raster
	computeIthOp, 577, cost time: 0.153000 ms
current Op is 306th:128:Raster
	computeIthOp, 577, cost time: 1.358000 ms
current Op is 307th:39:MatMul
	computeIthOp, 577, cost time: 7.747000 ms
current Op is 308th:128:Raster
	computeIthOp, 577, cost time: 0.416000 ms
current Op is 309th:68:Reduction
	computeIthOp, 577, cost time: 0.208000 ms
current Op is 310th:128:Raster
	computeIthOp, 577, cost time: 0.485000 ms
current Op is 311th:128:Raster
	computeIthOp, 577, cost time: 0.448000 ms
current Op is 312th:7:BinaryOp
	computeIthOp, 577, cost time: 0.292000 ms
current Op is 313th:128:Raster
	computeIthOp, 577, cost time: 0.448000 ms
current Op is 314th:68:Reduction
	computeIthOp, 577, cost time: 0.301000 ms
current Op is 315th:128:Raster
	computeIthOp, 577, cost time: 0.129000 ms
current Op is 316th:68:Reduction
	computeIthOp, 577, cost time: 0.175000 ms
current Op is 317th:128:Raster
	computeIthOp, 577, cost time: 0.590000 ms
current Op is 318th:39:MatMul
	computeIthOp, 577, cost time: 13.286000 ms
current Op is 319th:128:Raster
	computeIthOp, 577, cost time: 0.192000 ms
current Op is 320th:128:Raster
	computeIthOp, 577, cost time: 0.638000 ms
current Op is 321th:39:MatMul
	computeIthOp, 577, cost time: 11.217001 ms
current Op is 322th:128:Raster
	computeIthOp, 577, cost time: 1.733000 ms
current Op is 323th:68:Reduction
	computeIthOp, 577, cost time: 0.899000 ms
current Op is 324th:128:Raster
	computeIthOp, 577, cost time: 0.558000 ms
current Op is 325th:68:Reduction
	computeIthOp, 577, cost time: 0.619000 ms
current Op is 326th:128:Raster
	computeIthOp, 577, cost time: 0.153000 ms
current Op is 327th:68:Reduction
	computeIthOp, 577, cost time: 0.305000 ms
current Op is 328th:128:Raster
	computeIthOp, 577, cost time: 1.013000 ms
current Op is 329th:39:MatMul
	computeIthOp, 577, cost time: 21.050001 ms
current Op is 330th:128:Raster
	computeIthOp, 577, cost time: 0.616000 ms
current Op is 331th:68:Reduction
	computeIthOp, 577, cost time: 0.549000 ms
current Op is 332th:128:Raster
	computeIthOp, 577, cost time: 0.173000 ms
current Op is 333th:68:Reduction
	computeIthOp, 577, cost time: 0.330000 ms
current Op is 334th:128:Raster
	computeIthOp, 577, cost time: 0.942000 ms
current Op is 335th:39:MatMul
	computeIthOp, 577, cost time: 3.558000 ms
current Op is 336th:128:Raster
	computeIthOp, 577, cost time: 0.184000 ms
current Op is 337th:128:Raster
	computeIthOp, 577, cost time: 1.014000 ms
current Op is 338th:39:MatMul
	computeIthOp, 577, cost time: 19.784000 ms
current Op is 339th:128:Raster
	computeIthOp, 577, cost time: 2.426000 ms
current Op is 340th:68:Reduction
	computeIthOp, 577, cost time: 0.743000 ms
current Op is 341th:128:Raster
	computeIthOp, 577, cost time: 0.138000 ms
current Op is 342th:128:Raster
	computeIthOp, 577, cost time: 0.953000 ms
current Op is 343th:39:MatMul
	computeIthOp, 577, cost time: 5.235000 ms
current Op is 344th:128:Raster
	computeIthOp, 577, cost time: 0.327000 ms
current Op is 345th:68:Reduction
	computeIthOp, 577, cost time: 0.154000 ms
current Op is 346th:128:Raster
	computeIthOp, 577, cost time: 0.365000 ms
current Op is 347th:128:Raster
	computeIthOp, 577, cost time: 0.410000 ms
current Op is 348th:7:BinaryOp
	computeIthOp, 577, cost time: 0.207000 ms
current Op is 349th:128:Raster
	computeIthOp, 577, cost time: 0.307000 ms
current Op is 350th:68:Reduction
	computeIthOp, 577, cost time: 0.177000 ms
current Op is 351th:128:Raster
	computeIthOp, 577, cost time: 0.105000 ms
current Op is 352th:68:Reduction
	computeIthOp, 577, cost time: 0.152000 ms
current Op is 353th:128:Raster
	computeIthOp, 577, cost time: 0.385000 ms
current Op is 354th:39:MatMul
	computeIthOp, 577, cost time: 11.750001 ms
current Op is 355th:128:Raster
	computeIthOp, 577, cost time: 0.181000 ms
current Op is 356th:128:Raster
	computeIthOp, 577, cost time: 0.470000 ms
current Op is 357th:39:MatMul
	computeIthOp, 577, cost time: 9.533000 ms
current Op is 358th:128:Raster
	computeIthOp, 577, cost time: 1.677000 ms
current Op is 359th:68:Reduction
	computeIthOp, 577, cost time: 0.974000 ms
current Op is 360th:128:Raster
	computeIthOp, 577, cost time: 16.401001 ms
current Op is 361th:7:BinaryOp
	computeIthOp, 577, cost time: 14.727000 ms
current Op is 362th:9:Cast
	computeIthOp, 577, cost time: 10.710000 ms
current Op is 363th:128:Raster
	computeIthOp, 577, cost time: 2.122000 ms
current Op is 364th:7:BinaryOp
	computeIthOp, 577, cost time: 1.367000 ms
current Op is 365th:128:Raster
	computeIthOp, 577, cost time: 16.509001 ms
current Op is 366th:7:BinaryOp
	computeIthOp, 577, cost time: 13.870001 ms
current Op is 367th:9:Cast
	computeIthOp, 577, cost time: 11.107000 ms
current Op is 368th:7:BinaryOp
	computeIthOp, 577, cost time: 1.448000 ms
current Op is 369th:128:Raster
	computeIthOp, 577, cost time: 16.482000 ms
current Op is 370th:7:BinaryOp
	computeIthOp, 577, cost time: 14.105000 ms
current Op is 371th:9:Cast
	computeIthOp, 577, cost time: 10.861000 ms
current Op is 372th:7:BinaryOp
	computeIthOp, 577, cost time: 1.563000 ms
current Op is 373th:128:Raster
	computeIthOp, 577, cost time: 15.504001 ms
current Op is 374th:7:BinaryOp
	computeIthOp, 577, cost time: 14.462001 ms
current Op is 375th:9:Cast
	computeIthOp, 577, cost time: 11.218000 ms
current Op is 376th:7:BinaryOp
	computeIthOp, 577, cost time: 1.409000 ms
current Op is 377th:128:Raster
	computeIthOp, 577, cost time: 15.363001 ms
current Op is 378th:7:BinaryOp
	computeIthOp, 577, cost time: 13.384001 ms
current Op is 379th:9:Cast
	computeIthOp, 577, cost time: 11.306001 ms
current Op is 380th:7:BinaryOp
	computeIthOp, 577, cost time: 7.407001 ms
current Op is 381th:128:Raster
	computeIthOp, 577, cost time: 16.289001 ms
current Op is 382th:7:BinaryOp
	computeIthOp, 577, cost time: 13.541000 ms
current Op is 383th:9:Cast
	computeIthOp, 577, cost time: 11.354000 ms
current Op is 384th:7:BinaryOp
	computeIthOp, 577, cost time: 1.426000 ms
current Op is 385th:128:Raster
	computeIthOp, 577, cost time: 15.911001 ms
current Op is 386th:7:BinaryOp
	computeIthOp, 577, cost time: 14.537001 ms
current Op is 387th:9:Cast
	computeIthOp, 577, cost time: 11.069000 ms
current Op is 388th:7:BinaryOp
	computeIthOp, 577, cost time: 1.713000 ms
current Op is 389th:128:Raster
	computeIthOp, 577, cost time: 16.006001 ms
current Op is 390th:7:BinaryOp
	computeIthOp, 577, cost time: 14.414001 ms
current Op is 391th:9:Cast
	computeIthOp, 577, cost time: 11.209001 ms
current Op is 392th:7:BinaryOp
	computeIthOp, 577, cost time: 1.427000 ms
current Op is 393th:128:Raster
	computeIthOp, 577, cost time: 15.727001 ms
current Op is 394th:7:BinaryOp
	computeIthOp, 577, cost time: 13.886001 ms
current Op is 395th:9:Cast
	computeIthOp, 577, cost time: 10.851001 ms
current Op is 396th:7:BinaryOp
	computeIthOp, 577, cost time: 1.462000 ms
current Op is 397th:128:Raster
	computeIthOp, 577, cost time: 13.978001 ms
current Op is 398th:128:Raster
	computeIthOp, 577, cost time: 14.181001 ms
current Op is 399th:128:Raster
	computeIthOp, 577, cost time: 26.319002 ms
current Op is 400th:128:Raster
	computeIthOp, 577, cost time: 24.691002 ms
current Op is 401th:128:Raster
	computeIthOp, 577, cost time: 24.782001 ms
current Op is 402th:128:Raster
	computeIthOp, 577, cost time: 26.007002 ms
current Op is 403th:128:Raster
	computeIthOp, 577, cost time: 25.492001 ms
current Op is 404th:128:Raster
	computeIthOp, 577, cost time: 27.116001 ms
current Op is 405th:128:Raster
	computeIthOp, 577, cost time: 24.977001 ms
current Op is 406th:22:Eltwise
	computeIthOp, 577, cost time: 43.787003 ms
current Op is 407th:128:Raster
	computeIthOp, 577, cost time: 6.654000 ms
current Op is 408th:68:Reduction
	computeIthOp, 577, cost time: 2.910000 ms
current Op is 409th:128:Raster
	computeIthOp, 577, cost time: 0.306000 ms
current Op is 410th:68:Reduction
	computeIthOp, 577, cost time: 0.920000 ms
current Op is 411th:128:Raster
	computeIthOp, 577, cost time: 7.273000 ms
current Op is 412th:39:MatMul
	computeIthOp, 577, cost time: 99.333008 ms
current Op is 413th:128:Raster
	computeIthOp, 577, cost time: 6.846000 ms
current Op is 414th:68:Reduction
	computeIthOp, 577, cost time: 2.141000 ms
current Op is 415th:128:Raster
	computeIthOp, 577, cost time: 0.286000 ms
current Op is 416th:68:Reduction
	computeIthOp, 577, cost time: 0.933000 ms
current Op is 417th:128:Raster
	computeIthOp, 577, cost time: 7.376000 ms
current Op is 418th:39:MatMul
	computeIthOp, 577, cost time: 15.537001 ms
current Op is 419th:128:Raster
	computeIthOp, 577, cost time: 0.186000 ms
current Op is 420th:128:Raster
	computeIthOp, 577, cost time: 7.480000 ms
current Op is 421th:39:MatMul
	computeIthOp, 577, cost time: 83.888000 ms
current Op is 422th:128:Raster
	computeIthOp, 577, cost time: 7.023000 ms
current Op is 423th:68:Reduction
	computeIthOp, 577, cost time: 3.592000 ms
current Op is 424th:128:Raster
	computeIthOp, 577, cost time: 0.135000 ms
current Op is 425th:128:Raster
	computeIthOp, 577, cost time: 7.494000 ms
current Op is 426th:39:MatMul
	computeIthOp, 577, cost time: 20.285002 ms
current Op is 427th:128:Raster
	computeIthOp, 577, cost time: 0.659000 ms
current Op is 428th:68:Reduction
	computeIthOp, 577, cost time: 0.553000 ms
current Op is 429th:128:Raster
	computeIthOp, 577, cost time: 1.024000 ms
current Op is 430th:128:Raster
	computeIthOp, 577, cost time: 1.071000 ms
current Op is 431th:7:BinaryOp
	computeIthOp, 577, cost time: 0.762000 ms
current Op is 432th:128:Raster
	computeIthOp, 577, cost time: 1.241000 ms
current Op is 433th:68:Reduction
	computeIthOp, 577, cost time: 0.511000 ms
current Op is 434th:128:Raster
	computeIthOp, 577, cost time: 0.152000 ms
current Op is 435th:68:Reduction
	computeIthOp, 577, cost time: 0.300000 ms
current Op is 436th:128:Raster
	computeIthOp, 577, cost time: 1.397000 ms
current Op is 437th:39:MatMul
	computeIthOp, 577, cost time: 28.916002 ms
current Op is 438th:128:Raster
	computeIthOp, 577, cost time: 0.178000 ms
current Op is 439th:128:Raster
	computeIthOp, 577, cost time: 1.364000 ms
current Op is 440th:39:MatMul
	computeIthOp, 577, cost time: 19.695002 ms
current Op is 441th:128:Raster
	computeIthOp, 577, cost time: 2.250000 ms
current Op is 442th:68:Reduction
	computeIthOp, 577, cost time: 1.919000 ms
current Op is 443th:128:Raster
	computeIthOp, 577, cost time: 1.000000 ms
current Op is 444th:68:Reduction
	computeIthOp, 577, cost time: 1.053000 ms
current Op is 445th:128:Raster
	computeIthOp, 577, cost time: 0.186000 ms
current Op is 446th:68:Reduction
	computeIthOp, 577, cost time: 0.507000 ms
current Op is 447th:128:Raster
	computeIthOp, 577, cost time: 1.336000 ms
current Op is 448th:39:MatMul
	computeIthOp, 577, cost time: 36.685001 ms
current Op is 449th:128:Raster
	computeIthOp, 577, cost time: 1.025000 ms
current Op is 450th:68:Reduction
	computeIthOp, 577, cost time: 1.127000 ms
current Op is 451th:128:Raster
	computeIthOp, 577, cost time: 0.187000 ms
current Op is 452th:68:Reduction
	computeIthOp, 577, cost time: 0.512000 ms
current Op is 453th:128:Raster
	computeIthOp, 577, cost time: 1.308000 ms
current Op is 454th:39:MatMul
	computeIthOp, 577, cost time: 5.555000 ms
current Op is 455th:128:Raster
	computeIthOp, 577, cost time: 0.169000 ms
current Op is 456th:128:Raster
	computeIthOp, 577, cost time: 1.406000 ms
current Op is 457th:39:MatMul
	computeIthOp, 577, cost time: 30.328001 ms
current Op is 458th:128:Raster
	computeIthOp, 577, cost time: 3.177000 ms
current Op is 459th:68:Reduction
	computeIthOp, 577, cost time: 1.578000 ms
current Op is 460th:128:Raster
	computeIthOp, 577, cost time: 0.121000 ms
current Op is 461th:128:Raster
	computeIthOp, 577, cost time: 1.322000 ms
current Op is 462th:39:MatMul
	computeIthOp, 577, cost time: 10.085000 ms
current Op is 463th:128:Raster
	computeIthOp, 577, cost time: 0.423000 ms
current Op is 464th:68:Reduction
	computeIthOp, 577, cost time: 0.264000 ms
current Op is 465th:128:Raster
	computeIthOp, 577, cost time: 0.541000 ms
current Op is 466th:128:Raster
	computeIthOp, 577, cost time: 0.631000 ms
current Op is 467th:7:BinaryOp
	computeIthOp, 577, cost time: 0.368000 ms
current Op is 468th:128:Raster
	computeIthOp, 577, cost time: 0.547000 ms
current Op is 469th:68:Reduction
	computeIthOp, 577, cost time: 0.322000 ms
current Op is 470th:128:Raster
	computeIthOp, 577, cost time: 0.118000 ms
current Op is 471th:68:Reduction
	computeIthOp, 577, cost time: 0.203000 ms
current Op is 472th:128:Raster
	computeIthOp, 577, cost time: 0.661000 ms
current Op is 473th:39:MatMul
	computeIthOp, 577, cost time: 25.351002 ms
current Op is 474th:128:Raster
	computeIthOp, 577, cost time: 0.136000 ms
current Op is 475th:128:Raster
	computeIthOp, 577, cost time: 0.707000 ms
current Op is 476th:39:MatMul
	computeIthOp, 577, cost time: 17.732000 ms
current Op is 477th:128:Raster
	computeIthOp, 577, cost time: 2.486000 ms
current Op is 478th:68:Reduction
	computeIthOp, 577, cost time: 1.684000 ms
current Op is 479th:128:Raster
	computeIthOp, 577, cost time: 0.970000 ms
current Op is 480th:68:Reduction
	computeIthOp, 577, cost time: 1.070000 ms
current Op is 481th:128:Raster
	computeIthOp, 577, cost time: 0.187000 ms
current Op is 482th:68:Reduction
	computeIthOp, 577, cost time: 0.510000 ms
current Op is 483th:128:Raster
	computeIthOp, 577, cost time: 1.306000 ms
current Op is 484th:39:MatMul
	computeIthOp, 577, cost time: 36.359001 ms
current Op is 485th:128:Raster
	computeIthOp, 577, cost time: 1.472000 ms
current Op is 486th:68:Reduction
	computeIthOp, 577, cost time: 0.923000 ms
current Op is 487th:128:Raster
	computeIthOp, 577, cost time: 0.182000 ms
current Op is 488th:68:Reduction
	computeIthOp, 577, cost time: 0.512000 ms
current Op is 489th:128:Raster
	computeIthOp, 577, cost time: 1.320000 ms
current Op is 490th:39:MatMul
	computeIthOp, 577, cost time: 5.621000 ms
current Op is 491th:128:Raster
	computeIthOp, 577, cost time: 0.170000 ms
current Op is 492th:128:Raster
	computeIthOp, 577, cost time: 1.481000 ms
current Op is 493th:39:MatMul
	computeIthOp, 577, cost time: 30.179001 ms
current Op is 494th:128:Raster
	computeIthOp, 577, cost time: 3.497000 ms
current Op is 495th:68:Reduction
	computeIthOp, 577, cost time: 1.424000 ms
current Op is 496th:128:Raster
	computeIthOp, 577, cost time: 0.121000 ms
current Op is 497th:128:Raster
	computeIthOp, 577, cost time: 1.302000 ms
current Op is 498th:39:MatMul
	computeIthOp, 577, cost time: 9.957001 ms
current Op is 499th:128:Raster
	computeIthOp, 577, cost time: 0.449000 ms
current Op is 500th:68:Reduction
	computeIthOp, 577, cost time: 0.320000 ms
current Op is 501th:128:Raster
	computeIthOp, 577, cost time: 0.652000 ms
current Op is 502th:128:Raster
	computeIthOp, 577, cost time: 0.599000 ms
current Op is 503th:7:BinaryOp
	computeIthOp, 577, cost time: 0.471000 ms
current Op is 504th:128:Raster
	computeIthOp, 577, cost time: 0.691000 ms
current Op is 505th:68:Reduction
	computeIthOp, 577, cost time: 0.335000 ms
current Op is 506th:128:Raster
	computeIthOp, 577, cost time: 0.159000 ms
current Op is 507th:68:Reduction
	computeIthOp, 577, cost time: 0.212000 ms
current Op is 508th:128:Raster
	computeIthOp, 577, cost time: 0.754000 ms
current Op is 509th:39:MatMul
	computeIthOp, 577, cost time: 18.936001 ms
current Op is 510th:128:Raster
	computeIthOp, 577, cost time: 0.131000 ms
current Op is 511th:128:Raster
	computeIthOp, 577, cost time: 0.779000 ms
current Op is 512th:39:MatMul
	computeIthOp, 577, cost time: 12.808001 ms
current Op is 513th:128:Raster
	computeIthOp, 577, cost time: 1.793000 ms
current Op is 514th:68:Reduction
	computeIthOp, 577, cost time: 1.331000 ms
current Op is 515th:128:Raster
	computeIthOp, 577, cost time: 18.584002 ms
current Op is 516th:7:BinaryOp
	computeIthOp, 577, cost time: 20.670000 ms
current Op is 517th:9:Cast
	computeIthOp, 577, cost time: 16.415001 ms
current Op is 518th:128:Raster
	computeIthOp, 577, cost time: 2.960000 ms
current Op is 519th:7:BinaryOp
	computeIthOp, 577, cost time: 2.324000 ms
current Op is 520th:128:Raster
	computeIthOp, 577, cost time: 18.673000 ms
current Op is 521th:7:BinaryOp
	computeIthOp, 577, cost time: 21.061001 ms
current Op is 522th:9:Cast
	computeIthOp, 577, cost time: 16.583000 ms
current Op is 523th:7:BinaryOp
	computeIthOp, 577, cost time: 5.724000 ms
current Op is 524th:128:Raster
	computeIthOp, 577, cost time: 20.035002 ms
current Op is 525th:7:BinaryOp
	computeIthOp, 577, cost time: 20.814001 ms
current Op is 526th:9:Cast
	computeIthOp, 577, cost time: 16.518002 ms
current Op is 527th:7:BinaryOp
	computeIthOp, 577, cost time: 2.097000 ms
current Op is 528th:128:Raster
	computeIthOp, 577, cost time: 19.239000 ms
current Op is 529th:7:BinaryOp
	computeIthOp, 577, cost time: 21.062000 ms
current Op is 530th:9:Cast
	computeIthOp, 577, cost time: 16.941000 ms
current Op is 531th:7:BinaryOp
	computeIthOp, 577, cost time: 2.019000 ms
current Op is 532th:128:Raster
	computeIthOp, 577, cost time: 19.265001 ms
current Op is 533th:7:BinaryOp
	computeIthOp, 577, cost time: 20.602001 ms
current Op is 534th:9:Cast
	computeIthOp, 577, cost time: 16.806002 ms
current Op is 535th:7:BinaryOp
	computeIthOp, 577, cost time: 2.149000 ms
current Op is 536th:128:Raster
	computeIthOp, 577, cost time: 19.136002 ms
current Op is 537th:7:BinaryOp
	computeIthOp, 577, cost time: 21.209002 ms
current Op is 538th:9:Cast
	computeIthOp, 577, cost time: 16.721001 ms
current Op is 539th:7:BinaryOp
	computeIthOp, 577, cost time: 2.419000 ms
current Op is 540th:128:Raster
	computeIthOp, 577, cost time: 18.833000 ms
current Op is 541th:7:BinaryOp
	computeIthOp, 577, cost time: 20.517000 ms
current Op is 542th:9:Cast
	computeIthOp, 577, cost time: 16.582001 ms
current Op is 543th:7:BinaryOp
	computeIthOp, 577, cost time: 2.180000 ms
current Op is 544th:128:Raster
	computeIthOp, 577, cost time: 18.836000 ms
current Op is 545th:7:BinaryOp
	computeIthOp, 577, cost time: 21.750002 ms
current Op is 546th:9:Cast
	computeIthOp, 577, cost time: 16.387001 ms
current Op is 547th:7:BinaryOp
	computeIthOp, 577, cost time: 2.380000 ms
current Op is 548th:128:Raster
	computeIthOp, 577, cost time: 18.827002 ms
current Op is 549th:7:BinaryOp
	computeIthOp, 577, cost time: 20.836000 ms
current Op is 550th:9:Cast
	computeIthOp, 577, cost time: 16.728001 ms
current Op is 551th:7:BinaryOp
	computeIthOp, 577, cost time: 2.278000 ms
current Op is 552th:128:Raster
	computeIthOp, 577, cost time: 20.634001 ms
current Op is 553th:128:Raster
	computeIthOp, 577, cost time: 20.620001 ms
current Op is 554th:128:Raster
	computeIthOp, 577, cost time: 20.645000 ms
current Op is 555th:128:Raster
	computeIthOp, 577, cost time: 39.736000 ms
current Op is 556th:128:Raster
	computeIthOp, 577, cost time: 36.192001 ms
current Op is 557th:128:Raster
	computeIthOp, 577, cost time: 38.545002 ms
current Op is 558th:128:Raster
	computeIthOp, 577, cost time: 36.417004 ms
current Op is 559th:128:Raster
	computeIthOp, 577, cost time: 38.292004 ms
current Op is 560th:128:Raster
	computeIthOp, 577, cost time: 38.776001 ms
current Op is 561th:22:Eltwise
	computeIthOp, 577, cost time: 66.478004 ms
current Op is 562th:128:Raster
	computeIthOp, 577, cost time: 11.892000 ms
current Op is 563th:68:Reduction
	computeIthOp, 577, cost time: 8.754001 ms
current Op is 564th:128:Raster
	computeIthOp, 577, cost time: 0.612000 ms
current Op is 565th:68:Reduction
	computeIthOp, 577, cost time: 2.591000 ms
current Op is 566th:128:Raster
	computeIthOp, 577, cost time: 13.355000 ms
current Op is 567th:39:MatMul
	computeIthOp, 577, cost time: 239.872009 ms
current Op is 568th:128:Raster
	computeIthOp, 577, cost time: 0.598000 ms
current Op is 569th:128:Raster
	computeIthOp, 577, cost time: 0.114000 ms
current Op is 570th:128:Raster
	computeIthOp, 577, cost time: 0.097000 ms
current Op is 571th:128:Raster
	computeIthOp, 577, cost time: 0.472000 ms
current Op is 572th:128:Raster
	computeIthOp, 577, cost time: 0.092000 ms
current Op is 573th:128:Raster
	computeIthOp, 577, cost time: 0.120000 ms
current Op is 574th:128:Raster
	computeIthOp, 577, cost time: 0.091000 ms
current Op is 575th:128:Raster
	computeIthOp, 577, cost time: 0.175000 ms
current Op is 576th:128:Raster
	computeIthOp, 577, cost time: 0.095000 ms
current Op is 577th:128:Raster
	computeIthOp, 577, cost time: 0.408000 ms
current Op is 578th:128:Raster
	computeIthOp, 577, cost time: 0.095000 ms
current Op is 579th:128:Raster
	computeIthOp, 577, cost time: 0.115000 ms
current Op is 580th:128:Raster
	computeIthOp, 577, cost time: 0.086000 ms
current Op is 581th:128:Raster
	computeIthOp, 577, cost time: 0.121000 ms
current Op is 582th:128:Raster
	computeIthOp, 577, cost time: 0.089000 ms
current Op is 583th:128:Raster
	computeIthOp, 577, cost time: 0.217000 ms
current Op is 584th:128:Raster
	computeIthOp, 577, cost time: 0.089000 ms
current Op is 585th:128:Raster
	computeIthOp, 577, cost time: 0.102000 ms
current Op is 586th:128:Raster
	computeIthOp, 577, cost time: 0.091000 ms
current Op is 587th:128:Raster
	computeIthOp, 577, cost time: 0.112000 ms
current Op is 588th:128:Raster
	computeIthOp, 577, cost time: 0.088000 ms
current Op is 589th:128:Raster
	computeIthOp, 577, cost time: 0.173000 ms
current Op is 590th:128:Raster
	computeIthOp, 577, cost time: 0.088000 ms
current Op is 591th:128:Raster
	computeIthOp, 577, cost time: 0.097000 ms
current Op is 592th:128:Raster
	computeIthOp, 577, cost time: 0.084000 ms
current Op is 593th:128:Raster
	computeIthOp, 577, cost time: 0.121000 ms
current Op is 594th:128:Raster
	computeIthOp, 577, cost time: 0.091000 ms
current Op is 595th:128:Raster
	computeIthOp, 577, cost time: 0.139000 ms
current Op is 596th:128:Raster
	computeIthOp, 577, cost time: 0.086000 ms
current Op is 597th:128:Raster
	computeIthOp, 577, cost time: 0.097000 ms
current Op is 598th:128:Raster
	computeIthOp, 577, cost time: 0.083000 ms
current Op is 599th:128:Raster
	computeIthOp, 577, cost time: 0.109000 ms
current Op is 600th:128:Raster
	computeIthOp, 577, cost time: 0.085000 ms
current Op is 601th:128:Raster
	computeIthOp, 577, cost time: 0.126000 ms
current Op is 602th:128:Raster
	computeIthOp, 577, cost time: 0.085000 ms
current Op is 603th:128:Raster
	computeIthOp, 577, cost time: 0.090000 ms
current Op is 604th:128:Raster
	computeIthOp, 577, cost time: 0.084000 ms
current Op is 605th:128:Raster
	computeIthOp, 577, cost time: 0.088000 ms
current Op is 606th:128:Raster
	computeIthOp, 577, cost time: 0.086000 ms
current Op is 607th:128:Raster
	computeIthOp, 577, cost time: 0.095000 ms
current Op is 608th:128:Raster
	computeIthOp, 577, cost time: 0.083000 ms
current Op is 609th:128:Raster
	computeIthOp, 577, cost time: 0.089000 ms
current Op is 610th:128:Raster
	computeIthOp, 577, cost time: 0.085000 ms
current Op is 611th:128:Raster
	computeIthOp, 577, cost time: 0.094000 ms
current Op is 612th:128:Raster
	computeIthOp, 577, cost time: 0.086000 ms
current Op is 613th:128:Raster
	computeIthOp, 577, cost time: 0.097000 ms
current Op is 614th:128:Raster
	computeIthOp, 577, cost time: 0.099000 ms
current Op is 615th:128:Raster
	computeIthOp, 577, cost time: 0.130000 ms
current Op is 616th:128:Raster
	computeIthOp, 577, cost time: 0.088000 ms
current Op is 617th:128:Raster
	computeIthOp, 577, cost time: 0.097000 ms
current Op is 618th:128:Raster
	computeIthOp, 577, cost time: 0.107000 ms
current Op is 619th:128:Raster
	computeIthOp, 577, cost time: 0.106000 ms
SGD.cpp:onGetNextParameter: finish read-map & start replace
SGD.cpp:onGetNextParameter: finish replace & start compute update value
current Op is 0th:7:BinaryOp
	computeIthOp, 577, cost time: 0.400000 ms
current Op is 1th:7:BinaryOp
	computeIthOp, 577, cost time: 0.075000 ms
current Op is 0th:7:BinaryOp
	computeIthOp, 577, cost time: 0.286000 ms
current Op is 1th:7:BinaryOp
	computeIthOp, 577, cost time: 0.067000 ms
current Op is 2th:7:BinaryOp
	computeIthOp, 577, cost time: 0.072000 ms
current Op is 0th:7:BinaryOp
	computeIthOp, 577, cost time: 0.278000 ms
current Op is 1th:7:BinaryOp
	computeIthOp, 577, cost time: 0.066000 ms
current Op is 0th:7:BinaryOp
	computeIthOp, 577, cost time: 0.279000 ms
current Op is 1th:7:BinaryOp
	computeIthOp, 577, cost time: 0.069000 ms
current Op is 2th:7:BinaryOp
	computeIthOp, 577, cost time: 0.070000 ms
current Op is 0th:7:BinaryOp
	computeIthOp, 577, cost time: 0.291000 ms
current Op is 1th:7:BinaryOp
	computeIthOp, 577, cost time: 0.088000 ms
current Op is 0th:7:BinaryOp
	computeIthOp, 577, cost time: 0.089000 ms
current Op is 1th:7:BinaryOp
	computeIthOp, 577, cost time: 0.064000 ms
current Op is 2th:7:BinaryOp
	computeIthOp, 577, cost time: 0.069000 ms
current Op is 0th:7:BinaryOp
	computeIthOp, 577, cost time: 0.291000 ms
current Op is 1th:7:BinaryOp
	computeIthOp, 577, cost time: 0.065000 ms
current Op is 0th:7:BinaryOp
	computeIthOp, 577, cost time: 0.313000 ms
current Op is 1th:7:BinaryOp
	computeIthOp, 577, cost time: 0.062000 ms
current Op is 2th:7:BinaryOp
	computeIthOp, 577, cost time: 0.066000 ms
current Op is 0th:7:BinaryOp
	computeIthOp, 577, cost time: 0.337000 ms
current Op is 1th:7:BinaryOp
	computeIthOp, 577, cost time: 0.103000 ms
current Op is 0th:7:BinaryOp
	computeIthOp, 577, cost time: 0.084000 ms
current Op is 1th:7:BinaryOp
	computeIthOp, 577, cost time: 0.085000 ms
current Op is 2th:7:BinaryOp
	computeIthOp, 577, cost time: 0.159000 ms
current Op is 0th:7:BinaryOp
	computeIthOp, 577, cost time: 0.697000 ms
current Op is 1th:7:BinaryOp
	computeIthOp, 577, cost time: 0.082000 ms
current Op is 0th:7:BinaryOp
	computeIthOp, 577, cost time: 0.299000 ms
current Op is 1th:7:BinaryOp
	computeIthOp, 577, cost time: 0.063000 ms
current Op is 2th:7:BinaryOp
	computeIthOp, 577, cost time: 0.065000 ms
current Op is 0th:7:BinaryOp
	computeIthOp, 577, cost time: 0.329000 ms
current Op is 1th:7:BinaryOp
	computeIthOp, 577, cost time: 0.074000 ms
current Op is 0th:7:BinaryOp
	computeIthOp, 577, cost time: 0.069000 ms
current Op is 1th:7:BinaryOp
	computeIthOp, 577, cost time: 0.097000 ms
current Op is 2th:7:BinaryOp
	computeIthOp, 577, cost time: 0.074000 ms
current Op is 0th:7:BinaryOp
	computeIthOp, 577, cost time: 0.065000 ms
current Op is 1th:7:BinaryOp
	computeIthOp, 577, cost time: 0.077000 ms
current Op is 0th:7:BinaryOp
	computeIthOp, 577, cost time: 0.068000 ms
current Op is 1th:7:BinaryOp
	computeIthOp, 577, cost time: 0.062000 ms
current Op is 2th:7:BinaryOp
	computeIthOp, 577, cost time: 0.163000 ms
current Op is 0th:7:BinaryOp
	computeIthOp, 577, cost time: 0.323000 ms
current Op is 1th:7:BinaryOp
	computeIthOp, 577, cost time: 0.072000 ms
current Op is 0th:7:BinaryOp
	computeIthOp, 577, cost time: 0.301000 ms
current Op is 1th:7:BinaryOp
	computeIthOp, 577, cost time: 0.068000 ms
current Op is 2th:7:BinaryOp
	computeIthOp, 577, cost time: 0.069000 ms
current Op is 0th:7:BinaryOp
	computeIthOp, 577, cost time: 0.287000 ms
current Op is 1th:7:BinaryOp
	computeIthOp, 577, cost time: 0.064000 ms
current Op is 0th:7:BinaryOp
	computeIthOp, 577, cost time: 0.064000 ms
current Op is 1th:7:BinaryOp
	computeIthOp, 577, cost time: 0.063000 ms
current Op is 2th:7:BinaryOp
	computeIthOp, 577, cost time: 0.120000 ms
current Op is 0th:7:BinaryOp
	computeIthOp, 577, cost time: 0.106000 ms
current Op is 1th:7:BinaryOp
	computeIthOp, 577, cost time: 0.148000 ms
current Op is 0th:7:BinaryOp
	computeIthOp, 577, cost time: 0.112000 ms
current Op is 1th:7:BinaryOp
	computeIthOp, 577, cost time: 0.114000 ms
current Op is 2th:7:BinaryOp
	computeIthOp, 577, cost time: 0.145000 ms
current Op is 0th:7:BinaryOp
	computeIthOp, 577, cost time: 0.362000 ms
current Op is 1th:7:BinaryOp
	computeIthOp, 577, cost time: 0.066000 ms
current Op is 0th:7:BinaryOp
	computeIthOp, 577, cost time: 0.361000 ms
current Op is 1th:7:BinaryOp
	computeIthOp, 577, cost time: 0.064000 ms
current Op is 2th:7:BinaryOp
	computeIthOp, 577, cost time: 0.066000 ms
current Op is 0th:7:BinaryOp
	computeIthOp, 577, cost time: 0.337000 ms
current Op is 1th:7:BinaryOp
	computeIthOp, 577, cost time: 0.088000 ms
current Op is 0th:7:BinaryOp
	computeIthOp, 577, cost time: 0.071000 ms
current Op is 1th:7:BinaryOp
	computeIthOp, 577, cost time: 0.169000 ms
current Op is 2th:7:BinaryOp
	computeIthOp, 577, cost time: 0.079000 ms
current Op is 0th:7:BinaryOp
	computeIthOp, 577, cost time: 0.068000 ms
current Op is 1th:7:BinaryOp
	computeIthOp, 577, cost time: 0.063000 ms
current Op is 0th:7:BinaryOp
	computeIthOp, 577, cost time: 0.064000 ms
current Op is 1th:7:BinaryOp
	computeIthOp, 577, cost time: 0.064000 ms
current Op is 2th:7:BinaryOp
	computeIthOp, 577, cost time: 0.065000 ms
current Op is 0th:7:BinaryOp
	computeIthOp, 577, cost time: 0.314000 ms
current Op is 1th:7:BinaryOp
	computeIthOp, 577, cost time: 0.072000 ms
current Op is 0th:7:BinaryOp
	computeIthOp, 577, cost time: 0.308000 ms
current Op is 1th:7:BinaryOp
	computeIthOp, 577, cost time: 0.067000 ms
current Op is 2th:7:BinaryOp
	computeIthOp, 577, cost time: 0.090000 ms
current Op is 0th:7:BinaryOp
	computeIthOp, 577, cost time: 0.316000 ms
current Op is 1th:7:BinaryOp
	computeIthOp, 577, cost time: 0.064000 ms
current Op is 0th:7:BinaryOp
	computeIthOp, 577, cost time: 0.064000 ms
current Op is 1th:7:BinaryOp
	computeIthOp, 577, cost time: 0.061000 ms
current Op is 2th:7:BinaryOp
	computeIthOp, 577, cost time: 0.065000 ms
current Op is 0th:7:BinaryOp
	computeIthOp, 577, cost time: 0.117000 ms
current Op is 1th:7:BinaryOp
	computeIthOp, 577, cost time: 0.150000 ms
current Op is 0th:7:BinaryOp
	computeIthOp, 577, cost time: 0.102000 ms
current Op is 1th:7:BinaryOp
	computeIthOp, 577, cost time: 0.112000 ms
current Op is 2th:7:BinaryOp
	computeIthOp, 577, cost time: 0.140000 ms
current Op is 0th:7:BinaryOp
	computeIthOp, 577, cost time: 0.341000 ms
current Op is 1th:7:BinaryOp
	computeIthOp, 577, cost time: 0.065000 ms
current Op is 0th:7:BinaryOp
	computeIthOp, 577, cost time: 0.336000 ms
current Op is 1th:7:BinaryOp
	computeIthOp, 577, cost time: 0.063000 ms
current Op is 2th:7:BinaryOp
	computeIthOp, 577, cost time: 0.064000 ms
current Op is 0th:7:BinaryOp
	computeIthOp, 577, cost time: 0.338000 ms
current Op is 1th:128:Raster
	computeIthOp, 577, cost time: 0.090000 ms
current Op is 2th:7:BinaryOp
	computeIthOp, 577, cost time: 0.072000 ms
current Op is 0th:7:BinaryOp
	computeIthOp, 577, cost time: 0.074000 ms
current Op is 1th:7:BinaryOp
	computeIthOp, 577, cost time: 0.063000 ms
current Op is 2th:128:Raster
	computeIthOp, 577, cost time: 0.079000 ms
current Op is 3th:7:BinaryOp
	computeIthOp, 577, cost time: 0.072000 ms
current Op is 0th:7:BinaryOp
	computeIthOp, 577, cost time: 0.065000 ms
current Op is 1th:7:BinaryOp
	computeIthOp, 577, cost time: 0.064000 ms
current Op is 0th:7:BinaryOp
	computeIthOp, 577, cost time: 0.066000 ms
current Op is 1th:7:BinaryOp
	computeIthOp, 577, cost time: 0.061000 ms
current Op is 2th:7:BinaryOp
	computeIthOp, 577, cost time: 0.064000 ms
current Op is 0th:7:BinaryOp
	computeIthOp, 577, cost time: 0.339000 ms
current Op is 1th:7:BinaryOp
	computeIthOp, 577, cost time: 0.142000 ms
current Op is 0th:7:BinaryOp
	computeIthOp, 577, cost time: 0.717000 ms
current Op is 1th:7:BinaryOp
	computeIthOp, 577, cost time: 0.109000 ms
current Op is 2th:7:BinaryOp
	computeIthOp, 577, cost time: 0.118000 ms
current Op is 0th:7:BinaryOp
	computeIthOp, 577, cost time: 0.760000 ms
current Op is 1th:7:BinaryOp
	computeIthOp, 577, cost time: 0.104000 ms
current Op is 0th:7:BinaryOp
	computeIthOp, 577, cost time: 0.232000 ms
current Op is 1th:7:BinaryOp
	computeIthOp, 577, cost time: 0.102000 ms
current Op is 2th:7:BinaryOp
	computeIthOp, 577, cost time: 0.099000 ms
current Op is 0th:7:BinaryOp
	computeIthOp, 577, cost time: 0.103000 ms
current Op is 1th:7:BinaryOp
	computeIthOp, 577, cost time: 0.089000 ms
current Op is 0th:7:BinaryOp
	computeIthOp, 577, cost time: 0.080000 ms
current Op is 1th:7:BinaryOp
	computeIthOp, 577, cost time: 0.079000 ms
current Op is 2th:7:BinaryOp
	computeIthOp, 577, cost time: 0.085000 ms
current Op is 0th:7:BinaryOp
	computeIthOp, 577, cost time: 0.409000 ms
current Op is 1th:7:BinaryOp
	computeIthOp, 577, cost time: 0.120000 ms
current Op is 0th:7:BinaryOp
	computeIthOp, 577, cost time: 0.530000 ms
current Op is 1th:7:BinaryOp
	computeIthOp, 577, cost time: 0.115000 ms
current Op is 2th:7:BinaryOp
	computeIthOp, 577, cost time: 0.239000 ms
current Op is 0th:7:BinaryOp
	computeIthOp, 577, cost time: 0.215000 ms
current Op is 1th:7:BinaryOp
	computeIthOp, 577, cost time: 0.086000 ms
current Op is 0th:7:BinaryOp
	computeIthOp, 577, cost time: 0.083000 ms
current Op is 1th:7:BinaryOp
	computeIthOp, 577, cost time: 0.081000 ms
current Op is 2th:7:BinaryOp
	computeIthOp, 577, cost time: 0.098000 ms
current Op is 0th:7:BinaryOp
	computeIthOp, 577, cost time: 0.080000 ms
current Op is 1th:7:BinaryOp
	computeIthOp, 577, cost time: 0.081000 ms
current Op is 0th:7:BinaryOp
	computeIthOp, 577, cost time: 0.083000 ms
current Op is 1th:7:BinaryOp
	computeIthOp, 577, cost time: 0.080000 ms
current Op is 2th:7:BinaryOp
	computeIthOp, 577, cost time: 0.102000 ms
current Op is 0th:7:BinaryOp
	computeIthOp, 577, cost time: 0.233000 ms
current Op is 1th:7:BinaryOp
	computeIthOp, 577, cost time: 0.089000 ms
current Op is 0th:7:BinaryOp
	computeIthOp, 577, cost time: 0.250000 ms
current Op is 1th:7:BinaryOp
	computeIthOp, 577, cost time: 0.084000 ms
current Op is 2th:7:BinaryOp
	computeIthOp, 577, cost time: 0.090000 ms
current Op is 0th:7:BinaryOp
	computeIthOp, 577, cost time: 0.259000 ms
current Op is 1th:7:BinaryOp
	computeIthOp, 577, cost time: 0.066000 ms
current Op is 0th:7:BinaryOp
	computeIthOp, 577, cost time: 0.067000 ms
current Op is 1th:7:BinaryOp
	computeIthOp, 577, cost time: 0.063000 ms
current Op is 2th:7:BinaryOp
	computeIthOp, 577, cost time: 0.065000 ms
current Op is 0th:7:BinaryOp
	computeIthOp, 577, cost time: 0.067000 ms
current Op is 1th:7:BinaryOp
	computeIthOp, 577, cost time: 0.066000 ms
current Op is 0th:7:BinaryOp
	computeIthOp, 577, cost time: 0.067000 ms
current Op is 1th:7:BinaryOp
	computeIthOp, 577, cost time: 0.065000 ms
current Op is 2th:7:BinaryOp
	computeIthOp, 577, cost time: 0.066000 ms
current Op is 0th:7:BinaryOp
	computeIthOp, 577, cost time: 0.313000 ms
current Op is 1th:7:BinaryOp
	computeIthOp, 577, cost time: 0.065000 ms
current Op is 0th:7:BinaryOp
	computeIthOp, 577, cost time: 0.313000 ms
current Op is 1th:7:BinaryOp
	computeIthOp, 577, cost time: 0.062000 ms
current Op is 2th:7:BinaryOp
	computeIthOp, 577, cost time: 0.065000 ms
current Op is 0th:7:BinaryOp
	computeIthOp, 577, cost time: 0.357000 ms
current Op is 1th:7:BinaryOp
	computeIthOp, 577, cost time: 0.065000 ms
current Op is 0th:7:BinaryOp
	computeIthOp, 577, cost time: 0.066000 ms
current Op is 1th:7:BinaryOp
	computeIthOp, 577, cost time: 0.063000 ms
current Op is 2th:7:BinaryOp
	computeIthOp, 577, cost time: 0.112000 ms
current Op is 0th:7:BinaryOp
	computeIthOp, 577, cost time: 0.066000 ms
current Op is 1th:7:BinaryOp
	computeIthOp, 577, cost time: 0.064000 ms
current Op is 0th:7:BinaryOp
	computeIthOp, 577, cost time: 0.066000 ms
current Op is 1th:7:BinaryOp
	computeIthOp, 577, cost time: 0.062000 ms
current Op is 2th:7:BinaryOp
	computeIthOp, 577, cost time: 0.231000 ms
current Op is 0th:7:BinaryOp
	computeIthOp, 577, cost time: 0.795000 ms
current Op is 1th:7:BinaryOp
	computeIthOp, 577, cost time: 0.128000 ms
current Op is 0th:7:BinaryOp
	computeIthOp, 577, cost time: 0.511000 ms
current Op is 1th:7:BinaryOp
	computeIthOp, 577, cost time: 0.070000 ms
current Op is 2th:7:BinaryOp
	computeIthOp, 577, cost time: 0.094000 ms
current Op is 0th:7:BinaryOp
	computeIthOp, 577, cost time: 0.540000 ms
current Op is 1th:7:BinaryOp
	computeIthOp, 577, cost time: 0.112000 ms
current Op is 0th:7:BinaryOp
	computeIthOp, 577, cost time: 0.215000 ms
current Op is 1th:7:BinaryOp
	computeIthOp, 577, cost time: 0.080000 ms
current Op is 2th:7:BinaryOp
	computeIthOp, 577, cost time: 0.083000 ms
current Op is 0th:7:BinaryOp
	computeIthOp, 577, cost time: 0.084000 ms
current Op is 1th:7:BinaryOp
	computeIthOp, 577, cost time: 0.115000 ms
current Op is 0th:7:BinaryOp
	computeIthOp, 577, cost time: 0.081000 ms
current Op is 1th:7:BinaryOp
	computeIthOp, 577, cost time: 0.081000 ms
current Op is 2th:7:BinaryOp
	computeIthOp, 577, cost time: 0.086000 ms
current Op is 0th:7:BinaryOp
	computeIthOp, 577, cost time: 0.250000 ms
current Op is 1th:7:BinaryOp
	computeIthOp, 577, cost time: 0.081000 ms
current Op is 0th:7:BinaryOp
	computeIthOp, 577, cost time: 0.261000 ms
current Op is 1th:7:BinaryOp
	computeIthOp, 577, cost time: 0.103000 ms
current Op is 2th:7:BinaryOp
	computeIthOp, 577, cost time: 0.084000 ms
current Op is 0th:7:BinaryOp
	computeIthOp, 577, cost time: 0.250000 ms
current Op is 1th:7:BinaryOp
	computeIthOp, 577, cost time: 0.085000 ms
current Op is 0th:7:BinaryOp
	computeIthOp, 577, cost time: 0.082000 ms
current Op is 1th:7:BinaryOp
	computeIthOp, 577, cost time: 0.080000 ms
current Op is 2th:7:BinaryOp
	computeIthOp, 577, cost time: 0.086000 ms
current Op is 0th:7:BinaryOp
	computeIthOp, 577, cost time: 0.082000 ms
current Op is 1th:7:BinaryOp
	computeIthOp, 577, cost time: 0.103000 ms
current Op is 0th:7:BinaryOp
	computeIthOp, 577, cost time: 0.102000 ms
current Op is 1th:7:BinaryOp
	computeIthOp, 577, cost time: 0.063000 ms
current Op is 2th:7:BinaryOp
	computeIthOp, 577, cost time: 0.065000 ms
current Op is 0th:7:BinaryOp
	computeIthOp, 577, cost time: 0.535000 ms
current Op is 1th:7:BinaryOp
	computeIthOp, 577, cost time: 0.091000 ms
current Op is 0th:7:BinaryOp
	computeIthOp, 577, cost time: 0.443000 ms
current Op is 1th:7:BinaryOp
	computeIthOp, 577, cost time: 0.098000 ms
current Op is 2th:7:BinaryOp
	computeIthOp, 577, cost time: 0.088000 ms
current Op is 0th:7:BinaryOp
	computeIthOp, 577, cost time: 0.427000 ms
current Op is 1th:7:BinaryOp
	computeIthOp, 577, cost time: 0.115000 ms
current Op is 0th:7:BinaryOp
	computeIthOp, 577, cost time: 0.067000 ms
current Op is 1th:7:BinaryOp
	computeIthOp, 577, cost time: 0.062000 ms
current Op is 2th:7:BinaryOp
	computeIthOp, 577, cost time: 0.066000 ms
current Op is 0th:7:BinaryOp
	computeIthOp, 577, cost time: 0.134000 ms
current Op is 1th:7:BinaryOp
	computeIthOp, 577, cost time: 0.069000 ms
current Op is 0th:7:BinaryOp
	computeIthOp, 577, cost time: 0.070000 ms
current Op is 1th:7:BinaryOp
	computeIthOp, 577, cost time: 0.066000 ms
current Op is 2th:7:BinaryOp
	computeIthOp, 577, cost time: 0.068000 ms
current Op is 0th:7:BinaryOp
	computeIthOp, 577, cost time: 0.418000 ms
current Op is 1th:7:BinaryOp
	computeIthOp, 577, cost time: 0.065000 ms
current Op is 0th:7:BinaryOp
	computeIthOp, 577, cost time: 0.425000 ms
current Op is 1th:7:BinaryOp
	computeIthOp, 577, cost time: 0.148000 ms
current Op is 2th:7:BinaryOp
	computeIthOp, 577, cost time: 0.066000 ms
current Op is 0th:7:BinaryOp
	computeIthOp, 577, cost time: 0.407000 ms
current Op is 1th:7:BinaryOp
	computeIthOp, 577, cost time: 0.180000 ms
current Op is 0th:7:BinaryOp
	computeIthOp, 577, cost time: 0.068000 ms
current Op is 1th:7:BinaryOp
	computeIthOp, 577, cost time: 0.137000 ms
current Op is 2th:7:BinaryOp
	computeIthOp, 577, cost time: 0.069000 ms
current Op is 0th:7:BinaryOp
	computeIthOp, 577, cost time: 0.070000 ms
current Op is 1th:7:BinaryOp
	computeIthOp, 577, cost time: 0.067000 ms
current Op is 0th:7:BinaryOp
	computeIthOp, 577, cost time: 0.064000 ms
current Op is 1th:7:BinaryOp
	computeIthOp, 577, cost time: 0.061000 ms
current Op is 2th:7:BinaryOp
	computeIthOp, 577, cost time: 0.065000 ms
current Op is 0th:7:BinaryOp
	computeIthOp, 577, cost time: 0.083000 ms
current Op is 1th:7:BinaryOp
	computeIthOp, 577, cost time: 0.124000 ms
current Op is 0th:7:BinaryOp
	computeIthOp, 577, cost time: 0.084000 ms
current Op is 1th:7:BinaryOp
	computeIthOp, 577, cost time: 0.082000 ms
current Op is 2th:7:BinaryOp
	computeIthOp, 577, cost time: 0.093000 ms
current Op is 0th:7:BinaryOp
	computeIthOp, 577, cost time: 0.066000 ms
current Op is 1th:7:BinaryOp
	computeIthOp, 577, cost time: 0.063000 ms
current Op is 0th:7:BinaryOp
	computeIthOp, 577, cost time: 0.063000 ms
current Op is 1th:7:BinaryOp
	computeIthOp, 577, cost time: 0.061000 ms
current Op is 2th:7:BinaryOp
	computeIthOp, 577, cost time: 0.064000 ms
current Op is 0th:7:BinaryOp
	computeIthOp, 577, cost time: 0.071000 ms
current Op is 1th:7:BinaryOp
	computeIthOp, 577, cost time: 0.074000 ms
current Op is 0th:7:BinaryOp
	computeIthOp, 577, cost time: 0.074000 ms
current Op is 1th:7:BinaryOp
	computeIthOp, 577, cost time: 0.068000 ms
current Op is 2th:7:BinaryOp
	computeIthOp, 577, cost time: 0.074000 ms
current Op is 0th:7:BinaryOp
	computeIthOp, 577, cost time: 0.066000 ms
current Op is 1th:7:BinaryOp
	computeIthOp, 577, cost time: 0.065000 ms
current Op is 0th:7:BinaryOp
	computeIthOp, 577, cost time: 0.065000 ms
current Op is 1th:7:BinaryOp
	computeIthOp, 577, cost time: 0.061000 ms
current Op is 2th:7:BinaryOp
	computeIthOp, 577, cost time: 0.066000 ms
current Op is 0th:7:BinaryOp
	computeIthOp, 577, cost time: 0.069000 ms
current Op is 1th:7:BinaryOp
	computeIthOp, 577, cost time: 0.071000 ms
current Op is 0th:7:BinaryOp
	computeIthOp, 577, cost time: 0.069000 ms
current Op is 1th:7:BinaryOp
	computeIthOp, 577, cost time: 0.066000 ms
current Op is 2th:7:BinaryOp
	computeIthOp, 577, cost time: 0.072000 ms
current Op is 0th:7:BinaryOp
	computeIthOp, 577, cost time: 0.082000 ms
current Op is 1th:7:BinaryOp
	computeIthOp, 577, cost time: 0.064000 ms
current Op is 0th:7:BinaryOp
	computeIthOp, 577, cost time: 0.064000 ms
current Op is 1th:7:BinaryOp
	computeIthOp, 577, cost time: 0.061000 ms
current Op is 2th:7:BinaryOp
	computeIthOp, 577, cost time: 0.064000 ms
current Op is 0th:7:BinaryOp
	computeIthOp, 577, cost time: 0.110000 ms
current Op is 1th:7:BinaryOp
	computeIthOp, 577, cost time: 0.133000 ms
current Op is 0th:7:BinaryOp
	computeIthOp, 577, cost time: 0.109000 ms
current Op is 1th:7:BinaryOp
	computeIthOp, 577, cost time: 0.103000 ms
current Op is 2th:7:BinaryOp
	computeIthOp, 577, cost time: 0.149000 ms
current Op is 0th:7:BinaryOp
	computeIthOp, 577, cost time: 0.077000 ms
current Op is 1th:7:BinaryOp
	computeIthOp, 577, cost time: 0.066000 ms
current Op is 0th:7:BinaryOp
	computeIthOp, 577, cost time: 0.738000 ms
current Op is 1th:7:BinaryOp
	computeIthOp, 577, cost time: 0.065000 ms
current Op is 2th:7:BinaryOp
	computeIthOp, 577, cost time: 0.065000 ms
SGD.cpp: finish func onGetNextParameter
current Op is 0th:7:BinaryOp
	computeIthOp, 577, cost time: 0.085000 ms
current Op is 0th:7:BinaryOp
	computeIthOp, 577, cost time: 0.067000 ms
current Op is 0th:7:BinaryOp
	computeIthOp, 577, cost time: 0.070000 ms
current Op is 0th:7:BinaryOp
	computeIthOp, 577, cost time: 0.063000 ms
current Op is 0th:7:BinaryOp
	computeIthOp, 577, cost time: 0.144000 ms
current Op is 0th:7:BinaryOp
	computeIthOp, 577, cost time: 0.068000 ms
current Op is 0th:7:BinaryOp
	computeIthOp, 577, cost time: 0.086000 ms
current Op is 0th:7:BinaryOp
	computeIthOp, 577, cost time: 0.064000 ms
current Op is 0th:7:BinaryOp
	computeIthOp, 577, cost time: 0.078000 ms
current Op is 0th:7:BinaryOp
	computeIthOp, 577, cost time: 0.163000 ms
current Op is 0th:7:BinaryOp
	computeIthOp, 577, cost time: 0.206000 ms
current Op is 0th:7:BinaryOp
	computeIthOp, 577, cost time: 0.069000 ms
current Op is 0th:7:BinaryOp
	computeIthOp, 577, cost time: 0.142000 ms
current Op is 0th:7:BinaryOp
	computeIthOp, 577, cost time: 0.065000 ms
current Op is 0th:7:BinaryOp
	computeIthOp, 577, cost time: 0.077000 ms
current Op is 0th:7:BinaryOp
	computeIthOp, 577, cost time: 0.078000 ms
current Op is 0th:7:BinaryOp
	computeIthOp, 577, cost time: 0.199000 ms
current Op is 0th:7:BinaryOp
	computeIthOp, 577, cost time: 0.073000 ms
current Op is 0th:128:Raster
	computeIthOp, 577, cost time: 0.101000 ms
current Op is 1th:7:BinaryOp
	computeIthOp, 577, cost time: 0.081000 ms
current Op is 0th:7:BinaryOp
	computeIthOp, 577, cost time: 0.132000 ms
current Op is 0th:7:BinaryOp
	computeIthOp, 577, cost time: 0.101000 ms
current Op is 0th:7:BinaryOp
	computeIthOp, 577, cost time: 0.063000 ms
current Op is 0th:7:BinaryOp
	computeIthOp, 577, cost time: 0.065000 ms
current Op is 0th:7:BinaryOp
	computeIthOp, 577, cost time: 0.064000 ms
current Op is 0th:7:BinaryOp
	computeIthOp, 577, cost time: 0.064000 ms
current Op is 0th:7:BinaryOp
	computeIthOp, 577, cost time: 0.063000 ms
current Op is 0th:7:BinaryOp
	computeIthOp, 577, cost time: 0.069000 ms
current Op is 0th:7:BinaryOp
	computeIthOp, 577, cost time: 0.063000 ms
current Op is 0th:7:BinaryOp
	computeIthOp, 577, cost time: 0.069000 ms
current Op is 0th:7:BinaryOp
	computeIthOp, 577, cost time: 0.064000 ms
current Op is 0th:7:BinaryOp
	computeIthOp, 577, cost time: 0.066000 ms
current Op is 0th:7:BinaryOp
	computeIthOp, 577, cost time: 0.064000 ms
current Op is 0th:7:BinaryOp
	computeIthOp, 577, cost time: 0.072000 ms
current Op is 0th:7:BinaryOp
	computeIthOp, 577, cost time: 0.066000 ms
current Op is 0th:7:BinaryOp
	computeIthOp, 577, cost time: 0.065000 ms
current Op is 0th:7:BinaryOp
	computeIthOp, 577, cost time: 0.064000 ms
current Op is 0th:7:BinaryOp
	computeIthOp, 577, cost time: 0.065000 ms
current Op is 0th:7:BinaryOp
	computeIthOp, 577, cost time: 0.064000 ms
current Op is 0th:7:BinaryOp
	computeIthOp, 577, cost time: 0.096000 ms
current Op is 0th:7:BinaryOp
	computeIthOp, 577, cost time: 0.067000 ms
current Op is 0th:7:BinaryOp
	computeIthOp, 577, cost time: 0.077000 ms
current Op is 0th:7:BinaryOp
	computeIthOp, 577, cost time: 0.064000 ms
current Op is 0th:7:BinaryOp
	computeIthOp, 577, cost time: 0.067000 ms
current Op is 0th:7:BinaryOp
	computeIthOp, 577, cost time: 0.064000 ms
current Op is 0th:7:BinaryOp
	computeIthOp, 577, cost time: 0.123000 ms
current Op is 0th:7:BinaryOp
	computeIthOp, 577, cost time: 0.237000 ms
current Op is 0th:7:BinaryOp
	computeIthOp, 577, cost time: 0.075000 ms
current Op is 0th:7:BinaryOp
	computeIthOp, 577, cost time: 0.066000 ms
current Op is 0th:7:BinaryOp
	computeIthOp, 577, cost time: 0.078000 ms
current Op is 0th:7:BinaryOp
	computeIthOp, 577, cost time: 0.064000 ms
current Op is 0th:7:BinaryOp
	computeIthOp, 577, cost time: 0.488000 ms
current Op is 0th:7:BinaryOp
	computeIthOp, 577, cost time: 0.073000 ms
train, 137, cost time: 5224.201172 ms
train, 125, cost time: 5591.143066 ms
