Error to find creator of 9, set CPU default
begin an iteration 0
call step in MicroSGD, mMicroStep = 1, mStep = 0
don't need to use the micro-batch tech, call father's step directly
SGD.cpp:onGetNextParameter: finish compute grad graph
SGD.cpp:onGetNextParameter: finish prepare compute & start read-map
current Op is 0th:128:Raster
	computeIthOp, 577, cost time: 1.979000 ms
current Op is 1th:128:Raster
	computeIthOp, 577, cost time: 28.956001 ms
current Op is 2th:128:Raster
	computeIthOp, 577, cost time: 0.150000 ms
current Op is 3th:39:MatMul
	computeIthOp, 577, cost time: 30.089001 ms
current Op is 4th:128:Raster
	computeIthOp, 577, cost time: 2.998000 ms
current Op is 5th:47:Pooling
	computeIthOp, 577, cost time: 23.156002 ms
current Op is 6th:128:Raster
	computeIthOp, 577, cost time: 0.349000 ms
current Op is 7th:128:Raster
	computeIthOp, 577, cost time: 0.118000 ms
current Op is 8th:39:MatMul
	computeIthOp, 577, cost time: 0.895000 ms
current Op is 9th:128:Raster
	computeIthOp, 577, cost time: 0.144000 ms
current Op is 10th:128:Raster
	computeIthOp, 577, cost time: 0.091000 ms
current Op is 11th:39:MatMul
	computeIthOp, 577, cost time: 0.945000 ms
current Op is 12th:128:Raster
	computeIthOp, 577, cost time: 0.408000 ms
current Op is 13th:128:Raster
	computeIthOp, 577, cost time: 0.103000 ms
current Op is 14th:39:MatMul
	computeIthOp, 577, cost time: 2.297000 ms
current Op is 15th:128:Raster
	computeIthOp, 577, cost time: 0.789000 ms
current Op is 16th:128:Raster
	computeIthOp, 577, cost time: 0.387000 ms
current Op is 17th:128:Raster
	computeIthOp, 577, cost time: 0.104000 ms
current Op is 18th:39:MatMul
	computeIthOp, 577, cost time: 1.042000 ms
current Op is 19th:128:Raster
	computeIthOp, 577, cost time: 0.142000 ms
current Op is 20th:128:Raster
	computeIthOp, 577, cost time: 0.086000 ms
current Op is 21th:39:MatMul
	computeIthOp, 577, cost time: 0.934000 ms
current Op is 22th:128:Raster
	computeIthOp, 577, cost time: 0.489000 ms
current Op is 23th:128:Raster
	computeIthOp, 577, cost time: 0.100000 ms
current Op is 24th:39:MatMul
	computeIthOp, 577, cost time: 2.747000 ms
current Op is 25th:128:Raster
	computeIthOp, 577, cost time: 1.047000 ms
current Op is 26th:128:Raster
	computeIthOp, 577, cost time: 0.343000 ms
current Op is 27th:128:Raster
	computeIthOp, 577, cost time: 0.104000 ms
current Op is 28th:39:MatMul
	computeIthOp, 577, cost time: 1.379000 ms
current Op is 29th:128:Raster
	computeIthOp, 577, cost time: 0.209000 ms
current Op is 30th:128:Raster
	computeIthOp, 577, cost time: 0.092000 ms
current Op is 31th:39:MatMul
	computeIthOp, 577, cost time: 1.817000 ms
current Op is 32th:128:Raster
	computeIthOp, 577, cost time: 1.921000 ms
current Op is 33th:128:Raster
	computeIthOp, 577, cost time: 0.131000 ms
current Op is 34th:39:MatMul
	computeIthOp, 577, cost time: 8.066000 ms
current Op is 35th:128:Raster
	computeIthOp, 577, cost time: 2.660000 ms
current Op is 36th:47:Pooling
	computeIthOp, 577, cost time: 12.016001 ms
current Op is 37th:128:Raster
	computeIthOp, 577, cost time: 0.287000 ms
current Op is 38th:128:Raster
	computeIthOp, 577, cost time: 0.099000 ms
current Op is 39th:39:MatMul
	computeIthOp, 577, cost time: 0.716000 ms
current Op is 40th:128:Raster
	computeIthOp, 577, cost time: 0.130000 ms
current Op is 41th:128:Raster
	computeIthOp, 577, cost time: 0.124000 ms
current Op is 42th:39:MatMul
	computeIthOp, 577, cost time: 0.593000 ms
current Op is 43th:128:Raster
	computeIthOp, 577, cost time: 0.327000 ms
current Op is 44th:128:Raster
	computeIthOp, 577, cost time: 0.100000 ms
current Op is 45th:39:MatMul
	computeIthOp, 577, cost time: 1.947000 ms
current Op is 46th:128:Raster
	computeIthOp, 577, cost time: 0.443000 ms
current Op is 47th:128:Raster
	computeIthOp, 577, cost time: 0.198000 ms
current Op is 48th:128:Raster
	computeIthOp, 577, cost time: 0.096000 ms
current Op is 49th:39:MatMul
	computeIthOp, 577, cost time: 0.787000 ms
current Op is 50th:128:Raster
	computeIthOp, 577, cost time: 0.117000 ms
current Op is 51th:128:Raster
	computeIthOp, 577, cost time: 0.091000 ms
current Op is 52th:39:MatMul
	computeIthOp, 577, cost time: 0.886000 ms
current Op is 53th:128:Raster
	computeIthOp, 577, cost time: 0.485000 ms
current Op is 54th:128:Raster
	computeIthOp, 577, cost time: 0.129000 ms
current Op is 55th:39:MatMul
	computeIthOp, 577, cost time: 3.518000 ms
current Op is 56th:128:Raster
	computeIthOp, 577, cost time: 1.011000 ms
current Op is 57th:128:Raster
	computeIthOp, 577, cost time: 0.255000 ms
current Op is 58th:128:Raster
	computeIthOp, 577, cost time: 0.104000 ms
current Op is 59th:39:MatMul
	computeIthOp, 577, cost time: 1.029000 ms
current Op is 60th:128:Raster
	computeIthOp, 577, cost time: 0.121000 ms
current Op is 61th:128:Raster
	computeIthOp, 577, cost time: 0.090000 ms
current Op is 62th:39:MatMul
	computeIthOp, 577, cost time: 0.914000 ms
current Op is 63th:128:Raster
	computeIthOp, 577, cost time: 0.864000 ms
current Op is 64th:128:Raster
	computeIthOp, 577, cost time: 0.131000 ms
current Op is 65th:39:MatMul
	computeIthOp, 577, cost time: 3.733000 ms
current Op is 66th:128:Raster
	computeIthOp, 577, cost time: 1.045000 ms
current Op is 67th:128:Raster
	computeIthOp, 577, cost time: 0.258000 ms
current Op is 68th:128:Raster
	computeIthOp, 577, cost time: 0.105000 ms
current Op is 69th:39:MatMul
	computeIthOp, 577, cost time: 1.220000 ms
current Op is 70th:128:Raster
	computeIthOp, 577, cost time: 0.143000 ms
current Op is 71th:128:Raster
	computeIthOp, 577, cost time: 0.091000 ms
current Op is 72th:39:MatMul
	computeIthOp, 577, cost time: 1.229000 ms
current Op is 73th:128:Raster
	computeIthOp, 577, cost time: 1.146000 ms
current Op is 74th:128:Raster
	computeIthOp, 577, cost time: 0.171000 ms
current Op is 75th:39:MatMul
	computeIthOp, 577, cost time: 7.650001 ms
current Op is 76th:128:Raster
	computeIthOp, 577, cost time: 1.110000 ms
current Op is 77th:47:Pooling
	computeIthOp, 577, cost time: 6.144000 ms
current Op is 78th:128:Raster
	computeIthOp, 577, cost time: 0.246000 ms
current Op is 79th:128:Raster
	computeIthOp, 577, cost time: 0.104000 ms
current Op is 80th:39:MatMul
	computeIthOp, 577, cost time: 0.531000 ms
current Op is 81th:128:Raster
	computeIthOp, 577, cost time: 0.097000 ms
current Op is 82th:128:Raster
	computeIthOp, 577, cost time: 0.093000 ms
current Op is 83th:39:MatMul
	computeIthOp, 577, cost time: 0.468000 ms
current Op is 84th:128:Raster
	computeIthOp, 577, cost time: 0.220000 ms
current Op is 85th:128:Raster
	computeIthOp, 577, cost time: 0.143000 ms
current Op is 86th:39:MatMul
	computeIthOp, 577, cost time: 1.789000 ms
current Op is 87th:128:Raster
	computeIthOp, 577, cost time: 0.257000 ms
current Op is 88th:128:Raster
	computeIthOp, 577, cost time: 0.365000 ms
current Op is 89th:128:Raster
	computeIthOp, 577, cost time: 0.089000 ms
current Op is 90th:39:MatMul
	computeIthOp, 577, cost time: 0.248000 ms
current Op is 91th:128:Raster
	computeIthOp, 577, cost time: 0.115000 ms
current Op is 92th:47:Pooling
	computeIthOp, 577, cost time: 0.146000 ms
current Op is 93th:101:UnaryOp
	computeIthOp, 577, cost time: 0.081000 ms
current Op is 94th:7:BinaryOp
	computeIthOp, 577, cost time: 0.074000 ms
current Op is 95th:128:Raster
	computeIthOp, 577, cost time: 0.074000 ms
current Op is 96th:128:Raster
	computeIthOp, 577, cost time: 0.092000 ms
current Op is 97th:7:BinaryOp
	computeIthOp, 577, cost time: 0.075000 ms
current Op is 98th:128:Raster
	computeIthOp, 577, cost time: 0.075000 ms
current Op is 99th:128:Raster
	computeIthOp, 577, cost time: 0.088000 ms
current Op is 100th:128:Raster
	computeIthOp, 577, cost time: 0.139000 ms
current Op is 101th:7:BinaryOp
	computeIthOp, 577, cost time: 0.084000 ms
current Op is 102th:128:Raster
	computeIthOp, 577, cost time: 0.079000 ms
current Op is 103th:7:BinaryOp
	computeIthOp, 577, cost time: 0.071000 ms
current Op is 104th:128:Raster
	computeIthOp, 577, cost time: 0.083000 ms
current Op is 105th:9:Cast
	computeIthOp, 577, cost time: 0.070000 ms
current Op is 106th:119:OneHot
	computeIthOp, 577, cost time: 0.095000 ms
current Op is 107th:128:Raster
	computeIthOp, 577, cost time: 0.091000 ms
current Op is 108th:7:BinaryOp
	computeIthOp, 577, cost time: 0.086000 ms
current Op is 109th:128:Raster
	computeIthOp, 577, cost time: 0.088000 ms
current Op is 110th:7:BinaryOp
	computeIthOp, 577, cost time: 0.118000 ms
current Op is 111th:128:Raster
	computeIthOp, 577, cost time: 0.205000 ms
current Op is 112th:68:Reduction
	computeIthOp, 577, cost time: 0.726000 ms
current Op is 113th:128:Raster
	computeIthOp, 577, cost time: 0.087000 ms
current Op is 114th:68:Reduction
	computeIthOp, 577, cost time: 0.086000 ms
current Op is 115th:128:Raster
	computeIthOp, 577, cost time: 0.083000 ms
current Op is 116th:39:MatMul
	computeIthOp, 577, cost time: 0.327000 ms
current Op is 117th:128:Raster
	computeIthOp, 577, cost time: 0.100000 ms
current Op is 118th:128:Raster
	computeIthOp, 577, cost time: 0.093000 ms
current Op is 119th:39:MatMul
	computeIthOp, 577, cost time: 0.282000 ms
current Op is 120th:128:Raster
	computeIthOp, 577, cost time: 0.303000 ms
current Op is 121th:68:Reduction
	computeIthOp, 577, cost time: 0.106000 ms
current Op is 122th:128:Raster
	computeIthOp, 577, cost time: 0.098000 ms
current Op is 123th:68:Reduction
	computeIthOp, 577, cost time: 0.191000 ms
current Op is 124th:128:Raster
	computeIthOp, 577, cost time: 0.113000 ms
current Op is 125th:39:MatMul
	computeIthOp, 577, cost time: 2.060000 ms
current Op is 126th:128:Raster
	computeIthOp, 577, cost time: 0.555000 ms
current Op is 127th:68:Reduction
	computeIthOp, 577, cost time: 0.202000 ms
current Op is 128th:128:Raster
	computeIthOp, 577, cost time: 0.151000 ms
current Op is 129th:39:MatMul
	computeIthOp, 577, cost time: 0.426000 ms
current Op is 130th:128:Raster
	computeIthOp, 577, cost time: 0.250000 ms
current Op is 131th:128:Raster
	computeIthOp, 577, cost time: 0.123000 ms
current Op is 132th:39:MatMul
	computeIthOp, 577, cost time: 2.020000 ms
current Op is 133th:128:Raster
	computeIthOp, 577, cost time: 0.726000 ms
current Op is 134th:68:Reduction
	computeIthOp, 577, cost time: 0.134000 ms
current Op is 135th:128:Raster
	computeIthOp, 577, cost time: 0.137000 ms
current Op is 136th:128:Raster
	computeIthOp, 577, cost time: 0.133000 ms
current Op is 137th:39:MatMul
	computeIthOp, 577, cost time: 0.486000 ms
current Op is 138th:128:Raster
	computeIthOp, 577, cost time: 0.097000 ms
current Op is 139th:68:Reduction
	computeIthOp, 577, cost time: 0.083000 ms
current Op is 140th:128:Raster
	computeIthOp, 577, cost time: 0.123000 ms
current Op is 141th:128:Raster
	computeIthOp, 577, cost time: 0.114000 ms
current Op is 142th:7:BinaryOp
	computeIthOp, 577, cost time: 0.099000 ms
current Op is 143th:128:Raster
	computeIthOp, 577, cost time: 0.092000 ms
current Op is 144th:68:Reduction
	computeIthOp, 577, cost time: 0.110000 ms
current Op is 145th:128:Raster
	computeIthOp, 577, cost time: 0.088000 ms
current Op is 146th:39:MatMul
	computeIthOp, 577, cost time: 1.008000 ms
current Op is 147th:128:Raster
	computeIthOp, 577, cost time: 0.155000 ms
current Op is 148th:128:Raster
	computeIthOp, 577, cost time: 0.109000 ms
current Op is 149th:39:MatMul
	computeIthOp, 577, cost time: 0.716000 ms
current Op is 150th:128:Raster
	computeIthOp, 577, cost time: 0.173000 ms
current Op is 151th:68:Reduction
	computeIthOp, 577, cost time: 0.113000 ms
current Op is 152th:128:Raster
	computeIthOp, 577, cost time: 0.667000 ms
current Op is 153th:7:BinaryOp
	computeIthOp, 577, cost time: 0.685000 ms
current Op is 154th:9:Cast
	computeIthOp, 577, cost time: 0.615000 ms
current Op is 155th:128:Raster
	computeIthOp, 577, cost time: 0.218000 ms
current Op is 156th:7:BinaryOp
	computeIthOp, 577, cost time: 0.112000 ms
current Op is 157th:128:Raster
	computeIthOp, 577, cost time: 0.674000 ms
current Op is 158th:7:BinaryOp
	computeIthOp, 577, cost time: 0.723000 ms
current Op is 159th:9:Cast
	computeIthOp, 577, cost time: 0.343000 ms
current Op is 160th:7:BinaryOp
	computeIthOp, 577, cost time: 0.108000 ms
current Op is 161th:128:Raster
	computeIthOp, 577, cost time: 0.644000 ms
current Op is 162th:7:BinaryOp
	computeIthOp, 577, cost time: 0.657000 ms
current Op is 163th:9:Cast
	computeIthOp, 577, cost time: 0.495000 ms
current Op is 164th:7:BinaryOp
	computeIthOp, 577, cost time: 0.174000 ms
current Op is 165th:128:Raster
	computeIthOp, 577, cost time: 0.687000 ms
current Op is 166th:7:BinaryOp
	computeIthOp, 577, cost time: 0.649000 ms
current Op is 167th:9:Cast
	computeIthOp, 577, cost time: 0.335000 ms
current Op is 168th:7:BinaryOp
	computeIthOp, 577, cost time: 0.105000 ms
current Op is 169th:128:Raster
	computeIthOp, 577, cost time: 0.672000 ms
current Op is 170th:7:BinaryOp
	computeIthOp, 577, cost time: 0.716000 ms
current Op is 171th:9:Cast
	computeIthOp, 577, cost time: 0.345000 ms
current Op is 172th:7:BinaryOp
	computeIthOp, 577, cost time: 0.109000 ms
current Op is 173th:128:Raster
	computeIthOp, 577, cost time: 0.646000 ms
current Op is 174th:7:BinaryOp
	computeIthOp, 577, cost time: 0.756000 ms
current Op is 175th:9:Cast
	computeIthOp, 577, cost time: 0.346000 ms
current Op is 176th:7:BinaryOp
	computeIthOp, 577, cost time: 0.155000 ms
current Op is 177th:128:Raster
	computeIthOp, 577, cost time: 0.664000 ms
current Op is 178th:7:BinaryOp
	computeIthOp, 577, cost time: 0.660000 ms
current Op is 179th:9:Cast
	computeIthOp, 577, cost time: 0.335000 ms
current Op is 180th:7:BinaryOp
	computeIthOp, 577, cost time: 0.118000 ms
current Op is 181th:128:Raster
	computeIthOp, 577, cost time: 0.660000 ms
current Op is 182th:7:BinaryOp
	computeIthOp, 577, cost time: 0.660000 ms
current Op is 183th:9:Cast
	computeIthOp, 577, cost time: 0.377000 ms
current Op is 184th:7:BinaryOp
	computeIthOp, 577, cost time: 0.119000 ms
current Op is 185th:128:Raster
	computeIthOp, 577, cost time: 0.654000 ms
current Op is 186th:7:BinaryOp
	computeIthOp, 577, cost time: 0.663000 ms
current Op is 187th:9:Cast
	computeIthOp, 577, cost time: 0.542000 ms
current Op is 188th:7:BinaryOp
	computeIthOp, 577, cost time: 0.119000 ms
current Op is 189th:128:Raster
	computeIthOp, 577, cost time: 0.768000 ms
current Op is 190th:128:Raster
	computeIthOp, 577, cost time: 1.327000 ms
current Op is 191th:128:Raster
	computeIthOp, 577, cost time: 1.340000 ms
current Op is 192th:128:Raster
	computeIthOp, 577, cost time: 1.311000 ms
current Op is 193th:128:Raster
	computeIthOp, 577, cost time: 1.276000 ms
current Op is 194th:128:Raster
	computeIthOp, 577, cost time: 1.701000 ms
current Op is 195th:128:Raster
	computeIthOp, 577, cost time: 1.278000 ms
current Op is 196th:128:Raster
	computeIthOp, 577, cost time: 1.277000 ms
current Op is 197th:128:Raster
	computeIthOp, 577, cost time: 0.810000 ms
current Op is 198th:22:Eltwise
	computeIthOp, 577, cost time: 1.991000 ms
current Op is 199th:128:Raster
	computeIthOp, 577, cost time: 0.583000 ms
current Op is 200th:68:Reduction
	computeIthOp, 577, cost time: 0.531000 ms
current Op is 201th:128:Raster
	computeIthOp, 577, cost time: 0.355000 ms
current Op is 202th:39:MatMul
	computeIthOp, 577, cost time: 8.086000 ms
current Op is 203th:128:Raster
	computeIthOp, 577, cost time: 1.011000 ms
current Op is 204th:68:Reduction
	computeIthOp, 577, cost time: 0.515000 ms
current Op is 205th:128:Raster
	computeIthOp, 577, cost time: 0.270000 ms
current Op is 206th:39:MatMul
	computeIthOp, 577, cost time: 1.031000 ms
current Op is 207th:128:Raster
	computeIthOp, 577, cost time: 0.156000 ms
current Op is 208th:128:Raster
	computeIthOp, 577, cost time: 0.286000 ms
current Op is 209th:39:MatMul
	computeIthOp, 577, cost time: 5.659000 ms
current Op is 210th:128:Raster
	computeIthOp, 577, cost time: 0.479000 ms
current Op is 211th:68:Reduction
	computeIthOp, 577, cost time: 0.337000 ms
current Op is 212th:128:Raster
	computeIthOp, 577, cost time: 0.175000 ms
current Op is 213th:128:Raster
	computeIthOp, 577, cost time: 0.293000 ms
current Op is 214th:39:MatMul
	computeIthOp, 577, cost time: 1.267000 ms
current Op is 215th:128:Raster
	computeIthOp, 577, cost time: 0.125000 ms
current Op is 216th:68:Reduction
	computeIthOp, 577, cost time: 0.096000 ms
current Op is 217th:128:Raster
	computeIthOp, 577, cost time: 0.181000 ms
current Op is 218th:128:Raster
	computeIthOp, 577, cost time: 0.148000 ms
current Op is 219th:7:BinaryOp
	computeIthOp, 577, cost time: 0.102000 ms
current Op is 220th:128:Raster
	computeIthOp, 577, cost time: 0.110000 ms
current Op is 221th:68:Reduction
	computeIthOp, 577, cost time: 0.207000 ms
current Op is 222th:128:Raster
	computeIthOp, 577, cost time: 0.110000 ms
current Op is 223th:39:MatMul
	computeIthOp, 577, cost time: 1.923000 ms
current Op is 224th:128:Raster
	computeIthOp, 577, cost time: 0.193000 ms
current Op is 225th:128:Raster
	computeIthOp, 577, cost time: 0.132000 ms
current Op is 226th:39:MatMul
	computeIthOp, 577, cost time: 1.786000 ms
current Op is 227th:128:Raster
	computeIthOp, 577, cost time: 0.275000 ms
current Op is 228th:68:Reduction
	computeIthOp, 577, cost time: 0.176000 ms
current Op is 229th:128:Raster
	computeIthOp, 577, cost time: 0.179000 ms
current Op is 230th:68:Reduction
	computeIthOp, 577, cost time: 0.405000 ms
current Op is 231th:128:Raster
	computeIthOp, 577, cost time: 0.154000 ms
current Op is 232th:39:MatMul
	computeIthOp, 577, cost time: 3.984000 ms
current Op is 233th:128:Raster
	computeIthOp, 577, cost time: 0.628000 ms
current Op is 234th:68:Reduction
	computeIthOp, 577, cost time: 0.409000 ms
current Op is 235th:128:Raster
	computeIthOp, 577, cost time: 0.152000 ms
current Op is 236th:39:MatMul
	computeIthOp, 577, cost time: 0.690000 ms
current Op is 237th:128:Raster
	computeIthOp, 577, cost time: 0.129000 ms
current Op is 238th:128:Raster
	computeIthOp, 577, cost time: 0.154000 ms
current Op is 239th:39:MatMul
	computeIthOp, 577, cost time: 3.839000 ms
current Op is 240th:128:Raster
	computeIthOp, 577, cost time: 0.446000 ms
current Op is 241th:68:Reduction
	computeIthOp, 577, cost time: 0.261000 ms
current Op is 242th:128:Raster
	computeIthOp, 577, cost time: 0.124000 ms
current Op is 243th:128:Raster
	computeIthOp, 577, cost time: 0.172000 ms
current Op is 244th:39:MatMul
	computeIthOp, 577, cost time: 0.787000 ms
current Op is 245th:128:Raster
	computeIthOp, 577, cost time: 0.128000 ms
current Op is 246th:68:Reduction
	computeIthOp, 577, cost time: 0.100000 ms
current Op is 247th:128:Raster
	computeIthOp, 577, cost time: 0.156000 ms
current Op is 248th:128:Raster
	computeIthOp, 577, cost time: 0.140000 ms
current Op is 249th:7:BinaryOp
	computeIthOp, 577, cost time: 0.104000 ms
current Op is 250th:128:Raster
	computeIthOp, 577, cost time: 0.103000 ms
current Op is 251th:68:Reduction
	computeIthOp, 577, cost time: 0.161000 ms
current Op is 252th:128:Raster
	computeIthOp, 577, cost time: 0.103000 ms
current Op is 253th:39:MatMul
	computeIthOp, 577, cost time: 1.791000 ms
current Op is 254th:128:Raster
	computeIthOp, 577, cost time: 0.184000 ms
current Op is 255th:128:Raster
	computeIthOp, 577, cost time: 0.161000 ms
current Op is 256th:39:MatMul
	computeIthOp, 577, cost time: 1.664000 ms
current Op is 257th:128:Raster
	computeIthOp, 577, cost time: 0.312000 ms
current Op is 258th:68:Reduction
	computeIthOp, 577, cost time: 0.199000 ms
current Op is 259th:128:Raster
	computeIthOp, 577, cost time: 0.145000 ms
current Op is 260th:68:Reduction
	computeIthOp, 577, cost time: 0.406000 ms
current Op is 261th:128:Raster
	computeIthOp, 577, cost time: 0.152000 ms
current Op is 262th:39:MatMul
	computeIthOp, 577, cost time: 3.980000 ms
current Op is 263th:128:Raster
	computeIthOp, 577, cost time: 0.223000 ms
current Op is 264th:68:Reduction
	computeIthOp, 577, cost time: 0.411000 ms
current Op is 265th:128:Raster
	computeIthOp, 577, cost time: 0.144000 ms
current Op is 266th:39:MatMul
	computeIthOp, 577, cost time: 0.701000 ms
current Op is 267th:128:Raster
	computeIthOp, 577, cost time: 0.121000 ms
current Op is 268th:128:Raster
	computeIthOp, 577, cost time: 0.166000 ms
current Op is 269th:39:MatMul
	computeIthOp, 577, cost time: 3.880000 ms
current Op is 270th:128:Raster
	computeIthOp, 577, cost time: 0.441000 ms
current Op is 271th:68:Reduction
	computeIthOp, 577, cost time: 0.223000 ms
current Op is 272th:128:Raster
	computeIthOp, 577, cost time: 0.124000 ms
current Op is 273th:128:Raster
	computeIthOp, 577, cost time: 0.176000 ms
current Op is 274th:39:MatMul
	computeIthOp, 577, cost time: 0.807000 ms
current Op is 275th:128:Raster
	computeIthOp, 577, cost time: 0.114000 ms
current Op is 276th:68:Reduction
	computeIthOp, 577, cost time: 0.097000 ms
current Op is 277th:128:Raster
	computeIthOp, 577, cost time: 0.153000 ms
current Op is 278th:128:Raster
	computeIthOp, 577, cost time: 0.140000 ms
current Op is 279th:7:BinaryOp
	computeIthOp, 577, cost time: 0.099000 ms
current Op is 280th:128:Raster
	computeIthOp, 577, cost time: 0.105000 ms
current Op is 281th:68:Reduction
	computeIthOp, 577, cost time: 0.160000 ms
current Op is 282th:128:Raster
	computeIthOp, 577, cost time: 0.106000 ms
current Op is 283th:39:MatMul
	computeIthOp, 577, cost time: 1.243000 ms
current Op is 284th:128:Raster
	computeIthOp, 577, cost time: 0.119000 ms
current Op is 285th:128:Raster
	computeIthOp, 577, cost time: 0.116000 ms
current Op is 286th:39:MatMul
	computeIthOp, 577, cost time: 1.240000 ms
current Op is 287th:128:Raster
	computeIthOp, 577, cost time: 0.248000 ms
current Op is 288th:68:Reduction
	computeIthOp, 577, cost time: 0.151000 ms
current Op is 289th:128:Raster
	computeIthOp, 577, cost time: 0.119000 ms
current Op is 290th:68:Reduction
	computeIthOp, 577, cost time: 0.297000 ms
current Op is 291th:128:Raster
	computeIthOp, 577, cost time: 0.123000 ms
current Op is 292th:39:MatMul
	computeIthOp, 577, cost time: 2.482000 ms
current Op is 293th:128:Raster
	computeIthOp, 577, cost time: 0.168000 ms
current Op is 294th:68:Reduction
	computeIthOp, 577, cost time: 0.307000 ms
current Op is 295th:128:Raster
	computeIthOp, 577, cost time: 0.166000 ms
current Op is 296th:39:MatMul
	computeIthOp, 577, cost time: 0.493000 ms
current Op is 297th:128:Raster
	computeIthOp, 577, cost time: 0.108000 ms
current Op is 298th:128:Raster
	computeIthOp, 577, cost time: 0.136000 ms
current Op is 299th:39:MatMul
	computeIthOp, 577, cost time: 1.886000 ms
current Op is 300th:128:Raster
	computeIthOp, 577, cost time: 0.789000 ms
current Op is 301th:68:Reduction
	computeIthOp, 577, cost time: 0.176000 ms
current Op is 302th:128:Raster
	computeIthOp, 577, cost time: 0.118000 ms
current Op is 303th:128:Raster
	computeIthOp, 577, cost time: 0.146000 ms
current Op is 304th:39:MatMul
	computeIthOp, 577, cost time: 0.609000 ms
current Op is 305th:128:Raster
	computeIthOp, 577, cost time: 0.230000 ms
current Op is 306th:68:Reduction
	computeIthOp, 577, cost time: 0.099000 ms
current Op is 307th:128:Raster
	computeIthOp, 577, cost time: 0.155000 ms
current Op is 308th:128:Raster
	computeIthOp, 577, cost time: 0.135000 ms
current Op is 309th:7:BinaryOp
	computeIthOp, 577, cost time: 0.100000 ms
current Op is 310th:128:Raster
	computeIthOp, 577, cost time: 0.099000 ms
current Op is 311th:68:Reduction
	computeIthOp, 577, cost time: 0.132000 ms
current Op is 312th:128:Raster
	computeIthOp, 577, cost time: 0.096000 ms
current Op is 313th:39:MatMul
	computeIthOp, 577, cost time: 1.194000 ms
current Op is 314th:128:Raster
	computeIthOp, 577, cost time: 0.137000 ms
current Op is 315th:128:Raster
	computeIthOp, 577, cost time: 0.126000 ms
current Op is 316th:39:MatMul
	computeIthOp, 577, cost time: 1.026000 ms
current Op is 317th:128:Raster
	computeIthOp, 577, cost time: 0.218000 ms
current Op is 318th:68:Reduction
	computeIthOp, 577, cost time: 0.148000 ms
current Op is 319th:128:Raster
	computeIthOp, 577, cost time: 1.613000 ms
current Op is 320th:7:BinaryOp
	computeIthOp, 577, cost time: 1.297000 ms
current Op is 321th:9:Cast
	computeIthOp, 577, cost time: 0.825000 ms
current Op is 322th:128:Raster
	computeIthOp, 577, cost time: 0.373000 ms
current Op is 323th:7:BinaryOp
	computeIthOp, 577, cost time: 0.159000 ms
current Op is 324th:128:Raster
	computeIthOp, 577, cost time: 1.651000 ms
current Op is 325th:7:BinaryOp
	computeIthOp, 577, cost time: 1.251000 ms
current Op is 326th:9:Cast
	computeIthOp, 577, cost time: 0.674000 ms
current Op is 327th:7:BinaryOp
	computeIthOp, 577, cost time: 0.177000 ms
current Op is 328th:128:Raster
	computeIthOp, 577, cost time: 1.571000 ms
current Op is 329th:7:BinaryOp
	computeIthOp, 577, cost time: 1.649000 ms
current Op is 330th:9:Cast
	computeIthOp, 577, cost time: 0.624000 ms
current Op is 331th:7:BinaryOp
	computeIthOp, 577, cost time: 0.212000 ms
current Op is 332th:128:Raster
	computeIthOp, 577, cost time: 1.476000 ms
current Op is 333th:7:BinaryOp
	computeIthOp, 577, cost time: 1.341000 ms
current Op is 334th:9:Cast
	computeIthOp, 577, cost time: 1.090000 ms
current Op is 335th:7:BinaryOp
	computeIthOp, 577, cost time: 0.175000 ms
current Op is 336th:128:Raster
	computeIthOp, 577, cost time: 1.486000 ms
current Op is 337th:7:BinaryOp
	computeIthOp, 577, cost time: 1.239000 ms
current Op is 338th:9:Cast
	computeIthOp, 577, cost time: 0.790000 ms
current Op is 339th:7:BinaryOp
	computeIthOp, 577, cost time: 0.155000 ms
current Op is 340th:128:Raster
	computeIthOp, 577, cost time: 1.476000 ms
current Op is 341th:7:BinaryOp
	computeIthOp, 577, cost time: 1.637000 ms
current Op is 342th:9:Cast
	computeIthOp, 577, cost time: 1.162000 ms
current Op is 343th:7:BinaryOp
	computeIthOp, 577, cost time: 0.176000 ms
current Op is 344th:128:Raster
	computeIthOp, 577, cost time: 1.569000 ms
current Op is 345th:7:BinaryOp
	computeIthOp, 577, cost time: 1.299000 ms
current Op is 346th:9:Cast
	computeIthOp, 577, cost time: 0.646000 ms
current Op is 347th:7:BinaryOp
	computeIthOp, 577, cost time: 0.181000 ms
current Op is 348th:128:Raster
	computeIthOp, 577, cost time: 1.562000 ms
current Op is 349th:7:BinaryOp
	computeIthOp, 577, cost time: 1.290000 ms
current Op is 350th:9:Cast
	computeIthOp, 577, cost time: 1.178000 ms
current Op is 351th:7:BinaryOp
	computeIthOp, 577, cost time: 0.204000 ms
current Op is 352th:128:Raster
	computeIthOp, 577, cost time: 1.560000 ms
current Op is 353th:7:BinaryOp
	computeIthOp, 577, cost time: 1.286000 ms
current Op is 354th:9:Cast
	computeIthOp, 577, cost time: 0.878000 ms
current Op is 355th:7:BinaryOp
	computeIthOp, 577, cost time: 0.242000 ms
current Op is 356th:128:Raster
	computeIthOp, 577, cost time: 1.402000 ms
current Op is 357th:128:Raster
	computeIthOp, 577, cost time: 2.882000 ms
current Op is 358th:128:Raster
	computeIthOp, 577, cost time: 2.516000 ms
current Op is 359th:128:Raster
	computeIthOp, 577, cost time: 2.361000 ms
current Op is 360th:128:Raster
	computeIthOp, 577, cost time: 2.572000 ms
current Op is 361th:128:Raster
	computeIthOp, 577, cost time: 2.629000 ms
current Op is 362th:128:Raster
	computeIthOp, 577, cost time: 2.477000 ms
current Op is 363th:128:Raster
	computeIthOp, 577, cost time: 2.863000 ms
current Op is 364th:128:Raster
	computeIthOp, 577, cost time: 2.481000 ms
current Op is 365th:22:Eltwise
	computeIthOp, 577, cost time: 4.161000 ms
current Op is 366th:128:Raster
	computeIthOp, 577, cost time: 0.915000 ms
current Op is 367th:68:Reduction
	computeIthOp, 577, cost time: 0.963000 ms
current Op is 368th:128:Raster
	computeIthOp, 577, cost time: 0.408000 ms
current Op is 369th:39:MatMul
	computeIthOp, 577, cost time: 8.416000 ms
current Op is 370th:128:Raster
	computeIthOp, 577, cost time: 0.902000 ms
current Op is 371th:68:Reduction
	computeIthOp, 577, cost time: 0.945000 ms
current Op is 372th:128:Raster
	computeIthOp, 577, cost time: 0.405000 ms
current Op is 373th:39:MatMul
	computeIthOp, 577, cost time: 1.352000 ms
current Op is 374th:128:Raster
	computeIthOp, 577, cost time: 0.156000 ms
current Op is 375th:128:Raster
	computeIthOp, 577, cost time: 0.473000 ms
current Op is 376th:39:MatMul
	computeIthOp, 577, cost time: 7.377000 ms
current Op is 377th:128:Raster
	computeIthOp, 577, cost time: 0.790000 ms
current Op is 378th:68:Reduction
	computeIthOp, 577, cost time: 0.488000 ms
current Op is 379th:128:Raster
	computeIthOp, 577, cost time: 0.233000 ms
current Op is 380th:128:Raster
	computeIthOp, 577, cost time: 0.395000 ms
current Op is 381th:39:MatMul
	computeIthOp, 577, cost time: 1.854000 ms
current Op is 382th:128:Raster
	computeIthOp, 577, cost time: 0.151000 ms
current Op is 383th:68:Reduction
	computeIthOp, 577, cost time: 0.130000 ms
current Op is 384th:128:Raster
	computeIthOp, 577, cost time: 0.219000 ms
current Op is 385th:128:Raster
	computeIthOp, 577, cost time: 0.182000 ms
current Op is 386th:7:BinaryOp
	computeIthOp, 577, cost time: 0.108000 ms
current Op is 387th:128:Raster
	computeIthOp, 577, cost time: 0.137000 ms
current Op is 388th:68:Reduction
	computeIthOp, 577, cost time: 0.291000 ms
current Op is 389th:128:Raster
	computeIthOp, 577, cost time: 0.129000 ms
current Op is 390th:39:MatMul
	computeIthOp, 577, cost time: 2.436000 ms
current Op is 391th:128:Raster
	computeIthOp, 577, cost time: 0.165000 ms
current Op is 392th:128:Raster
	computeIthOp, 577, cost time: 0.176000 ms
current Op is 393th:39:MatMul
	computeIthOp, 577, cost time: 2.098000 ms
current Op is 394th:128:Raster
	computeIthOp, 577, cost time: 0.340000 ms
current Op is 395th:68:Reduction
	computeIthOp, 577, cost time: 0.226000 ms
current Op is 396th:128:Raster
	computeIthOp, 577, cost time: 0.172000 ms
current Op is 397th:68:Reduction
	computeIthOp, 577, cost time: 0.509000 ms
current Op is 398th:128:Raster
	computeIthOp, 577, cost time: 0.164000 ms
current Op is 399th:39:MatMul
	computeIthOp, 577, cost time: 2.993000 ms
current Op is 400th:128:Raster
	computeIthOp, 577, cost time: 0.186000 ms
current Op is 401th:68:Reduction
	computeIthOp, 577, cost time: 0.507000 ms
current Op is 402th:128:Raster
	computeIthOp, 577, cost time: 0.163000 ms
current Op is 403th:39:MatMul
	computeIthOp, 577, cost time: 0.662000 ms
current Op is 404th:128:Raster
	computeIthOp, 577, cost time: 0.103000 ms
current Op is 405th:128:Raster
	computeIthOp, 577, cost time: 0.164000 ms
current Op is 406th:39:MatMul
	computeIthOp, 577, cost time: 2.817000 ms
current Op is 407th:128:Raster
	computeIthOp, 577, cost time: 0.520000 ms
current Op is 408th:68:Reduction
	computeIthOp, 577, cost time: 0.260000 ms
current Op is 409th:128:Raster
	computeIthOp, 577, cost time: 0.101000 ms
current Op is 410th:128:Raster
	computeIthOp, 577, cost time: 0.261000 ms
current Op is 411th:39:MatMul
	computeIthOp, 577, cost time: 0.897000 ms
current Op is 412th:128:Raster
	computeIthOp, 577, cost time: 0.120000 ms
current Op is 413th:68:Reduction
	computeIthOp, 577, cost time: 0.094000 ms
current Op is 414th:128:Raster
	computeIthOp, 577, cost time: 0.167000 ms
current Op is 415th:128:Raster
	computeIthOp, 577, cost time: 0.146000 ms
current Op is 416th:7:BinaryOp
	computeIthOp, 577, cost time: 0.097000 ms
current Op is 417th:128:Raster
	computeIthOp, 577, cost time: 0.109000 ms
current Op is 418th:68:Reduction
	computeIthOp, 577, cost time: 0.184000 ms
current Op is 419th:128:Raster
	computeIthOp, 577, cost time: 0.108000 ms
current Op is 420th:39:MatMul
	computeIthOp, 577, cost time: 2.246000 ms
current Op is 421th:128:Raster
	computeIthOp, 577, cost time: 0.140000 ms
current Op is 422th:128:Raster
	computeIthOp, 577, cost time: 0.125000 ms
current Op is 423th:39:MatMul
	computeIthOp, 577, cost time: 1.815000 ms
current Op is 424th:128:Raster
	computeIthOp, 577, cost time: 0.317000 ms
current Op is 425th:68:Reduction
	computeIthOp, 577, cost time: 0.224000 ms
current Op is 426th:128:Raster
	computeIthOp, 577, cost time: 0.182000 ms
current Op is 427th:68:Reduction
	computeIthOp, 577, cost time: 0.504000 ms
current Op is 428th:128:Raster
	computeIthOp, 577, cost time: 0.226000 ms
current Op is 429th:39:MatMul
	computeIthOp, 577, cost time: 3.068000 ms
current Op is 430th:128:Raster
	computeIthOp, 577, cost time: 0.619000 ms
current Op is 431th:68:Reduction
	computeIthOp, 577, cost time: 0.509000 ms
current Op is 432th:128:Raster
	computeIthOp, 577, cost time: 0.212000 ms
current Op is 433th:39:MatMul
	computeIthOp, 577, cost time: 0.727000 ms
current Op is 434th:128:Raster
	computeIthOp, 577, cost time: 0.098000 ms
current Op is 435th:128:Raster
	computeIthOp, 577, cost time: 0.170000 ms
current Op is 436th:39:MatMul
	computeIthOp, 577, cost time: 2.983000 ms
current Op is 437th:128:Raster
	computeIthOp, 577, cost time: 0.602000 ms
current Op is 438th:68:Reduction
	computeIthOp, 577, cost time: 0.281000 ms
current Op is 439th:128:Raster
	computeIthOp, 577, cost time: 0.109000 ms
current Op is 440th:128:Raster
	computeIthOp, 577, cost time: 0.192000 ms
current Op is 441th:39:MatMul
	computeIthOp, 577, cost time: 1.045000 ms
current Op is 442th:128:Raster
	computeIthOp, 577, cost time: 0.136000 ms
current Op is 443th:68:Reduction
	computeIthOp, 577, cost time: 0.096000 ms
current Op is 444th:128:Raster
	computeIthOp, 577, cost time: 0.163000 ms
current Op is 445th:128:Raster
	computeIthOp, 577, cost time: 0.147000 ms
current Op is 446th:7:BinaryOp
	computeIthOp, 577, cost time: 0.097000 ms
current Op is 447th:128:Raster
	computeIthOp, 577, cost time: 0.113000 ms
current Op is 448th:68:Reduction
	computeIthOp, 577, cost time: 0.187000 ms
current Op is 449th:128:Raster
	computeIthOp, 577, cost time: 0.110000 ms
current Op is 450th:39:MatMul
	computeIthOp, 577, cost time: 1.896000 ms
current Op is 451th:128:Raster
	computeIthOp, 577, cost time: 0.120000 ms
current Op is 452th:128:Raster
	computeIthOp, 577, cost time: 0.125000 ms
current Op is 453th:39:MatMul
	computeIthOp, 577, cost time: 1.520000 ms
current Op is 454th:128:Raster
	computeIthOp, 577, cost time: 0.300000 ms
current Op is 455th:68:Reduction
	computeIthOp, 577, cost time: 0.210000 ms
current Op is 456th:128:Raster
	computeIthOp, 577, cost time: 1.890000 ms
current Op is 457th:7:BinaryOp
	computeIthOp, 577, cost time: 1.862000 ms
current Op is 458th:9:Cast
	computeIthOp, 577, cost time: 1.580000 ms
current Op is 459th:128:Raster
	computeIthOp, 577, cost time: 0.377000 ms
current Op is 460th:7:BinaryOp
	computeIthOp, 577, cost time: 0.215000 ms
current Op is 461th:128:Raster
	computeIthOp, 577, cost time: 1.769000 ms
current Op is 462th:7:BinaryOp
	computeIthOp, 577, cost time: 2.394000 ms
current Op is 463th:9:Cast
	computeIthOp, 577, cost time: 0.968000 ms
current Op is 464th:7:BinaryOp
	computeIthOp, 577, cost time: 0.317000 ms
current Op is 465th:128:Raster
	computeIthOp, 577, cost time: 1.865000 ms
current Op is 466th:7:BinaryOp
	computeIthOp, 577, cost time: 1.871000 ms
current Op is 467th:9:Cast
	computeIthOp, 577, cost time: 1.548000 ms
current Op is 468th:7:BinaryOp
	computeIthOp, 577, cost time: 0.237000 ms
current Op is 469th:128:Raster
	computeIthOp, 577, cost time: 1.839000 ms
current Op is 470th:7:BinaryOp
	computeIthOp, 577, cost time: 1.930000 ms
current Op is 471th:9:Cast
	computeIthOp, 577, cost time: 1.679000 ms
current Op is 472th:7:BinaryOp
	computeIthOp, 577, cost time: 0.304000 ms
current Op is 473th:128:Raster
	computeIthOp, 577, cost time: 1.871000 ms
current Op is 474th:7:BinaryOp
	computeIthOp, 577, cost time: 1.884000 ms
current Op is 475th:9:Cast
	computeIthOp, 577, cost time: 1.989000 ms
current Op is 476th:7:BinaryOp
	computeIthOp, 577, cost time: 0.235000 ms
current Op is 477th:128:Raster
	computeIthOp, 577, cost time: 1.903000 ms
current Op is 478th:7:BinaryOp
	computeIthOp, 577, cost time: 2.005000 ms
current Op is 479th:9:Cast
	computeIthOp, 577, cost time: 1.550000 ms
current Op is 480th:7:BinaryOp
	computeIthOp, 577, cost time: 0.267000 ms
current Op is 481th:128:Raster
	computeIthOp, 577, cost time: 1.783000 ms
current Op is 482th:7:BinaryOp
	computeIthOp, 577, cost time: 1.907000 ms
current Op is 483th:9:Cast
	computeIthOp, 577, cost time: 1.583000 ms
current Op is 484th:7:BinaryOp
	computeIthOp, 577, cost time: 0.317000 ms
current Op is 485th:128:Raster
	computeIthOp, 577, cost time: 1.879000 ms
current Op is 486th:7:BinaryOp
	computeIthOp, 577, cost time: 2.494000 ms
current Op is 487th:9:Cast
	computeIthOp, 577, cost time: 1.493000 ms
current Op is 488th:7:BinaryOp
	computeIthOp, 577, cost time: 0.363000 ms
current Op is 489th:128:Raster
	computeIthOp, 577, cost time: 1.992000 ms
current Op is 490th:7:BinaryOp
	computeIthOp, 577, cost time: 1.902000 ms
current Op is 491th:9:Cast
	computeIthOp, 577, cost time: 1.665000 ms
current Op is 492th:7:BinaryOp
	computeIthOp, 577, cost time: 0.270000 ms
current Op is 493th:128:Raster
	computeIthOp, 577, cost time: 2.015000 ms
current Op is 494th:128:Raster
	computeIthOp, 577, cost time: 3.451000 ms
current Op is 495th:128:Raster
	computeIthOp, 577, cost time: 3.817000 ms
current Op is 496th:128:Raster
	computeIthOp, 577, cost time: 3.793000 ms
current Op is 497th:128:Raster
	computeIthOp, 577, cost time: 3.490000 ms
current Op is 498th:128:Raster
	computeIthOp, 577, cost time: 3.667000 ms
current Op is 499th:128:Raster
	computeIthOp, 577, cost time: 3.698000 ms
current Op is 500th:128:Raster
	computeIthOp, 577, cost time: 3.730000 ms
current Op is 501th:128:Raster
	computeIthOp, 577, cost time: 3.588000 ms
current Op is 502th:22:Eltwise
	computeIthOp, 577, cost time: 6.312000 ms
current Op is 503th:128:Raster
	computeIthOp, 577, cost time: 0.954000 ms
current Op is 504th:68:Reduction
	computeIthOp, 577, cost time: 2.645000 ms
current Op is 505th:128:Raster
	computeIthOp, 577, cost time: 0.950000 ms
current Op is 506th:39:MatMul
	computeIthOp, 577, cost time: 17.822001 ms
current Op is 507th:128:Raster
	computeIthOp, 577, cost time: 0.180000 ms
current Op is 508th:128:Raster
	computeIthOp, 577, cost time: 0.115000 ms
current Op is 509th:128:Raster
	computeIthOp, 577, cost time: 0.111000 ms
current Op is 510th:128:Raster
	computeIthOp, 577, cost time: 0.397000 ms
current Op is 511th:128:Raster
	computeIthOp, 577, cost time: 0.090000 ms
current Op is 512th:128:Raster
	computeIthOp, 577, cost time: 0.142000 ms
current Op is 513th:128:Raster
	computeIthOp, 577, cost time: 0.116000 ms
current Op is 514th:128:Raster
	computeIthOp, 577, cost time: 0.139000 ms
current Op is 515th:128:Raster
	computeIthOp, 577, cost time: 0.090000 ms
current Op is 516th:128:Raster
	computeIthOp, 577, cost time: 0.383000 ms
current Op is 517th:128:Raster
	computeIthOp, 577, cost time: 0.093000 ms
current Op is 518th:128:Raster
	computeIthOp, 577, cost time: 0.140000 ms
current Op is 519th:128:Raster
	computeIthOp, 577, cost time: 0.085000 ms
current Op is 520th:128:Raster
	computeIthOp, 577, cost time: 0.172000 ms
current Op is 521th:128:Raster
	computeIthOp, 577, cost time: 0.089000 ms
current Op is 522th:128:Raster
	computeIthOp, 577, cost time: 0.216000 ms
current Op is 523th:128:Raster
	computeIthOp, 577, cost time: 0.089000 ms
current Op is 524th:128:Raster
	computeIthOp, 577, cost time: 0.104000 ms
current Op is 525th:128:Raster
	computeIthOp, 577, cost time: 0.088000 ms
current Op is 526th:128:Raster
	computeIthOp, 577, cost time: 0.104000 ms
current Op is 527th:128:Raster
	computeIthOp, 577, cost time: 0.087000 ms
current Op is 528th:128:Raster
	computeIthOp, 577, cost time: 0.186000 ms
current Op is 529th:128:Raster
	computeIthOp, 577, cost time: 0.087000 ms
current Op is 530th:128:Raster
	computeIthOp, 577, cost time: 0.097000 ms
current Op is 531th:128:Raster
	computeIthOp, 577, cost time: 0.085000 ms
current Op is 532th:128:Raster
	computeIthOp, 577, cost time: 0.113000 ms
current Op is 533th:128:Raster
	computeIthOp, 577, cost time: 0.089000 ms
current Op is 534th:128:Raster
	computeIthOp, 577, cost time: 0.152000 ms
current Op is 535th:128:Raster
	computeIthOp, 577, cost time: 0.085000 ms
current Op is 536th:128:Raster
	computeIthOp, 577, cost time: 0.126000 ms
current Op is 537th:128:Raster
	computeIthOp, 577, cost time: 0.085000 ms
current Op is 538th:128:Raster
	computeIthOp, 577, cost time: 0.096000 ms
current Op is 539th:128:Raster
	computeIthOp, 577, cost time: 0.085000 ms
current Op is 540th:128:Raster
	computeIthOp, 577, cost time: 0.132000 ms
current Op is 541th:128:Raster
	computeIthOp, 577, cost time: 0.086000 ms
current Op is 542th:128:Raster
	computeIthOp, 577, cost time: 0.097000 ms
current Op is 543th:128:Raster
	computeIthOp, 577, cost time: 0.084000 ms
current Op is 544th:128:Raster
	computeIthOp, 577, cost time: 0.089000 ms
current Op is 545th:128:Raster
	computeIthOp, 577, cost time: 0.086000 ms
current Op is 546th:128:Raster
	computeIthOp, 577, cost time: 0.101000 ms
current Op is 547th:128:Raster
	computeIthOp, 577, cost time: 0.085000 ms
current Op is 548th:128:Raster
	computeIthOp, 577, cost time: 0.096000 ms
current Op is 549th:128:Raster
	computeIthOp, 577, cost time: 0.100000 ms
current Op is 550th:128:Raster
	computeIthOp, 577, cost time: 0.103000 ms
current Op is 551th:128:Raster
	computeIthOp, 577, cost time: 0.084000 ms
current Op is 552th:128:Raster
	computeIthOp, 577, cost time: 0.093000 ms
current Op is 553th:128:Raster
	computeIthOp, 577, cost time: 0.084000 ms
current Op is 554th:128:Raster
	computeIthOp, 577, cost time: 0.087000 ms
current Op is 555th:128:Raster
	computeIthOp, 577, cost time: 0.082000 ms
current Op is 556th:128:Raster
	computeIthOp, 577, cost time: 0.087000 ms
current Op is 557th:128:Raster
	computeIthOp, 577, cost time: 0.086000 ms
current Op is 558th:128:Raster
	computeIthOp, 577, cost time: 0.111000 ms
SGD.cpp:onGetNextParameter: finish read-map & start replace
SGD.cpp:onGetNextParameter: finish replace & start compute update value
current Op is 0th:7:BinaryOp
	computeIthOp, 577, cost time: 0.320000 ms
current Op is 1th:7:BinaryOp
	computeIthOp, 577, cost time: 0.073000 ms
current Op is 0th:7:BinaryOp
	computeIthOp, 577, cost time: 0.313000 ms
current Op is 1th:7:BinaryOp
	computeIthOp, 577, cost time: 0.068000 ms
current Op is 2th:7:BinaryOp
	computeIthOp, 577, cost time: 0.072000 ms
current Op is 0th:7:BinaryOp
	computeIthOp, 577, cost time: 0.282000 ms
current Op is 1th:7:BinaryOp
	computeIthOp, 577, cost time: 0.064000 ms
current Op is 0th:7:BinaryOp
	computeIthOp, 577, cost time: 0.065000 ms
current Op is 1th:7:BinaryOp
	computeIthOp, 577, cost time: 0.062000 ms
current Op is 2th:7:BinaryOp
	computeIthOp, 577, cost time: 0.065000 ms
current Op is 0th:7:BinaryOp
	computeIthOp, 577, cost time: 0.329000 ms
current Op is 1th:7:BinaryOp
	computeIthOp, 577, cost time: 0.086000 ms
current Op is 0th:7:BinaryOp
	computeIthOp, 577, cost time: 0.067000 ms
current Op is 1th:7:BinaryOp
	computeIthOp, 577, cost time: 0.063000 ms
current Op is 2th:7:BinaryOp
	computeIthOp, 577, cost time: 0.068000 ms
current Op is 0th:7:BinaryOp
	computeIthOp, 577, cost time: 0.066000 ms
current Op is 1th:7:BinaryOp
	computeIthOp, 577, cost time: 0.063000 ms
current Op is 0th:7:BinaryOp
	computeIthOp, 577, cost time: 0.342000 ms
current Op is 1th:7:BinaryOp
	computeIthOp, 577, cost time: 0.061000 ms
current Op is 2th:7:BinaryOp
	computeIthOp, 577, cost time: 0.065000 ms
current Op is 0th:7:BinaryOp
	computeIthOp, 577, cost time: 0.104000 ms
current Op is 1th:7:BinaryOp
	computeIthOp, 577, cost time: 0.118000 ms
current Op is 0th:7:BinaryOp
	computeIthOp, 577, cost time: 0.084000 ms
current Op is 1th:7:BinaryOp
	computeIthOp, 577, cost time: 0.095000 ms
current Op is 2th:7:BinaryOp
	computeIthOp, 577, cost time: 0.112000 ms
current Op is 0th:7:BinaryOp
	computeIthOp, 577, cost time: 0.364000 ms
current Op is 1th:7:BinaryOp
	computeIthOp, 577, cost time: 0.065000 ms
current Op is 0th:7:BinaryOp
	computeIthOp, 577, cost time: 0.347000 ms
current Op is 1th:7:BinaryOp
	computeIthOp, 577, cost time: 0.061000 ms
current Op is 2th:7:BinaryOp
	computeIthOp, 577, cost time: 0.065000 ms
current Op is 0th:7:BinaryOp
	computeIthOp, 577, cost time: 0.074000 ms
current Op is 1th:7:BinaryOp
	computeIthOp, 577, cost time: 0.079000 ms
current Op is 0th:7:BinaryOp
	computeIthOp, 577, cost time: 0.074000 ms
current Op is 1th:7:BinaryOp
	computeIthOp, 577, cost time: 0.071000 ms
current Op is 2th:7:BinaryOp
	computeIthOp, 577, cost time: 0.076000 ms
current Op is 0th:7:BinaryOp
	computeIthOp, 577, cost time: 0.354000 ms
current Op is 1th:7:BinaryOp
	computeIthOp, 577, cost time: 0.063000 ms
current Op is 0th:7:BinaryOp
	computeIthOp, 577, cost time: 0.066000 ms
current Op is 1th:7:BinaryOp
	computeIthOp, 577, cost time: 0.061000 ms
current Op is 2th:7:BinaryOp
	computeIthOp, 577, cost time: 0.064000 ms
current Op is 0th:7:BinaryOp
	computeIthOp, 577, cost time: 0.358000 ms
current Op is 1th:7:BinaryOp
	computeIthOp, 577, cost time: 0.073000 ms
current Op is 0th:7:BinaryOp
	computeIthOp, 577, cost time: 0.356000 ms
current Op is 1th:7:BinaryOp
	computeIthOp, 577, cost time: 0.067000 ms
current Op is 2th:7:BinaryOp
	computeIthOp, 577, cost time: 0.070000 ms
current Op is 0th:7:BinaryOp
	computeIthOp, 577, cost time: 0.065000 ms
current Op is 1th:7:BinaryOp
	computeIthOp, 577, cost time: 0.063000 ms
current Op is 0th:7:BinaryOp
	computeIthOp, 577, cost time: 0.066000 ms
current Op is 1th:7:BinaryOp
	computeIthOp, 577, cost time: 0.073000 ms
current Op is 2th:7:BinaryOp
	computeIthOp, 577, cost time: 0.065000 ms
current Op is 0th:7:BinaryOp
	computeIthOp, 577, cost time: 0.377000 ms
current Op is 1th:7:BinaryOp
	computeIthOp, 577, cost time: 0.146000 ms
current Op is 0th:7:BinaryOp
	computeIthOp, 577, cost time: 0.239000 ms
current Op is 1th:7:BinaryOp
	computeIthOp, 577, cost time: 0.188000 ms
current Op is 2th:7:BinaryOp
	computeIthOp, 577, cost time: 0.237000 ms
current Op is 0th:7:BinaryOp
	computeIthOp, 577, cost time: 0.341000 ms
current Op is 1th:7:BinaryOp
	computeIthOp, 577, cost time: 0.065000 ms
current Op is 0th:7:BinaryOp
	computeIthOp, 577, cost time: 0.333000 ms
current Op is 1th:7:BinaryOp
	computeIthOp, 577, cost time: 0.061000 ms
current Op is 2th:7:BinaryOp
	computeIthOp, 577, cost time: 0.065000 ms
current Op is 0th:7:BinaryOp
	computeIthOp, 577, cost time: 0.088000 ms
current Op is 1th:7:BinaryOp
	computeIthOp, 577, cost time: 0.080000 ms
current Op is 0th:7:BinaryOp
	computeIthOp, 577, cost time: 0.071000 ms
current Op is 1th:7:BinaryOp
	computeIthOp, 577, cost time: 0.071000 ms
current Op is 2th:7:BinaryOp
	computeIthOp, 577, cost time: 0.078000 ms
current Op is 0th:7:BinaryOp
	computeIthOp, 577, cost time: 0.344000 ms
current Op is 1th:7:BinaryOp
	computeIthOp, 577, cost time: 0.064000 ms
current Op is 0th:7:BinaryOp
	computeIthOp, 577, cost time: 0.063000 ms
current Op is 1th:7:BinaryOp
	computeIthOp, 577, cost time: 0.062000 ms
current Op is 2th:7:BinaryOp
	computeIthOp, 577, cost time: 0.069000 ms
current Op is 0th:7:BinaryOp
	computeIthOp, 577, cost time: 0.344000 ms
current Op is 1th:7:BinaryOp
	computeIthOp, 577, cost time: 0.071000 ms
current Op is 0th:7:BinaryOp
	computeIthOp, 577, cost time: 0.331000 ms
current Op is 1th:7:BinaryOp
	computeIthOp, 577, cost time: 0.066000 ms
current Op is 2th:7:BinaryOp
	computeIthOp, 577, cost time: 0.070000 ms
current Op is 0th:7:BinaryOp
	computeIthOp, 577, cost time: 0.065000 ms
current Op is 1th:7:BinaryOp
	computeIthOp, 577, cost time: 0.064000 ms
current Op is 0th:7:BinaryOp
	computeIthOp, 577, cost time: 0.104000 ms
current Op is 1th:7:BinaryOp
	computeIthOp, 577, cost time: 0.131000 ms
current Op is 2th:7:BinaryOp
	computeIthOp, 577, cost time: 0.055000 ms
current Op is 0th:7:BinaryOp
	computeIthOp, 577, cost time: 0.344000 ms
current Op is 1th:7:BinaryOp
	computeIthOp, 577, cost time: 0.137000 ms
current Op is 0th:7:BinaryOp
	computeIthOp, 577, cost time: 0.103000 ms
current Op is 1th:7:BinaryOp
	computeIthOp, 577, cost time: 0.114000 ms
current Op is 2th:7:BinaryOp
	computeIthOp, 577, cost time: 0.126000 ms
current Op is 0th:7:BinaryOp
	computeIthOp, 577, cost time: 0.351000 ms
current Op is 1th:7:BinaryOp
	computeIthOp, 577, cost time: 0.066000 ms
current Op is 0th:7:BinaryOp
	computeIthOp, 577, cost time: 0.334000 ms
current Op is 1th:7:BinaryOp
	computeIthOp, 577, cost time: 0.062000 ms
current Op is 2th:7:BinaryOp
	computeIthOp, 577, cost time: 0.065000 ms
current Op is 0th:7:BinaryOp
	computeIthOp, 577, cost time: 0.073000 ms
current Op is 1th:128:Raster
	computeIthOp, 577, cost time: 0.087000 ms
current Op is 2th:7:BinaryOp
	computeIthOp, 577, cost time: 0.070000 ms
current Op is 0th:7:BinaryOp
	computeIthOp, 577, cost time: 0.068000 ms
current Op is 1th:7:BinaryOp
	computeIthOp, 577, cost time: 0.064000 ms
current Op is 2th:128:Raster
	computeIthOp, 577, cost time: 0.079000 ms
current Op is 3th:7:BinaryOp
	computeIthOp, 577, cost time: 0.079000 ms
current Op is 0th:7:BinaryOp
	computeIthOp, 577, cost time: 0.338000 ms
current Op is 1th:7:BinaryOp
	computeIthOp, 577, cost time: 0.064000 ms
current Op is 0th:7:BinaryOp
	computeIthOp, 577, cost time: 0.077000 ms
current Op is 1th:7:BinaryOp
	computeIthOp, 577, cost time: 0.061000 ms
current Op is 2th:7:BinaryOp
	computeIthOp, 577, cost time: 0.064000 ms
current Op is 0th:7:BinaryOp
	computeIthOp, 577, cost time: 0.334000 ms
current Op is 1th:7:BinaryOp
	computeIthOp, 577, cost time: 0.066000 ms
current Op is 0th:7:BinaryOp
	computeIthOp, 577, cost time: 0.332000 ms
current Op is 1th:7:BinaryOp
	computeIthOp, 577, cost time: 0.063000 ms
current Op is 2th:7:BinaryOp
	computeIthOp, 577, cost time: 0.066000 ms
current Op is 0th:7:BinaryOp
	computeIthOp, 577, cost time: 0.064000 ms
current Op is 1th:7:BinaryOp
	computeIthOp, 577, cost time: 0.064000 ms
current Op is 0th:7:BinaryOp
	computeIthOp, 577, cost time: 0.065000 ms
current Op is 1th:7:BinaryOp
	computeIthOp, 577, cost time: 0.066000 ms
current Op is 2th:7:BinaryOp
	computeIthOp, 577, cost time: 0.064000 ms
current Op is 0th:7:BinaryOp
	computeIthOp, 577, cost time: 0.331000 ms
current Op is 1th:7:BinaryOp
	computeIthOp, 577, cost time: 0.066000 ms
current Op is 0th:7:BinaryOp
	computeIthOp, 577, cost time: 1.184000 ms
current Op is 1th:7:BinaryOp
	computeIthOp, 577, cost time: 0.107000 ms
current Op is 2th:7:BinaryOp
	computeIthOp, 577, cost time: 0.240000 ms
current Op is 0th:7:BinaryOp
	computeIthOp, 577, cost time: 0.381000 ms
current Op is 1th:7:BinaryOp
	computeIthOp, 577, cost time: 0.105000 ms
current Op is 0th:7:BinaryOp
	computeIthOp, 577, cost time: 0.807000 ms
current Op is 1th:7:BinaryOp
	computeIthOp, 577, cost time: 0.151000 ms
current Op is 2th:7:BinaryOp
	computeIthOp, 577, cost time: 0.107000 ms
current Op is 0th:7:BinaryOp
	computeIthOp, 577, cost time: 0.114000 ms
current Op is 1th:7:BinaryOp
	computeIthOp, 577, cost time: 0.103000 ms
current Op is 0th:7:BinaryOp
	computeIthOp, 577, cost time: 0.491000 ms
current Op is 1th:7:BinaryOp
	computeIthOp, 577, cost time: 0.069000 ms
current Op is 2th:7:BinaryOp
	computeIthOp, 577, cost time: 0.254000 ms
current Op is 0th:7:BinaryOp
	computeIthOp, 577, cost time: 0.217000 ms
current Op is 1th:7:BinaryOp
	computeIthOp, 577, cost time: 0.080000 ms
current Op is 0th:7:BinaryOp
	computeIthOp, 577, cost time: 0.115000 ms
current Op is 1th:7:BinaryOp
	computeIthOp, 577, cost time: 0.083000 ms
current Op is 2th:7:BinaryOp
	computeIthOp, 577, cost time: 0.081000 ms
current Op is 0th:7:BinaryOp
	computeIthOp, 577, cost time: 0.248000 ms
current Op is 1th:7:BinaryOp
	computeIthOp, 577, cost time: 0.113000 ms
current Op is 0th:7:BinaryOp
	computeIthOp, 577, cost time: 0.245000 ms
current Op is 1th:7:BinaryOp
	computeIthOp, 577, cost time: 0.083000 ms
current Op is 2th:7:BinaryOp
	computeIthOp, 577, cost time: 0.087000 ms
current Op is 0th:7:BinaryOp
	computeIthOp, 577, cost time: 0.081000 ms
current Op is 1th:7:BinaryOp
	computeIthOp, 577, cost time: 0.081000 ms
current Op is 0th:7:BinaryOp
	computeIthOp, 577, cost time: 0.081000 ms
current Op is 1th:7:BinaryOp
	computeIthOp, 577, cost time: 0.091000 ms
current Op is 2th:7:BinaryOp
	computeIthOp, 577, cost time: 0.081000 ms
current Op is 0th:7:BinaryOp
	computeIthOp, 577, cost time: 0.281000 ms
current Op is 1th:7:BinaryOp
	computeIthOp, 577, cost time: 0.083000 ms
current Op is 0th:7:BinaryOp
	computeIthOp, 577, cost time: 0.081000 ms
current Op is 1th:7:BinaryOp
	computeIthOp, 577, cost time: 0.079000 ms
current Op is 2th:7:BinaryOp
	computeIthOp, 577, cost time: 0.082000 ms
current Op is 0th:7:BinaryOp
	computeIthOp, 577, cost time: 0.080000 ms
current Op is 1th:7:BinaryOp
	computeIthOp, 577, cost time: 0.081000 ms
current Op is 0th:7:BinaryOp
	computeIthOp, 577, cost time: 0.077000 ms
current Op is 1th:7:BinaryOp
	computeIthOp, 577, cost time: 0.077000 ms
current Op is 2th:7:BinaryOp
	computeIthOp, 577, cost time: 0.082000 ms
current Op is 0th:7:BinaryOp
	computeIthOp, 577, cost time: 0.078000 ms
current Op is 1th:7:BinaryOp
	computeIthOp, 577, cost time: 0.675000 ms
current Op is 0th:7:BinaryOp
	computeIthOp, 577, cost time: 0.355000 ms
current Op is 1th:7:BinaryOp
	computeIthOp, 577, cost time: 0.213000 ms
current Op is 2th:7:BinaryOp
	computeIthOp, 577, cost time: 0.108000 ms
current Op is 0th:7:BinaryOp
	computeIthOp, 577, cost time: 0.210000 ms
current Op is 1th:7:BinaryOp
	computeIthOp, 577, cost time: 0.089000 ms
current Op is 0th:7:BinaryOp
	computeIthOp, 577, cost time: 0.216000 ms
current Op is 1th:7:BinaryOp
	computeIthOp, 577, cost time: 0.078000 ms
current Op is 2th:7:BinaryOp
	computeIthOp, 577, cost time: 0.081000 ms
current Op is 0th:7:BinaryOp
	computeIthOp, 577, cost time: 0.217000 ms
current Op is 1th:7:BinaryOp
	computeIthOp, 577, cost time: 0.087000 ms
current Op is 0th:7:BinaryOp
	computeIthOp, 577, cost time: 0.083000 ms
current Op is 1th:7:BinaryOp
	computeIthOp, 577, cost time: 0.082000 ms
current Op is 2th:7:BinaryOp
	computeIthOp, 577, cost time: 0.175000 ms
current Op is 0th:7:BinaryOp
	computeIthOp, 577, cost time: 0.247000 ms
current Op is 1th:7:BinaryOp
	computeIthOp, 577, cost time: 0.338000 ms
current Op is 0th:7:BinaryOp
	computeIthOp, 577, cost time: 0.256000 ms
current Op is 1th:7:BinaryOp
	computeIthOp, 577, cost time: 0.078000 ms
current Op is 2th:7:BinaryOp
	computeIthOp, 577, cost time: 0.083000 ms
current Op is 0th:7:BinaryOp
	computeIthOp, 577, cost time: 0.080000 ms
current Op is 1th:7:BinaryOp
	computeIthOp, 577, cost time: 0.083000 ms
current Op is 0th:7:BinaryOp
	computeIthOp, 577, cost time: 0.080000 ms
current Op is 1th:7:BinaryOp
	computeIthOp, 577, cost time: 0.080000 ms
current Op is 2th:7:BinaryOp
	computeIthOp, 577, cost time: 0.115000 ms
current Op is 0th:7:BinaryOp
	computeIthOp, 577, cost time: 0.081000 ms
current Op is 1th:7:BinaryOp
	computeIthOp, 577, cost time: 0.066000 ms
current Op is 0th:7:BinaryOp
	computeIthOp, 577, cost time: 0.068000 ms
current Op is 1th:7:BinaryOp
	computeIthOp, 577, cost time: 0.111000 ms
current Op is 2th:7:BinaryOp
	computeIthOp, 577, cost time: 0.330000 ms
current Op is 0th:7:BinaryOp
	computeIthOp, 577, cost time: 0.835000 ms
current Op is 1th:7:BinaryOp
	computeIthOp, 577, cost time: 0.259000 ms
current Op is 0th:7:BinaryOp
	computeIthOp, 577, cost time: 0.242000 ms
current Op is 1th:7:BinaryOp
	computeIthOp, 577, cost time: 0.086000 ms
current Op is 2th:7:BinaryOp
	computeIthOp, 577, cost time: 0.090000 ms
current Op is 0th:7:BinaryOp
	computeIthOp, 577, cost time: 0.414000 ms
current Op is 1th:7:BinaryOp
	computeIthOp, 577, cost time: 0.210000 ms
current Op is 0th:7:BinaryOp
	computeIthOp, 577, cost time: 0.573000 ms
current Op is 1th:7:BinaryOp
	computeIthOp, 577, cost time: 0.104000 ms
current Op is 2th:7:BinaryOp
	computeIthOp, 577, cost time: 0.095000 ms
current Op is 0th:7:BinaryOp
	computeIthOp, 577, cost time: 0.099000 ms
current Op is 1th:7:BinaryOp
	computeIthOp, 577, cost time: 0.112000 ms
current Op is 0th:7:BinaryOp
	computeIthOp, 577, cost time: 0.385000 ms
current Op is 1th:7:BinaryOp
	computeIthOp, 577, cost time: 0.080000 ms
current Op is 2th:7:BinaryOp
	computeIthOp, 577, cost time: 0.093000 ms
current Op is 0th:7:BinaryOp
	computeIthOp, 577, cost time: 0.120000 ms
current Op is 1th:7:BinaryOp
	computeIthOp, 577, cost time: 0.067000 ms
current Op is 0th:7:BinaryOp
	computeIthOp, 577, cost time: 0.401000 ms
current Op is 1th:7:BinaryOp
	computeIthOp, 577, cost time: 0.065000 ms
current Op is 2th:7:BinaryOp
	computeIthOp, 577, cost time: 0.069000 ms
current Op is 0th:7:BinaryOp
	computeIthOp, 577, cost time: 0.074000 ms
current Op is 1th:7:BinaryOp
	computeIthOp, 577, cost time: 0.074000 ms
current Op is 0th:7:BinaryOp
	computeIthOp, 577, cost time: 0.423000 ms
current Op is 1th:7:BinaryOp
	computeIthOp, 577, cost time: 0.068000 ms
current Op is 2th:7:BinaryOp
	computeIthOp, 577, cost time: 0.073000 ms
current Op is 0th:7:BinaryOp
	computeIthOp, 577, cost time: 0.070000 ms
current Op is 1th:7:BinaryOp
	computeIthOp, 577, cost time: 0.067000 ms
current Op is 0th:7:BinaryOp
	computeIthOp, 577, cost time: 0.411000 ms
current Op is 1th:7:BinaryOp
	computeIthOp, 577, cost time: 0.064000 ms
current Op is 2th:7:BinaryOp
	computeIthOp, 577, cost time: 0.068000 ms
current Op is 0th:7:BinaryOp
	computeIthOp, 577, cost time: 0.072000 ms
current Op is 1th:7:BinaryOp
	computeIthOp, 577, cost time: 0.120000 ms
current Op is 0th:7:BinaryOp
	computeIthOp, 577, cost time: 0.410000 ms
current Op is 1th:7:BinaryOp
	computeIthOp, 577, cost time: 0.066000 ms
current Op is 2th:7:BinaryOp
	computeIthOp, 577, cost time: 0.069000 ms
current Op is 0th:7:BinaryOp
	computeIthOp, 577, cost time: 0.070000 ms
current Op is 1th:7:BinaryOp
	computeIthOp, 577, cost time: 0.066000 ms
current Op is 0th:7:BinaryOp
	computeIthOp, 577, cost time: 0.504000 ms
current Op is 1th:7:BinaryOp
	computeIthOp, 577, cost time: 0.064000 ms
current Op is 2th:7:BinaryOp
	computeIthOp, 577, cost time: 0.066000 ms
current Op is 0th:7:BinaryOp
	computeIthOp, 577, cost time: 0.081000 ms
current Op is 1th:7:BinaryOp
	computeIthOp, 577, cost time: 0.090000 ms
current Op is 0th:7:BinaryOp
	computeIthOp, 577, cost time: 0.389000 ms
current Op is 1th:7:BinaryOp
	computeIthOp, 577, cost time: 0.077000 ms
current Op is 2th:7:BinaryOp
	computeIthOp, 577, cost time: 0.086000 ms
current Op is 0th:7:BinaryOp
	computeIthOp, 577, cost time: 0.070000 ms
current Op is 1th:7:BinaryOp
	computeIthOp, 577, cost time: 0.065000 ms
current Op is 0th:7:BinaryOp
	computeIthOp, 577, cost time: 0.416000 ms
current Op is 1th:7:BinaryOp
	computeIthOp, 577, cost time: 0.122000 ms
current Op is 2th:7:BinaryOp
	computeIthOp, 577, cost time: 0.068000 ms
current Op is 0th:7:BinaryOp
	computeIthOp, 577, cost time: 0.071000 ms
current Op is 1th:7:BinaryOp
	computeIthOp, 577, cost time: 0.073000 ms
current Op is 0th:7:BinaryOp
	computeIthOp, 577, cost time: 0.420000 ms
current Op is 1th:7:BinaryOp
	computeIthOp, 577, cost time: 0.068000 ms
current Op is 2th:7:BinaryOp
	computeIthOp, 577, cost time: 0.073000 ms
current Op is 0th:7:BinaryOp
	computeIthOp, 577, cost time: 0.070000 ms
current Op is 1th:7:BinaryOp
	computeIthOp, 577, cost time: 0.095000 ms
current Op is 0th:7:BinaryOp
	computeIthOp, 577, cost time: 0.419000 ms
current Op is 1th:7:BinaryOp
	computeIthOp, 577, cost time: 0.064000 ms
current Op is 2th:7:BinaryOp
	computeIthOp, 577, cost time: 0.066000 ms
current Op is 0th:7:BinaryOp
	computeIthOp, 577, cost time: 0.075000 ms
current Op is 1th:7:BinaryOp
	computeIthOp, 577, cost time: 0.069000 ms
current Op is 0th:7:BinaryOp
	computeIthOp, 577, cost time: 0.550000 ms
current Op is 1th:7:BinaryOp
	computeIthOp, 577, cost time: 0.066000 ms
current Op is 2th:7:BinaryOp
	computeIthOp, 577, cost time: 0.069000 ms
current Op is 0th:7:BinaryOp
	computeIthOp, 577, cost time: 0.066000 ms
current Op is 1th:7:BinaryOp
	computeIthOp, 577, cost time: 0.062000 ms
current Op is 0th:7:BinaryOp
	computeIthOp, 577, cost time: 0.416000 ms
current Op is 1th:7:BinaryOp
	computeIthOp, 577, cost time: 0.061000 ms
current Op is 2th:7:BinaryOp
	computeIthOp, 577, cost time: 0.378000 ms
current Op is 0th:7:BinaryOp
	computeIthOp, 577, cost time: 0.212000 ms
current Op is 1th:7:BinaryOp
	computeIthOp, 577, cost time: 0.239000 ms
current Op is 0th:7:BinaryOp
	computeIthOp, 577, cost time: 0.268000 ms
current Op is 1th:7:BinaryOp
	computeIthOp, 577, cost time: 0.181000 ms
current Op is 2th:7:BinaryOp
	computeIthOp, 577, cost time: 0.152000 ms
current Op is 0th:7:BinaryOp
	computeIthOp, 577, cost time: 0.138000 ms
current Op is 1th:7:BinaryOp
	computeIthOp, 577, cost time: 0.080000 ms
current Op is 0th:7:BinaryOp
	computeIthOp, 577, cost time: 0.077000 ms
current Op is 1th:7:BinaryOp
	computeIthOp, 577, cost time: 0.076000 ms
current Op is 2th:7:BinaryOp
	computeIthOp, 577, cost time: 0.080000 ms
SGD.cpp: finish func onGetNextParameter
current Op is 0th:7:BinaryOp
	computeIthOp, 577, cost time: 0.103000 ms
current Op is 0th:7:BinaryOp
	computeIthOp, 577, cost time: 0.121000 ms
current Op is 0th:7:BinaryOp
	computeIthOp, 577, cost time: 0.083000 ms
current Op is 0th:7:BinaryOp
	computeIthOp, 577, cost time: 0.076000 ms
current Op is 0th:7:BinaryOp
	computeIthOp, 577, cost time: 0.247000 ms
current Op is 0th:7:BinaryOp
	computeIthOp, 577, cost time: 0.082000 ms
current Op is 0th:7:BinaryOp
	computeIthOp, 577, cost time: 0.108000 ms
current Op is 0th:7:BinaryOp
	computeIthOp, 577, cost time: 0.077000 ms
current Op is 0th:7:BinaryOp
	computeIthOp, 577, cost time: 0.090000 ms
current Op is 0th:7:BinaryOp
	computeIthOp, 577, cost time: 0.077000 ms
current Op is 0th:7:BinaryOp
	computeIthOp, 577, cost time: 0.810000 ms
current Op is 0th:7:BinaryOp
	computeIthOp, 577, cost time: 0.082000 ms
current Op is 0th:7:BinaryOp
	computeIthOp, 577, cost time: 0.090000 ms
current Op is 0th:7:BinaryOp
	computeIthOp, 577, cost time: 0.064000 ms
current Op is 0th:7:BinaryOp
	computeIthOp, 577, cost time: 0.076000 ms
current Op is 0th:7:BinaryOp
	computeIthOp, 577, cost time: 0.068000 ms
current Op is 0th:7:BinaryOp
	computeIthOp, 577, cost time: 0.235000 ms
current Op is 0th:7:BinaryOp
	computeIthOp, 577, cost time: 0.068000 ms
current Op is 0th:128:Raster
	computeIthOp, 577, cost time: 0.087000 ms
current Op is 1th:7:BinaryOp
	computeIthOp, 577, cost time: 0.076000 ms
current Op is 0th:7:BinaryOp
	computeIthOp, 577, cost time: 0.066000 ms
current Op is 0th:7:BinaryOp
	computeIthOp, 577, cost time: 0.068000 ms
current Op is 0th:7:BinaryOp
	computeIthOp, 577, cost time: 0.064000 ms
current Op is 0th:7:BinaryOp
	computeIthOp, 577, cost time: 0.297000 ms
current Op is 0th:7:BinaryOp
	computeIthOp, 577, cost time: 0.114000 ms
current Op is 0th:7:BinaryOp
	computeIthOp, 577, cost time: 0.119000 ms
current Op is 0th:7:BinaryOp
	computeIthOp, 577, cost time: 0.112000 ms
current Op is 0th:7:BinaryOp
	computeIthOp, 577, cost time: 0.165000 ms
current Op is 0th:7:BinaryOp
	computeIthOp, 577, cost time: 0.112000 ms
current Op is 0th:7:BinaryOp
	computeIthOp, 577, cost time: 0.115000 ms
current Op is 0th:7:BinaryOp
	computeIthOp, 577, cost time: 0.109000 ms
current Op is 0th:7:BinaryOp
	computeIthOp, 577, cost time: 0.112000 ms
current Op is 0th:7:BinaryOp
	computeIthOp, 577, cost time: 0.117000 ms
current Op is 0th:7:BinaryOp
	computeIthOp, 577, cost time: 0.113000 ms
current Op is 0th:7:BinaryOp
	computeIthOp, 577, cost time: 0.079000 ms
current Op is 0th:7:BinaryOp
	computeIthOp, 577, cost time: 0.116000 ms
current Op is 0th:7:BinaryOp
	computeIthOp, 577, cost time: 0.079000 ms
current Op is 0th:7:BinaryOp
	computeIthOp, 577, cost time: 0.081000 ms
current Op is 0th:7:BinaryOp
	computeIthOp, 577, cost time: 0.079000 ms
current Op is 0th:7:BinaryOp
	computeIthOp, 577, cost time: 0.107000 ms
current Op is 0th:7:BinaryOp
	computeIthOp, 577, cost time: 0.081000 ms
current Op is 0th:7:BinaryOp
	computeIthOp, 577, cost time: 0.084000 ms
current Op is 0th:7:BinaryOp
	computeIthOp, 577, cost time: 0.081000 ms
current Op is 0th:7:BinaryOp
	computeIthOp, 577, cost time: 0.081000 ms
current Op is 0th:7:BinaryOp
	computeIthOp, 577, cost time: 0.077000 ms
current Op is 0th:7:BinaryOp
	computeIthOp, 577, cost time: 0.193000 ms
current Op is 0th:7:BinaryOp
	computeIthOp, 577, cost time: 0.080000 ms
current Op is 0th:7:BinaryOp
	computeIthOp, 577, cost time: 0.088000 ms
current Op is 0th:7:BinaryOp
	computeIthOp, 577, cost time: 0.078000 ms
current Op is 0th:7:BinaryOp
	computeIthOp, 577, cost time: 0.085000 ms
current Op is 0th:7:BinaryOp
	computeIthOp, 577, cost time: 0.077000 ms
current Op is 0th:7:BinaryOp
	computeIthOp, 577, cost time: 0.147000 ms
current Op is 0th:7:BinaryOp
	computeIthOp, 577, cost time: 0.082000 ms
train, 137, cost time: 774.549011 ms
train, 125, cost time: 850.336060 ms
