Error to find creator of 9, set CPU default
begin an iteration 0
call step in MicroSGD, mMicroStep = 1, mStep = 0
don't need to use the micro-batch tech, call father's step directly
SGD.cpp:onGetNextParameter: finish compute grad graph
SGD.cpp:onGetNextParameter: finish prepare compute & start read-map
current Op is 0th:128:Raster
	computeIthOp, 577, cost time: 8.431001 ms
current Op is 1th:128:Raster
	computeIthOp, 577, cost time: 20.407001 ms
current Op is 2th:128:Raster
	computeIthOp, 577, cost time: 89.480003 ms
current Op is 3th:128:Raster
	computeIthOp, 577, cost time: 0.119000 ms
current Op is 4th:39:MatMul
	computeIthOp, 577, cost time: 198.395004 ms
current Op is 5th:128:Raster
	computeIthOp, 577, cost time: 31.666002 ms
current Op is 6th:47:Pooling
	computeIthOp, 577, cost time: 234.331009 ms
current Op is 7th:128:Raster
	computeIthOp, 577, cost time: 9.714001 ms
current Op is 8th:128:Raster
	computeIthOp, 577, cost time: 0.148000 ms
current Op is 9th:39:MatMul
	computeIthOp, 577, cost time: 6.907001 ms
current Op is 10th:128:Raster
	computeIthOp, 577, cost time: 1.035000 ms
current Op is 11th:128:Raster
	computeIthOp, 577, cost time: 0.677000 ms
current Op is 12th:128:Raster
	computeIthOp, 577, cost time: 0.100000 ms
current Op is 13th:39:MatMul
	computeIthOp, 577, cost time: 10.408001 ms
current Op is 14th:128:Raster
	computeIthOp, 577, cost time: 3.913000 ms
current Op is 15th:128:Raster
	computeIthOp, 577, cost time: 0.107000 ms
current Op is 16th:39:MatMul
	computeIthOp, 577, cost time: 26.783001 ms
current Op is 17th:128:Raster
	computeIthOp, 577, cost time: 8.062000 ms
current Op is 18th:128:Raster
	computeIthOp, 577, cost time: 5.396000 ms
current Op is 19th:128:Raster
	computeIthOp, 577, cost time: 0.103000 ms
current Op is 20th:39:MatMul
	computeIthOp, 577, cost time: 11.416000 ms
current Op is 21th:128:Raster
	computeIthOp, 577, cost time: 0.986000 ms
current Op is 22th:128:Raster
	computeIthOp, 577, cost time: 0.771000 ms
current Op is 23th:128:Raster
	computeIthOp, 577, cost time: 0.118000 ms
current Op is 24th:39:MatMul
	computeIthOp, 577, cost time: 9.865001 ms
current Op is 25th:128:Raster
	computeIthOp, 577, cost time: 4.051000 ms
current Op is 26th:128:Raster
	computeIthOp, 577, cost time: 0.175000 ms
current Op is 27th:39:MatMul
	computeIthOp, 577, cost time: 35.078003 ms
current Op is 28th:128:Raster
	computeIthOp, 577, cost time: 8.054001 ms
current Op is 29th:128:Raster
	computeIthOp, 577, cost time: 5.279000 ms
current Op is 30th:128:Raster
	computeIthOp, 577, cost time: 0.119000 ms
current Op is 31th:39:MatMul
	computeIthOp, 577, cost time: 15.654000 ms
current Op is 32th:128:Raster
	computeIthOp, 577, cost time: 3.031000 ms
current Op is 33th:128:Raster
	computeIthOp, 577, cost time: 1.533000 ms
current Op is 34th:128:Raster
	computeIthOp, 577, cost time: 0.173000 ms
current Op is 35th:39:MatMul
	computeIthOp, 577, cost time: 22.476002 ms
current Op is 36th:128:Raster
	computeIthOp, 577, cost time: 23.610001 ms
current Op is 37th:128:Raster
	computeIthOp, 577, cost time: 0.163000 ms
current Op is 38th:39:MatMul
	computeIthOp, 577, cost time: 105.996002 ms
current Op is 39th:128:Raster
	computeIthOp, 577, cost time: 22.707001 ms
current Op is 40th:47:Pooling
	computeIthOp, 577, cost time: 164.662003 ms
current Op is 41th:128:Raster
	computeIthOp, 577, cost time: 9.240001 ms
current Op is 42th:128:Raster
	computeIthOp, 577, cost time: 0.176000 ms
current Op is 43th:39:MatMul
	computeIthOp, 577, cost time: 6.310000 ms
current Op is 44th:128:Raster
	computeIthOp, 577, cost time: 0.730000 ms
current Op is 45th:128:Raster
	computeIthOp, 577, cost time: 0.414000 ms
current Op is 46th:128:Raster
	computeIthOp, 577, cost time: 0.117000 ms
current Op is 47th:39:MatMul
	computeIthOp, 577, cost time: 5.622000 ms
current Op is 48th:128:Raster
	computeIthOp, 577, cost time: 2.502000 ms
current Op is 49th:128:Raster
	computeIthOp, 577, cost time: 0.134000 ms
current Op is 50th:39:MatMul
	computeIthOp, 577, cost time: 21.426001 ms
current Op is 51th:128:Raster
	computeIthOp, 577, cost time: 4.140000 ms
current Op is 52th:128:Raster
	computeIthOp, 577, cost time: 3.207000 ms
current Op is 53th:128:Raster
	computeIthOp, 577, cost time: 0.152000 ms
current Op is 54th:39:MatMul
	computeIthOp, 577, cost time: 7.931000 ms
current Op is 55th:128:Raster
	computeIthOp, 577, cost time: 1.225000 ms
current Op is 56th:128:Raster
	computeIthOp, 577, cost time: 0.647000 ms
current Op is 57th:128:Raster
	computeIthOp, 577, cost time: 0.117000 ms
current Op is 58th:39:MatMul
	computeIthOp, 577, cost time: 9.323001 ms
current Op is 59th:128:Raster
	computeIthOp, 577, cost time: 3.708000 ms
current Op is 60th:128:Raster
	computeIthOp, 577, cost time: 0.153000 ms
current Op is 61th:39:MatMul
	computeIthOp, 577, cost time: 45.062000 ms
current Op is 62th:128:Raster
	computeIthOp, 577, cost time: 5.980000 ms
current Op is 63th:128:Raster
	computeIthOp, 577, cost time: 6.752000 ms
current Op is 64th:128:Raster
	computeIthOp, 577, cost time: 0.552000 ms
current Op is 65th:39:MatMul
	computeIthOp, 577, cost time: 10.933001 ms
current Op is 66th:128:Raster
	computeIthOp, 577, cost time: 1.398000 ms
current Op is 67th:128:Raster
	computeIthOp, 577, cost time: 0.682000 ms
current Op is 68th:128:Raster
	computeIthOp, 577, cost time: 0.122000 ms
current Op is 69th:39:MatMul
	computeIthOp, 577, cost time: 9.361000 ms
current Op is 70th:128:Raster
	computeIthOp, 577, cost time: 8.680000 ms
current Op is 71th:128:Raster
	computeIthOp, 577, cost time: 0.198000 ms
current Op is 72th:39:MatMul
	computeIthOp, 577, cost time: 51.911003 ms
current Op is 73th:128:Raster
	computeIthOp, 577, cost time: 5.591000 ms
current Op is 74th:128:Raster
	computeIthOp, 577, cost time: 4.709000 ms
current Op is 75th:128:Raster
	computeIthOp, 577, cost time: 0.586000 ms
current Op is 76th:39:MatMul
	computeIthOp, 577, cost time: 13.021001 ms
current Op is 77th:128:Raster
	computeIthOp, 577, cost time: 1.765000 ms
current Op is 78th:128:Raster
	computeIthOp, 577, cost time: 0.817000 ms
current Op is 79th:128:Raster
	computeIthOp, 577, cost time: 0.148000 ms
current Op is 80th:39:MatMul
	computeIthOp, 577, cost time: 14.288001 ms
current Op is 81th:128:Raster
	computeIthOp, 577, cost time: 12.197001 ms
current Op is 82th:128:Raster
	computeIthOp, 577, cost time: 0.248000 ms
current Op is 83th:39:MatMul
	computeIthOp, 577, cost time: 79.164001 ms
current Op is 84th:128:Raster
	computeIthOp, 577, cost time: 12.279000 ms
current Op is 85th:47:Pooling
	computeIthOp, 577, cost time: 80.129005 ms
current Op is 86th:128:Raster
	computeIthOp, 577, cost time: 2.000000 ms
current Op is 87th:128:Raster
	computeIthOp, 577, cost time: 0.156000 ms
current Op is 88th:39:MatMul
	computeIthOp, 577, cost time: 5.484000 ms
current Op is 89th:128:Raster
	computeIthOp, 577, cost time: 0.373000 ms
current Op is 90th:128:Raster
	computeIthOp, 577, cost time: 0.326000 ms
current Op is 91th:128:Raster
	computeIthOp, 577, cost time: 0.123000 ms
current Op is 92th:39:MatMul
	computeIthOp, 577, cost time: 3.776000 ms
current Op is 93th:128:Raster
	computeIthOp, 577, cost time: 1.743000 ms
current Op is 94th:128:Raster
	computeIthOp, 577, cost time: 0.196000 ms
current Op is 95th:39:MatMul
	computeIthOp, 577, cost time: 18.203001 ms
current Op is 96th:128:Raster
	computeIthOp, 577, cost time: 2.210000 ms
current Op is 97th:128:Raster
	computeIthOp, 577, cost time: 2.334000 ms
current Op is 98th:128:Raster
	computeIthOp, 577, cost time: 0.123000 ms
current Op is 99th:39:MatMul
	computeIthOp, 577, cost time: 0.840000 ms
current Op is 100th:128:Raster
	computeIthOp, 577, cost time: 0.172000 ms
current Op is 101th:47:Pooling
	computeIthOp, 577, cost time: 0.158000 ms
current Op is 102th:101:UnaryOp
	computeIthOp, 577, cost time: 0.080000 ms
current Op is 103th:7:BinaryOp
	computeIthOp, 577, cost time: 0.076000 ms
current Op is 104th:128:Raster
	computeIthOp, 577, cost time: 0.077000 ms
current Op is 105th:128:Raster
	computeIthOp, 577, cost time: 0.093000 ms
current Op is 106th:7:BinaryOp
	computeIthOp, 577, cost time: 0.087000 ms
current Op is 107th:128:Raster
	computeIthOp, 577, cost time: 0.083000 ms
current Op is 108th:128:Raster
	computeIthOp, 577, cost time: 0.090000 ms
current Op is 109th:128:Raster
	computeIthOp, 577, cost time: 0.148000 ms
current Op is 110th:7:BinaryOp
	computeIthOp, 577, cost time: 0.102000 ms
current Op is 111th:128:Raster
	computeIthOp, 577, cost time: 0.092000 ms
current Op is 112th:7:BinaryOp
	computeIthOp, 577, cost time: 0.070000 ms
current Op is 113th:128:Raster
	computeIthOp, 577, cost time: 0.083000 ms
current Op is 114th:9:Cast
	computeIthOp, 577, cost time: 0.069000 ms
current Op is 115th:119:OneHot
	computeIthOp, 577, cost time: 0.077000 ms
current Op is 116th:128:Raster
	computeIthOp, 577, cost time: 0.091000 ms
current Op is 117th:7:BinaryOp
	computeIthOp, 577, cost time: 0.092000 ms
current Op is 118th:128:Raster
	computeIthOp, 577, cost time: 0.096000 ms
current Op is 119th:7:BinaryOp
	computeIthOp, 577, cost time: 0.088000 ms
current Op is 120th:128:Raster
	computeIthOp, 577, cost time: 0.391000 ms
current Op is 121th:68:Reduction
	computeIthOp, 577, cost time: 13.875001 ms
current Op is 122th:128:Raster
	computeIthOp, 577, cost time: 0.144000 ms
current Op is 123th:68:Reduction
	computeIthOp, 577, cost time: 0.132000 ms
current Op is 124th:128:Raster
	computeIthOp, 577, cost time: 0.093000 ms
current Op is 125th:68:Reduction
	computeIthOp, 577, cost time: 0.088000 ms
current Op is 126th:128:Raster
	computeIthOp, 577, cost time: 0.095000 ms
current Op is 127th:39:MatMul
	computeIthOp, 577, cost time: 1.624000 ms
current Op is 128th:128:Raster
	computeIthOp, 577, cost time: 0.131000 ms
current Op is 129th:128:Raster
	computeIthOp, 577, cost time: 0.110000 ms
current Op is 130th:39:MatMul
	computeIthOp, 577, cost time: 1.304000 ms
current Op is 131th:128:Raster
	computeIthOp, 577, cost time: 1.807000 ms
current Op is 132th:68:Reduction
	computeIthOp, 577, cost time: 0.607000 ms
current Op is 133th:128:Raster
	computeIthOp, 577, cost time: 0.386000 ms
current Op is 134th:68:Reduction
	computeIthOp, 577, cost time: 0.348000 ms
current Op is 135th:128:Raster
	computeIthOp, 577, cost time: 0.118000 ms
current Op is 136th:68:Reduction
	computeIthOp, 577, cost time: 0.210000 ms
current Op is 137th:128:Raster
	computeIthOp, 577, cost time: 0.639000 ms
current Op is 138th:39:MatMul
	computeIthOp, 577, cost time: 20.425001 ms
current Op is 139th:128:Raster
	computeIthOp, 577, cost time: 0.876000 ms
current Op is 140th:68:Reduction
	computeIthOp, 577, cost time: 0.344000 ms
current Op is 141th:128:Raster
	computeIthOp, 577, cost time: 0.122000 ms
current Op is 142th:68:Reduction
	computeIthOp, 577, cost time: 0.228000 ms
current Op is 143th:128:Raster
	computeIthOp, 577, cost time: 0.595000 ms
current Op is 144th:39:MatMul
	computeIthOp, 577, cost time: 3.195000 ms
current Op is 145th:128:Raster
	computeIthOp, 577, cost time: 0.177000 ms
current Op is 146th:128:Raster
	computeIthOp, 577, cost time: 0.642000 ms
current Op is 147th:39:MatMul
	computeIthOp, 577, cost time: 18.861000 ms
current Op is 148th:128:Raster
	computeIthOp, 577, cost time: 1.641000 ms
current Op is 149th:68:Reduction
	computeIthOp, 577, cost time: 0.456000 ms
current Op is 150th:128:Raster
	computeIthOp, 577, cost time: 0.162000 ms
current Op is 151th:128:Raster
	computeIthOp, 577, cost time: 0.642000 ms
current Op is 152th:39:MatMul
	computeIthOp, 577, cost time: 4.944000 ms
current Op is 153th:128:Raster
	computeIthOp, 577, cost time: 0.651000 ms
current Op is 154th:68:Reduction
	computeIthOp, 577, cost time: 0.131000 ms
current Op is 155th:128:Raster
	computeIthOp, 577, cost time: 0.236000 ms
current Op is 156th:128:Raster
	computeIthOp, 577, cost time: 0.318000 ms
current Op is 157th:7:BinaryOp
	computeIthOp, 577, cost time: 0.139000 ms
current Op is 158th:128:Raster
	computeIthOp, 577, cost time: 0.224000 ms
current Op is 159th:68:Reduction
	computeIthOp, 577, cost time: 0.137000 ms
current Op is 160th:128:Raster
	computeIthOp, 577, cost time: 0.104000 ms
current Op is 161th:68:Reduction
	computeIthOp, 577, cost time: 0.116000 ms
current Op is 162th:128:Raster
	computeIthOp, 577, cost time: 0.260000 ms
current Op is 163th:39:MatMul
	computeIthOp, 577, cost time: 10.847000 ms
current Op is 164th:128:Raster
	computeIthOp, 577, cost time: 0.233000 ms
current Op is 165th:128:Raster
	computeIthOp, 577, cost time: 0.324000 ms
current Op is 166th:39:MatMul
	computeIthOp, 577, cost time: 6.834000 ms
current Op is 167th:128:Raster
	computeIthOp, 577, cost time: 1.292000 ms
current Op is 168th:68:Reduction
	computeIthOp, 577, cost time: 0.559000 ms
current Op is 169th:128:Raster
	computeIthOp, 577, cost time: 7.746000 ms
current Op is 170th:7:BinaryOp
	computeIthOp, 577, cost time: 7.879000 ms
current Op is 171th:9:Cast
	computeIthOp, 577, cost time: 6.222000 ms
current Op is 172th:128:Raster
	computeIthOp, 577, cost time: 1.489000 ms
current Op is 173th:7:BinaryOp
	computeIthOp, 577, cost time: 1.022000 ms
current Op is 174th:128:Raster
	computeIthOp, 577, cost time: 7.836000 ms
current Op is 175th:7:BinaryOp
	computeIthOp, 577, cost time: 7.832000 ms
current Op is 176th:9:Cast
	computeIthOp, 577, cost time: 6.552001 ms
current Op is 177th:7:BinaryOp
	computeIthOp, 577, cost time: 1.037000 ms
current Op is 178th:128:Raster
	computeIthOp, 577, cost time: 7.607000 ms
current Op is 179th:7:BinaryOp
	computeIthOp, 577, cost time: 8.011001 ms
current Op is 180th:9:Cast
	computeIthOp, 577, cost time: 6.442000 ms
current Op is 181th:7:BinaryOp
	computeIthOp, 577, cost time: 0.874000 ms
current Op is 182th:128:Raster
	computeIthOp, 577, cost time: 7.752000 ms
current Op is 183th:7:BinaryOp
	computeIthOp, 577, cost time: 7.941000 ms
current Op is 184th:9:Cast
	computeIthOp, 577, cost time: 6.699000 ms
current Op is 185th:7:BinaryOp
	computeIthOp, 577, cost time: 0.861000 ms
current Op is 186th:128:Raster
	computeIthOp, 577, cost time: 7.761000 ms
current Op is 187th:7:BinaryOp
	computeIthOp, 577, cost time: 7.790000 ms
current Op is 188th:9:Cast
	computeIthOp, 577, cost time: 6.693000 ms
current Op is 189th:7:BinaryOp
	computeIthOp, 577, cost time: 0.874000 ms
current Op is 190th:128:Raster
	computeIthOp, 577, cost time: 7.560000 ms
current Op is 191th:7:BinaryOp
	computeIthOp, 577, cost time: 8.050000 ms
current Op is 192th:9:Cast
	computeIthOp, 577, cost time: 6.634000 ms
current Op is 193th:7:BinaryOp
	computeIthOp, 577, cost time: 0.911000 ms
current Op is 194th:128:Raster
	computeIthOp, 577, cost time: 7.505001 ms
current Op is 195th:7:BinaryOp
	computeIthOp, 577, cost time: 7.858000 ms
current Op is 196th:9:Cast
	computeIthOp, 577, cost time: 6.755000 ms
current Op is 197th:7:BinaryOp
	computeIthOp, 577, cost time: 0.869000 ms
current Op is 198th:128:Raster
	computeIthOp, 577, cost time: 7.620000 ms
current Op is 199th:7:BinaryOp
	computeIthOp, 577, cost time: 7.926001 ms
current Op is 200th:9:Cast
	computeIthOp, 577, cost time: 6.537000 ms
current Op is 201th:7:BinaryOp
	computeIthOp, 577, cost time: 0.968000 ms
current Op is 202th:128:Raster
	computeIthOp, 577, cost time: 7.135000 ms
current Op is 203th:7:BinaryOp
	computeIthOp, 577, cost time: 8.058001 ms
current Op is 204th:9:Cast
	computeIthOp, 577, cost time: 6.661000 ms
current Op is 205th:7:BinaryOp
	computeIthOp, 577, cost time: 1.290000 ms
current Op is 206th:128:Raster
	computeIthOp, 577, cost time: 8.672001 ms
current Op is 207th:128:Raster
	computeIthOp, 577, cost time: 8.991000 ms
current Op is 208th:128:Raster
	computeIthOp, 577, cost time: 15.953001 ms
current Op is 209th:128:Raster
	computeIthOp, 577, cost time: 14.984001 ms
current Op is 210th:128:Raster
	computeIthOp, 577, cost time: 14.540001 ms
current Op is 211th:128:Raster
	computeIthOp, 577, cost time: 16.309000 ms
current Op is 212th:128:Raster
	computeIthOp, 577, cost time: 15.833001 ms
current Op is 213th:128:Raster
	computeIthOp, 577, cost time: 15.473001 ms
current Op is 214th:128:Raster
	computeIthOp, 577, cost time: 14.674001 ms
current Op is 215th:22:Eltwise
	computeIthOp, 577, cost time: 28.060001 ms
current Op is 216th:128:Raster
	computeIthOp, 577, cost time: 4.496000 ms
current Op is 217th:68:Reduction
	computeIthOp, 577, cost time: 1.315000 ms
current Op is 218th:128:Raster
	computeIthOp, 577, cost time: 0.178000 ms
current Op is 219th:68:Reduction
	computeIthOp, 577, cost time: 0.517000 ms
current Op is 220th:128:Raster
	computeIthOp, 577, cost time: 5.029000 ms
current Op is 221th:39:MatMul
	computeIthOp, 577, cost time: 76.543007 ms
current Op is 222th:128:Raster
	computeIthOp, 577, cost time: 4.134000 ms
current Op is 223th:68:Reduction
	computeIthOp, 577, cost time: 1.338000 ms
current Op is 224th:128:Raster
	computeIthOp, 577, cost time: 0.178000 ms
current Op is 225th:68:Reduction
	computeIthOp, 577, cost time: 0.542000 ms
current Op is 226th:128:Raster
	computeIthOp, 577, cost time: 5.233000 ms
current Op is 227th:39:MatMul
	computeIthOp, 577, cost time: 11.170000 ms
current Op is 228th:128:Raster
	computeIthOp, 577, cost time: 0.221000 ms
current Op is 229th:128:Raster
	computeIthOp, 577, cost time: 5.136000 ms
current Op is 230th:39:MatMul
	computeIthOp, 577, cost time: 76.338005 ms
current Op is 231th:128:Raster
	computeIthOp, 577, cost time: 6.090000 ms
current Op is 232th:68:Reduction
	computeIthOp, 577, cost time: 2.188000 ms
current Op is 233th:128:Raster
	computeIthOp, 577, cost time: 0.170000 ms
current Op is 234th:128:Raster
	computeIthOp, 577, cost time: 5.173000 ms
current Op is 235th:39:MatMul
	computeIthOp, 577, cost time: 13.992001 ms
current Op is 236th:128:Raster
	computeIthOp, 577, cost time: 0.541000 ms
current Op is 237th:68:Reduction
	computeIthOp, 577, cost time: 0.307000 ms
current Op is 238th:128:Raster
	computeIthOp, 577, cost time: 0.770000 ms
current Op is 239th:128:Raster
	computeIthOp, 577, cost time: 0.667000 ms
current Op is 240th:7:BinaryOp
	computeIthOp, 577, cost time: 0.449000 ms
current Op is 241th:128:Raster
	computeIthOp, 577, cost time: 0.709000 ms
current Op is 242th:68:Reduction
	computeIthOp, 577, cost time: 0.354000 ms
current Op is 243th:128:Raster
	computeIthOp, 577, cost time: 0.130000 ms
current Op is 244th:68:Reduction
	computeIthOp, 577, cost time: 0.213000 ms
current Op is 245th:128:Raster
	computeIthOp, 577, cost time: 1.040000 ms
current Op is 246th:39:MatMul
	computeIthOp, 577, cost time: 27.056002 ms
current Op is 247th:128:Raster
	computeIthOp, 577, cost time: 0.223000 ms
current Op is 248th:128:Raster
	computeIthOp, 577, cost time: 0.978000 ms
current Op is 249th:39:MatMul
	computeIthOp, 577, cost time: 22.354002 ms
current Op is 250th:128:Raster
	computeIthOp, 577, cost time: 3.006000 ms
current Op is 251th:68:Reduction
	computeIthOp, 577, cost time: 1.493000 ms
current Op is 252th:128:Raster
	computeIthOp, 577, cost time: 0.902000 ms
current Op is 253th:68:Reduction
	computeIthOp, 577, cost time: 1.045000 ms
current Op is 254th:128:Raster
	computeIthOp, 577, cost time: 0.163000 ms
current Op is 255th:68:Reduction
	computeIthOp, 577, cost time: 0.413000 ms
current Op is 256th:128:Raster
	computeIthOp, 577, cost time: 1.674000 ms
current Op is 257th:39:MatMul
	computeIthOp, 577, cost time: 53.672001 ms
current Op is 258th:128:Raster
	computeIthOp, 577, cost time: 1.025000 ms
current Op is 259th:68:Reduction
	computeIthOp, 577, cost time: 0.939000 ms
current Op is 260th:128:Raster
	computeIthOp, 577, cost time: 0.169000 ms
current Op is 261th:68:Reduction
	computeIthOp, 577, cost time: 0.405000 ms
current Op is 262th:128:Raster
	computeIthOp, 577, cost time: 1.598000 ms
current Op is 263th:39:MatMul
	computeIthOp, 577, cost time: 7.018000 ms
current Op is 264th:128:Raster
	computeIthOp, 577, cost time: 0.599000 ms
current Op is 265th:128:Raster
	computeIthOp, 577, cost time: 1.675000 ms
current Op is 266th:39:MatMul
	computeIthOp, 577, cost time: 48.228001 ms
current Op is 267th:128:Raster
	computeIthOp, 577, cost time: 4.402000 ms
current Op is 268th:68:Reduction
	computeIthOp, 577, cost time: 1.332000 ms
current Op is 269th:128:Raster
	computeIthOp, 577, cost time: 0.150000 ms
current Op is 270th:128:Raster
	computeIthOp, 577, cost time: 1.668000 ms
current Op is 271th:39:MatMul
	computeIthOp, 577, cost time: 9.322001 ms
current Op is 272th:128:Raster
	computeIthOp, 577, cost time: 0.450000 ms
current Op is 273th:68:Reduction
	computeIthOp, 577, cost time: 0.245000 ms
current Op is 274th:128:Raster
	computeIthOp, 577, cost time: 0.661000 ms
current Op is 275th:128:Raster
	computeIthOp, 577, cost time: 0.548000 ms
current Op is 276th:7:BinaryOp
	computeIthOp, 577, cost time: 0.377000 ms
current Op is 277th:128:Raster
	computeIthOp, 577, cost time: 0.518000 ms
current Op is 278th:68:Reduction
	computeIthOp, 577, cost time: 0.287000 ms
current Op is 279th:128:Raster
	computeIthOp, 577, cost time: 0.124000 ms
current Op is 280th:68:Reduction
	computeIthOp, 577, cost time: 0.170000 ms
current Op is 281th:128:Raster
	computeIthOp, 577, cost time: 0.756000 ms
current Op is 282th:39:MatMul
	computeIthOp, 577, cost time: 22.385000 ms
current Op is 283th:128:Raster
	computeIthOp, 577, cost time: 0.224000 ms
current Op is 284th:128:Raster
	computeIthOp, 577, cost time: 0.729000 ms
current Op is 285th:39:MatMul
	computeIthOp, 577, cost time: 20.256001 ms
current Op is 286th:128:Raster
	computeIthOp, 577, cost time: 3.256000 ms
current Op is 287th:68:Reduction
	computeIthOp, 577, cost time: 1.462000 ms
current Op is 288th:128:Raster
	computeIthOp, 577, cost time: 0.986000 ms
current Op is 289th:68:Reduction
	computeIthOp, 577, cost time: 0.925000 ms
current Op is 290th:128:Raster
	computeIthOp, 577, cost time: 0.171000 ms
current Op is 291th:68:Reduction
	computeIthOp, 577, cost time: 0.418000 ms
current Op is 292th:128:Raster
	computeIthOp, 577, cost time: 1.670000 ms
current Op is 293th:39:MatMul
	computeIthOp, 577, cost time: 53.210003 ms
current Op is 294th:128:Raster
	computeIthOp, 577, cost time: 1.359000 ms
current Op is 295th:68:Reduction
	computeIthOp, 577, cost time: 0.990000 ms
current Op is 296th:128:Raster
	computeIthOp, 577, cost time: 0.285000 ms
current Op is 297th:68:Reduction
	computeIthOp, 577, cost time: 0.405000 ms
current Op is 298th:128:Raster
	computeIthOp, 577, cost time: 1.601000 ms
current Op is 299th:39:MatMul
	computeIthOp, 577, cost time: 7.187000 ms
current Op is 300th:128:Raster
	computeIthOp, 577, cost time: 0.166000 ms
current Op is 301th:128:Raster
	computeIthOp, 577, cost time: 1.617000 ms
current Op is 302th:39:MatMul
	computeIthOp, 577, cost time: 48.184002 ms
current Op is 303th:128:Raster
	computeIthOp, 577, cost time: 4.197000 ms
current Op is 304th:68:Reduction
	computeIthOp, 577, cost time: 1.395000 ms
current Op is 305th:128:Raster
	computeIthOp, 577, cost time: 0.156000 ms
current Op is 306th:128:Raster
	computeIthOp, 577, cost time: 1.806000 ms
current Op is 307th:39:MatMul
	computeIthOp, 577, cost time: 9.502001 ms
current Op is 308th:128:Raster
	computeIthOp, 577, cost time: 0.542000 ms
current Op is 309th:68:Reduction
	computeIthOp, 577, cost time: 0.337000 ms
current Op is 310th:128:Raster
	computeIthOp, 577, cost time: 0.729000 ms
current Op is 311th:128:Raster
	computeIthOp, 577, cost time: 0.617000 ms
current Op is 312th:7:BinaryOp
	computeIthOp, 577, cost time: 0.383000 ms
current Op is 313th:128:Raster
	computeIthOp, 577, cost time: 0.605000 ms
current Op is 314th:68:Reduction
	computeIthOp, 577, cost time: 0.309000 ms
current Op is 315th:128:Raster
	computeIthOp, 577, cost time: 0.118000 ms
current Op is 316th:68:Reduction
	computeIthOp, 577, cost time: 0.184000 ms
current Op is 317th:128:Raster
	computeIthOp, 577, cost time: 0.837000 ms
current Op is 318th:39:MatMul
	computeIthOp, 577, cost time: 15.600000 ms
current Op is 319th:128:Raster
	computeIthOp, 577, cost time: 0.192000 ms
current Op is 320th:128:Raster
	computeIthOp, 577, cost time: 0.764000 ms
current Op is 321th:39:MatMul
	computeIthOp, 577, cost time: 13.930000 ms
current Op is 322th:128:Raster
	computeIthOp, 577, cost time: 1.978000 ms
current Op is 323th:68:Reduction
	computeIthOp, 577, cost time: 1.007000 ms
current Op is 324th:128:Raster
	computeIthOp, 577, cost time: 0.719000 ms
current Op is 325th:68:Reduction
	computeIthOp, 577, cost time: 0.632000 ms
current Op is 326th:128:Raster
	computeIthOp, 577, cost time: 0.152000 ms
current Op is 327th:68:Reduction
	computeIthOp, 577, cost time: 0.319000 ms
current Op is 328th:128:Raster
	computeIthOp, 577, cost time: 1.126000 ms
current Op is 329th:39:MatMul
	computeIthOp, 577, cost time: 25.111002 ms
current Op is 330th:128:Raster
	computeIthOp, 577, cost time: 0.707000 ms
current Op is 331th:68:Reduction
	computeIthOp, 577, cost time: 0.601000 ms
current Op is 332th:128:Raster
	computeIthOp, 577, cost time: 0.150000 ms
current Op is 333th:68:Reduction
	computeIthOp, 577, cost time: 0.321000 ms
current Op is 334th:128:Raster
	computeIthOp, 577, cost time: 1.186000 ms
current Op is 335th:39:MatMul
	computeIthOp, 577, cost time: 4.149000 ms
current Op is 336th:128:Raster
	computeIthOp, 577, cost time: 0.181000 ms
current Op is 337th:128:Raster
	computeIthOp, 577, cost time: 1.156000 ms
current Op is 338th:39:MatMul
	computeIthOp, 577, cost time: 23.615002 ms
current Op is 339th:128:Raster
	computeIthOp, 577, cost time: 2.816000 ms
current Op is 340th:68:Reduction
	computeIthOp, 577, cost time: 0.874000 ms
current Op is 341th:128:Raster
	computeIthOp, 577, cost time: 0.139000 ms
current Op is 342th:128:Raster
	computeIthOp, 577, cost time: 1.089000 ms
current Op is 343th:39:MatMul
	computeIthOp, 577, cost time: 6.229000 ms
current Op is 344th:128:Raster
	computeIthOp, 577, cost time: 0.370000 ms
current Op is 345th:68:Reduction
	computeIthOp, 577, cost time: 0.170000 ms
current Op is 346th:128:Raster
	computeIthOp, 577, cost time: 0.425000 ms
current Op is 347th:128:Raster
	computeIthOp, 577, cost time: 0.435000 ms
current Op is 348th:7:BinaryOp
	computeIthOp, 577, cost time: 0.225000 ms
current Op is 349th:128:Raster
	computeIthOp, 577, cost time: 0.512000 ms
current Op is 350th:68:Reduction
	computeIthOp, 577, cost time: 0.214000 ms
current Op is 351th:128:Raster
	computeIthOp, 577, cost time: 0.110000 ms
current Op is 352th:68:Reduction
	computeIthOp, 577, cost time: 0.158000 ms
current Op is 353th:128:Raster
	computeIthOp, 577, cost time: 0.474000 ms
current Op is 354th:39:MatMul
	computeIthOp, 577, cost time: 14.068001 ms
current Op is 355th:128:Raster
	computeIthOp, 577, cost time: 0.190000 ms
current Op is 356th:128:Raster
	computeIthOp, 577, cost time: 0.525000 ms
current Op is 357th:39:MatMul
	computeIthOp, 577, cost time: 11.930000 ms
current Op is 358th:128:Raster
	computeIthOp, 577, cost time: 2.085000 ms
current Op is 359th:68:Reduction
	computeIthOp, 577, cost time: 1.002000 ms
current Op is 360th:128:Raster
	computeIthOp, 577, cost time: 17.983002 ms
current Op is 361th:7:BinaryOp
	computeIthOp, 577, cost time: 15.674001 ms
current Op is 362th:9:Cast
	computeIthOp, 577, cost time: 13.068001 ms
current Op is 363th:128:Raster
	computeIthOp, 577, cost time: 8.692000 ms
current Op is 364th:7:BinaryOp
	computeIthOp, 577, cost time: 1.748000 ms
current Op is 365th:128:Raster
	computeIthOp, 577, cost time: 19.564001 ms
current Op is 366th:7:BinaryOp
	computeIthOp, 577, cost time: 16.305000 ms
current Op is 367th:9:Cast
	computeIthOp, 577, cost time: 13.056001 ms
current Op is 368th:7:BinaryOp
	computeIthOp, 577, cost time: 1.609000 ms
current Op is 369th:128:Raster
	computeIthOp, 577, cost time: 18.838001 ms
current Op is 370th:7:BinaryOp
	computeIthOp, 577, cost time: 15.605000 ms
current Op is 371th:9:Cast
	computeIthOp, 577, cost time: 13.218000 ms
current Op is 372th:7:BinaryOp
	computeIthOp, 577, cost time: 1.904000 ms
current Op is 373th:128:Raster
	computeIthOp, 577, cost time: 18.201000 ms
current Op is 374th:7:BinaryOp
	computeIthOp, 577, cost time: 15.581000 ms
current Op is 375th:9:Cast
	computeIthOp, 577, cost time: 12.432000 ms
current Op is 376th:7:BinaryOp
	computeIthOp, 577, cost time: 1.953000 ms
current Op is 377th:128:Raster
	computeIthOp, 577, cost time: 18.275002 ms
current Op is 378th:7:BinaryOp
	computeIthOp, 577, cost time: 15.820001 ms
current Op is 379th:9:Cast
	computeIthOp, 577, cost time: 12.845000 ms
current Op is 380th:7:BinaryOp
	computeIthOp, 577, cost time: 1.655000 ms
current Op is 381th:128:Raster
	computeIthOp, 577, cost time: 17.928001 ms
current Op is 382th:7:BinaryOp
	computeIthOp, 577, cost time: 16.474001 ms
current Op is 383th:9:Cast
	computeIthOp, 577, cost time: 13.052001 ms
current Op is 384th:7:BinaryOp
	computeIthOp, 577, cost time: 1.590000 ms
current Op is 385th:128:Raster
	computeIthOp, 577, cost time: 18.786001 ms
current Op is 386th:7:BinaryOp
	computeIthOp, 577, cost time: 15.412001 ms
current Op is 387th:9:Cast
	computeIthOp, 577, cost time: 13.229001 ms
current Op is 388th:7:BinaryOp
	computeIthOp, 577, cost time: 1.893000 ms
current Op is 389th:128:Raster
	computeIthOp, 577, cost time: 17.627001 ms
current Op is 390th:7:BinaryOp
	computeIthOp, 577, cost time: 15.354001 ms
current Op is 391th:9:Cast
	computeIthOp, 577, cost time: 13.593000 ms
current Op is 392th:7:BinaryOp
	computeIthOp, 577, cost time: 1.679000 ms
current Op is 393th:128:Raster
	computeIthOp, 577, cost time: 18.553001 ms
current Op is 394th:7:BinaryOp
	computeIthOp, 577, cost time: 17.373001 ms
current Op is 395th:9:Cast
	computeIthOp, 577, cost time: 13.010000 ms
current Op is 396th:7:BinaryOp
	computeIthOp, 577, cost time: 1.931000 ms
current Op is 397th:128:Raster
	computeIthOp, 577, cost time: 16.485001 ms
current Op is 398th:128:Raster
	computeIthOp, 577, cost time: 16.772001 ms
current Op is 399th:128:Raster
	computeIthOp, 577, cost time: 31.384001 ms
current Op is 400th:128:Raster
	computeIthOp, 577, cost time: 29.788002 ms
current Op is 401th:128:Raster
	computeIthOp, 577, cost time: 29.329000 ms
current Op is 402th:128:Raster
	computeIthOp, 577, cost time: 29.909002 ms
current Op is 403th:128:Raster
	computeIthOp, 577, cost time: 31.184002 ms
current Op is 404th:128:Raster
	computeIthOp, 577, cost time: 29.653002 ms
current Op is 405th:128:Raster
	computeIthOp, 577, cost time: 29.086000 ms
current Op is 406th:22:Eltwise
	computeIthOp, 577, cost time: 52.171001 ms
current Op is 407th:128:Raster
	computeIthOp, 577, cost time: 7.859000 ms
current Op is 408th:68:Reduction
	computeIthOp, 577, cost time: 2.883000 ms
current Op is 409th:128:Raster
	computeIthOp, 577, cost time: 0.254000 ms
current Op is 410th:68:Reduction
	computeIthOp, 577, cost time: 0.976000 ms
current Op is 411th:128:Raster
	computeIthOp, 577, cost time: 8.554001 ms
current Op is 412th:39:MatMul
	computeIthOp, 577, cost time: 112.281006 ms
current Op is 413th:128:Raster
	computeIthOp, 577, cost time: 7.806000 ms
current Op is 414th:68:Reduction
	computeIthOp, 577, cost time: 2.452000 ms
current Op is 415th:128:Raster
	computeIthOp, 577, cost time: 0.253000 ms
current Op is 416th:68:Reduction
	computeIthOp, 577, cost time: 0.926000 ms
current Op is 417th:128:Raster
	computeIthOp, 577, cost time: 8.681001 ms
current Op is 418th:39:MatMul
	computeIthOp, 577, cost time: 19.697001 ms
current Op is 419th:128:Raster
	computeIthOp, 577, cost time: 0.601000 ms
current Op is 420th:128:Raster
	computeIthOp, 577, cost time: 8.681001 ms
current Op is 421th:39:MatMul
	computeIthOp, 577, cost time: 90.690002 ms
current Op is 422th:128:Raster
	computeIthOp, 577, cost time: 8.196000 ms
current Op is 423th:68:Reduction
	computeIthOp, 577, cost time: 4.191000 ms
current Op is 424th:128:Raster
	computeIthOp, 577, cost time: 0.568000 ms
current Op is 425th:128:Raster
	computeIthOp, 577, cost time: 8.767000 ms
current Op is 426th:39:MatMul
	computeIthOp, 577, cost time: 23.590002 ms
current Op is 427th:128:Raster
	computeIthOp, 577, cost time: 0.773000 ms
current Op is 428th:68:Reduction
	computeIthOp, 577, cost time: 0.628000 ms
current Op is 429th:128:Raster
	computeIthOp, 577, cost time: 1.199000 ms
current Op is 430th:128:Raster
	computeIthOp, 577, cost time: 1.205000 ms
current Op is 431th:7:BinaryOp
	computeIthOp, 577, cost time: 0.855000 ms
current Op is 432th:128:Raster
	computeIthOp, 577, cost time: 1.352000 ms
current Op is 433th:68:Reduction
	computeIthOp, 577, cost time: 0.781000 ms
current Op is 434th:128:Raster
	computeIthOp, 577, cost time: 0.147000 ms
current Op is 435th:68:Reduction
	computeIthOp, 577, cost time: 0.318000 ms
current Op is 436th:128:Raster
	computeIthOp, 577, cost time: 1.748000 ms
current Op is 437th:39:MatMul
	computeIthOp, 577, cost time: 34.982002 ms
current Op is 438th:128:Raster
	computeIthOp, 577, cost time: 0.182000 ms
current Op is 439th:128:Raster
	computeIthOp, 577, cost time: 1.553000 ms
current Op is 440th:39:MatMul
	computeIthOp, 577, cost time: 22.839001 ms
current Op is 441th:128:Raster
	computeIthOp, 577, cost time: 2.857000 ms
current Op is 442th:68:Reduction
	computeIthOp, 577, cost time: 1.982000 ms
current Op is 443th:128:Raster
	computeIthOp, 577, cost time: 1.224000 ms
current Op is 444th:68:Reduction
	computeIthOp, 577, cost time: 1.122000 ms
current Op is 445th:128:Raster
	computeIthOp, 577, cost time: 0.186000 ms
current Op is 446th:68:Reduction
	computeIthOp, 577, cost time: 0.534000 ms
current Op is 447th:128:Raster
	computeIthOp, 577, cost time: 1.661000 ms
current Op is 448th:39:MatMul
	computeIthOp, 577, cost time: 43.824001 ms
current Op is 449th:128:Raster
	computeIthOp, 577, cost time: 1.212000 ms
current Op is 450th:68:Reduction
	computeIthOp, 577, cost time: 1.134000 ms
current Op is 451th:128:Raster
	computeIthOp, 577, cost time: 0.195000 ms
current Op is 452th:68:Reduction
	computeIthOp, 577, cost time: 0.514000 ms
current Op is 453th:128:Raster
	computeIthOp, 577, cost time: 1.596000 ms
current Op is 454th:39:MatMul
	computeIthOp, 577, cost time: 6.483000 ms
current Op is 455th:128:Raster
	computeIthOp, 577, cost time: 0.586000 ms
current Op is 456th:128:Raster
	computeIthOp, 577, cost time: 1.652000 ms
current Op is 457th:39:MatMul
	computeIthOp, 577, cost time: 35.147003 ms
current Op is 458th:128:Raster
	computeIthOp, 577, cost time: 3.651000 ms
current Op is 459th:68:Reduction
	computeIthOp, 577, cost time: 1.899000 ms
current Op is 460th:128:Raster
	computeIthOp, 577, cost time: 0.124000 ms
current Op is 461th:128:Raster
	computeIthOp, 577, cost time: 1.547000 ms
current Op is 462th:39:MatMul
	computeIthOp, 577, cost time: 10.973001 ms
current Op is 463th:128:Raster
	computeIthOp, 577, cost time: 0.905000 ms
current Op is 464th:68:Reduction
	computeIthOp, 577, cost time: 0.275000 ms
current Op is 465th:128:Raster
	computeIthOp, 577, cost time: 0.640000 ms
current Op is 466th:128:Raster
	computeIthOp, 577, cost time: 0.642000 ms
current Op is 467th:7:BinaryOp
	computeIthOp, 577, cost time: 0.415000 ms
current Op is 468th:128:Raster
	computeIthOp, 577, cost time: 0.691000 ms
current Op is 469th:68:Reduction
	computeIthOp, 577, cost time: 0.399000 ms
current Op is 470th:128:Raster
	computeIthOp, 577, cost time: 0.139000 ms
current Op is 471th:68:Reduction
	computeIthOp, 577, cost time: 0.233000 ms
current Op is 472th:128:Raster
	computeIthOp, 577, cost time: 0.859000 ms
current Op is 473th:39:MatMul
	computeIthOp, 577, cost time: 30.187002 ms
current Op is 474th:128:Raster
	computeIthOp, 577, cost time: 0.169000 ms
current Op is 475th:128:Raster
	computeIthOp, 577, cost time: 0.822000 ms
current Op is 476th:39:MatMul
	computeIthOp, 577, cost time: 20.523001 ms
current Op is 477th:128:Raster
	computeIthOp, 577, cost time: 2.616000 ms
current Op is 478th:68:Reduction
	computeIthOp, 577, cost time: 2.143000 ms
current Op is 479th:128:Raster
	computeIthOp, 577, cost time: 1.168000 ms
current Op is 480th:68:Reduction
	computeIthOp, 577, cost time: 1.260000 ms
current Op is 481th:128:Raster
	computeIthOp, 577, cost time: 0.187000 ms
current Op is 482th:68:Reduction
	computeIthOp, 577, cost time: 0.516000 ms
current Op is 483th:128:Raster
	computeIthOp, 577, cost time: 1.658000 ms
current Op is 484th:39:MatMul
	computeIthOp, 577, cost time: 43.370003 ms
current Op is 485th:128:Raster
	computeIthOp, 577, cost time: 1.370000 ms
current Op is 486th:68:Reduction
	computeIthOp, 577, cost time: 1.228000 ms
current Op is 487th:128:Raster
	computeIthOp, 577, cost time: 0.188000 ms
current Op is 488th:68:Reduction
	computeIthOp, 577, cost time: 0.508000 ms
current Op is 489th:128:Raster
	computeIthOp, 577, cost time: 1.717000 ms
current Op is 490th:39:MatMul
	computeIthOp, 577, cost time: 6.610000 ms
current Op is 491th:128:Raster
	computeIthOp, 577, cost time: 0.123000 ms
current Op is 492th:128:Raster
	computeIthOp, 577, cost time: 1.684000 ms
current Op is 493th:39:MatMul
	computeIthOp, 577, cost time: 35.470001 ms
current Op is 494th:128:Raster
	computeIthOp, 577, cost time: 3.740000 ms
current Op is 495th:68:Reduction
	computeIthOp, 577, cost time: 1.848000 ms
current Op is 496th:128:Raster
	computeIthOp, 577, cost time: 0.128000 ms
current Op is 497th:128:Raster
	computeIthOp, 577, cost time: 1.547000 ms
current Op is 498th:39:MatMul
	computeIthOp, 577, cost time: 11.529000 ms
current Op is 499th:128:Raster
	computeIthOp, 577, cost time: 0.871000 ms
current Op is 500th:68:Reduction
	computeIthOp, 577, cost time: 0.305000 ms
current Op is 501th:128:Raster
	computeIthOp, 577, cost time: 0.690000 ms
current Op is 502th:128:Raster
	computeIthOp, 577, cost time: 0.658000 ms
current Op is 503th:7:BinaryOp
	computeIthOp, 577, cost time: 0.441000 ms
current Op is 504th:128:Raster
	computeIthOp, 577, cost time: 0.679000 ms
current Op is 505th:68:Reduction
	computeIthOp, 577, cost time: 0.340000 ms
current Op is 506th:128:Raster
	computeIthOp, 577, cost time: 0.150000 ms
current Op is 507th:68:Reduction
	computeIthOp, 577, cost time: 0.202000 ms
current Op is 508th:128:Raster
	computeIthOp, 577, cost time: 0.835000 ms
current Op is 509th:39:MatMul
	computeIthOp, 577, cost time: 22.267000 ms
current Op is 510th:128:Raster
	computeIthOp, 577, cost time: 0.594000 ms
current Op is 511th:128:Raster
	computeIthOp, 577, cost time: 0.777000 ms
current Op is 512th:39:MatMul
	computeIthOp, 577, cost time: 14.860001 ms
current Op is 513th:128:Raster
	computeIthOp, 577, cost time: 2.002000 ms
current Op is 514th:68:Reduction
	computeIthOp, 577, cost time: 1.485000 ms
current Op is 515th:128:Raster
	computeIthOp, 577, cost time: 22.031000 ms
current Op is 516th:7:BinaryOp
	computeIthOp, 577, cost time: 24.757002 ms
current Op is 517th:9:Cast
	computeIthOp, 577, cost time: 19.869001 ms
current Op is 518th:128:Raster
	computeIthOp, 577, cost time: 3.149000 ms
current Op is 519th:7:BinaryOp
	computeIthOp, 577, cost time: 2.538000 ms
current Op is 520th:128:Raster
	computeIthOp, 577, cost time: 21.890001 ms
current Op is 521th:7:BinaryOp
	computeIthOp, 577, cost time: 23.684002 ms
current Op is 522th:9:Cast
	computeIthOp, 577, cost time: 19.369001 ms
current Op is 523th:7:BinaryOp
	computeIthOp, 577, cost time: 5.494000 ms
current Op is 524th:128:Raster
	computeIthOp, 577, cost time: 22.925001 ms
current Op is 525th:7:BinaryOp
	computeIthOp, 577, cost time: 23.462002 ms
current Op is 526th:9:Cast
	computeIthOp, 577, cost time: 19.758001 ms
current Op is 527th:7:BinaryOp
	computeIthOp, 577, cost time: 2.520000 ms
current Op is 528th:128:Raster
	computeIthOp, 577, cost time: 22.907001 ms
current Op is 529th:7:BinaryOp
	computeIthOp, 577, cost time: 25.839001 ms
current Op is 530th:9:Cast
	computeIthOp, 577, cost time: 19.463001 ms
current Op is 531th:7:BinaryOp
	computeIthOp, 577, cost time: 7.121000 ms
current Op is 532th:128:Raster
	computeIthOp, 577, cost time: 23.132002 ms
current Op is 533th:7:BinaryOp
	computeIthOp, 577, cost time: 23.442001 ms
current Op is 534th:9:Cast
	computeIthOp, 577, cost time: 19.864000 ms
current Op is 535th:7:BinaryOp
	computeIthOp, 577, cost time: 4.567000 ms
current Op is 536th:128:Raster
	computeIthOp, 577, cost time: 22.683001 ms
current Op is 537th:7:BinaryOp
	computeIthOp, 577, cost time: 24.356001 ms
current Op is 538th:9:Cast
	computeIthOp, 577, cost time: 20.001001 ms
current Op is 539th:7:BinaryOp
	computeIthOp, 577, cost time: 2.769000 ms
current Op is 540th:128:Raster
	computeIthOp, 577, cost time: 22.176001 ms
current Op is 541th:7:BinaryOp
	computeIthOp, 577, cost time: 24.591002 ms
current Op is 542th:9:Cast
	computeIthOp, 577, cost time: 19.417002 ms
current Op is 543th:7:BinaryOp
	computeIthOp, 577, cost time: 2.583000 ms
current Op is 544th:128:Raster
	computeIthOp, 577, cost time: 22.240002 ms
current Op is 545th:7:BinaryOp
	computeIthOp, 577, cost time: 23.790001 ms
current Op is 546th:9:Cast
	computeIthOp, 577, cost time: 19.647001 ms
current Op is 547th:7:BinaryOp
	computeIthOp, 577, cost time: 2.544000 ms
current Op is 548th:128:Raster
	computeIthOp, 577, cost time: 21.898001 ms
current Op is 549th:7:BinaryOp
	computeIthOp, 577, cost time: 23.140001 ms
current Op is 550th:9:Cast
	computeIthOp, 577, cost time: 19.770000 ms
current Op is 551th:7:BinaryOp
	computeIthOp, 577, cost time: 4.866000 ms
current Op is 552th:128:Raster
	computeIthOp, 577, cost time: 24.435001 ms
current Op is 553th:128:Raster
	computeIthOp, 577, cost time: 24.561001 ms
current Op is 554th:128:Raster
	computeIthOp, 577, cost time: 25.435001 ms
current Op is 555th:128:Raster
	computeIthOp, 577, cost time: 46.863003 ms
current Op is 556th:128:Raster
	computeIthOp, 577, cost time: 44.793003 ms
current Op is 557th:128:Raster
	computeIthOp, 577, cost time: 45.698002 ms
current Op is 558th:128:Raster
	computeIthOp, 577, cost time: 45.721001 ms
current Op is 559th:128:Raster
	computeIthOp, 577, cost time: 44.386002 ms
current Op is 560th:128:Raster
	computeIthOp, 577, cost time: 45.120003 ms
current Op is 561th:22:Eltwise
	computeIthOp, 577, cost time: 79.069000 ms
current Op is 562th:128:Raster
	computeIthOp, 577, cost time: 13.851001 ms
current Op is 563th:68:Reduction
	computeIthOp, 577, cost time: 10.069000 ms
current Op is 564th:128:Raster
	computeIthOp, 577, cost time: 1.027000 ms
current Op is 565th:68:Reduction
	computeIthOp, 577, cost time: 2.672000 ms
current Op is 566th:128:Raster
	computeIthOp, 577, cost time: 15.417001 ms
current Op is 567th:39:MatMul
	computeIthOp, 577, cost time: 287.954010 ms
current Op is 568th:128:Raster
	computeIthOp, 577, cost time: 0.168000 ms
current Op is 569th:128:Raster
	computeIthOp, 577, cost time: 0.108000 ms
current Op is 570th:128:Raster
	computeIthOp, 577, cost time: 0.094000 ms
current Op is 571th:128:Raster
	computeIthOp, 577, cost time: 0.366000 ms
current Op is 572th:128:Raster
	computeIthOp, 577, cost time: 0.091000 ms
current Op is 573th:128:Raster
	computeIthOp, 577, cost time: 0.117000 ms
current Op is 574th:128:Raster
	computeIthOp, 577, cost time: 0.088000 ms
current Op is 575th:128:Raster
	computeIthOp, 577, cost time: 0.179000 ms
current Op is 576th:128:Raster
	computeIthOp, 577, cost time: 0.090000 ms
current Op is 577th:128:Raster
	computeIthOp, 577, cost time: 0.418000 ms
current Op is 578th:128:Raster
	computeIthOp, 577, cost time: 0.098000 ms
current Op is 579th:128:Raster
	computeIthOp, 577, cost time: 0.146000 ms
current Op is 580th:128:Raster
	computeIthOp, 577, cost time: 0.086000 ms
current Op is 581th:128:Raster
	computeIthOp, 577, cost time: 0.117000 ms
current Op is 582th:128:Raster
	computeIthOp, 577, cost time: 0.089000 ms
current Op is 583th:128:Raster
	computeIthOp, 577, cost time: 0.196000 ms
current Op is 584th:128:Raster
	computeIthOp, 577, cost time: 0.087000 ms
current Op is 585th:128:Raster
	computeIthOp, 577, cost time: 0.101000 ms
current Op is 586th:128:Raster
	computeIthOp, 577, cost time: 0.087000 ms
current Op is 587th:128:Raster
	computeIthOp, 577, cost time: 0.113000 ms
current Op is 588th:128:Raster
	computeIthOp, 577, cost time: 0.086000 ms
current Op is 589th:128:Raster
	computeIthOp, 577, cost time: 0.172000 ms
current Op is 590th:128:Raster
	computeIthOp, 577, cost time: 0.088000 ms
current Op is 591th:128:Raster
	computeIthOp, 577, cost time: 0.100000 ms
current Op is 592th:128:Raster
	computeIthOp, 577, cost time: 0.085000 ms
current Op is 593th:128:Raster
	computeIthOp, 577, cost time: 0.119000 ms
current Op is 594th:128:Raster
	computeIthOp, 577, cost time: 0.088000 ms
current Op is 595th:128:Raster
	computeIthOp, 577, cost time: 0.129000 ms
current Op is 596th:128:Raster
	computeIthOp, 577, cost time: 0.087000 ms
current Op is 597th:128:Raster
	computeIthOp, 577, cost time: 0.092000 ms
current Op is 598th:128:Raster
	computeIthOp, 577, cost time: 0.086000 ms
current Op is 599th:128:Raster
	computeIthOp, 577, cost time: 0.095000 ms
current Op is 600th:128:Raster
	computeIthOp, 577, cost time: 0.087000 ms
current Op is 601th:128:Raster
	computeIthOp, 577, cost time: 0.126000 ms
current Op is 602th:128:Raster
	computeIthOp, 577, cost time: 0.084000 ms
current Op is 603th:128:Raster
	computeIthOp, 577, cost time: 0.094000 ms
current Op is 604th:128:Raster
	computeIthOp, 577, cost time: 0.083000 ms
current Op is 605th:128:Raster
	computeIthOp, 577, cost time: 0.089000 ms
current Op is 606th:128:Raster
	computeIthOp, 577, cost time: 0.084000 ms
current Op is 607th:128:Raster
	computeIthOp, 577, cost time: 0.097000 ms
current Op is 608th:128:Raster
	computeIthOp, 577, cost time: 0.084000 ms
current Op is 609th:128:Raster
	computeIthOp, 577, cost time: 0.090000 ms
current Op is 610th:128:Raster
	computeIthOp, 577, cost time: 0.084000 ms
current Op is 611th:128:Raster
	computeIthOp, 577, cost time: 0.093000 ms
current Op is 612th:128:Raster
	computeIthOp, 577, cost time: 0.083000 ms
current Op is 613th:128:Raster
	computeIthOp, 577, cost time: 0.095000 ms
current Op is 614th:128:Raster
	computeIthOp, 577, cost time: 0.099000 ms
current Op is 615th:128:Raster
	computeIthOp, 577, cost time: 0.091000 ms
current Op is 616th:128:Raster
	computeIthOp, 577, cost time: 0.083000 ms
current Op is 617th:128:Raster
	computeIthOp, 577, cost time: 0.109000 ms
current Op is 618th:128:Raster
	computeIthOp, 577, cost time: 0.085000 ms
current Op is 619th:128:Raster
	computeIthOp, 577, cost time: 0.110000 ms
SGD.cpp:onGetNextParameter: finish read-map & start replace
SGD.cpp:onGetNextParameter: finish replace & start compute update value
current Op is 0th:7:BinaryOp
	computeIthOp, 577, cost time: 0.280000 ms
current Op is 1th:7:BinaryOp
	computeIthOp, 577, cost time: 0.084000 ms
current Op is 0th:7:BinaryOp
	computeIthOp, 577, cost time: 0.309000 ms
current Op is 1th:7:BinaryOp
	computeIthOp, 577, cost time: 0.066000 ms
current Op is 2th:7:BinaryOp
	computeIthOp, 577, cost time: 0.070000 ms
current Op is 0th:7:BinaryOp
	computeIthOp, 577, cost time: 0.292000 ms
current Op is 1th:7:BinaryOp
	computeIthOp, 577, cost time: 0.064000 ms
current Op is 0th:7:BinaryOp
	computeIthOp, 577, cost time: 0.283000 ms
current Op is 1th:7:BinaryOp
	computeIthOp, 577, cost time: 0.062000 ms
current Op is 2th:7:BinaryOp
	computeIthOp, 577, cost time: 0.064000 ms
current Op is 0th:7:BinaryOp
	computeIthOp, 577, cost time: 0.067000 ms
current Op is 1th:7:BinaryOp
	computeIthOp, 577, cost time: 0.067000 ms
current Op is 0th:7:BinaryOp
	computeIthOp, 577, cost time: 0.282000 ms
current Op is 1th:7:BinaryOp
	computeIthOp, 577, cost time: 0.081000 ms
current Op is 2th:7:BinaryOp
	computeIthOp, 577, cost time: 0.085000 ms
current Op is 0th:7:BinaryOp
	computeIthOp, 577, cost time: 0.308000 ms
current Op is 1th:7:BinaryOp
	computeIthOp, 577, cost time: 0.063000 ms
current Op is 0th:7:BinaryOp
	computeIthOp, 577, cost time: 0.310000 ms
current Op is 1th:7:BinaryOp
	computeIthOp, 577, cost time: 0.062000 ms
current Op is 2th:7:BinaryOp
	computeIthOp, 577, cost time: 0.069000 ms
current Op is 0th:7:BinaryOp
	computeIthOp, 577, cost time: 0.338000 ms
current Op is 1th:7:BinaryOp
	computeIthOp, 577, cost time: 0.103000 ms
current Op is 0th:7:BinaryOp
	computeIthOp, 577, cost time: 0.083000 ms
current Op is 1th:7:BinaryOp
	computeIthOp, 577, cost time: 0.087000 ms
current Op is 2th:7:BinaryOp
	computeIthOp, 577, cost time: 0.128000 ms
current Op is 0th:7:BinaryOp
	computeIthOp, 577, cost time: 0.072000 ms
current Op is 1th:7:BinaryOp
	computeIthOp, 577, cost time: 0.063000 ms
current Op is 0th:7:BinaryOp
	computeIthOp, 577, cost time: 0.368000 ms
current Op is 1th:7:BinaryOp
	computeIthOp, 577, cost time: 0.062000 ms
current Op is 2th:7:BinaryOp
	computeIthOp, 577, cost time: 0.065000 ms
current Op is 0th:7:BinaryOp
	computeIthOp, 577, cost time: 0.280000 ms
current Op is 1th:7:BinaryOp
	computeIthOp, 577, cost time: 0.073000 ms
current Op is 0th:7:BinaryOp
	computeIthOp, 577, cost time: 0.294000 ms
current Op is 1th:7:BinaryOp
	computeIthOp, 577, cost time: 0.068000 ms
current Op is 2th:7:BinaryOp
	computeIthOp, 577, cost time: 0.073000 ms
current Op is 0th:7:BinaryOp
	computeIthOp, 577, cost time: 0.065000 ms
current Op is 1th:7:BinaryOp
	computeIthOp, 577, cost time: 0.064000 ms
current Op is 0th:7:BinaryOp
	computeIthOp, 577, cost time: 0.063000 ms
current Op is 1th:7:BinaryOp
	computeIthOp, 577, cost time: 0.062000 ms
current Op is 2th:7:BinaryOp
	computeIthOp, 577, cost time: 0.064000 ms
current Op is 0th:7:BinaryOp
	computeIthOp, 577, cost time: 0.080000 ms
current Op is 1th:7:BinaryOp
	computeIthOp, 577, cost time: 0.069000 ms
current Op is 0th:7:BinaryOp
	computeIthOp, 577, cost time: 0.303000 ms
current Op is 1th:7:BinaryOp
	computeIthOp, 577, cost time: 0.066000 ms
current Op is 2th:7:BinaryOp
	computeIthOp, 577, cost time: 0.069000 ms
current Op is 0th:7:BinaryOp
	computeIthOp, 577, cost time: 0.294000 ms
current Op is 1th:7:BinaryOp
	computeIthOp, 577, cost time: 0.063000 ms
current Op is 0th:7:BinaryOp
	computeIthOp, 577, cost time: 0.318000 ms
current Op is 1th:7:BinaryOp
	computeIthOp, 577, cost time: 0.062000 ms
current Op is 2th:7:BinaryOp
	computeIthOp, 577, cost time: 0.070000 ms
current Op is 0th:7:BinaryOp
	computeIthOp, 577, cost time: 0.103000 ms
current Op is 1th:7:BinaryOp
	computeIthOp, 577, cost time: 0.131000 ms
current Op is 0th:7:BinaryOp
	computeIthOp, 577, cost time: 0.101000 ms
current Op is 1th:7:BinaryOp
	computeIthOp, 577, cost time: 0.105000 ms
current Op is 2th:7:BinaryOp
	computeIthOp, 577, cost time: 0.132000 ms
current Op is 0th:7:BinaryOp
	computeIthOp, 577, cost time: 0.085000 ms
current Op is 1th:7:BinaryOp
	computeIthOp, 577, cost time: 0.063000 ms
current Op is 0th:7:BinaryOp
	computeIthOp, 577, cost time: 0.282000 ms
current Op is 1th:7:BinaryOp
	computeIthOp, 577, cost time: 0.062000 ms
current Op is 2th:7:BinaryOp
	computeIthOp, 577, cost time: 0.064000 ms
current Op is 0th:7:BinaryOp
	computeIthOp, 577, cost time: 0.296000 ms
current Op is 1th:7:BinaryOp
	computeIthOp, 577, cost time: 0.076000 ms
current Op is 0th:7:BinaryOp
	computeIthOp, 577, cost time: 0.294000 ms
current Op is 1th:7:BinaryOp
	computeIthOp, 577, cost time: 0.069000 ms
current Op is 2th:7:BinaryOp
	computeIthOp, 577, cost time: 0.074000 ms
current Op is 0th:7:BinaryOp
	computeIthOp, 577, cost time: 0.085000 ms
current Op is 1th:7:BinaryOp
	computeIthOp, 577, cost time: 0.063000 ms
current Op is 0th:7:BinaryOp
	computeIthOp, 577, cost time: 0.064000 ms
current Op is 1th:7:BinaryOp
	computeIthOp, 577, cost time: 0.060000 ms
current Op is 2th:7:BinaryOp
	computeIthOp, 577, cost time: 0.066000 ms
current Op is 0th:7:BinaryOp
	computeIthOp, 577, cost time: 0.069000 ms
current Op is 1th:7:BinaryOp
	computeIthOp, 577, cost time: 0.070000 ms
current Op is 0th:7:BinaryOp
	computeIthOp, 577, cost time: 0.335000 ms
current Op is 1th:7:BinaryOp
	computeIthOp, 577, cost time: 0.066000 ms
current Op is 2th:7:BinaryOp
	computeIthOp, 577, cost time: 0.070000 ms
current Op is 0th:7:BinaryOp
	computeIthOp, 577, cost time: 0.300000 ms
current Op is 1th:7:BinaryOp
	computeIthOp, 577, cost time: 0.063000 ms
current Op is 0th:7:BinaryOp
	computeIthOp, 577, cost time: 0.326000 ms
current Op is 1th:7:BinaryOp
	computeIthOp, 577, cost time: 0.062000 ms
current Op is 2th:7:BinaryOp
	computeIthOp, 577, cost time: 0.064000 ms
current Op is 0th:7:BinaryOp
	computeIthOp, 577, cost time: 0.129000 ms
current Op is 1th:7:BinaryOp
	computeIthOp, 577, cost time: 0.214000 ms
current Op is 0th:7:BinaryOp
	computeIthOp, 577, cost time: 0.103000 ms
current Op is 1th:7:BinaryOp
	computeIthOp, 577, cost time: 0.170000 ms
current Op is 2th:7:BinaryOp
	computeIthOp, 577, cost time: 0.336000 ms
current Op is 0th:7:BinaryOp
	computeIthOp, 577, cost time: 0.097000 ms
current Op is 1th:7:BinaryOp
	computeIthOp, 577, cost time: 0.063000 ms
current Op is 0th:7:BinaryOp
	computeIthOp, 577, cost time: 0.351000 ms
current Op is 1th:7:BinaryOp
	computeIthOp, 577, cost time: 0.061000 ms
current Op is 2th:7:BinaryOp
	computeIthOp, 577, cost time: 0.065000 ms
current Op is 0th:7:BinaryOp
	computeIthOp, 577, cost time: 0.276000 ms
current Op is 1th:128:Raster
	computeIthOp, 577, cost time: 0.095000 ms
current Op is 2th:7:BinaryOp
	computeIthOp, 577, cost time: 0.076000 ms
current Op is 0th:7:BinaryOp
	computeIthOp, 577, cost time: 0.306000 ms
current Op is 1th:7:BinaryOp
	computeIthOp, 577, cost time: 0.063000 ms
current Op is 2th:128:Raster
	computeIthOp, 577, cost time: 0.079000 ms
current Op is 3th:7:BinaryOp
	computeIthOp, 577, cost time: 0.071000 ms
current Op is 0th:7:BinaryOp
	computeIthOp, 577, cost time: 0.065000 ms
current Op is 1th:7:BinaryOp
	computeIthOp, 577, cost time: 0.063000 ms
current Op is 0th:7:BinaryOp
	computeIthOp, 577, cost time: 0.064000 ms
current Op is 1th:7:BinaryOp
	computeIthOp, 577, cost time: 0.066000 ms
current Op is 2th:7:BinaryOp
	computeIthOp, 577, cost time: 0.072000 ms
current Op is 0th:7:BinaryOp
	computeIthOp, 577, cost time: 0.111000 ms
current Op is 1th:7:BinaryOp
	computeIthOp, 577, cost time: 0.065000 ms
current Op is 0th:7:BinaryOp
	computeIthOp, 577, cost time: 0.330000 ms
current Op is 1th:7:BinaryOp
	computeIthOp, 577, cost time: 0.063000 ms
current Op is 2th:7:BinaryOp
	computeIthOp, 577, cost time: 0.066000 ms
current Op is 0th:7:BinaryOp
	computeIthOp, 577, cost time: 0.387000 ms
current Op is 1th:7:BinaryOp
	computeIthOp, 577, cost time: 0.128000 ms
current Op is 0th:7:BinaryOp
	computeIthOp, 577, cost time: 0.885000 ms
current Op is 1th:7:BinaryOp
	computeIthOp, 577, cost time: 0.088000 ms
current Op is 2th:7:BinaryOp
	computeIthOp, 577, cost time: 0.087000 ms
current Op is 0th:7:BinaryOp
	computeIthOp, 577, cost time: 0.092000 ms
current Op is 1th:7:BinaryOp
	computeIthOp, 577, cost time: 0.066000 ms
current Op is 0th:7:BinaryOp
	computeIthOp, 577, cost time: 0.065000 ms
current Op is 1th:7:BinaryOp
	computeIthOp, 577, cost time: 0.218000 ms
current Op is 2th:7:BinaryOp
	computeIthOp, 577, cost time: 0.072000 ms
current Op is 0th:7:BinaryOp
	computeIthOp, 577, cost time: 0.254000 ms
current Op is 1th:7:BinaryOp
	computeIthOp, 577, cost time: 0.080000 ms
current Op is 0th:7:BinaryOp
	computeIthOp, 577, cost time: 0.234000 ms
current Op is 1th:7:BinaryOp
	computeIthOp, 577, cost time: 0.089000 ms
current Op is 2th:7:BinaryOp
	computeIthOp, 577, cost time: 0.082000 ms
current Op is 0th:7:BinaryOp
	computeIthOp, 577, cost time: 0.252000 ms
current Op is 1th:7:BinaryOp
	computeIthOp, 577, cost time: 0.082000 ms
current Op is 0th:7:BinaryOp
	computeIthOp, 577, cost time: 0.260000 ms
current Op is 1th:7:BinaryOp
	computeIthOp, 577, cost time: 0.079000 ms
current Op is 2th:7:BinaryOp
	computeIthOp, 577, cost time: 0.103000 ms
current Op is 0th:7:BinaryOp
	computeIthOp, 577, cost time: 0.078000 ms
current Op is 1th:7:BinaryOp
	computeIthOp, 577, cost time: 0.081000 ms
current Op is 0th:7:BinaryOp
	computeIthOp, 577, cost time: 0.078000 ms
current Op is 1th:7:BinaryOp
	computeIthOp, 577, cost time: 0.078000 ms
current Op is 2th:7:BinaryOp
	computeIthOp, 577, cost time: 0.083000 ms
current Op is 0th:7:BinaryOp
	computeIthOp, 577, cost time: 0.082000 ms
current Op is 1th:7:BinaryOp
	computeIthOp, 577, cost time: 0.086000 ms
current Op is 0th:7:BinaryOp
	computeIthOp, 577, cost time: 0.264000 ms
current Op is 1th:7:BinaryOp
	computeIthOp, 577, cost time: 0.082000 ms
current Op is 2th:7:BinaryOp
	computeIthOp, 577, cost time: 0.098000 ms
current Op is 0th:7:BinaryOp
	computeIthOp, 577, cost time: 0.079000 ms
current Op is 1th:7:BinaryOp
	computeIthOp, 577, cost time: 0.099000 ms
current Op is 0th:7:BinaryOp
	computeIthOp, 577, cost time: 0.082000 ms
current Op is 1th:7:BinaryOp
	computeIthOp, 577, cost time: 0.206000 ms
current Op is 2th:7:BinaryOp
	computeIthOp, 577, cost time: 0.223000 ms
current Op is 0th:7:BinaryOp
	computeIthOp, 577, cost time: 0.262000 ms
current Op is 1th:7:BinaryOp
	computeIthOp, 577, cost time: 0.084000 ms
current Op is 0th:7:BinaryOp
	computeIthOp, 577, cost time: 0.247000 ms
current Op is 1th:7:BinaryOp
	computeIthOp, 577, cost time: 0.082000 ms
current Op is 2th:7:BinaryOp
	computeIthOp, 577, cost time: 0.101000 ms
current Op is 0th:7:BinaryOp
	computeIthOp, 577, cost time: 0.225000 ms
current Op is 1th:7:BinaryOp
	computeIthOp, 577, cost time: 0.083000 ms
current Op is 0th:7:BinaryOp
	computeIthOp, 577, cost time: 0.080000 ms
current Op is 1th:7:BinaryOp
	computeIthOp, 577, cost time: 0.079000 ms
current Op is 2th:7:BinaryOp
	computeIthOp, 577, cost time: 0.102000 ms
current Op is 0th:7:BinaryOp
	computeIthOp, 577, cost time: 0.081000 ms
current Op is 1th:7:BinaryOp
	computeIthOp, 577, cost time: 0.082000 ms
current Op is 0th:7:BinaryOp
	computeIthOp, 577, cost time: 0.080000 ms
current Op is 1th:7:BinaryOp
	computeIthOp, 577, cost time: 0.080000 ms
current Op is 2th:7:BinaryOp
	computeIthOp, 577, cost time: 0.084000 ms
current Op is 0th:7:BinaryOp
	computeIthOp, 577, cost time: 0.261000 ms
current Op is 1th:7:BinaryOp
	computeIthOp, 577, cost time: 0.081000 ms
current Op is 0th:7:BinaryOp
	computeIthOp, 577, cost time: 0.080000 ms
current Op is 1th:7:BinaryOp
	computeIthOp, 577, cost time: 0.079000 ms
current Op is 2th:7:BinaryOp
	computeIthOp, 577, cost time: 0.090000 ms
current Op is 0th:7:BinaryOp
	computeIthOp, 577, cost time: 0.083000 ms
current Op is 1th:7:BinaryOp
	computeIthOp, 577, cost time: 0.088000 ms
current Op is 0th:7:BinaryOp
	computeIthOp, 577, cost time: 0.081000 ms
current Op is 1th:7:BinaryOp
	computeIthOp, 577, cost time: 0.084000 ms
current Op is 2th:7:BinaryOp
	computeIthOp, 577, cost time: 0.089000 ms
current Op is 0th:7:BinaryOp
	computeIthOp, 577, cost time: 0.079000 ms
current Op is 1th:7:BinaryOp
	computeIthOp, 577, cost time: 0.082000 ms
current Op is 0th:7:BinaryOp
	computeIthOp, 577, cost time: 0.269000 ms
current Op is 1th:7:BinaryOp
	computeIthOp, 577, cost time: 0.061000 ms
current Op is 2th:7:BinaryOp
	computeIthOp, 577, cost time: 0.076000 ms
current Op is 0th:7:BinaryOp
	computeIthOp, 577, cost time: 0.066000 ms
current Op is 1th:7:BinaryOp
	computeIthOp, 577, cost time: 0.066000 ms
current Op is 0th:7:BinaryOp
	computeIthOp, 577, cost time: 0.064000 ms
current Op is 1th:7:BinaryOp
	computeIthOp, 577, cost time: 0.063000 ms
current Op is 2th:7:BinaryOp
	computeIthOp, 577, cost time: 0.179000 ms
current Op is 0th:7:BinaryOp
	computeIthOp, 577, cost time: 0.794000 ms
current Op is 1th:7:BinaryOp
	computeIthOp, 577, cost time: 0.107000 ms
current Op is 0th:7:BinaryOp
	computeIthOp, 577, cost time: 0.240000 ms
current Op is 1th:7:BinaryOp
	computeIthOp, 577, cost time: 0.079000 ms
current Op is 2th:7:BinaryOp
	computeIthOp, 577, cost time: 0.082000 ms
current Op is 0th:7:BinaryOp
	computeIthOp, 577, cost time: 0.266000 ms
current Op is 1th:7:BinaryOp
	computeIthOp, 577, cost time: 0.083000 ms
current Op is 0th:7:BinaryOp
	computeIthOp, 577, cost time: 0.250000 ms
current Op is 1th:7:BinaryOp
	computeIthOp, 577, cost time: 0.080000 ms
current Op is 2th:7:BinaryOp
	computeIthOp, 577, cost time: 0.085000 ms
current Op is 0th:7:BinaryOp
	computeIthOp, 577, cost time: 0.245000 ms
current Op is 1th:7:BinaryOp
	computeIthOp, 577, cost time: 0.080000 ms
current Op is 0th:7:BinaryOp
	computeIthOp, 577, cost time: 0.077000 ms
current Op is 1th:7:BinaryOp
	computeIthOp, 577, cost time: 0.079000 ms
current Op is 2th:7:BinaryOp
	computeIthOp, 577, cost time: 0.082000 ms
current Op is 0th:7:BinaryOp
	computeIthOp, 577, cost time: 0.093000 ms
current Op is 1th:7:BinaryOp
	computeIthOp, 577, cost time: 0.099000 ms
current Op is 0th:7:BinaryOp
	computeIthOp, 577, cost time: 0.247000 ms
current Op is 1th:7:BinaryOp
	computeIthOp, 577, cost time: 0.107000 ms
current Op is 2th:7:BinaryOp
	computeIthOp, 577, cost time: 0.103000 ms
current Op is 0th:7:BinaryOp
	computeIthOp, 577, cost time: 0.240000 ms
current Op is 1th:7:BinaryOp
	computeIthOp, 577, cost time: 0.090000 ms
current Op is 0th:7:BinaryOp
	computeIthOp, 577, cost time: 0.226000 ms
current Op is 1th:7:BinaryOp
	computeIthOp, 577, cost time: 0.081000 ms
current Op is 2th:7:BinaryOp
	computeIthOp, 577, cost time: 0.150000 ms
current Op is 0th:7:BinaryOp
	computeIthOp, 577, cost time: 0.088000 ms
current Op is 1th:7:BinaryOp
	computeIthOp, 577, cost time: 0.091000 ms
current Op is 0th:7:BinaryOp
	computeIthOp, 577, cost time: 0.263000 ms
current Op is 1th:7:BinaryOp
	computeIthOp, 577, cost time: 0.084000 ms
current Op is 2th:7:BinaryOp
	computeIthOp, 577, cost time: 0.087000 ms
current Op is 0th:7:BinaryOp
	computeIthOp, 577, cost time: 0.081000 ms
current Op is 1th:7:BinaryOp
	computeIthOp, 577, cost time: 0.084000 ms
current Op is 0th:7:BinaryOp
	computeIthOp, 577, cost time: 0.080000 ms
current Op is 1th:7:BinaryOp
	computeIthOp, 577, cost time: 0.079000 ms
current Op is 2th:7:BinaryOp
	computeIthOp, 577, cost time: 0.083000 ms
current Op is 0th:7:BinaryOp
	computeIthOp, 577, cost time: 0.269000 ms
current Op is 1th:7:BinaryOp
	computeIthOp, 577, cost time: 0.086000 ms
current Op is 0th:7:BinaryOp
	computeIthOp, 577, cost time: 0.261000 ms
current Op is 1th:7:BinaryOp
	computeIthOp, 577, cost time: 0.080000 ms
current Op is 2th:7:BinaryOp
	computeIthOp, 577, cost time: 0.085000 ms
current Op is 0th:7:BinaryOp
	computeIthOp, 577, cost time: 0.103000 ms
current Op is 1th:7:BinaryOp
	computeIthOp, 577, cost time: 0.082000 ms
current Op is 0th:7:BinaryOp
	computeIthOp, 577, cost time: 0.314000 ms
current Op is 1th:7:BinaryOp
	computeIthOp, 577, cost time: 0.109000 ms
current Op is 2th:7:BinaryOp
	computeIthOp, 577, cost time: 0.230000 ms
current Op is 0th:7:BinaryOp
	computeIthOp, 577, cost time: 0.115000 ms
current Op is 1th:7:BinaryOp
	computeIthOp, 577, cost time: 0.104000 ms
current Op is 0th:7:BinaryOp
	computeIthOp, 577, cost time: 0.227000 ms
current Op is 1th:7:BinaryOp
	computeIthOp, 577, cost time: 0.097000 ms
current Op is 2th:7:BinaryOp
	computeIthOp, 577, cost time: 0.104000 ms
current Op is 0th:7:BinaryOp
	computeIthOp, 577, cost time: 0.258000 ms
current Op is 1th:7:BinaryOp
	computeIthOp, 577, cost time: 0.102000 ms
current Op is 0th:7:BinaryOp
	computeIthOp, 577, cost time: 0.265000 ms
current Op is 1th:7:BinaryOp
	computeIthOp, 577, cost time: 0.080000 ms
current Op is 2th:7:BinaryOp
	computeIthOp, 577, cost time: 0.083000 ms
current Op is 0th:7:BinaryOp
	computeIthOp, 577, cost time: 0.086000 ms
current Op is 1th:7:BinaryOp
	computeIthOp, 577, cost time: 0.091000 ms
current Op is 0th:7:BinaryOp
	computeIthOp, 577, cost time: 0.086000 ms
current Op is 1th:7:BinaryOp
	computeIthOp, 577, cost time: 0.085000 ms
current Op is 2th:7:BinaryOp
	computeIthOp, 577, cost time: 0.090000 ms
current Op is 0th:7:BinaryOp
	computeIthOp, 577, cost time: 0.081000 ms
current Op is 1th:7:BinaryOp
	computeIthOp, 577, cost time: 0.083000 ms
current Op is 0th:7:BinaryOp
	computeIthOp, 577, cost time: 0.082000 ms
current Op is 1th:7:BinaryOp
	computeIthOp, 577, cost time: 0.081000 ms
current Op is 2th:7:BinaryOp
	computeIthOp, 577, cost time: 0.084000 ms
current Op is 0th:7:BinaryOp
	computeIthOp, 577, cost time: 0.084000 ms
current Op is 1th:7:BinaryOp
	computeIthOp, 577, cost time: 0.089000 ms
current Op is 0th:7:BinaryOp
	computeIthOp, 577, cost time: 0.087000 ms
current Op is 1th:7:BinaryOp
	computeIthOp, 577, cost time: 0.085000 ms
current Op is 2th:7:BinaryOp
	computeIthOp, 577, cost time: 0.620000 ms
current Op is 0th:7:BinaryOp
	computeIthOp, 577, cost time: 0.071000 ms
current Op is 1th:7:BinaryOp
	computeIthOp, 577, cost time: 0.064000 ms
current Op is 0th:7:BinaryOp
	computeIthOp, 577, cost time: 0.066000 ms
current Op is 1th:7:BinaryOp
	computeIthOp, 577, cost time: 0.061000 ms
current Op is 2th:7:BinaryOp
	computeIthOp, 577, cost time: 0.065000 ms
current Op is 0th:7:BinaryOp
	computeIthOp, 577, cost time: 0.210000 ms
current Op is 1th:7:BinaryOp
	computeIthOp, 577, cost time: 0.111000 ms
current Op is 0th:7:BinaryOp
	computeIthOp, 577, cost time: 0.094000 ms
current Op is 1th:7:BinaryOp
	computeIthOp, 577, cost time: 0.094000 ms
current Op is 2th:7:BinaryOp
	computeIthOp, 577, cost time: 0.113000 ms
current Op is 0th:7:BinaryOp
	computeIthOp, 577, cost time: 0.839000 ms
current Op is 1th:7:BinaryOp
	computeIthOp, 577, cost time: 0.114000 ms
current Op is 0th:7:BinaryOp
	computeIthOp, 577, cost time: 0.220000 ms
current Op is 1th:7:BinaryOp
	computeIthOp, 577, cost time: 0.081000 ms
current Op is 2th:7:BinaryOp
	computeIthOp, 577, cost time: 0.084000 ms
SGD.cpp: finish func onGetNextParameter
current Op is 0th:7:BinaryOp
	computeIthOp, 577, cost time: 0.526000 ms
current Op is 0th:7:BinaryOp
	computeIthOp, 577, cost time: 0.262000 ms
current Op is 0th:7:BinaryOp
	computeIthOp, 577, cost time: 0.121000 ms
current Op is 0th:7:BinaryOp
	computeIthOp, 577, cost time: 0.073000 ms
current Op is 0th:7:BinaryOp
	computeIthOp, 577, cost time: 0.153000 ms
current Op is 0th:7:BinaryOp
	computeIthOp, 577, cost time: 0.072000 ms
current Op is 0th:7:BinaryOp
	computeIthOp, 577, cost time: 0.090000 ms
current Op is 0th:7:BinaryOp
	computeIthOp, 577, cost time: 0.069000 ms
current Op is 0th:7:BinaryOp
	computeIthOp, 577, cost time: 0.084000 ms
current Op is 0th:7:BinaryOp
	computeIthOp, 577, cost time: 0.070000 ms
current Op is 0th:7:BinaryOp
	computeIthOp, 577, cost time: 0.313000 ms
current Op is 0th:7:BinaryOp
	computeIthOp, 577, cost time: 0.076000 ms
current Op is 0th:7:BinaryOp
	computeIthOp, 577, cost time: 0.101000 ms
current Op is 0th:7:BinaryOp
	computeIthOp, 577, cost time: 0.070000 ms
current Op is 0th:7:BinaryOp
	computeIthOp, 577, cost time: 0.083000 ms
current Op is 0th:7:BinaryOp
	computeIthOp, 577, cost time: 0.070000 ms
current Op is 0th:7:BinaryOp
	computeIthOp, 577, cost time: 0.236000 ms
current Op is 0th:7:BinaryOp
	computeIthOp, 577, cost time: 0.078000 ms
current Op is 0th:128:Raster
	computeIthOp, 577, cost time: 0.092000 ms
current Op is 1th:7:BinaryOp
	computeIthOp, 577, cost time: 0.080000 ms
current Op is 0th:7:BinaryOp
	computeIthOp, 577, cost time: 0.068000 ms
current Op is 0th:7:BinaryOp
	computeIthOp, 577, cost time: 0.073000 ms
current Op is 0th:7:BinaryOp
	computeIthOp, 577, cost time: 0.068000 ms
current Op is 0th:7:BinaryOp
	computeIthOp, 577, cost time: 0.070000 ms
current Op is 0th:7:BinaryOp
	computeIthOp, 577, cost time: 0.068000 ms
current Op is 0th:7:BinaryOp
	computeIthOp, 577, cost time: 0.070000 ms
current Op is 0th:7:BinaryOp
	computeIthOp, 577, cost time: 0.068000 ms
current Op is 0th:7:BinaryOp
	computeIthOp, 577, cost time: 0.077000 ms
current Op is 0th:7:BinaryOp
	computeIthOp, 577, cost time: 0.068000 ms
current Op is 0th:7:BinaryOp
	computeIthOp, 577, cost time: 0.095000 ms
current Op is 0th:7:BinaryOp
	computeIthOp, 577, cost time: 0.069000 ms
current Op is 0th:7:BinaryOp
	computeIthOp, 577, cost time: 0.086000 ms
current Op is 0th:7:BinaryOp
	computeIthOp, 577, cost time: 0.163000 ms
current Op is 0th:7:BinaryOp
	computeIthOp, 577, cost time: 0.150000 ms
current Op is 0th:7:BinaryOp
	computeIthOp, 577, cost time: 0.101000 ms
current Op is 0th:7:BinaryOp
	computeIthOp, 577, cost time: 0.102000 ms
current Op is 0th:7:BinaryOp
	computeIthOp, 577, cost time: 0.141000 ms
current Op is 0th:7:BinaryOp
	computeIthOp, 577, cost time: 0.110000 ms
current Op is 0th:7:BinaryOp
	computeIthOp, 577, cost time: 0.110000 ms
current Op is 0th:7:BinaryOp
	computeIthOp, 577, cost time: 0.135000 ms
current Op is 0th:7:BinaryOp
	computeIthOp, 577, cost time: 0.129000 ms
current Op is 0th:7:BinaryOp
	computeIthOp, 577, cost time: 0.117000 ms
current Op is 0th:7:BinaryOp
	computeIthOp, 577, cost time: 0.106000 ms
current Op is 0th:7:BinaryOp
	computeIthOp, 577, cost time: 0.201000 ms
current Op is 0th:7:BinaryOp
	computeIthOp, 577, cost time: 0.105000 ms
current Op is 0th:7:BinaryOp
	computeIthOp, 577, cost time: 0.152000 ms
current Op is 0th:7:BinaryOp
	computeIthOp, 577, cost time: 0.109000 ms
current Op is 0th:7:BinaryOp
	computeIthOp, 577, cost time: 1.069000 ms
current Op is 0th:7:BinaryOp
	computeIthOp, 577, cost time: 0.082000 ms
current Op is 0th:7:BinaryOp
	computeIthOp, 577, cost time: 0.088000 ms
current Op is 0th:7:BinaryOp
	computeIthOp, 577, cost time: 0.078000 ms
current Op is 0th:7:BinaryOp
	computeIthOp, 577, cost time: 0.164000 ms
current Op is 0th:7:BinaryOp
	computeIthOp, 577, cost time: 0.081000 ms
train, 137, cost time: 6184.295410 ms
train, 125, cost time: 6544.514160 ms
