Error to find creator of 9, set CPU default
begin an iteration 0
call step in MicroSGD, mMicroStep = 1, mStep = 0
don't need to use the micro-batch tech, call father's step directly
SGD.cpp:onGetNextParameter: finish compute grad graph
SGD.cpp:onGetNextParameter: finish prepare compute & start read-map
current Op is 0th:128:Raster
	computeIthOp, 577, cost time: 2.206000 ms
current Op is 1th:128:Raster
	computeIthOp, 577, cost time: 3.144000 ms
current Op is 2th:128:Raster
	computeIthOp, 577, cost time: 35.421001 ms
current Op is 3th:128:Raster
	computeIthOp, 577, cost time: 0.118000 ms
current Op is 4th:39:MatMul
	computeIthOp, 577, cost time: 59.189003 ms
current Op is 5th:128:Raster
	computeIthOp, 577, cost time: 10.114000 ms
current Op is 6th:47:Pooling
	computeIthOp, 577, cost time: 71.872002 ms
current Op is 7th:128:Raster
	computeIthOp, 577, cost time: 1.290000 ms
current Op is 8th:128:Raster
	computeIthOp, 577, cost time: 0.107000 ms
current Op is 9th:39:MatMul
	computeIthOp, 577, cost time: 2.356000 ms
current Op is 10th:128:Raster
	computeIthOp, 577, cost time: 0.328000 ms
current Op is 11th:128:Raster
	computeIthOp, 577, cost time: 0.220000 ms
current Op is 12th:128:Raster
	computeIthOp, 577, cost time: 0.077000 ms
current Op is 13th:39:MatMul
	computeIthOp, 577, cost time: 3.157000 ms
current Op is 14th:128:Raster
	computeIthOp, 577, cost time: 1.348000 ms
current Op is 15th:128:Raster
	computeIthOp, 577, cost time: 0.260000 ms
current Op is 16th:39:MatMul
	computeIthOp, 577, cost time: 8.867001 ms
current Op is 17th:128:Raster
	computeIthOp, 577, cost time: 2.688000 ms
current Op is 18th:128:Raster
	computeIthOp, 577, cost time: 1.760000 ms
current Op is 19th:128:Raster
	computeIthOp, 577, cost time: 0.118000 ms
current Op is 20th:39:MatMul
	computeIthOp, 577, cost time: 3.975000 ms
current Op is 21th:128:Raster
	computeIthOp, 577, cost time: 0.420000 ms
current Op is 22th:128:Raster
	computeIthOp, 577, cost time: 0.232000 ms
current Op is 23th:128:Raster
	computeIthOp, 577, cost time: 0.102000 ms
current Op is 24th:39:MatMul
	computeIthOp, 577, cost time: 3.234000 ms
current Op is 25th:128:Raster
	computeIthOp, 577, cost time: 1.361000 ms
current Op is 26th:128:Raster
	computeIthOp, 577, cost time: 0.121000 ms
current Op is 27th:39:MatMul
	computeIthOp, 577, cost time: 10.903001 ms
current Op is 28th:128:Raster
	computeIthOp, 577, cost time: 2.611000 ms
current Op is 29th:128:Raster
	computeIthOp, 577, cost time: 1.700000 ms
current Op is 30th:128:Raster
	computeIthOp, 577, cost time: 0.119000 ms
current Op is 31th:39:MatMul
	computeIthOp, 577, cost time: 5.143000 ms
current Op is 32th:128:Raster
	computeIthOp, 577, cost time: 0.883000 ms
current Op is 33th:128:Raster
	computeIthOp, 577, cost time: 0.496000 ms
current Op is 34th:128:Raster
	computeIthOp, 577, cost time: 0.114000 ms
current Op is 35th:39:MatMul
	computeIthOp, 577, cost time: 6.738000 ms
current Op is 36th:128:Raster
	computeIthOp, 577, cost time: 6.694000 ms
current Op is 37th:128:Raster
	computeIthOp, 577, cost time: 0.156000 ms
current Op is 38th:39:MatMul
	computeIthOp, 577, cost time: 32.439003 ms
current Op is 39th:128:Raster
	computeIthOp, 577, cost time: 6.711000 ms
current Op is 40th:47:Pooling
	computeIthOp, 577, cost time: 48.472004 ms
current Op is 41th:128:Raster
	computeIthOp, 577, cost time: 1.104000 ms
current Op is 42th:128:Raster
	computeIthOp, 577, cost time: 0.124000 ms
current Op is 43th:39:MatMul
	computeIthOp, 577, cost time: 2.247000 ms
current Op is 44th:128:Raster
	computeIthOp, 577, cost time: 0.287000 ms
current Op is 45th:128:Raster
	computeIthOp, 577, cost time: 0.192000 ms
current Op is 46th:128:Raster
	computeIthOp, 577, cost time: 0.108000 ms
current Op is 47th:39:MatMul
	computeIthOp, 577, cost time: 1.841000 ms
current Op is 48th:128:Raster
	computeIthOp, 577, cost time: 0.874000 ms
current Op is 49th:128:Raster
	computeIthOp, 577, cost time: 0.132000 ms
current Op is 50th:39:MatMul
	computeIthOp, 577, cost time: 6.556000 ms
current Op is 51th:128:Raster
	computeIthOp, 577, cost time: 1.588000 ms
current Op is 52th:128:Raster
	computeIthOp, 577, cost time: 1.192000 ms
current Op is 53th:128:Raster
	computeIthOp, 577, cost time: 0.129000 ms
current Op is 54th:39:MatMul
	computeIthOp, 577, cost time: 2.820000 ms
current Op is 55th:128:Raster
	computeIthOp, 577, cost time: 0.391000 ms
current Op is 56th:128:Raster
	computeIthOp, 577, cost time: 0.291000 ms
current Op is 57th:128:Raster
	computeIthOp, 577, cost time: 0.095000 ms
current Op is 58th:39:MatMul
	computeIthOp, 577, cost time: 3.083000 ms
current Op is 59th:128:Raster
	computeIthOp, 577, cost time: 1.286000 ms
current Op is 60th:128:Raster
	computeIthOp, 577, cost time: 0.153000 ms
current Op is 61th:39:MatMul
	computeIthOp, 577, cost time: 11.760000 ms
current Op is 62th:128:Raster
	computeIthOp, 577, cost time: 2.018000 ms
current Op is 63th:128:Raster
	computeIthOp, 577, cost time: 2.060000 ms
current Op is 64th:128:Raster
	computeIthOp, 577, cost time: 0.127000 ms
current Op is 65th:39:MatMul
	computeIthOp, 577, cost time: 3.522000 ms
current Op is 66th:128:Raster
	computeIthOp, 577, cost time: 0.354000 ms
current Op is 67th:128:Raster
	computeIthOp, 577, cost time: 0.202000 ms
current Op is 68th:128:Raster
	computeIthOp, 577, cost time: 0.098000 ms
current Op is 69th:39:MatMul
	computeIthOp, 577, cost time: 3.038000 ms
current Op is 70th:128:Raster
	computeIthOp, 577, cost time: 2.858000 ms
current Op is 71th:128:Raster
	computeIthOp, 577, cost time: 0.189000 ms
current Op is 72th:39:MatMul
	computeIthOp, 577, cost time: 13.921000 ms
current Op is 73th:128:Raster
	computeIthOp, 577, cost time: 1.957000 ms
current Op is 74th:128:Raster
	computeIthOp, 577, cost time: 1.517000 ms
current Op is 75th:128:Raster
	computeIthOp, 577, cost time: 0.152000 ms
current Op is 76th:39:MatMul
	computeIthOp, 577, cost time: 4.148000 ms
current Op is 77th:128:Raster
	computeIthOp, 577, cost time: 0.474000 ms
current Op is 78th:128:Raster
	computeIthOp, 577, cost time: 0.249000 ms
current Op is 79th:128:Raster
	computeIthOp, 577, cost time: 0.129000 ms
current Op is 80th:39:MatMul
	computeIthOp, 577, cost time: 4.446000 ms
current Op is 81th:128:Raster
	computeIthOp, 577, cost time: 3.691000 ms
current Op is 82th:128:Raster
	computeIthOp, 577, cost time: 0.221000 ms
current Op is 83th:39:MatMul
	computeIthOp, 577, cost time: 23.127001 ms
current Op is 84th:128:Raster
	computeIthOp, 577, cost time: 4.128000 ms
current Op is 85th:47:Pooling
	computeIthOp, 577, cost time: 25.041000 ms
current Op is 86th:128:Raster
	computeIthOp, 577, cost time: 0.687000 ms
current Op is 87th:128:Raster
	computeIthOp, 577, cost time: 0.134000 ms
current Op is 88th:39:MatMul
	computeIthOp, 577, cost time: 1.542000 ms
current Op is 89th:128:Raster
	computeIthOp, 577, cost time: 0.221000 ms
current Op is 90th:128:Raster
	computeIthOp, 577, cost time: 0.144000 ms
current Op is 91th:128:Raster
	computeIthOp, 577, cost time: 0.091000 ms
current Op is 92th:39:MatMul
	computeIthOp, 577, cost time: 1.239000 ms
current Op is 93th:128:Raster
	computeIthOp, 577, cost time: 0.537000 ms
current Op is 94th:128:Raster
	computeIthOp, 577, cost time: 0.170000 ms
current Op is 95th:39:MatMul
	computeIthOp, 577, cost time: 7.070000 ms
current Op is 96th:128:Raster
	computeIthOp, 577, cost time: 0.736000 ms
current Op is 97th:128:Raster
	computeIthOp, 577, cost time: 0.690000 ms
current Op is 98th:128:Raster
	computeIthOp, 577, cost time: 0.105000 ms
current Op is 99th:39:MatMul
	computeIthOp, 577, cost time: 0.359000 ms
current Op is 100th:128:Raster
	computeIthOp, 577, cost time: 0.135000 ms
current Op is 101th:47:Pooling
	computeIthOp, 577, cost time: 0.113000 ms
current Op is 102th:101:UnaryOp
	computeIthOp, 577, cost time: 0.083000 ms
current Op is 103th:7:BinaryOp
	computeIthOp, 577, cost time: 0.074000 ms
current Op is 104th:128:Raster
	computeIthOp, 577, cost time: 0.075000 ms
current Op is 105th:128:Raster
	computeIthOp, 577, cost time: 0.087000 ms
current Op is 106th:7:BinaryOp
	computeIthOp, 577, cost time: 0.079000 ms
current Op is 107th:128:Raster
	computeIthOp, 577, cost time: 0.077000 ms
current Op is 108th:128:Raster
	computeIthOp, 577, cost time: 0.086000 ms
current Op is 109th:128:Raster
	computeIthOp, 577, cost time: 0.132000 ms
current Op is 110th:7:BinaryOp
	computeIthOp, 577, cost time: 0.084000 ms
current Op is 111th:128:Raster
	computeIthOp, 577, cost time: 0.084000 ms
current Op is 112th:7:BinaryOp
	computeIthOp, 577, cost time: 0.081000 ms
current Op is 113th:128:Raster
	computeIthOp, 577, cost time: 0.083000 ms
current Op is 114th:9:Cast
	computeIthOp, 577, cost time: 0.076000 ms
current Op is 115th:119:OneHot
	computeIthOp, 577, cost time: 0.073000 ms
current Op is 116th:128:Raster
	computeIthOp, 577, cost time: 0.085000 ms
current Op is 117th:7:BinaryOp
	computeIthOp, 577, cost time: 0.087000 ms
current Op is 118th:128:Raster
	computeIthOp, 577, cost time: 0.094000 ms
current Op is 119th:7:BinaryOp
	computeIthOp, 577, cost time: 0.086000 ms
current Op is 120th:128:Raster
	computeIthOp, 577, cost time: 0.257000 ms
current Op is 121th:68:Reduction
	computeIthOp, 577, cost time: 0.220000 ms
current Op is 122th:128:Raster
	computeIthOp, 577, cost time: 0.088000 ms
current Op is 123th:68:Reduction
	computeIthOp, 577, cost time: 0.098000 ms
current Op is 124th:128:Raster
	computeIthOp, 577, cost time: 0.086000 ms
current Op is 125th:68:Reduction
	computeIthOp, 577, cost time: 0.084000 ms
current Op is 126th:128:Raster
	computeIthOp, 577, cost time: 0.084000 ms
current Op is 127th:39:MatMul
	computeIthOp, 577, cost time: 0.769000 ms
current Op is 128th:128:Raster
	computeIthOp, 577, cost time: 0.099000 ms
current Op is 129th:128:Raster
	computeIthOp, 577, cost time: 0.089000 ms
current Op is 130th:39:MatMul
	computeIthOp, 577, cost time: 0.505000 ms
current Op is 131th:128:Raster
	computeIthOp, 577, cost time: 0.536000 ms
current Op is 132th:68:Reduction
	computeIthOp, 577, cost time: 0.211000 ms
current Op is 133th:128:Raster
	computeIthOp, 577, cost time: 0.177000 ms
current Op is 134th:68:Reduction
	computeIthOp, 577, cost time: 0.166000 ms
current Op is 135th:128:Raster
	computeIthOp, 577, cost time: 0.106000 ms
current Op is 136th:68:Reduction
	computeIthOp, 577, cost time: 0.199000 ms
current Op is 137th:128:Raster
	computeIthOp, 577, cost time: 0.268000 ms
current Op is 138th:39:MatMul
	computeIthOp, 577, cost time: 8.146001 ms
current Op is 139th:128:Raster
	computeIthOp, 577, cost time: 0.658000 ms
current Op is 140th:68:Reduction
	computeIthOp, 577, cost time: 0.168000 ms
current Op is 141th:128:Raster
	computeIthOp, 577, cost time: 0.108000 ms
current Op is 142th:68:Reduction
	computeIthOp, 577, cost time: 0.198000 ms
current Op is 143th:128:Raster
	computeIthOp, 577, cost time: 0.209000 ms
current Op is 144th:39:MatMul
	computeIthOp, 577, cost time: 0.986000 ms
current Op is 145th:128:Raster
	computeIthOp, 577, cost time: 0.161000 ms
current Op is 146th:128:Raster
	computeIthOp, 577, cost time: 0.198000 ms
current Op is 147th:39:MatMul
	computeIthOp, 577, cost time: 5.607000 ms
current Op is 148th:128:Raster
	computeIthOp, 577, cost time: 0.577000 ms
current Op is 149th:68:Reduction
	computeIthOp, 577, cost time: 0.240000 ms
current Op is 150th:128:Raster
	computeIthOp, 577, cost time: 0.151000 ms
current Op is 151th:128:Raster
	computeIthOp, 577, cost time: 0.254000 ms
current Op is 152th:39:MatMul
	computeIthOp, 577, cost time: 1.149000 ms
current Op is 153th:128:Raster
	computeIthOp, 577, cost time: 0.131000 ms
current Op is 154th:68:Reduction
	computeIthOp, 577, cost time: 0.094000 ms
current Op is 155th:128:Raster
	computeIthOp, 577, cost time: 0.158000 ms
current Op is 156th:128:Raster
	computeIthOp, 577, cost time: 0.163000 ms
current Op is 157th:7:BinaryOp
	computeIthOp, 577, cost time: 0.105000 ms
current Op is 158th:128:Raster
	computeIthOp, 577, cost time: 0.141000 ms
current Op is 159th:68:Reduction
	computeIthOp, 577, cost time: 0.095000 ms
current Op is 160th:128:Raster
	computeIthOp, 577, cost time: 0.096000 ms
current Op is 161th:68:Reduction
	computeIthOp, 577, cost time: 0.113000 ms
current Op is 162th:128:Raster
	computeIthOp, 577, cost time: 0.145000 ms
current Op is 163th:39:MatMul
	computeIthOp, 577, cost time: 2.579000 ms
current Op is 164th:128:Raster
	computeIthOp, 577, cost time: 0.262000 ms
current Op is 165th:128:Raster
	computeIthOp, 577, cost time: 0.195000 ms
current Op is 166th:39:MatMul
	computeIthOp, 577, cost time: 2.242000 ms
current Op is 167th:128:Raster
	computeIthOp, 577, cost time: 0.374000 ms
current Op is 168th:68:Reduction
	computeIthOp, 577, cost time: 0.269000 ms
current Op is 169th:128:Raster
	computeIthOp, 577, cost time: 2.443000 ms
current Op is 170th:7:BinaryOp
	computeIthOp, 577, cost time: 2.578000 ms
current Op is 171th:9:Cast
	computeIthOp, 577, cost time: 1.946000 ms
current Op is 172th:128:Raster
	computeIthOp, 577, cost time: 0.582000 ms
current Op is 173th:7:BinaryOp
	computeIthOp, 577, cost time: 0.357000 ms
current Op is 174th:128:Raster
	computeIthOp, 577, cost time: 2.565000 ms
current Op is 175th:7:BinaryOp
	computeIthOp, 577, cost time: 2.863000 ms
current Op is 176th:9:Cast
	computeIthOp, 577, cost time: 2.604000 ms
current Op is 177th:7:BinaryOp
	computeIthOp, 577, cost time: 0.415000 ms
current Op is 178th:128:Raster
	computeIthOp, 577, cost time: 2.454000 ms
current Op is 179th:7:BinaryOp
	computeIthOp, 577, cost time: 2.437000 ms
current Op is 180th:9:Cast
	computeIthOp, 577, cost time: 2.183000 ms
current Op is 181th:7:BinaryOp
	computeIthOp, 577, cost time: 0.761000 ms
current Op is 182th:128:Raster
	computeIthOp, 577, cost time: 2.674000 ms
current Op is 183th:7:BinaryOp
	computeIthOp, 577, cost time: 2.892000 ms
current Op is 184th:9:Cast
	computeIthOp, 577, cost time: 2.170000 ms
current Op is 185th:7:BinaryOp
	computeIthOp, 577, cost time: 0.396000 ms
current Op is 186th:128:Raster
	computeIthOp, 577, cost time: 2.509000 ms
current Op is 187th:7:BinaryOp
	computeIthOp, 577, cost time: 2.620000 ms
current Op is 188th:9:Cast
	computeIthOp, 577, cost time: 2.041000 ms
current Op is 189th:7:BinaryOp
	computeIthOp, 577, cost time: 0.369000 ms
current Op is 190th:128:Raster
	computeIthOp, 577, cost time: 2.474000 ms
current Op is 191th:7:BinaryOp
	computeIthOp, 577, cost time: 2.554000 ms
current Op is 192th:9:Cast
	computeIthOp, 577, cost time: 2.318000 ms
current Op is 193th:7:BinaryOp
	computeIthOp, 577, cost time: 0.310000 ms
current Op is 194th:128:Raster
	computeIthOp, 577, cost time: 2.435000 ms
current Op is 195th:7:BinaryOp
	computeIthOp, 577, cost time: 2.431000 ms
current Op is 196th:9:Cast
	computeIthOp, 577, cost time: 2.150000 ms
current Op is 197th:7:BinaryOp
	computeIthOp, 577, cost time: 0.330000 ms
current Op is 198th:128:Raster
	computeIthOp, 577, cost time: 2.435000 ms
current Op is 199th:7:BinaryOp
	computeIthOp, 577, cost time: 2.552000 ms
current Op is 200th:9:Cast
	computeIthOp, 577, cost time: 2.559000 ms
current Op is 201th:7:BinaryOp
	computeIthOp, 577, cost time: 0.887000 ms
current Op is 202th:128:Raster
	computeIthOp, 577, cost time: 2.420000 ms
current Op is 203th:7:BinaryOp
	computeIthOp, 577, cost time: 2.590000 ms
current Op is 204th:9:Cast
	computeIthOp, 577, cost time: 2.520000 ms
current Op is 205th:7:BinaryOp
	computeIthOp, 577, cost time: 0.743000 ms
current Op is 206th:128:Raster
	computeIthOp, 577, cost time: 2.817000 ms
current Op is 207th:128:Raster
	computeIthOp, 577, cost time: 3.239000 ms
current Op is 208th:128:Raster
	computeIthOp, 577, cost time: 4.736000 ms
current Op is 209th:128:Raster
	computeIthOp, 577, cost time: 4.662000 ms
current Op is 210th:128:Raster
	computeIthOp, 577, cost time: 4.866000 ms
current Op is 211th:128:Raster
	computeIthOp, 577, cost time: 4.914000 ms
current Op is 212th:128:Raster
	computeIthOp, 577, cost time: 5.021000 ms
current Op is 213th:128:Raster
	computeIthOp, 577, cost time: 5.080000 ms
current Op is 214th:128:Raster
	computeIthOp, 577, cost time: 5.052000 ms
current Op is 215th:22:Eltwise
	computeIthOp, 577, cost time: 8.122001 ms
current Op is 216th:128:Raster
	computeIthOp, 577, cost time: 1.380000 ms
current Op is 217th:68:Reduction
	computeIthOp, 577, cost time: 0.519000 ms
current Op is 218th:128:Raster
	computeIthOp, 577, cost time: 0.190000 ms
current Op is 219th:68:Reduction
	computeIthOp, 577, cost time: 0.526000 ms
current Op is 220th:128:Raster
	computeIthOp, 577, cost time: 1.610000 ms
current Op is 221th:39:MatMul
	computeIthOp, 577, cost time: 24.551001 ms
current Op is 222th:128:Raster
	computeIthOp, 577, cost time: 1.367000 ms
current Op is 223th:68:Reduction
	computeIthOp, 577, cost time: 0.608000 ms
current Op is 224th:128:Raster
	computeIthOp, 577, cost time: 0.182000 ms
current Op is 225th:68:Reduction
	computeIthOp, 577, cost time: 0.512000 ms
current Op is 226th:128:Raster
	computeIthOp, 577, cost time: 1.593000 ms
current Op is 227th:39:MatMul
	computeIthOp, 577, cost time: 3.707000 ms
current Op is 228th:128:Raster
	computeIthOp, 577, cost time: 0.169000 ms
current Op is 229th:128:Raster
	computeIthOp, 577, cost time: 1.585000 ms
current Op is 230th:39:MatMul
	computeIthOp, 577, cost time: 22.511002 ms
current Op is 231th:128:Raster
	computeIthOp, 577, cost time: 2.315000 ms
current Op is 232th:68:Reduction
	computeIthOp, 577, cost time: 0.661000 ms
current Op is 233th:128:Raster
	computeIthOp, 577, cost time: 0.162000 ms
current Op is 234th:128:Raster
	computeIthOp, 577, cost time: 1.837000 ms
current Op is 235th:39:MatMul
	computeIthOp, 577, cost time: 4.397000 ms
current Op is 236th:128:Raster
	computeIthOp, 577, cost time: 0.262000 ms
current Op is 237th:68:Reduction
	computeIthOp, 577, cost time: 0.136000 ms
current Op is 238th:128:Raster
	computeIthOp, 577, cost time: 0.308000 ms
current Op is 239th:128:Raster
	computeIthOp, 577, cost time: 0.374000 ms
current Op is 240th:7:BinaryOp
	computeIthOp, 577, cost time: 0.183000 ms
current Op is 241th:128:Raster
	computeIthOp, 577, cost time: 0.261000 ms
current Op is 242th:68:Reduction
	computeIthOp, 577, cost time: 0.254000 ms
current Op is 243th:128:Raster
	computeIthOp, 577, cost time: 0.109000 ms
current Op is 244th:68:Reduction
	computeIthOp, 577, cost time: 0.190000 ms
current Op is 245th:128:Raster
	computeIthOp, 577, cost time: 0.356000 ms
current Op is 246th:39:MatMul
	computeIthOp, 577, cost time: 9.315001 ms
current Op is 247th:128:Raster
	computeIthOp, 577, cost time: 0.214000 ms
current Op is 248th:128:Raster
	computeIthOp, 577, cost time: 0.416000 ms
current Op is 249th:39:MatMul
	computeIthOp, 577, cost time: 6.966001 ms
current Op is 250th:128:Raster
	computeIthOp, 577, cost time: 1.047000 ms
current Op is 251th:68:Reduction
	computeIthOp, 577, cost time: 0.538000 ms
current Op is 252th:128:Raster
	computeIthOp, 577, cost time: 0.377000 ms
current Op is 253th:68:Reduction
	computeIthOp, 577, cost time: 0.388000 ms
current Op is 254th:128:Raster
	computeIthOp, 577, cost time: 0.152000 ms
current Op is 255th:68:Reduction
	computeIthOp, 577, cost time: 0.404000 ms
current Op is 256th:128:Raster
	computeIthOp, 577, cost time: 0.517000 ms
current Op is 257th:39:MatMul
	computeIthOp, 577, cost time: 17.839001 ms
current Op is 258th:128:Raster
	computeIthOp, 577, cost time: 0.415000 ms
current Op is 259th:68:Reduction
	computeIthOp, 577, cost time: 0.394000 ms
current Op is 260th:128:Raster
	computeIthOp, 577, cost time: 0.200000 ms
current Op is 261th:68:Reduction
	computeIthOp, 577, cost time: 0.434000 ms
current Op is 262th:128:Raster
	computeIthOp, 577, cost time: 0.496000 ms
current Op is 263th:39:MatMul
	computeIthOp, 577, cost time: 2.427000 ms
current Op is 264th:128:Raster
	computeIthOp, 577, cost time: 0.186000 ms
current Op is 265th:128:Raster
	computeIthOp, 577, cost time: 0.657000 ms
current Op is 266th:39:MatMul
	computeIthOp, 577, cost time: 14.768001 ms
current Op is 267th:128:Raster
	computeIthOp, 577, cost time: 1.655000 ms
current Op is 268th:68:Reduction
	computeIthOp, 577, cost time: 0.492000 ms
current Op is 269th:128:Raster
	computeIthOp, 577, cost time: 0.147000 ms
current Op is 270th:128:Raster
	computeIthOp, 577, cost time: 0.524000 ms
current Op is 271th:39:MatMul
	computeIthOp, 577, cost time: 3.140000 ms
current Op is 272th:128:Raster
	computeIthOp, 577, cost time: 0.191000 ms
current Op is 273th:68:Reduction
	computeIthOp, 577, cost time: 0.117000 ms
current Op is 274th:128:Raster
	computeIthOp, 577, cost time: 0.347000 ms
current Op is 275th:128:Raster
	computeIthOp, 577, cost time: 0.225000 ms
current Op is 276th:7:BinaryOp
	computeIthOp, 577, cost time: 0.164000 ms
current Op is 277th:128:Raster
	computeIthOp, 577, cost time: 0.277000 ms
current Op is 278th:68:Reduction
	computeIthOp, 577, cost time: 0.143000 ms
current Op is 279th:128:Raster
	computeIthOp, 577, cost time: 0.110000 ms
current Op is 280th:68:Reduction
	computeIthOp, 577, cost time: 0.170000 ms
current Op is 281th:128:Raster
	computeIthOp, 577, cost time: 0.239000 ms
current Op is 282th:39:MatMul
	computeIthOp, 577, cost time: 6.437000 ms
current Op is 283th:128:Raster
	computeIthOp, 577, cost time: 0.211000 ms
current Op is 284th:128:Raster
	computeIthOp, 577, cost time: 0.297000 ms
current Op is 285th:39:MatMul
	computeIthOp, 577, cost time: 6.359000 ms
current Op is 286th:128:Raster
	computeIthOp, 577, cost time: 1.021000 ms
current Op is 287th:68:Reduction
	computeIthOp, 577, cost time: 0.547000 ms
current Op is 288th:128:Raster
	computeIthOp, 577, cost time: 0.346000 ms
current Op is 289th:68:Reduction
	computeIthOp, 577, cost time: 0.338000 ms
current Op is 290th:128:Raster
	computeIthOp, 577, cost time: 0.142000 ms
current Op is 291th:68:Reduction
	computeIthOp, 577, cost time: 0.407000 ms
current Op is 292th:128:Raster
	computeIthOp, 577, cost time: 0.534000 ms
current Op is 293th:39:MatMul
	computeIthOp, 577, cost time: 17.610001 ms
current Op is 294th:128:Raster
	computeIthOp, 577, cost time: 0.420000 ms
current Op is 295th:68:Reduction
	computeIthOp, 577, cost time: 0.364000 ms
current Op is 296th:128:Raster
	computeIthOp, 577, cost time: 0.158000 ms
current Op is 297th:68:Reduction
	computeIthOp, 577, cost time: 0.432000 ms
current Op is 298th:128:Raster
	computeIthOp, 577, cost time: 0.491000 ms
current Op is 299th:39:MatMul
	computeIthOp, 577, cost time: 2.346000 ms
current Op is 300th:128:Raster
	computeIthOp, 577, cost time: 0.140000 ms
current Op is 301th:128:Raster
	computeIthOp, 577, cost time: 0.514000 ms
current Op is 302th:39:MatMul
	computeIthOp, 577, cost time: 14.895000 ms
current Op is 303th:128:Raster
	computeIthOp, 577, cost time: 1.428000 ms
current Op is 304th:68:Reduction
	computeIthOp, 577, cost time: 0.491000 ms
current Op is 305th:128:Raster
	computeIthOp, 577, cost time: 0.187000 ms
current Op is 306th:128:Raster
	computeIthOp, 577, cost time: 0.516000 ms
current Op is 307th:39:MatMul
	computeIthOp, 577, cost time: 3.129000 ms
current Op is 308th:128:Raster
	computeIthOp, 577, cost time: 0.233000 ms
current Op is 309th:68:Reduction
	computeIthOp, 577, cost time: 0.118000 ms
current Op is 310th:128:Raster
	computeIthOp, 577, cost time: 0.283000 ms
current Op is 311th:128:Raster
	computeIthOp, 577, cost time: 0.222000 ms
current Op is 312th:7:BinaryOp
	computeIthOp, 577, cost time: 0.147000 ms
current Op is 313th:128:Raster
	computeIthOp, 577, cost time: 0.208000 ms
current Op is 314th:68:Reduction
	computeIthOp, 577, cost time: 0.145000 ms
current Op is 315th:128:Raster
	computeIthOp, 577, cost time: 0.110000 ms
current Op is 316th:68:Reduction
	computeIthOp, 577, cost time: 0.179000 ms
current Op is 317th:128:Raster
	computeIthOp, 577, cost time: 0.245000 ms
current Op is 318th:39:MatMul
	computeIthOp, 577, cost time: 4.648000 ms
current Op is 319th:128:Raster
	computeIthOp, 577, cost time: 0.187000 ms
current Op is 320th:128:Raster
	computeIthOp, 577, cost time: 0.299000 ms
current Op is 321th:39:MatMul
	computeIthOp, 577, cost time: 4.288000 ms
current Op is 322th:128:Raster
	computeIthOp, 577, cost time: 0.835000 ms
current Op is 323th:68:Reduction
	computeIthOp, 577, cost time: 0.435000 ms
current Op is 324th:128:Raster
	computeIthOp, 577, cost time: 0.274000 ms
current Op is 325th:68:Reduction
	computeIthOp, 577, cost time: 0.284000 ms
current Op is 326th:128:Raster
	computeIthOp, 577, cost time: 0.131000 ms
current Op is 327th:68:Reduction
	computeIthOp, 577, cost time: 0.313000 ms
current Op is 328th:128:Raster
	computeIthOp, 577, cost time: 0.413000 ms
current Op is 329th:39:MatMul
	computeIthOp, 577, cost time: 8.480000 ms
current Op is 330th:128:Raster
	computeIthOp, 577, cost time: 0.366000 ms
current Op is 331th:68:Reduction
	computeIthOp, 577, cost time: 0.289000 ms
current Op is 332th:128:Raster
	computeIthOp, 577, cost time: 0.140000 ms
current Op is 333th:68:Reduction
	computeIthOp, 577, cost time: 0.346000 ms
current Op is 334th:128:Raster
	computeIthOp, 577, cost time: 0.387000 ms
current Op is 335th:39:MatMul
	computeIthOp, 577, cost time: 1.298000 ms
current Op is 336th:128:Raster
	computeIthOp, 577, cost time: 0.156000 ms
current Op is 337th:128:Raster
	computeIthOp, 577, cost time: 0.321000 ms
current Op is 338th:39:MatMul
	computeIthOp, 577, cost time: 7.351000 ms
current Op is 339th:128:Raster
	computeIthOp, 577, cost time: 0.915000 ms
current Op is 340th:68:Reduction
	computeIthOp, 577, cost time: 0.325000 ms
current Op is 341th:128:Raster
	computeIthOp, 577, cost time: 0.147000 ms
current Op is 342th:128:Raster
	computeIthOp, 577, cost time: 0.443000 ms
current Op is 343th:39:MatMul
	computeIthOp, 577, cost time: 1.902000 ms
current Op is 344th:128:Raster
	computeIthOp, 577, cost time: 0.157000 ms
current Op is 345th:68:Reduction
	computeIthOp, 577, cost time: 0.108000 ms
current Op is 346th:128:Raster
	computeIthOp, 577, cost time: 0.199000 ms
current Op is 347th:128:Raster
	computeIthOp, 577, cost time: 0.169000 ms
current Op is 348th:7:BinaryOp
	computeIthOp, 577, cost time: 0.120000 ms
current Op is 349th:128:Raster
	computeIthOp, 577, cost time: 0.168000 ms
current Op is 350th:68:Reduction
	computeIthOp, 577, cost time: 0.116000 ms
current Op is 351th:128:Raster
	computeIthOp, 577, cost time: 0.125000 ms
current Op is 352th:68:Reduction
	computeIthOp, 577, cost time: 0.143000 ms
current Op is 353th:128:Raster
	computeIthOp, 577, cost time: 0.183000 ms
current Op is 354th:39:MatMul
	computeIthOp, 577, cost time: 4.281000 ms
current Op is 355th:128:Raster
	computeIthOp, 577, cost time: 0.178000 ms
current Op is 356th:128:Raster
	computeIthOp, 577, cost time: 0.243000 ms
current Op is 357th:39:MatMul
	computeIthOp, 577, cost time: 3.861000 ms
current Op is 358th:128:Raster
	computeIthOp, 577, cost time: 0.704000 ms
current Op is 359th:68:Reduction
	computeIthOp, 577, cost time: 0.455000 ms
current Op is 360th:128:Raster
	computeIthOp, 577, cost time: 6.046000 ms
current Op is 361th:7:BinaryOp
	computeIthOp, 577, cost time: 4.994000 ms
current Op is 362th:9:Cast
	computeIthOp, 577, cost time: 4.151000 ms
current Op is 363th:128:Raster
	computeIthOp, 577, cost time: 0.886000 ms
current Op is 364th:7:BinaryOp
	computeIthOp, 577, cost time: 0.555000 ms
current Op is 365th:128:Raster
	computeIthOp, 577, cost time: 6.044000 ms
current Op is 366th:7:BinaryOp
	computeIthOp, 577, cost time: 5.254000 ms
current Op is 367th:9:Cast
	computeIthOp, 577, cost time: 4.355000 ms
current Op is 368th:7:BinaryOp
	computeIthOp, 577, cost time: 0.551000 ms
current Op is 369th:128:Raster
	computeIthOp, 577, cost time: 6.061000 ms
current Op is 370th:7:BinaryOp
	computeIthOp, 577, cost time: 4.965000 ms
current Op is 371th:9:Cast
	computeIthOp, 577, cost time: 3.861000 ms
current Op is 372th:7:BinaryOp
	computeIthOp, 577, cost time: 0.658000 ms
current Op is 373th:128:Raster
	computeIthOp, 577, cost time: 5.995000 ms
current Op is 374th:7:BinaryOp
	computeIthOp, 577, cost time: 5.301000 ms
current Op is 375th:9:Cast
	computeIthOp, 577, cost time: 4.180000 ms
current Op is 376th:7:BinaryOp
	computeIthOp, 577, cost time: 0.652000 ms
current Op is 377th:128:Raster
	computeIthOp, 577, cost time: 5.611000 ms
current Op is 378th:7:BinaryOp
	computeIthOp, 577, cost time: 4.769000 ms
current Op is 379th:9:Cast
	computeIthOp, 577, cost time: 4.049000 ms
current Op is 380th:7:BinaryOp
	computeIthOp, 577, cost time: 1.019000 ms
current Op is 381th:128:Raster
	computeIthOp, 577, cost time: 5.608000 ms
current Op is 382th:7:BinaryOp
	computeIthOp, 577, cost time: 4.765000 ms
current Op is 383th:9:Cast
	computeIthOp, 577, cost time: 4.392000 ms
current Op is 384th:7:BinaryOp
	computeIthOp, 577, cost time: 0.621000 ms
current Op is 385th:128:Raster
	computeIthOp, 577, cost time: 5.888000 ms
current Op is 386th:7:BinaryOp
	computeIthOp, 577, cost time: 5.154000 ms
current Op is 387th:9:Cast
	computeIthOp, 577, cost time: 3.788000 ms
current Op is 388th:7:BinaryOp
	computeIthOp, 577, cost time: 0.588000 ms
current Op is 389th:128:Raster
	computeIthOp, 577, cost time: 5.854000 ms
current Op is 390th:7:BinaryOp
	computeIthOp, 577, cost time: 5.372000 ms
current Op is 391th:9:Cast
	computeIthOp, 577, cost time: 4.103000 ms
current Op is 392th:7:BinaryOp
	computeIthOp, 577, cost time: 0.595000 ms
current Op is 393th:128:Raster
	computeIthOp, 577, cost time: 5.997000 ms
current Op is 394th:7:BinaryOp
	computeIthOp, 577, cost time: 4.860000 ms
current Op is 395th:9:Cast
	computeIthOp, 577, cost time: 4.100000 ms
current Op is 396th:7:BinaryOp
	computeIthOp, 577, cost time: 0.710000 ms
current Op is 397th:128:Raster
	computeIthOp, 577, cost time: 5.428000 ms
current Op is 398th:128:Raster
	computeIthOp, 577, cost time: 5.339000 ms
current Op is 399th:128:Raster
	computeIthOp, 577, cost time: 8.955001 ms
current Op is 400th:128:Raster
	computeIthOp, 577, cost time: 9.462001 ms
current Op is 401th:128:Raster
	computeIthOp, 577, cost time: 9.793000 ms
current Op is 402th:128:Raster
	computeIthOp, 577, cost time: 8.914001 ms
current Op is 403th:128:Raster
	computeIthOp, 577, cost time: 9.697001 ms
current Op is 404th:128:Raster
	computeIthOp, 577, cost time: 9.302000 ms
current Op is 405th:128:Raster
	computeIthOp, 577, cost time: 9.005000 ms
current Op is 406th:22:Eltwise
	computeIthOp, 577, cost time: 17.899000 ms
current Op is 407th:128:Raster
	computeIthOp, 577, cost time: 2.849000 ms
current Op is 408th:68:Reduction
	computeIthOp, 577, cost time: 1.032000 ms
current Op is 409th:128:Raster
	computeIthOp, 577, cost time: 0.294000 ms
current Op is 410th:68:Reduction
	computeIthOp, 577, cost time: 0.939000 ms
current Op is 411th:128:Raster
	computeIthOp, 577, cost time: 2.934000 ms
current Op is 412th:39:MatMul
	computeIthOp, 577, cost time: 35.132000 ms
current Op is 413th:128:Raster
	computeIthOp, 577, cost time: 2.911000 ms
current Op is 414th:68:Reduction
	computeIthOp, 577, cost time: 1.117000 ms
current Op is 415th:128:Raster
	computeIthOp, 577, cost time: 0.302000 ms
current Op is 416th:68:Reduction
	computeIthOp, 577, cost time: 0.945000 ms
current Op is 417th:128:Raster
	computeIthOp, 577, cost time: 2.856000 ms
current Op is 418th:39:MatMul
	computeIthOp, 577, cost time: 6.106000 ms
current Op is 419th:128:Raster
	computeIthOp, 577, cost time: 0.145000 ms
current Op is 420th:128:Raster
	computeIthOp, 577, cost time: 2.930000 ms
current Op is 421th:39:MatMul
	computeIthOp, 577, cost time: 31.007002 ms
current Op is 422th:128:Raster
	computeIthOp, 577, cost time: 3.210000 ms
current Op is 423th:68:Reduction
	computeIthOp, 577, cost time: 1.338000 ms
current Op is 424th:128:Raster
	computeIthOp, 577, cost time: 0.191000 ms
current Op is 425th:128:Raster
	computeIthOp, 577, cost time: 2.822000 ms
current Op is 426th:39:MatMul
	computeIthOp, 577, cost time: 7.631001 ms
current Op is 427th:128:Raster
	computeIthOp, 577, cost time: 0.306000 ms
current Op is 428th:68:Reduction
	computeIthOp, 577, cost time: 0.184000 ms
current Op is 429th:128:Raster
	computeIthOp, 577, cost time: 0.463000 ms
current Op is 430th:128:Raster
	computeIthOp, 577, cost time: 0.538000 ms
current Op is 431th:7:BinaryOp
	computeIthOp, 577, cost time: 0.355000 ms
current Op is 432th:128:Raster
	computeIthOp, 577, cost time: 0.474000 ms
current Op is 433th:68:Reduction
	computeIthOp, 577, cost time: 0.258000 ms
current Op is 434th:128:Raster
	computeIthOp, 577, cost time: 0.134000 ms
current Op is 435th:68:Reduction
	computeIthOp, 577, cost time: 0.304000 ms
current Op is 436th:128:Raster
	computeIthOp, 577, cost time: 0.566000 ms
current Op is 437th:39:MatMul
	computeIthOp, 577, cost time: 10.553000 ms
current Op is 438th:128:Raster
	computeIthOp, 577, cost time: 0.152000 ms
current Op is 439th:128:Raster
	computeIthOp, 577, cost time: 0.495000 ms
current Op is 440th:39:MatMul
	computeIthOp, 577, cost time: 7.661000 ms
current Op is 441th:128:Raster
	computeIthOp, 577, cost time: 0.884000 ms
current Op is 442th:68:Reduction
	computeIthOp, 577, cost time: 0.859000 ms
current Op is 443th:128:Raster
	computeIthOp, 577, cost time: 0.438000 ms
current Op is 444th:68:Reduction
	computeIthOp, 577, cost time: 0.561000 ms
current Op is 445th:128:Raster
	computeIthOp, 577, cost time: 0.206000 ms
current Op is 446th:68:Reduction
	computeIthOp, 577, cost time: 0.521000 ms
current Op is 447th:128:Raster
	computeIthOp, 577, cost time: 0.553000 ms
current Op is 448th:39:MatMul
	computeIthOp, 577, cost time: 12.380000 ms
current Op is 449th:128:Raster
	computeIthOp, 577, cost time: 0.505000 ms
current Op is 450th:68:Reduction
	computeIthOp, 577, cost time: 0.446000 ms
current Op is 451th:128:Raster
	computeIthOp, 577, cost time: 0.172000 ms
current Op is 452th:68:Reduction
	computeIthOp, 577, cost time: 0.505000 ms
current Op is 453th:128:Raster
	computeIthOp, 577, cost time: 0.651000 ms
current Op is 454th:39:MatMul
	computeIthOp, 577, cost time: 2.091000 ms
current Op is 455th:128:Raster
	computeIthOp, 577, cost time: 0.158000 ms
current Op is 456th:128:Raster
	computeIthOp, 577, cost time: 0.675000 ms
current Op is 457th:39:MatMul
	computeIthOp, 577, cost time: 11.054001 ms
current Op is 458th:128:Raster
	computeIthOp, 577, cost time: 1.497000 ms
current Op is 459th:68:Reduction
	computeIthOp, 577, cost time: 0.780000 ms
current Op is 460th:128:Raster
	computeIthOp, 577, cost time: 0.123000 ms
current Op is 461th:128:Raster
	computeIthOp, 577, cost time: 0.542000 ms
current Op is 462th:39:MatMul
	computeIthOp, 577, cost time: 3.498000 ms
current Op is 463th:128:Raster
	computeIthOp, 577, cost time: 0.304000 ms
current Op is 464th:68:Reduction
	computeIthOp, 577, cost time: 0.151000 ms
current Op is 465th:128:Raster
	computeIthOp, 577, cost time: 0.371000 ms
current Op is 466th:128:Raster
	computeIthOp, 577, cost time: 0.253000 ms
current Op is 467th:7:BinaryOp
	computeIthOp, 577, cost time: 0.171000 ms
current Op is 468th:128:Raster
	computeIthOp, 577, cost time: 0.243000 ms
current Op is 469th:68:Reduction
	computeIthOp, 577, cost time: 0.160000 ms
current Op is 470th:128:Raster
	computeIthOp, 577, cost time: 0.108000 ms
current Op is 471th:68:Reduction
	computeIthOp, 577, cost time: 0.194000 ms
current Op is 472th:128:Raster
	computeIthOp, 577, cost time: 0.278000 ms
current Op is 473th:39:MatMul
	computeIthOp, 577, cost time: 9.483001 ms
current Op is 474th:128:Raster
	computeIthOp, 577, cost time: 0.171000 ms
current Op is 475th:128:Raster
	computeIthOp, 577, cost time: 0.323000 ms
current Op is 476th:39:MatMul
	computeIthOp, 577, cost time: 6.863000 ms
current Op is 477th:128:Raster
	computeIthOp, 577, cost time: 0.901000 ms
current Op is 478th:68:Reduction
	computeIthOp, 577, cost time: 0.951000 ms
current Op is 479th:128:Raster
	computeIthOp, 577, cost time: 0.422000 ms
current Op is 480th:68:Reduction
	computeIthOp, 577, cost time: 0.435000 ms
current Op is 481th:128:Raster
	computeIthOp, 577, cost time: 0.160000 ms
current Op is 482th:68:Reduction
	computeIthOp, 577, cost time: 0.522000 ms
current Op is 483th:128:Raster
	computeIthOp, 577, cost time: 0.515000 ms
current Op is 484th:39:MatMul
	computeIthOp, 577, cost time: 12.679001 ms
current Op is 485th:128:Raster
	computeIthOp, 577, cost time: 0.505000 ms
current Op is 486th:68:Reduction
	computeIthOp, 577, cost time: 0.438000 ms
current Op is 487th:128:Raster
	computeIthOp, 577, cost time: 0.156000 ms
current Op is 488th:68:Reduction
	computeIthOp, 577, cost time: 0.579000 ms
current Op is 489th:128:Raster
	computeIthOp, 577, cost time: 0.669000 ms
current Op is 490th:39:MatMul
	computeIthOp, 577, cost time: 2.085000 ms
current Op is 491th:128:Raster
	computeIthOp, 577, cost time: 0.129000 ms
current Op is 492th:128:Raster
	computeIthOp, 577, cost time: 0.534000 ms
current Op is 493th:39:MatMul
	computeIthOp, 577, cost time: 12.200001 ms
current Op is 494th:128:Raster
	computeIthOp, 577, cost time: 1.487000 ms
current Op is 495th:68:Reduction
	computeIthOp, 577, cost time: 0.900000 ms
current Op is 496th:128:Raster
	computeIthOp, 577, cost time: 0.122000 ms
current Op is 497th:128:Raster
	computeIthOp, 577, cost time: 0.696000 ms
current Op is 498th:39:MatMul
	computeIthOp, 577, cost time: 3.125000 ms
current Op is 499th:128:Raster
	computeIthOp, 577, cost time: 0.214000 ms
current Op is 500th:68:Reduction
	computeIthOp, 577, cost time: 0.112000 ms
current Op is 501th:128:Raster
	computeIthOp, 577, cost time: 0.243000 ms
current Op is 502th:128:Raster
	computeIthOp, 577, cost time: 0.223000 ms
current Op is 503th:7:BinaryOp
	computeIthOp, 577, cost time: 0.146000 ms
current Op is 504th:128:Raster
	computeIthOp, 577, cost time: 0.222000 ms
current Op is 505th:68:Reduction
	computeIthOp, 577, cost time: 0.191000 ms
current Op is 506th:128:Raster
	computeIthOp, 577, cost time: 0.089000 ms
current Op is 507th:68:Reduction
	computeIthOp, 577, cost time: 0.176000 ms
current Op is 508th:128:Raster
	computeIthOp, 577, cost time: 0.241000 ms
current Op is 509th:39:MatMul
	computeIthOp, 577, cost time: 6.625000 ms
current Op is 510th:128:Raster
	computeIthOp, 577, cost time: 0.111000 ms
current Op is 511th:128:Raster
	computeIthOp, 577, cost time: 0.331000 ms
current Op is 512th:39:MatMul
	computeIthOp, 577, cost time: 4.678000 ms
current Op is 513th:128:Raster
	computeIthOp, 577, cost time: 0.780000 ms
current Op is 514th:68:Reduction
	computeIthOp, 577, cost time: 0.537000 ms
current Op is 515th:128:Raster
	computeIthOp, 577, cost time: 6.021000 ms
current Op is 516th:7:BinaryOp
	computeIthOp, 577, cost time: 6.353000 ms
current Op is 517th:9:Cast
	computeIthOp, 577, cost time: 5.250000 ms
current Op is 518th:128:Raster
	computeIthOp, 577, cost time: 1.106000 ms
current Op is 519th:7:BinaryOp
	computeIthOp, 577, cost time: 0.924000 ms
current Op is 520th:128:Raster
	computeIthOp, 577, cost time: 6.063000 ms
current Op is 521th:7:BinaryOp
	computeIthOp, 577, cost time: 6.530000 ms
current Op is 522th:9:Cast
	computeIthOp, 577, cost time: 5.195000 ms
current Op is 523th:7:BinaryOp
	computeIthOp, 577, cost time: 0.926000 ms
current Op is 524th:128:Raster
	computeIthOp, 577, cost time: 6.234000 ms
current Op is 525th:7:BinaryOp
	computeIthOp, 577, cost time: 6.291000 ms
current Op is 526th:9:Cast
	computeIthOp, 577, cost time: 5.362000 ms
current Op is 527th:7:BinaryOp
	computeIthOp, 577, cost time: 0.828000 ms
current Op is 528th:128:Raster
	computeIthOp, 577, cost time: 6.277000 ms
current Op is 529th:7:BinaryOp
	computeIthOp, 577, cost time: 6.473001 ms
current Op is 530th:9:Cast
	computeIthOp, 577, cost time: 5.184000 ms
current Op is 531th:7:BinaryOp
	computeIthOp, 577, cost time: 1.391000 ms
current Op is 532th:128:Raster
	computeIthOp, 577, cost time: 6.338000 ms
current Op is 533th:7:BinaryOp
	computeIthOp, 577, cost time: 6.689000 ms
current Op is 534th:9:Cast
	computeIthOp, 577, cost time: 5.380000 ms
current Op is 535th:7:BinaryOp
	computeIthOp, 577, cost time: 1.194000 ms
current Op is 536th:128:Raster
	computeIthOp, 577, cost time: 6.310000 ms
current Op is 537th:7:BinaryOp
	computeIthOp, 577, cost time: 6.683000 ms
current Op is 538th:9:Cast
	computeIthOp, 577, cost time: 5.498000 ms
current Op is 539th:7:BinaryOp
	computeIthOp, 577, cost time: 0.874000 ms
current Op is 540th:128:Raster
	computeIthOp, 577, cost time: 6.123000 ms
current Op is 541th:7:BinaryOp
	computeIthOp, 577, cost time: 7.742001 ms
current Op is 542th:9:Cast
	computeIthOp, 577, cost time: 5.892000 ms
current Op is 543th:7:BinaryOp
	computeIthOp, 577, cost time: 0.834000 ms
current Op is 544th:128:Raster
	computeIthOp, 577, cost time: 7.045001 ms
current Op is 545th:7:BinaryOp
	computeIthOp, 577, cost time: 7.219000 ms
current Op is 546th:9:Cast
	computeIthOp, 577, cost time: 6.216000 ms
current Op is 547th:7:BinaryOp
	computeIthOp, 577, cost time: 1.200000 ms
current Op is 548th:128:Raster
	computeIthOp, 577, cost time: 6.878000 ms
current Op is 549th:7:BinaryOp
	computeIthOp, 577, cost time: 8.081000 ms
current Op is 550th:9:Cast
	computeIthOp, 577, cost time: 5.933000 ms
current Op is 551th:7:BinaryOp
	computeIthOp, 577, cost time: 1.011000 ms
current Op is 552th:128:Raster
	computeIthOp, 577, cost time: 7.789001 ms
current Op is 553th:128:Raster
	computeIthOp, 577, cost time: 8.024000 ms
current Op is 554th:128:Raster
	computeIthOp, 577, cost time: 7.781000 ms
current Op is 555th:128:Raster
	computeIthOp, 577, cost time: 13.516001 ms
current Op is 556th:128:Raster
	computeIthOp, 577, cost time: 14.186001 ms
current Op is 557th:128:Raster
	computeIthOp, 577, cost time: 15.007001 ms
current Op is 558th:128:Raster
	computeIthOp, 577, cost time: 13.685000 ms
current Op is 559th:128:Raster
	computeIthOp, 577, cost time: 13.735001 ms
current Op is 560th:128:Raster
	computeIthOp, 577, cost time: 13.610001 ms
current Op is 561th:22:Eltwise
	computeIthOp, 577, cost time: 24.435001 ms
current Op is 562th:128:Raster
	computeIthOp, 577, cost time: 4.608000 ms
current Op is 563th:68:Reduction
	computeIthOp, 577, cost time: 3.257000 ms
current Op is 564th:128:Raster
	computeIthOp, 577, cost time: 0.677000 ms
current Op is 565th:68:Reduction
	computeIthOp, 577, cost time: 2.686000 ms
current Op is 566th:128:Raster
	computeIthOp, 577, cost time: 5.344000 ms
current Op is 567th:39:MatMul
	computeIthOp, 577, cost time: 89.216003 ms
current Op is 568th:128:Raster
	computeIthOp, 577, cost time: 0.138000 ms
current Op is 569th:128:Raster
	computeIthOp, 577, cost time: 0.136000 ms
current Op is 570th:128:Raster
	computeIthOp, 577, cost time: 0.096000 ms
current Op is 571th:128:Raster
	computeIthOp, 577, cost time: 0.537000 ms
current Op is 572th:128:Raster
	computeIthOp, 577, cost time: 0.093000 ms
current Op is 573th:128:Raster
	computeIthOp, 577, cost time: 0.126000 ms
current Op is 574th:128:Raster
	computeIthOp, 577, cost time: 0.090000 ms
current Op is 575th:128:Raster
	computeIthOp, 577, cost time: 0.137000 ms
current Op is 576th:128:Raster
	computeIthOp, 577, cost time: 0.090000 ms
current Op is 577th:128:Raster
	computeIthOp, 577, cost time: 0.487000 ms
current Op is 578th:128:Raster
	computeIthOp, 577, cost time: 0.122000 ms
current Op is 579th:128:Raster
	computeIthOp, 577, cost time: 0.116000 ms
current Op is 580th:128:Raster
	computeIthOp, 577, cost time: 0.087000 ms
current Op is 581th:128:Raster
	computeIthOp, 577, cost time: 0.127000 ms
current Op is 582th:128:Raster
	computeIthOp, 577, cost time: 0.115000 ms
current Op is 583th:128:Raster
	computeIthOp, 577, cost time: 0.226000 ms
current Op is 584th:128:Raster
	computeIthOp, 577, cost time: 0.090000 ms
current Op is 585th:128:Raster
	computeIthOp, 577, cost time: 0.101000 ms
current Op is 586th:128:Raster
	computeIthOp, 577, cost time: 0.089000 ms
current Op is 587th:128:Raster
	computeIthOp, 577, cost time: 0.112000 ms
current Op is 588th:128:Raster
	computeIthOp, 577, cost time: 0.088000 ms
current Op is 589th:128:Raster
	computeIthOp, 577, cost time: 0.214000 ms
current Op is 590th:128:Raster
	computeIthOp, 577, cost time: 0.128000 ms
current Op is 591th:128:Raster
	computeIthOp, 577, cost time: 0.105000 ms
current Op is 592th:128:Raster
	computeIthOp, 577, cost time: 0.085000 ms
current Op is 593th:128:Raster
	computeIthOp, 577, cost time: 0.107000 ms
current Op is 594th:128:Raster
	computeIthOp, 577, cost time: 0.130000 ms
current Op is 595th:128:Raster
	computeIthOp, 577, cost time: 0.131000 ms
current Op is 596th:128:Raster
	computeIthOp, 577, cost time: 0.086000 ms
current Op is 597th:128:Raster
	computeIthOp, 577, cost time: 0.097000 ms
current Op is 598th:128:Raster
	computeIthOp, 577, cost time: 0.083000 ms
current Op is 599th:128:Raster
	computeIthOp, 577, cost time: 0.109000 ms
current Op is 600th:128:Raster
	computeIthOp, 577, cost time: 0.087000 ms
current Op is 601th:128:Raster
	computeIthOp, 577, cost time: 0.129000 ms
current Op is 602th:128:Raster
	computeIthOp, 577, cost time: 0.085000 ms
current Op is 603th:128:Raster
	computeIthOp, 577, cost time: 0.098000 ms
current Op is 604th:128:Raster
	computeIthOp, 577, cost time: 0.084000 ms
current Op is 605th:128:Raster
	computeIthOp, 577, cost time: 0.089000 ms
current Op is 606th:128:Raster
	computeIthOp, 577, cost time: 0.083000 ms
current Op is 607th:128:Raster
	computeIthOp, 577, cost time: 0.125000 ms
current Op is 608th:128:Raster
	computeIthOp, 577, cost time: 0.102000 ms
current Op is 609th:128:Raster
	computeIthOp, 577, cost time: 0.098000 ms
current Op is 610th:128:Raster
	computeIthOp, 577, cost time: 0.083000 ms
current Op is 611th:128:Raster
	computeIthOp, 577, cost time: 0.087000 ms
current Op is 612th:128:Raster
	computeIthOp, 577, cost time: 0.087000 ms
current Op is 613th:128:Raster
	computeIthOp, 577, cost time: 0.094000 ms
current Op is 614th:128:Raster
	computeIthOp, 577, cost time: 0.095000 ms
current Op is 615th:128:Raster
	computeIthOp, 577, cost time: 0.088000 ms
current Op is 616th:128:Raster
	computeIthOp, 577, cost time: 0.083000 ms
current Op is 617th:128:Raster
	computeIthOp, 577, cost time: 0.090000 ms
current Op is 618th:128:Raster
	computeIthOp, 577, cost time: 0.087000 ms
current Op is 619th:128:Raster
	computeIthOp, 577, cost time: 0.112000 ms
SGD.cpp:onGetNextParameter: finish read-map & start replace
SGD.cpp:onGetNextParameter: finish replace & start compute update value
current Op is 0th:7:BinaryOp
	computeIthOp, 577, cost time: 0.440000 ms
current Op is 1th:7:BinaryOp
	computeIthOp, 577, cost time: 0.104000 ms
current Op is 0th:7:BinaryOp
	computeIthOp, 577, cost time: 0.208000 ms
current Op is 1th:7:BinaryOp
	computeIthOp, 577, cost time: 0.084000 ms
current Op is 2th:7:BinaryOp
	computeIthOp, 577, cost time: 0.091000 ms
current Op is 0th:7:BinaryOp
	computeIthOp, 577, cost time: 0.248000 ms
current Op is 1th:7:BinaryOp
	computeIthOp, 577, cost time: 0.081000 ms
current Op is 0th:7:BinaryOp
	computeIthOp, 577, cost time: 0.078000 ms
current Op is 1th:7:BinaryOp
	computeIthOp, 577, cost time: 0.077000 ms
current Op is 2th:7:BinaryOp
	computeIthOp, 577, cost time: 0.081000 ms
current Op is 0th:7:BinaryOp
	computeIthOp, 577, cost time: 0.254000 ms
current Op is 1th:7:BinaryOp
	computeIthOp, 577, cost time: 0.085000 ms
current Op is 0th:7:BinaryOp
	computeIthOp, 577, cost time: 0.079000 ms
current Op is 1th:7:BinaryOp
	computeIthOp, 577, cost time: 0.080000 ms
current Op is 2th:7:BinaryOp
	computeIthOp, 577, cost time: 0.087000 ms
current Op is 0th:7:BinaryOp
	computeIthOp, 577, cost time: 0.080000 ms
current Op is 1th:7:BinaryOp
	computeIthOp, 577, cost time: 0.080000 ms
current Op is 0th:7:BinaryOp
	computeIthOp, 577, cost time: 0.209000 ms
current Op is 1th:7:BinaryOp
	computeIthOp, 577, cost time: 0.077000 ms
current Op is 2th:7:BinaryOp
	computeIthOp, 577, cost time: 0.082000 ms
current Op is 0th:7:BinaryOp
	computeIthOp, 577, cost time: 0.116000 ms
current Op is 1th:7:BinaryOp
	computeIthOp, 577, cost time: 0.121000 ms
current Op is 0th:7:BinaryOp
	computeIthOp, 577, cost time: 0.360000 ms
current Op is 1th:7:BinaryOp
	computeIthOp, 577, cost time: 0.102000 ms
current Op is 2th:7:BinaryOp
	computeIthOp, 577, cost time: 0.118000 ms
current Op is 0th:7:BinaryOp
	computeIthOp, 577, cost time: 0.222000 ms
current Op is 1th:7:BinaryOp
	computeIthOp, 577, cost time: 0.086000 ms
current Op is 0th:7:BinaryOp
	computeIthOp, 577, cost time: 0.080000 ms
current Op is 1th:7:BinaryOp
	computeIthOp, 577, cost time: 0.080000 ms
current Op is 2th:7:BinaryOp
	computeIthOp, 577, cost time: 0.086000 ms
current Op is 0th:7:BinaryOp
	computeIthOp, 577, cost time: 0.086000 ms
current Op is 1th:7:BinaryOp
	computeIthOp, 577, cost time: 0.092000 ms
current Op is 0th:7:BinaryOp
	computeIthOp, 577, cost time: 0.265000 ms
current Op is 1th:7:BinaryOp
	computeIthOp, 577, cost time: 0.086000 ms
current Op is 2th:7:BinaryOp
	computeIthOp, 577, cost time: 0.093000 ms
current Op is 0th:7:BinaryOp
	computeIthOp, 577, cost time: 0.080000 ms
current Op is 1th:7:BinaryOp
	computeIthOp, 577, cost time: 0.080000 ms
current Op is 0th:7:BinaryOp
	computeIthOp, 577, cost time: 0.246000 ms
current Op is 1th:7:BinaryOp
	computeIthOp, 577, cost time: 0.078000 ms
current Op is 2th:7:BinaryOp
	computeIthOp, 577, cost time: 0.081000 ms
current Op is 0th:7:BinaryOp
	computeIthOp, 577, cost time: 0.105000 ms
current Op is 1th:7:BinaryOp
	computeIthOp, 577, cost time: 0.087000 ms
current Op is 0th:7:BinaryOp
	computeIthOp, 577, cost time: 0.080000 ms
current Op is 1th:7:BinaryOp
	computeIthOp, 577, cost time: 0.082000 ms
current Op is 2th:7:BinaryOp
	computeIthOp, 577, cost time: 0.088000 ms
current Op is 0th:7:BinaryOp
	computeIthOp, 577, cost time: 0.079000 ms
current Op is 1th:7:BinaryOp
	computeIthOp, 577, cost time: 0.081000 ms
current Op is 0th:7:BinaryOp
	computeIthOp, 577, cost time: 0.079000 ms
current Op is 1th:7:BinaryOp
	computeIthOp, 577, cost time: 0.077000 ms
current Op is 2th:7:BinaryOp
	computeIthOp, 577, cost time: 0.082000 ms
current Op is 0th:7:BinaryOp
	computeIthOp, 577, cost time: 0.124000 ms
current Op is 1th:7:BinaryOp
	computeIthOp, 577, cost time: 0.154000 ms
current Op is 0th:7:BinaryOp
	computeIthOp, 577, cost time: 0.349000 ms
current Op is 1th:7:BinaryOp
	computeIthOp, 577, cost time: 0.121000 ms
current Op is 2th:7:BinaryOp
	computeIthOp, 577, cost time: 0.228000 ms
current Op is 0th:7:BinaryOp
	computeIthOp, 577, cost time: 0.260000 ms
current Op is 1th:7:BinaryOp
	computeIthOp, 577, cost time: 0.082000 ms
current Op is 0th:7:BinaryOp
	computeIthOp, 577, cost time: 0.268000 ms
current Op is 1th:7:BinaryOp
	computeIthOp, 577, cost time: 0.078000 ms
current Op is 2th:7:BinaryOp
	computeIthOp, 577, cost time: 0.111000 ms
current Op is 0th:7:BinaryOp
	computeIthOp, 577, cost time: 0.089000 ms
current Op is 1th:7:BinaryOp
	computeIthOp, 577, cost time: 0.098000 ms
current Op is 0th:7:BinaryOp
	computeIthOp, 577, cost time: 0.084000 ms
current Op is 1th:7:BinaryOp
	computeIthOp, 577, cost time: 0.116000 ms
current Op is 2th:7:BinaryOp
	computeIthOp, 577, cost time: 0.096000 ms
current Op is 0th:7:BinaryOp
	computeIthOp, 577, cost time: 0.084000 ms
current Op is 1th:7:BinaryOp
	computeIthOp, 577, cost time: 0.082000 ms
current Op is 0th:7:BinaryOp
	computeIthOp, 577, cost time: 0.097000 ms
current Op is 1th:7:BinaryOp
	computeIthOp, 577, cost time: 0.077000 ms
current Op is 2th:7:BinaryOp
	computeIthOp, 577, cost time: 0.083000 ms
current Op is 0th:7:BinaryOp
	computeIthOp, 577, cost time: 0.083000 ms
current Op is 1th:7:BinaryOp
	computeIthOp, 577, cost time: 0.088000 ms
current Op is 0th:7:BinaryOp
	computeIthOp, 577, cost time: 0.082000 ms
current Op is 1th:7:BinaryOp
	computeIthOp, 577, cost time: 0.083000 ms
current Op is 2th:7:BinaryOp
	computeIthOp, 577, cost time: 0.090000 ms
current Op is 0th:7:BinaryOp
	computeIthOp, 577, cost time: 0.080000 ms
current Op is 1th:7:BinaryOp
	computeIthOp, 577, cost time: 0.106000 ms
current Op is 0th:7:BinaryOp
	computeIthOp, 577, cost time: 0.078000 ms
current Op is 1th:7:BinaryOp
	computeIthOp, 577, cost time: 0.078000 ms
current Op is 2th:7:BinaryOp
	computeIthOp, 577, cost time: 0.082000 ms
current Op is 0th:7:BinaryOp
	computeIthOp, 577, cost time: 0.143000 ms
current Op is 1th:7:BinaryOp
	computeIthOp, 577, cost time: 0.168000 ms
current Op is 0th:7:BinaryOp
	computeIthOp, 577, cost time: 0.260000 ms
current Op is 1th:7:BinaryOp
	computeIthOp, 577, cost time: 0.128000 ms
current Op is 2th:7:BinaryOp
	computeIthOp, 577, cost time: 0.150000 ms
current Op is 0th:7:BinaryOp
	computeIthOp, 577, cost time: 0.265000 ms
current Op is 1th:7:BinaryOp
	computeIthOp, 577, cost time: 0.083000 ms
current Op is 0th:7:BinaryOp
	computeIthOp, 577, cost time: 0.248000 ms
current Op is 1th:7:BinaryOp
	computeIthOp, 577, cost time: 0.078000 ms
current Op is 2th:7:BinaryOp
	computeIthOp, 577, cost time: 0.082000 ms
current Op is 0th:7:BinaryOp
	computeIthOp, 577, cost time: 0.110000 ms
current Op is 1th:128:Raster
	computeIthOp, 577, cost time: 0.108000 ms
current Op is 2th:7:BinaryOp
	computeIthOp, 577, cost time: 0.091000 ms
current Op is 0th:7:BinaryOp
	computeIthOp, 577, cost time: 0.091000 ms
current Op is 1th:7:BinaryOp
	computeIthOp, 577, cost time: 0.081000 ms
current Op is 2th:128:Raster
	computeIthOp, 577, cost time: 0.149000 ms
current Op is 3th:7:BinaryOp
	computeIthOp, 577, cost time: 0.090000 ms
current Op is 0th:7:BinaryOp
	computeIthOp, 577, cost time: 0.089000 ms
current Op is 1th:7:BinaryOp
	computeIthOp, 577, cost time: 0.082000 ms
current Op is 0th:7:BinaryOp
	computeIthOp, 577, cost time: 0.081000 ms
current Op is 1th:7:BinaryOp
	computeIthOp, 577, cost time: 0.122000 ms
current Op is 2th:7:BinaryOp
	computeIthOp, 577, cost time: 0.082000 ms
current Op is 0th:7:BinaryOp
	computeIthOp, 577, cost time: 0.087000 ms
current Op is 1th:7:BinaryOp
	computeIthOp, 577, cost time: 0.083000 ms
current Op is 0th:7:BinaryOp
	computeIthOp, 577, cost time: 0.083000 ms
current Op is 1th:7:BinaryOp
	computeIthOp, 577, cost time: 0.082000 ms
current Op is 2th:7:BinaryOp
	computeIthOp, 577, cost time: 0.085000 ms
current Op is 0th:7:BinaryOp
	computeIthOp, 577, cost time: 0.083000 ms
current Op is 1th:7:BinaryOp
	computeIthOp, 577, cost time: 0.136000 ms
current Op is 0th:7:BinaryOp
	computeIthOp, 577, cost time: 0.077000 ms
current Op is 1th:7:BinaryOp
	computeIthOp, 577, cost time: 0.081000 ms
current Op is 2th:7:BinaryOp
	computeIthOp, 577, cost time: 0.083000 ms
current Op is 0th:7:BinaryOp
	computeIthOp, 577, cost time: 0.086000 ms
current Op is 1th:7:BinaryOp
	computeIthOp, 577, cost time: 0.108000 ms
current Op is 0th:7:BinaryOp
	computeIthOp, 577, cost time: 0.082000 ms
current Op is 1th:7:BinaryOp
	computeIthOp, 577, cost time: 0.079000 ms
current Op is 2th:7:BinaryOp
	computeIthOp, 577, cost time: 0.084000 ms
current Op is 0th:7:BinaryOp
	computeIthOp, 577, cost time: 0.094000 ms
current Op is 1th:7:BinaryOp
	computeIthOp, 577, cost time: 0.079000 ms
current Op is 0th:7:BinaryOp
	computeIthOp, 577, cost time: 0.078000 ms
current Op is 1th:7:BinaryOp
	computeIthOp, 577, cost time: 0.077000 ms
current Op is 2th:7:BinaryOp
	computeIthOp, 577, cost time: 0.082000 ms
current Op is 0th:7:BinaryOp
	computeIthOp, 577, cost time: 0.105000 ms
current Op is 1th:7:BinaryOp
	computeIthOp, 577, cost time: 0.082000 ms
current Op is 0th:7:BinaryOp
	computeIthOp, 577, cost time: 0.079000 ms
current Op is 1th:7:BinaryOp
	computeIthOp, 577, cost time: 0.078000 ms
current Op is 2th:7:BinaryOp
	computeIthOp, 577, cost time: 0.083000 ms
current Op is 0th:7:BinaryOp
	computeIthOp, 577, cost time: 0.076000 ms
current Op is 1th:7:BinaryOp
	computeIthOp, 577, cost time: 0.080000 ms
current Op is 0th:7:BinaryOp
	computeIthOp, 577, cost time: 0.077000 ms
current Op is 1th:7:BinaryOp
	computeIthOp, 577, cost time: 0.077000 ms
current Op is 2th:7:BinaryOp
	computeIthOp, 577, cost time: 0.110000 ms
current Op is 0th:7:BinaryOp
	computeIthOp, 577, cost time: 0.082000 ms
current Op is 1th:7:BinaryOp
	computeIthOp, 577, cost time: 0.085000 ms
current Op is 0th:7:BinaryOp
	computeIthOp, 577, cost time: 0.087000 ms
current Op is 1th:7:BinaryOp
	computeIthOp, 577, cost time: 0.090000 ms
current Op is 2th:7:BinaryOp
	computeIthOp, 577, cost time: 0.087000 ms
current Op is 0th:7:BinaryOp
	computeIthOp, 577, cost time: 0.078000 ms
current Op is 1th:7:BinaryOp
	computeIthOp, 577, cost time: 0.080000 ms
current Op is 0th:7:BinaryOp
	computeIthOp, 577, cost time: 0.078000 ms
current Op is 1th:7:BinaryOp
	computeIthOp, 577, cost time: 0.079000 ms
current Op is 2th:7:BinaryOp
	computeIthOp, 577, cost time: 0.083000 ms
current Op is 0th:7:BinaryOp
	computeIthOp, 577, cost time: 0.079000 ms
current Op is 1th:7:BinaryOp
	computeIthOp, 577, cost time: 0.085000 ms
current Op is 0th:7:BinaryOp
	computeIthOp, 577, cost time: 0.084000 ms
current Op is 1th:7:BinaryOp
	computeIthOp, 577, cost time: 0.079000 ms
current Op is 2th:7:BinaryOp
	computeIthOp, 577, cost time: 0.085000 ms
current Op is 0th:7:BinaryOp
	computeIthOp, 577, cost time: 0.081000 ms
current Op is 1th:7:BinaryOp
	computeIthOp, 577, cost time: 0.080000 ms
current Op is 0th:7:BinaryOp
	computeIthOp, 577, cost time: 0.079000 ms
current Op is 1th:7:BinaryOp
	computeIthOp, 577, cost time: 0.107000 ms
current Op is 2th:7:BinaryOp
	computeIthOp, 577, cost time: 0.082000 ms
current Op is 0th:7:BinaryOp
	computeIthOp, 577, cost time: 0.078000 ms
current Op is 1th:7:BinaryOp
	computeIthOp, 577, cost time: 0.083000 ms
current Op is 0th:7:BinaryOp
	computeIthOp, 577, cost time: 0.079000 ms
current Op is 1th:7:BinaryOp
	computeIthOp, 577, cost time: 0.079000 ms
current Op is 2th:7:BinaryOp
	computeIthOp, 577, cost time: 0.083000 ms
current Op is 0th:7:BinaryOp
	computeIthOp, 577, cost time: 0.079000 ms
current Op is 1th:7:BinaryOp
	computeIthOp, 577, cost time: 0.137000 ms
current Op is 0th:7:BinaryOp
	computeIthOp, 577, cost time: 0.078000 ms
current Op is 1th:7:BinaryOp
	computeIthOp, 577, cost time: 0.077000 ms
current Op is 2th:7:BinaryOp
	computeIthOp, 577, cost time: 0.081000 ms
current Op is 0th:7:BinaryOp
	computeIthOp, 577, cost time: 0.120000 ms
current Op is 1th:7:BinaryOp
	computeIthOp, 577, cost time: 0.085000 ms
current Op is 0th:7:BinaryOp
	computeIthOp, 577, cost time: 0.081000 ms
current Op is 1th:7:BinaryOp
	computeIthOp, 577, cost time: 0.080000 ms
current Op is 2th:7:BinaryOp
	computeIthOp, 577, cost time: 0.087000 ms
current Op is 0th:7:BinaryOp
	computeIthOp, 577, cost time: 0.080000 ms
current Op is 1th:7:BinaryOp
	computeIthOp, 577, cost time: 0.080000 ms
current Op is 0th:7:BinaryOp
	computeIthOp, 577, cost time: 0.079000 ms
current Op is 1th:7:BinaryOp
	computeIthOp, 577, cost time: 0.078000 ms
current Op is 2th:7:BinaryOp
	computeIthOp, 577, cost time: 0.081000 ms
current Op is 0th:7:BinaryOp
	computeIthOp, 577, cost time: 0.083000 ms
current Op is 1th:7:BinaryOp
	computeIthOp, 577, cost time: 0.083000 ms
current Op is 0th:7:BinaryOp
	computeIthOp, 577, cost time: 0.079000 ms
current Op is 1th:7:BinaryOp
	computeIthOp, 577, cost time: 0.081000 ms
current Op is 2th:7:BinaryOp
	computeIthOp, 577, cost time: 0.106000 ms
current Op is 0th:7:BinaryOp
	computeIthOp, 577, cost time: 0.079000 ms
current Op is 1th:7:BinaryOp
	computeIthOp, 577, cost time: 0.081000 ms
current Op is 0th:7:BinaryOp
	computeIthOp, 577, cost time: 0.081000 ms
current Op is 1th:7:BinaryOp
	computeIthOp, 577, cost time: 0.092000 ms
current Op is 2th:7:BinaryOp
	computeIthOp, 577, cost time: 0.084000 ms
current Op is 0th:7:BinaryOp
	computeIthOp, 577, cost time: 0.081000 ms
current Op is 1th:7:BinaryOp
	computeIthOp, 577, cost time: 0.082000 ms
current Op is 0th:7:BinaryOp
	computeIthOp, 577, cost time: 0.101000 ms
current Op is 1th:7:BinaryOp
	computeIthOp, 577, cost time: 0.081000 ms
current Op is 2th:7:BinaryOp
	computeIthOp, 577, cost time: 0.085000 ms
current Op is 0th:7:BinaryOp
	computeIthOp, 577, cost time: 0.079000 ms
current Op is 1th:7:BinaryOp
	computeIthOp, 577, cost time: 0.081000 ms
current Op is 0th:7:BinaryOp
	computeIthOp, 577, cost time: 0.078000 ms
current Op is 1th:7:BinaryOp
	computeIthOp, 577, cost time: 0.078000 ms
current Op is 2th:7:BinaryOp
	computeIthOp, 577, cost time: 0.081000 ms
current Op is 0th:7:BinaryOp
	computeIthOp, 577, cost time: 0.092000 ms
current Op is 1th:7:BinaryOp
	computeIthOp, 577, cost time: 0.098000 ms
current Op is 0th:7:BinaryOp
	computeIthOp, 577, cost time: 0.089000 ms
current Op is 1th:7:BinaryOp
	computeIthOp, 577, cost time: 0.094000 ms
current Op is 2th:7:BinaryOp
	computeIthOp, 577, cost time: 0.101000 ms
current Op is 0th:7:BinaryOp
	computeIthOp, 577, cost time: 0.258000 ms
current Op is 1th:7:BinaryOp
	computeIthOp, 577, cost time: 0.082000 ms
current Op is 0th:7:BinaryOp
	computeIthOp, 577, cost time: 0.094000 ms
current Op is 1th:7:BinaryOp
	computeIthOp, 577, cost time: 0.079000 ms
current Op is 2th:7:BinaryOp
	computeIthOp, 577, cost time: 0.107000 ms
current Op is 0th:7:BinaryOp
	computeIthOp, 577, cost time: 0.086000 ms
current Op is 1th:7:BinaryOp
	computeIthOp, 577, cost time: 0.090000 ms
current Op is 0th:7:BinaryOp
	computeIthOp, 577, cost time: 0.085000 ms
current Op is 1th:7:BinaryOp
	computeIthOp, 577, cost time: 0.083000 ms
current Op is 2th:7:BinaryOp
	computeIthOp, 577, cost time: 0.108000 ms
current Op is 0th:7:BinaryOp
	computeIthOp, 577, cost time: 0.079000 ms
current Op is 1th:7:BinaryOp
	computeIthOp, 577, cost time: 0.083000 ms
current Op is 0th:7:BinaryOp
	computeIthOp, 577, cost time: 0.080000 ms
current Op is 1th:7:BinaryOp
	computeIthOp, 577, cost time: 0.077000 ms
current Op is 2th:7:BinaryOp
	computeIthOp, 577, cost time: 0.108000 ms
current Op is 0th:7:BinaryOp
	computeIthOp, 577, cost time: 0.274000 ms
current Op is 1th:7:BinaryOp
	computeIthOp, 577, cost time: 0.082000 ms
current Op is 0th:7:BinaryOp
	computeIthOp, 577, cost time: 0.081000 ms
current Op is 1th:7:BinaryOp
	computeIthOp, 577, cost time: 0.082000 ms
current Op is 2th:7:BinaryOp
	computeIthOp, 577, cost time: 0.102000 ms
current Op is 0th:7:BinaryOp
	computeIthOp, 577, cost time: 0.079000 ms
current Op is 1th:7:BinaryOp
	computeIthOp, 577, cost time: 0.080000 ms
current Op is 0th:7:BinaryOp
	computeIthOp, 577, cost time: 0.079000 ms
current Op is 1th:7:BinaryOp
	computeIthOp, 577, cost time: 0.098000 ms
current Op is 2th:7:BinaryOp
	computeIthOp, 577, cost time: 0.083000 ms
current Op is 0th:7:BinaryOp
	computeIthOp, 577, cost time: 0.090000 ms
current Op is 1th:7:BinaryOp
	computeIthOp, 577, cost time: 0.100000 ms
current Op is 0th:7:BinaryOp
	computeIthOp, 577, cost time: 0.112000 ms
current Op is 1th:7:BinaryOp
	computeIthOp, 577, cost time: 0.111000 ms
current Op is 2th:7:BinaryOp
	computeIthOp, 577, cost time: 0.098000 ms
current Op is 0th:7:BinaryOp
	computeIthOp, 577, cost time: 0.309000 ms
current Op is 1th:7:BinaryOp
	computeIthOp, 577, cost time: 0.083000 ms
current Op is 0th:7:BinaryOp
	computeIthOp, 577, cost time: 0.082000 ms
current Op is 1th:7:BinaryOp
	computeIthOp, 577, cost time: 0.078000 ms
current Op is 2th:7:BinaryOp
	computeIthOp, 577, cost time: 0.082000 ms
current Op is 0th:7:BinaryOp
	computeIthOp, 577, cost time: 0.087000 ms
current Op is 1th:7:BinaryOp
	computeIthOp, 577, cost time: 0.132000 ms
current Op is 0th:7:BinaryOp
	computeIthOp, 577, cost time: 0.084000 ms
current Op is 1th:7:BinaryOp
	computeIthOp, 577, cost time: 0.084000 ms
current Op is 2th:7:BinaryOp
	computeIthOp, 577, cost time: 0.089000 ms
current Op is 0th:7:BinaryOp
	computeIthOp, 577, cost time: 0.365000 ms
current Op is 1th:7:BinaryOp
	computeIthOp, 577, cost time: 0.081000 ms
current Op is 0th:7:BinaryOp
	computeIthOp, 577, cost time: 0.321000 ms
current Op is 1th:7:BinaryOp
	computeIthOp, 577, cost time: 0.079000 ms
current Op is 2th:7:BinaryOp
	computeIthOp, 577, cost time: 0.083000 ms
current Op is 0th:7:BinaryOp
	computeIthOp, 577, cost time: 0.287000 ms
current Op is 1th:7:BinaryOp
	computeIthOp, 577, cost time: 0.087000 ms
current Op is 0th:7:BinaryOp
	computeIthOp, 577, cost time: 0.084000 ms
current Op is 1th:7:BinaryOp
	computeIthOp, 577, cost time: 0.082000 ms
current Op is 2th:7:BinaryOp
	computeIthOp, 577, cost time: 0.086000 ms
current Op is 0th:7:BinaryOp
	computeIthOp, 577, cost time: 0.081000 ms
current Op is 1th:7:BinaryOp
	computeIthOp, 577, cost time: 0.081000 ms
current Op is 0th:7:BinaryOp
	computeIthOp, 577, cost time: 0.079000 ms
current Op is 1th:7:BinaryOp
	computeIthOp, 577, cost time: 0.077000 ms
current Op is 2th:7:BinaryOp
	computeIthOp, 577, cost time: 0.120000 ms
current Op is 0th:7:BinaryOp
	computeIthOp, 577, cost time: 0.299000 ms
current Op is 1th:7:BinaryOp
	computeIthOp, 577, cost time: 0.142000 ms
current Op is 0th:7:BinaryOp
	computeIthOp, 577, cost time: 0.289000 ms
current Op is 1th:7:BinaryOp
	computeIthOp, 577, cost time: 0.115000 ms
current Op is 2th:7:BinaryOp
	computeIthOp, 577, cost time: 0.129000 ms
current Op is 0th:7:BinaryOp
	computeIthOp, 577, cost time: 0.276000 ms
current Op is 1th:7:BinaryOp
	computeIthOp, 577, cost time: 0.097000 ms
current Op is 0th:7:BinaryOp
	computeIthOp, 577, cost time: 0.078000 ms
current Op is 1th:7:BinaryOp
	computeIthOp, 577, cost time: 0.078000 ms
current Op is 2th:7:BinaryOp
	computeIthOp, 577, cost time: 0.082000 ms
SGD.cpp: finish func onGetNextParameter
current Op is 0th:7:BinaryOp
	computeIthOp, 577, cost time: 0.090000 ms
current Op is 0th:7:BinaryOp
	computeIthOp, 577, cost time: 0.080000 ms
current Op is 0th:7:BinaryOp
	computeIthOp, 577, cost time: 0.252000 ms
current Op is 0th:7:BinaryOp
	computeIthOp, 577, cost time: 0.256000 ms
current Op is 0th:7:BinaryOp
	computeIthOp, 577, cost time: 0.138000 ms
current Op is 0th:7:BinaryOp
	computeIthOp, 577, cost time: 0.283000 ms
current Op is 0th:7:BinaryOp
	computeIthOp, 577, cost time: 0.088000 ms
current Op is 0th:7:BinaryOp
	computeIthOp, 577, cost time: 0.077000 ms
current Op is 0th:7:BinaryOp
	computeIthOp, 577, cost time: 0.283000 ms
current Op is 0th:7:BinaryOp
	computeIthOp, 577, cost time: 0.259000 ms
current Op is 0th:7:BinaryOp
	computeIthOp, 577, cost time: 0.163000 ms
current Op is 0th:7:BinaryOp
	computeIthOp, 577, cost time: 0.267000 ms
current Op is 0th:7:BinaryOp
	computeIthOp, 577, cost time: 0.094000 ms
current Op is 0th:7:BinaryOp
	computeIthOp, 577, cost time: 0.077000 ms
current Op is 0th:7:BinaryOp
	computeIthOp, 577, cost time: 0.269000 ms
current Op is 0th:7:BinaryOp
	computeIthOp, 577, cost time: 0.260000 ms
current Op is 0th:7:BinaryOp
	computeIthOp, 577, cost time: 0.173000 ms
current Op is 0th:7:BinaryOp
	computeIthOp, 577, cost time: 0.265000 ms
current Op is 0th:128:Raster
	computeIthOp, 577, cost time: 0.102000 ms
current Op is 1th:7:BinaryOp
	computeIthOp, 577, cost time: 0.091000 ms
current Op is 0th:7:BinaryOp
	computeIthOp, 577, cost time: 0.078000 ms
current Op is 0th:7:BinaryOp
	computeIthOp, 577, cost time: 0.266000 ms
current Op is 0th:7:BinaryOp
	computeIthOp, 577, cost time: 0.270000 ms
current Op is 0th:7:BinaryOp
	computeIthOp, 577, cost time: 0.089000 ms
current Op is 0th:7:BinaryOp
	computeIthOp, 577, cost time: 0.079000 ms
current Op is 0th:7:BinaryOp
	computeIthOp, 577, cost time: 0.079000 ms
current Op is 0th:7:BinaryOp
	computeIthOp, 577, cost time: 0.234000 ms
current Op is 0th:7:BinaryOp
	computeIthOp, 577, cost time: 0.098000 ms
current Op is 0th:7:BinaryOp
	computeIthOp, 577, cost time: 0.079000 ms
current Op is 0th:7:BinaryOp
	computeIthOp, 577, cost time: 0.080000 ms
current Op is 0th:7:BinaryOp
	computeIthOp, 577, cost time: 0.077000 ms
current Op is 0th:7:BinaryOp
	computeIthOp, 577, cost time: 0.078000 ms
current Op is 0th:7:BinaryOp
	computeIthOp, 577, cost time: 0.078000 ms
current Op is 0th:7:BinaryOp
	computeIthOp, 577, cost time: 0.082000 ms
current Op is 0th:7:BinaryOp
	computeIthOp, 577, cost time: 0.098000 ms
current Op is 0th:7:BinaryOp
	computeIthOp, 577, cost time: 0.080000 ms
current Op is 0th:7:BinaryOp
	computeIthOp, 577, cost time: 0.077000 ms
current Op is 0th:7:BinaryOp
	computeIthOp, 577, cost time: 0.081000 ms
current Op is 0th:7:BinaryOp
	computeIthOp, 577, cost time: 0.079000 ms
current Op is 0th:7:BinaryOp
	computeIthOp, 577, cost time: 0.101000 ms
current Op is 0th:7:BinaryOp
	computeIthOp, 577, cost time: 0.079000 ms
current Op is 0th:7:BinaryOp
	computeIthOp, 577, cost time: 0.084000 ms
current Op is 0th:7:BinaryOp
	computeIthOp, 577, cost time: 0.078000 ms
current Op is 0th:7:BinaryOp
	computeIthOp, 577, cost time: 0.080000 ms
current Op is 0th:7:BinaryOp
	computeIthOp, 577, cost time: 0.094000 ms
current Op is 0th:7:BinaryOp
	computeIthOp, 577, cost time: 0.099000 ms
current Op is 0th:7:BinaryOp
	computeIthOp, 577, cost time: 0.078000 ms
current Op is 0th:7:BinaryOp
	computeIthOp, 577, cost time: 0.118000 ms
current Op is 0th:7:BinaryOp
	computeIthOp, 577, cost time: 0.079000 ms
current Op is 0th:7:BinaryOp
	computeIthOp, 577, cost time: 0.083000 ms
current Op is 0th:7:BinaryOp
	computeIthOp, 577, cost time: 0.080000 ms
current Op is 0th:7:BinaryOp
	computeIthOp, 577, cost time: 0.128000 ms
current Op is 0th:7:BinaryOp
	computeIthOp, 577, cost time: 0.361000 ms
train, 137, cost time: 2111.640137 ms
train, 125, cost time: 2260.201172 ms
